08/24/2021 19:18:38 — 15548 — INFO — *************************** JSON READER PROCESSING STARTS ***************************
08/24/2021 19:18:38 — 15548 — INFO — START TIME: 2021-08-24 19:18:38.040786
08/24/2021 19:18:38 — 15548 — INFO — PATH OF THE INPUT FILE DIRECTORY: E:\Python\JSONReader\JSONFile\INPUT\
08/24/2021 19:18:38 — 15548 — INFO — FILENAME: adtest.IPM.json
08/24/2021 19:18:38 — 15548 — INFO — FileID: 202108241918381
08/24/2021 19:18:38 — 15548 — INFO — INSIDE ValidateDuplicateFile BLOCK
08/24/2021 19:18:38 — 15548 — INFO — EXITING ValidateDuplicateFile BLOCK
08/24/2021 19:18:38 — 15548 — INFO — INSIDE GenerateCSV BLOCK
08/24/2021 19:18:38 — 15548 — INFO — INSIDE ImportFileToDB BLOCK
08/24/2021 19:18:38 — 15548 — INFO — InputDir: E:\Python\JSONReader\JSONFile\SPLITTED\
08/24/2021 19:18:38 — 15548 — INFO — FileName: IPM.csv
08/24/2021 19:18:38 — 15548 — INFO — TableName: IPMMAsterInterim
08/24/2021 19:18:38 — 15548 — INFO — XML: IPM.xml
08/24/2021 19:18:38 — 15548 — INFO — dir_path: E:\Python\JSONReader\
08/24/2021 19:18:38 — 15548 — INFO — INSIDE ImportFileToDB BLOCK
08/24/2021 19:18:38 — 15548 — INFO — InputDir: E:\Python\JSONReader\JSONFile\SPLITTED\
08/24/2021 19:18:38 — 15548 — INFO — FileName: Addendum.csv
08/24/2021 19:18:38 — 15548 — INFO — TableName: IPMAddendumDetails
08/24/2021 19:18:38 — 15548 — INFO — XML: Addendum.xml
08/24/2021 19:18:38 — 15548 — INFO — dir_path: E:\Python\JSONReader\
08/24/2021 19:18:38 — 15548 — INFO — *************************** ALL FILES PROCESSED, EXITING ***************************
