08/25/2021 09:42:58 — 19172 — INFO — *************************** JSON READER PROCESSING STARTS ***************************
08/25/2021 09:42:58 — 19172 — INFO — START TIME: 2021-08-25 09:42:58.680581
08/25/2021 09:42:58 — 19172 — INFO — PATH OF THE INPUT FILE DIRECTORY: E:\Python\JSONReader\JSONFile\INPUT\
08/25/2021 09:42:58 — 19172 — INFO — FILENAME: adtest.IPM.json
08/25/2021 09:42:58 — 19172 — INFO — FileID: 202108250942581
08/25/2021 09:42:58 — 19172 — INFO — INSIDE ValidateDuplicateFile BLOCK
08/25/2021 09:42:58 — 19172 — INFO — EXITING ValidateDuplicateFile BLOCK
08/25/2021 09:42:58 — 19172 — INFO — INSIDE GenerateCSV BLOCK
08/25/2021 09:42:58 — 19172 — INFO — INSIDE ImportFileToDB BLOCK
08/25/2021 09:42:58 — 19172 — INFO — InputDir: E:\Python\JSONReader\JSONFile\SPLITTED\
08/25/2021 09:42:58 — 19172 — INFO — FileName: IPM.csv
08/25/2021 09:42:58 — 19172 — INFO — TableName: IPMMAsterInterim_DUMP
08/25/2021 09:42:58 — 19172 — INFO — XML: IPM.xml
08/25/2021 09:42:58 — 19172 — INFO — dir_path: E:\Python\JSONReader\
08/25/2021 09:42:59 — 19172 — INFO — DATABASE CONNECTION ESTABLISHED
08/25/2021 09:42:59 — 19172 — INFO — bcp PP_CI.DBO.IPMMAsterInterim_DUMP IN E:\Python\JSONReader\JSONFile\SPLITTED\IPM.csv -b 5000 -h TABLOCK -f E:\Python\JSONReader\IPM.xml -e E:\Python\JSONReader\JSONFile\LOG\IPM.csv_Error_in.log -o E:\Python\JSONReader\JSONFile\LOG\IPM.csv_Output_in.log -S XEON-S8 -T -t , -F 2
08/25/2021 09:42:59 — 19172 — INFO — BCP START TIME::: 2021-08-25 09:42:59.198944
08/25/2021 09:42:59 — 19172 — INFO — Reading BCP generated file
08/25/2021 09:42:59 — 19172 — INFO — Starting copy...
08/25/2021 09:42:59 — 19172 — INFO — 3 rows copied.
08/25/2021 09:42:59 — 19172 — INFO — Network packet size (bytes): 4096
08/25/2021 09:42:59 — 19172 — INFO — Clock Time (ms.) Total     : 156    Average : (19.23 rows per sec.)
08/25/2021 09:42:59 — 19172 — INFO — Reading BCP generated file
08/25/2021 09:42:59 — 19172 — INFO — BCP EXECUTION SUCCESSFULL
08/25/2021 09:42:59 — 19172 — INFO — BCP FINISH TIME::: 2021-08-25 09:42:59.619115
08/25/2021 09:42:59 — 19172 — INFO — EXITING ImportFileToDB :: Message :: NO ERROR
08/25/2021 09:42:59 — 19172 — INFO — INSIDE ImportFileToDB BLOCK
08/25/2021 09:42:59 — 19172 — INFO — InputDir: E:\Python\JSONReader\JSONFile\SPLITTED\
08/25/2021 09:42:59 — 19172 — INFO — FileName: Addendum.csv
08/25/2021 09:42:59 — 19172 — INFO — TableName: IPMAddendumDetails_DUMP
08/25/2021 09:42:59 — 19172 — INFO — XML: Addendum.xml
08/25/2021 09:42:59 — 19172 — INFO — dir_path: E:\Python\JSONReader\
08/25/2021 09:42:59 — 19172 — INFO — DATABASE CONNECTION ESTABLISHED
08/25/2021 09:42:59 — 19172 — INFO — bcp PP_CI.DBO.IPMAddendumDetails_DUMP IN E:\Python\JSONReader\JSONFile\SPLITTED\Addendum.csv -b 5000 -h TABLOCK -f E:\Python\JSONReader\Addendum.xml -e E:\Python\JSONReader\JSONFile\LOG\Addendum.csv_Error_in.log -o E:\Python\JSONReader\JSONFile\LOG\Addendum.csv_Output_in.log -S XEON-S8 -T -t , -F 2
08/25/2021 09:42:59 — 19172 — INFO — BCP START TIME::: 2021-08-25 09:42:59.628114
08/25/2021 09:42:59 — 19172 — INFO — Reading BCP generated file
08/25/2021 09:42:59 — 19172 — INFO — Starting copy...
08/25/2021 09:42:59 — 19172 — INFO — 4 rows copied.
08/25/2021 09:42:59 — 19172 — INFO — Network packet size (bytes): 4096
08/25/2021 09:42:59 — 19172 — INFO — Clock Time (ms.) Total     : 188    Average : (21.28 rows per sec.)
08/25/2021 09:42:59 — 19172 — INFO — Reading BCP generated file
08/25/2021 09:42:59 — 19172 — INFO — BCP EXECUTION SUCCESSFULL
08/25/2021 09:42:59 — 19172 — INFO — BCP FINISH TIME::: 2021-08-25 09:42:59.972572
08/25/2021 09:42:59 — 19172 — INFO — EXITING ImportFileToDB :: Message :: NO ERROR
08/25/2021 09:42:59 — 19172 — INFO — *************************** ALL FILES PROCESSED, EXITING ***************************
