08/24/2021 14:29:01 — 13456 — INFO — *************************** JSON READER PROCESSING STARTS ***************************
08/24/2021 14:29:01 — 13456 — INFO — START TIME: 2021-08-24 14:29:01.277869
08/24/2021 14:29:01 — 13456 — INFO — PATH OF THE INPUT FILE DIRECTORY: E:\Python\JSONReader\JSONFile\INPUT\
08/24/2021 14:29:01 — 13456 — INFO — FILENAME: adtest.IPM.json
08/24/2021 14:29:01 — 13456 — INFO — FileID: 202108241429011
08/24/2021 14:29:01 — 13456 — INFO — INSIDE ValidateDuplicateFile BLOCK
08/24/2021 14:29:01 — 13456 — INFO — EXITING ValidateDuplicateFile BLOCK
08/24/2021 14:29:01 — 13456 — INFO — INSIDE GenerateCSV BLOCK
08/24/2021 14:29:01 — 13456 — INFO — INSIDE ImportFileToDB BLOCK
08/24/2021 14:29:01 — 13456 — INFO — InputDir: E:\Python\JSONReader\JSONFile\SPLITTED\
08/24/2021 14:29:01 — 13456 — INFO — FileName: IPM.csv
08/24/2021 14:29:01 — 13456 — INFO — TableName: IPMMAsterInterim
08/24/2021 14:29:01 — 13456 — INFO — XML: IPM.xml
08/24/2021 14:29:01 — 13456 — INFO — dir_path: E:\Python\JSONReader\
08/24/2021 14:29:01 — 13456 — INFO — DATABASE CONNECTION ESTABLISHED
08/24/2021 14:29:01 — 13456 — INFO — BCP START TIME::: 2021-08-24 14:29:01.572729
08/24/2021 14:29:01 — 13456 — INFO — Reading BCP generated file
08/24/2021 14:29:01 — 13456 — INFO — SQLState = HY000, NativeError = 0
08/24/2021 14:29:01 — 13456 — INFO — Error = [Microsoft][ODBC Driver 13 for SQL Server][SQL Server]Syntax error at line 1246 column 6 in xml format file.
08/24/2021 14:29:01 — 13456 — INFO — Reading BCP generated file
08/24/2021 14:29:01 — 13456 — INFO — BCP EXECUTION SUCCESSFULL
08/24/2021 14:29:01 — 13456 — INFO — BCP FINISH TIME::: 2021-08-24 14:29:01.839209
08/24/2021 14:29:01 — 13456 — INFO — EXITING ImportFileToDB :: Message :: NO ERROR
08/24/2021 14:29:01 — 13456 — INFO — INSIDE ImportFileToDB BLOCK
08/24/2021 14:29:01 — 13456 — INFO — InputDir: E:\Python\JSONReader\JSONFile\SPLITTED\
08/24/2021 14:29:01 — 13456 — INFO — FileName: Addendum.csv
08/24/2021 14:29:01 — 13456 — INFO — TableName: IPMAddendumDetails
08/24/2021 14:29:01 — 13456 — INFO — XML: Addendum.xml
08/24/2021 14:29:01 — 13456 — INFO — dir_path: E:\Python\JSONReader\
08/24/2021 14:29:01 — 13456 — INFO — DATABASE CONNECTION ESTABLISHED
08/24/2021 14:29:01 — 13456 — INFO — BCP START TIME::: 2021-08-24 14:29:01.849208
08/24/2021 14:29:02 — 13456 — INFO — Reading BCP generated file
08/24/2021 14:29:02 — 13456 — INFO — SQLState = HY000, NativeError = 0
08/24/2021 14:29:02 — 13456 — INFO — Error = [Microsoft][ODBC Driver 13 for SQL Server][SQL Server]Syntax error at line 1166 column 6 in xml format file.
08/24/2021 14:29:02 — 13456 — INFO — Reading BCP generated file
08/24/2021 14:29:02 — 13456 — INFO — BCP EXECUTION SUCCESSFULL
08/24/2021 14:29:02 — 13456 — INFO — BCP FINISH TIME::: 2021-08-24 14:29:02.060210
08/24/2021 14:29:02 — 13456 — INFO — EXITING ImportFileToDB :: Message :: NO ERROR
08/24/2021 14:29:02 — 13456 — INFO — *************************** ALL FILES PROCESSED, EXITING ***************************
