08/24/2021 17:14:39 — 21364 — INFO — *************************** JSON READER PROCESSING STARTS ***************************
08/24/2021 17:14:39 — 21364 — INFO — START TIME: 2021-08-24 17:14:39.263608
08/24/2021 17:14:39 — 21364 — INFO — PATH OF THE INPUT FILE DIRECTORY: E:\Python\JSONReader\JSONFile\INPUT\
08/24/2021 17:14:39 — 21364 — INFO — FILENAME: adtest.IPM.json
08/24/2021 17:14:39 — 21364 — INFO — FileID: 202108241714391
08/24/2021 17:14:39 — 21364 — INFO — INSIDE ValidateDuplicateFile BLOCK
08/24/2021 17:14:39 — 21364 — INFO — EXITING ValidateDuplicateFile BLOCK
08/24/2021 17:14:39 — 21364 — INFO — INSIDE GenerateCSV BLOCK
08/24/2021 17:14:39 — 21364 — INFO — INSIDE ImportFileToDB BLOCK
08/24/2021 17:14:39 — 21364 — INFO — InputDir: E:\Python\JSONReader\JSONFile\SPLITTED\
08/24/2021 17:14:39 — 21364 — INFO — FileName: IPM.csv
08/24/2021 17:14:39 — 21364 — INFO — TableName: IPMMAsterInterim
08/24/2021 17:14:39 — 21364 — INFO — XML: IPM.fmt
08/24/2021 17:14:39 — 21364 — INFO — dir_path: E:\Python\JSONReader\
08/24/2021 17:14:39 — 21364 — INFO — DATABASE CONNECTION ESTABLISHED
08/24/2021 17:14:39 — 21364 — INFO — bcp PP_CI.DBO.IPMMAsterInterim IN E:\Python\JSONReader\JSONFile\SPLITTED\IPM.csv -b 5000 -h TABLOCK -f E:\Python\JSONReader\IPM.fmt -e E:\Python\JSONReader\JSONFile\LOG\IPM.csv_Error_in.log -o E:\Python\JSONReader\JSONFile\LOG\IPM.csv_Output_in.log -S XEON-S8 -T -t , -F 2
08/24/2021 17:14:39 — 21364 — INFO — BCP START TIME::: 2021-08-24 17:14:39.587975
08/24/2021 17:14:39 — 21364 — INFO — Reading BCP generated file
08/24/2021 17:14:39 — 21364 — INFO — Starting copy...
08/24/2021 17:14:39 — 21364 — INFO — SQLState = S1000, NativeError = 0
08/24/2021 17:14:39 — 21364 — INFO — Error = [Microsoft][ODBC Driver 13 for SQL Server]Unexpected EOF encountered in BCP data-file
08/24/2021 17:14:39 — 21364 — INFO — BCP copy in failed
08/24/2021 17:14:39 — 21364 — INFO — Reading BCP generated file
08/24/2021 17:14:39 — 21364 — INFO — #@ Row 2, Column 1: Unexpected EOF encountered in BCP data-file @#
08/24/2021 17:14:39 — 21364 — INFO — 0	-0						.0000	.0000	.0000	0.0	.0000	1900-01-01 00:00:00.000	1900-01-01 00:00:00.000	1900-01-01 00:00:00.000																.0000		.0000				1900-01-01 00:00:00.000																		.0000	0.0		0					.0000									.0000					.0000					.0000					.0000					.0000							1900-01-01 00:00:00.000		.0000				.0000													1900-01-01 00:00:00.000		1900-01-01 00:00:00.000		0				0	0	1900-01-01 00:00:00.000	1900-01-01 00:00:00.000	-0	-0	-0	-0	-0	-0	-0	1900-01-01 00:00:00.000		0													.0000	0		0	0							-0				-0			.0000	.0000						.0000			.0000			.0000			.0000			.0000			.0000														1900-01-01 00:00:00.000			1900-01-01 00:00:00.000							.0000					1900-01-01 00:00:00.000			.0000					.0000		.0000					.0000		.0000					.0000		.0000					.0000		.0000					.0000		.0000					.0000		.0000					.0000		.0000					.0000		.0000					.0000		.0000					.0000		.0000					.0000		.0000					.0000		.0000																																													1900-01-01 00:00:00.000																																											.0000				.0000	.0000		.0000	.0000															1900-01-01 00:00:00.000		1900-01-01 00:00:00.000		1900-01-01 00:00:00.000		1900-01-01 00:00:00.000			1900-01-01 00:00:00.000	1900-01-01 00:00:00.000	1900-01-01 00:00:00.000																	1900-01-01 00:00:00.000		.0000				1900-01-01 00:00:00.000	.0000			.0000								1900-01-01 00:00:00.000		1900-01-01 00:00:00.000							.0000	.0000								1900-01-01 00:00:00.000					1900-01-01 00:00:00.000								1900-01-01 00:00:00.000											1900-01-01 00:00:00.000	1900-01-01 00:00:00.000														.0000		.0000		.0000				.0000		.0000		.0000							0			0	0	0	1900-01-01 00:00:00.000	0											.0000	.0000							0									0	-0	0		1900-01-01 00:00:00.000			1900-01-01 00:00:00.000			0	0	0						0	-0	0	-0	0											-0	0	0		0	0	0	0		-0		0	0
08/24/2021 17:14:39 — 21364 — INFO — BCP EXECUTION SUCCESSFULL
08/24/2021 17:14:39 — 21364 — INFO — BCP FINISH TIME::: 2021-08-24 17:14:39.841896
08/24/2021 17:14:39 — 21364 — INFO — EXITING ImportFileToDB :: Message :: NO ERROR
08/24/2021 17:14:39 — 21364 — INFO — INSIDE ImportFileToDB BLOCK
08/24/2021 17:14:39 — 21364 — INFO — InputDir: E:\Python\JSONReader\JSONFile\SPLITTED\
08/24/2021 17:14:39 — 21364 — INFO — FileName: Addendum.csv
08/24/2021 17:14:39 — 21364 — INFO — TableName: IPMAddendumDetails
08/24/2021 17:14:39 — 21364 — INFO — XML: Addendum.fmt
08/24/2021 17:14:39 — 21364 — INFO — dir_path: E:\Python\JSONReader\
08/24/2021 17:14:39 — 21364 — INFO — DATABASE CONNECTION ESTABLISHED
08/24/2021 17:14:39 — 21364 — INFO — bcp PP_CI.DBO.IPMAddendumDetails IN E:\Python\JSONReader\JSONFile\SPLITTED\Addendum.csv -b 5000 -h TABLOCK -f E:\Python\JSONReader\Addendum.fmt -e E:\Python\JSONReader\JSONFile\LOG\Addendum.csv_Error_in.log -o E:\Python\JSONReader\JSONFile\LOG\Addendum.csv_Output_in.log -S XEON-S8 -T -t , -F 2
08/24/2021 17:14:39 — 21364 — INFO — BCP START TIME::: 2021-08-24 17:14:39.851895
08/24/2021 17:14:40 — 21364 — INFO — Reading BCP generated file
08/24/2021 17:14:40 — 21364 — INFO — Starting copy...
08/24/2021 17:14:40 — 21364 — INFO — SQLState = S1000, NativeError = 0
08/24/2021 17:14:40 — 21364 — INFO — Error = [Microsoft][ODBC Driver 13 for SQL Server]Unexpected EOF encountered in BCP data-file
08/24/2021 17:14:40 — 21364 — INFO — BCP copy in failed
08/24/2021 17:14:40 — 21364 — INFO — Reading BCP generated file
08/24/2021 17:14:40 — 21364 — INFO — #@ Row 2, Column 1: Unexpected EOF encountered in BCP data-file @#
08/24/2021 17:14:40 — 21364 — INFO — -0	-0							.0000							1900-01-01 00:00:00.000						-0		.0000		.0000	0.0							.0000	0.0							.0000	0.0							.0000								.0000								.0000											1900-01-01 00:00:00.000			.0000	.0000	.0000		.0000	.0000	.0000			1900-01-01 00:00:00.000										1900-01-01 00:00:00.000		1900-01-01 00:00:00.000		.0000	.0000	.0000				1900-01-01 00:00:00.000										.0000				.0000							.0000				.0000							1900-01-01 00:00:00.000	1900-01-01 00:00:00.000			.0000			.0000	.0000						.0000	.0000	.0000		1900-01-01 00:00:00.000																									.0000			1900-01-01 00:00:00.000						.0000			.0000			1900-01-01 00:00:00.000									.0000		.0000			.0000								.0000				.0000		.0000			.0000			.0000			.0000			.0000				.0000			.0000			.0000			.0000			.0000					1900-01-01 00:00:00.000	1900-01-01 00:00:00.000				.0000			.0000	.0000				.0000			.0000			.0000			.0000			.0000				.0000				.0000						.0000	.0000			.0000			.0000	.0000			.0000				.0000				.0000			.0000			.0000			.0000										1900-01-01 00:00:00.000	1900-01-01 00:00:00.000		.0000						.0000					.0000		.0000	.0000	.0000	.0000	.0000	.0000	.0000	.0000	.0000								1900-01-01 00:00:00.000	1900-01-01 00:00:00.000					.0000						.0000										.0000			1900-01-01 00:00:00.000	1900-01-01 00:00:00.000																										1900-01-01 00:00:00.000	1900-01-01 00:00:00.000				.0000			1900-01-01 00:00:00.000	1900-01-01 00:00:00.000						1900-01-01 00:00:00.000						.0000			.0000			.0000					1900-01-01 00:00:00.000	1900-01-01 00:00:00.000	1900-01-01 00:00:00.000																												.0000		.0000																				.0000		.0000		.0000		.0000		.0000		.0000		.0000		.0000		.0000		.0000																													.0000		.0000						1900-01-01 00:00:00.000																	-0	-0			-0
08/24/2021 17:14:40 — 21364 — INFO — BCP EXECUTION SUCCESSFULL
08/24/2021 17:14:40 — 21364 — INFO — BCP FINISH TIME::: 2021-08-24 17:14:40.132434
08/24/2021 17:14:40 — 21364 — INFO — EXITING ImportFileToDB :: Message :: NO ERROR
08/24/2021 17:14:40 — 21364 — INFO — *************************** ALL FILES PROCESSED, EXITING ***************************
