08/24/2021 17:08:11 — 12492 — INFO — *************************** JSON READER PROCESSING STARTS ***************************
08/24/2021 17:08:11 — 12492 — INFO — START TIME: 2021-08-24 17:08:11.549457
08/24/2021 17:08:11 — 12492 — INFO — PATH OF THE INPUT FILE DIRECTORY: E:\Python\JSONReader\JSONFile\INPUT\
08/24/2021 17:08:11 — 12492 — INFO — FILENAME: adtest.IPM.json
08/24/2021 17:08:11 — 12492 — INFO — FileID: 202108241708111
08/24/2021 17:08:11 — 12492 — INFO — INSIDE ValidateDuplicateFile BLOCK
08/24/2021 17:08:11 — 12492 — INFO — EXITING ValidateDuplicateFile BLOCK
08/24/2021 17:08:11 — 12492 — INFO — INSIDE GenerateCSV BLOCK
08/24/2021 17:08:11 — 12492 — INFO — INSIDE ImportFileToDB BLOCK
08/24/2021 17:08:11 — 12492 — INFO — InputDir: E:\Python\JSONReader\JSONFile\SPLITTED\
08/24/2021 17:08:11 — 12492 — INFO — FileName: IPM.csv
08/24/2021 17:08:11 — 12492 — INFO — TableName: IPMMAsterInterim
08/24/2021 17:08:11 — 12492 — INFO — XML: IPM.fmt
08/24/2021 17:08:11 — 12492 — INFO — dir_path: E:\Python\JSONReader\
08/24/2021 17:08:11 — 12492 — INFO — DATABASE CONNECTION ESTABLISHED
08/24/2021 17:08:11 — 12492 — INFO — bcp PP_CI.DBO.IPMMAsterInterim IN E:\Python\JSONReader\JSONFile\SPLITTED\IPM.csv -b 5000 -h TABLOCK -f E:\Python\JSONReader\IPM.fmt -e E:\Python\JSONReader\JSONFile\LOG\IPM.csv_Error_in.log -o E:\Python\JSONReader\JSONFile\LOG\IPM.csv_Output_in.log -S XEON-S8 -T -t , -F 2
08/24/2021 17:08:11 — 12492 — INFO — BCP START TIME::: 2021-08-24 17:08:11.836447
08/24/2021 17:08:12 — 12492 — INFO — Reading BCP generated file
08/24/2021 17:08:12 — 12492 — INFO — SQLState = S1000, NativeError = 0
08/24/2021 17:08:12 — 12492 — INFO — Error = [Microsoft][ODBC Driver 13 for SQL Server]Format file could not be opened. Invalid name specified or access denied.
08/24/2021 17:08:12 — 12492 — INFO — Reading BCP generated file
08/24/2021 17:08:12 — 12492 — INFO — BCP EXECUTION SUCCESSFULL
08/24/2021 17:08:12 — 12492 — INFO — BCP FINISH TIME::: 2021-08-24 17:08:12.144555
08/24/2021 17:08:12 — 12492 — INFO — EXITING ImportFileToDB :: Message :: NO ERROR
08/24/2021 17:08:12 — 12492 — INFO — INSIDE ImportFileToDB BLOCK
08/24/2021 17:08:12 — 12492 — INFO — InputDir: E:\Python\JSONReader\JSONFile\SPLITTED\
08/24/2021 17:08:12 — 12492 — INFO — FileName: Addendum.csv
08/24/2021 17:08:12 — 12492 — INFO — TableName: IPMAddendumDetails
08/24/2021 17:08:12 — 12492 — INFO — XML: Addendum.fmt
08/24/2021 17:08:12 — 12492 — INFO — dir_path: E:\Python\JSONReader\
08/24/2021 17:08:12 — 12492 — INFO — DATABASE CONNECTION ESTABLISHED
08/24/2021 17:08:12 — 12492 — INFO — bcp PP_CI.DBO.IPMAddendumDetails IN E:\Python\JSONReader\JSONFile\SPLITTED\Addendum.csv -b 5000 -h TABLOCK -f E:\Python\JSONReader\Addendum.fmt -e E:\Python\JSONReader\JSONFile\LOG\Addendum.csv_Error_in.log -o E:\Python\JSONReader\JSONFile\LOG\Addendum.csv_Output_in.log -S XEON-S8 -T -t , -F 2
08/24/2021 17:08:12 — 12492 — INFO — BCP START TIME::: 2021-08-24 17:08:12.165564
08/24/2021 17:08:12 — 12492 — INFO — Reading BCP generated file
08/24/2021 17:08:12 — 12492 — INFO — SQLState = S1000, NativeError = 0
08/24/2021 17:08:12 — 12492 — INFO — Error = [Microsoft][ODBC Driver 13 for SQL Server]Format file could not be opened. Invalid name specified or access denied.
08/24/2021 17:08:12 — 12492 — INFO — Reading BCP generated file
08/24/2021 17:08:12 — 12492 — INFO — BCP EXECUTION SUCCESSFULL
08/24/2021 17:08:12 — 12492 — INFO — BCP FINISH TIME::: 2021-08-24 17:08:12.427559
08/24/2021 17:08:12 — 12492 — INFO — EXITING ImportFileToDB :: Message :: NO ERROR
08/24/2021 17:08:12 — 12492 — INFO — *************************** ALL FILES PROCESSED, EXITING ***************************
