08/25/2021 09:48:41 — 4032 — INFO — *************************** JSON READER PROCESSING STARTS ***************************
08/25/2021 09:48:41 — 4032 — INFO — START TIME: 2021-08-25 09:48:41.819763
08/25/2021 09:48:41 — 4032 — INFO — PATH OF THE INPUT FILE DIRECTORY: E:\Python\JSONReader\JSONFile\INPUT\
08/25/2021 09:48:41 — 4032 — INFO — FILENAME: adtest.IPM.json
08/25/2021 09:48:41 — 4032 — INFO — FileID: 202108250948411
08/25/2021 09:48:41 — 4032 — INFO — INSIDE ValidateDuplicateFile BLOCK
08/25/2021 09:48:41 — 4032 — INFO — EXITING ValidateDuplicateFile BLOCK
08/25/2021 09:48:41 — 4032 — INFO — INSIDE GenerateCSV BLOCK
08/25/2021 09:48:41 — 4032 — INFO — INSIDE ImportFileToDB BLOCK
08/25/2021 09:48:41 — 4032 — INFO — InputDir: E:\Python\JSONReader\JSONFile\SPLITTED\
08/25/2021 09:48:41 — 4032 — INFO — FileName: IPM.csv
08/25/2021 09:48:41 — 4032 — INFO — TableName: IPMMAsterInterim_DUMP
08/25/2021 09:48:41 — 4032 — INFO — XML: IPM.xml
08/25/2021 09:48:41 — 4032 — INFO — dir_path: E:\Python\JSONReader\
08/25/2021 09:48:42 — 4032 — INFO — DATABASE CONNECTION ESTABLISHED
08/25/2021 09:48:42 — 4032 — INFO — bcp PP_CI.DBO.IPMMAsterInterim_DUMP IN E:\Python\JSONReader\JSONFile\SPLITTED\IPM.csv -b 5000 -h TABLOCK -f E:\Python\JSONReader\IPM.xml -e E:\Python\JSONReader\JSONFile\LOG\IPM.csv_Error_in.log -o E:\Python\JSONReader\JSONFile\LOG\IPM.csv_Output_in.log -S XEON-S8 -T -t , -F 2
08/25/2021 09:48:42 — 4032 — INFO — BCP START TIME::: 2021-08-25 09:48:42.342767
08/25/2021 09:48:42 — 4032 — INFO — Reading BCP generated file
08/25/2021 09:48:42 — 4032 — INFO — Starting copy...
08/25/2021 09:48:42 — 4032 — INFO — 3 rows copied.
08/25/2021 09:48:42 — 4032 — INFO — Network packet size (bytes): 4096
08/25/2021 09:48:42 — 4032 — INFO — Clock Time (ms.) Total     : 156    Average : (19.23 rows per sec.)
08/25/2021 09:48:42 — 4032 — INFO — Reading BCP generated file
08/25/2021 09:48:42 — 4032 — INFO — BCP EXECUTION SUCCESSFULL
08/25/2021 09:48:42 — 4032 — INFO — BCP FINISH TIME::: 2021-08-25 09:48:42.653770
08/25/2021 09:48:42 — 4032 — INFO — EXITING ImportFileToDB :: Message :: NO ERROR
08/25/2021 09:48:42 — 4032 — INFO — INSIDE ImportFileToDB BLOCK
08/25/2021 09:48:42 — 4032 — INFO — InputDir: E:\Python\JSONReader\JSONFile\SPLITTED\
08/25/2021 09:48:42 — 4032 — INFO — FileName: Addendum.csv
08/25/2021 09:48:42 — 4032 — INFO — TableName: IPMAddendumDetails_DUMP
08/25/2021 09:48:42 — 4032 — INFO — XML: Addendum.xml
08/25/2021 09:48:42 — 4032 — INFO — dir_path: E:\Python\JSONReader\
08/25/2021 09:48:42 — 4032 — INFO — DATABASE CONNECTION ESTABLISHED
08/25/2021 09:48:42 — 4032 — INFO — bcp PP_CI.DBO.IPMAddendumDetails_DUMP IN E:\Python\JSONReader\JSONFile\SPLITTED\Addendum.csv -b 5000 -h TABLOCK -f E:\Python\JSONReader\Addendum.xml -e E:\Python\JSONReader\JSONFile\LOG\Addendum.csv_Error_in.log -o E:\Python\JSONReader\JSONFile\LOG\Addendum.csv_Output_in.log -S XEON-S8 -T -t , -F 2
08/25/2021 09:48:42 — 4032 — INFO — BCP START TIME::: 2021-08-25 09:48:42.664768
08/25/2021 09:48:43 — 4032 — INFO — Reading BCP generated file
08/25/2021 09:48:43 — 4032 — INFO — Starting copy...
08/25/2021 09:48:43 — 4032 — INFO — SQLState = 22001, NativeError = 0
08/25/2021 09:48:43 — 4032 — INFO — Error = [Microsoft][ODBC Driver 13 for SQL Server]String data, right truncation
08/25/2021 09:48:43 — 4032 — INFO — SQLState = S1000, NativeError = 0
08/25/2021 09:48:43 — 4032 — INFO — Error = [Microsoft][ODBC Driver 13 for SQL Server]Unexpected EOF encountered in BCP data-file
08/25/2021 09:48:43 — 4032 — INFO — SQLState = S1000, NativeError = 0
08/25/2021 09:48:43 — 4032 — INFO — Error = [Microsoft][ODBC Driver 13 for SQL Server]Text column data incomplete
08/25/2021 09:48:43 — 4032 — INFO — 0 rows copied.
08/25/2021 09:48:43 — 4032 — INFO — Network packet size (bytes): 4096
08/25/2021 09:48:43 — 4032 — INFO — Clock Time (ms.) Total     : 156
08/25/2021 09:48:43 — 4032 — INFO — Reading BCP generated file
08/25/2021 09:48:43 — 4032 — INFO — #@ Row 1, Column 580: String data, right truncation @#
08/25/2021 09:48:43 — 4032 — INFO — 501426753	1644	696	<NULL>	009685	<NULL>	<NULL>	<NULL>	01	000	001	<NULL>	<NULL>	<NULL>	<NULL>	00000001	<NULL>	00000009685	<NULL>	<NULL>	501426753	<NULL>	<NULL>	<NULL>	<NULL>	<NULL>	<NULL>	<NULL>	<NULL>	<NULL>	<NULL>	<NULL>	<NULL>	<NULL>	<NULL>	<NULL>	<NULL>	<NULL>	<NULL>	<NULL>	<NULL>	<NULL>	<NULL>	<NULL>	<NULL>	<NULL>	<NULL>	<NULL>	<NULL>	<NULL>	<NULL>	<NULL>	<NULL>	<NULL>	<NULL>	<NULL>	<NULL>	<NULL>	<NULL>	<NULL>	<NULL>	<NULL>	<NULL>	<NULL>	<NULL>	<NULL>	<NULL>	<NULL>	<NULL>	<NULL>	<NULL>	<NULL>	Sanjeev                      	3333           	<NULL>	<NULL>	<NULL>	<NULL>	<NULL>	<NULL>	<NULL>	<NULL>	<NULL>	<NULL>	<NULL>	<NULL>	<NULL>	<NULL>	<NULL>	<NULL>	<NULL>	<NULL>	<NULL>	<NULL>	<NULL>	<NULL>	<NULL>	<NULL>	<NULL>	<NULL>	<NULL>	<NULL>	<NULL>	<NULL>	<NULL>	<NULL>	<NULL>	<NULL>	<NULL>	<NULL>	<NULL>	<NULL>	<NULL>	<NULL>		<NULL>	<NULL>	<NULL>	<NULL>	<NULL>	<NULL>	<NULL>	<NULL>	<NULL>	<NULL>	<NULL>	<NULL>	<NULL>	<NULL>	<NULL>	<NULL>	<NULL>	<NULL>	<NULL>	<NULL>	<NULL>	<NULL>	<NULL>	<NULL>	<NULL>	<NULL>	<NULL>	<NULL>	<NULL>	<NULL>	<NULL>	<NULL>	<NULL>	<NULL>	<NULL>	<NULL>	<NULL>	<NULL>	<NULL>	<NULL>	<NULL>	<NULL>	<NULL>	<NULL>	<NULL>	<NULL>	<NULL>	<NULL>	<NULL>	<NULL>	<NULL>	<NULL>	<NULL>	<NULL>	<NULL>	<NULL>	<NULL>	<NULL>	<NULL>	<NULL>	<NULL>	<NULL>	<NULL>	<NULL>	<NULL>	<NULL>	<NULL>	<NULL>	<NULL>	<NULL>	<NULL>	<NULL>	<NULL>	<NULL>	<NULL>	<NULL>	<NULL>	<NULL>	<NULL>	<NULL>	<NULL>	<NULL>	<NULL>	<NULL>	<NULL>	<NULL>	<NULL>	<NULL>	<NULL>	<NULL>	<NULL>	<NULL>	<NULL>	<NULL>	<NULL>	<NULL>	<NULL>	<NULL>	<NULL>	<NULL>	<NULL>	<NULL>	<NULL>	<NULL>	<NULL>	<NULL>	<NULL>	<NULL>	<NULL>	<NULL>	<NULL>	<NULL>	<NULL>	<NULL>	<NULL>	<NULL>	<NULL>	<NULL>	<NULL>	<NULL>	<NULL>	<NULL>	<NULL>	<NULL>	<NULL>	<NULL>	<NULL>	<NULL>	<NULL>	<NULL>	<NULL>	<NULL>	<NULL>	<NULL>	<NULL>	<NULL>	<NULL>	<NULL>	<NULL>	<NULL>	<NULL>	<NULL>	<NULL>	<NULL>	<NULL>	<NULL>	<NULL>	<NULL>	<NULL>	<NULL>	<NULL>	<NULL>	<NULL>	<NULL>	<NULL>	<NULL>	<NULL>	<NULL>	<NULL>	<NULL>	<NULL>	<NULL>	<NULL>	<NULL>	<NULL>	<NULL>	<NULL>	<NULL>	<NULL>	<NULL>	<NULL>	<NULL>	<NULL>	<NULL>	<NULL>	<NULL>	<NULL>	<NULL>	<NULL>	<NULL>	<NULL>	<NULL>	<NULL>	<NULL>	<NULL>	<NULL>	<NULL>	<NULL>	<NULL>	<NULL>	<NULL>	<NULL>	<NULL>	<NULL>	<NULL>	<NULL>	<NULL>	<NULL>	<NULL>	<NULL>	<NULL>	<NULL>	<NULL>	<NULL>	<NULL>	<NULL>	<NULL>	<NULL>	<NULL>	<NULL>	<NULL>	<NULL>	<NULL>	<NULL>	<NULL>	<NULL>	<NULL>	<NULL>	<NULL>	<NULL>	<NULL>	<NULL>	<NULL>	<NULL>	<NULL>	<NULL>	<NULL>	<NULL>	<NULL>	<NULL>	<NULL>	<NULL>	<NULL>	<NULL>	<NULL>	<NULL>	<NULL>	<NULL>	<NULL>	<NULL>	<NULL>	<NULL>	<NULL>	<NULL>	<NULL>	<NULL>	<NULL>	<NULL>	<NULL>	<NULL>	<NULL>	<NULL>	<NULL>	<NULL>	<NULL>	<NULL>	<NULL>	<NULL>	<NULL>	<NULL>	<NULL>	<NULL>	<NULL>	<NULL>	<NULL>	<NULL>	<NULL>	<NULL>	<NULL>	<NULL>	<NULL>	<NULL>	<NULL>	<NULL>	<NULL>	<NULL>	<NULL>	<NULL>	<NULL>	<NULL>	<NULL>	<NULL>	<NULL>	<NULL>	<NULL>	<NULL>	<NULL>	<NULL>	<NULL>	<NULL>	<NULL>	<NULL>	<NULL>	<NULL>	<NULL>	<NULL>	<NULL>	<NULL>	<NULL>	<NULL>	<NULL>	<NULL>	<NULL>	<NULL>	<NULL>	<NULL>	<NULL>	<NULL>	<NULL>	<NULL>	<NULL>	<NULL>	<NULL>	<NULL>	<NULL>	<NULL>	<NULL>	<NULL>	<NULL>	<NULL>	<NULL>	<NULL>	<NULL>	<NULL>	<NULL>	<NULL>	<NULL>	<NULL>	<NULL>	<NULL>	<NULL>	<NULL>	<NULL>	<NULL>	<NULL>	<NULL>	<NULL>	<NULL>	<NULL>	<NULL>	<NULL>	<NULL>	<NULL>	<NULL>	<NULL>	<NULL>	<NULL>	<NULL>	<NULL>	<NULL>	<NULL>	<NULL>	<NULL>	<NULL>	<NULL>	<NULL>	<NULL>	<NULL>	<NULL>	<NULL>	<NULL>	<NULL>	<NULL>	<NULL>	<NULL>	<NULL>	<NULL>	<NULL>	<NULL>	<NULL>	<NULL>	<NULL>	<NULL>	<NULL>	<NULL>	<NULL>	<NULL>	<NULL>	<NULL>	<NULL>	<NULL>	<NULL>	<NULL>	<NULL>	<NULL>	<NULL>	<NULL>	<NULL>	<NULL>	<NULL>	<NULL>	<NULL>	<NULL>	<NULL>	<NULL>	<NULL>	<NULL>	<NULL>	<NULL>	<NULL>	<NULL>	<NULL>	<NULL>	<NULL>	<NULL>	<NULL>	<NULL>	<NULL>	<NULL>	<NULL>	<NULL>	<NULL>	<NULL>	<NULL>	<NULL>	<NULL>	<NULL>	<NULL>	<NULL>	<NULL>	<NULL>	<NULL>	<NULL>	<NULL>	<NULL>	<NULL>	<NULL>	<NULL>	<NULL>	<NULL>	<NULL>	<NULL>	<NULL>	<NULL>	<NULL>	<NULL>	<NULL>	<NULL>	<NULL>	<NULL>	<NULL>	<NULL>	<NULL>	<NULL>	<NULL>	<NULL>	<NULL>	<NULL>	<NULL>	<NULL>	<NULL>	<NULL>	<NULL>	<NULL>	<NULL>	<NULL>	<NULL>	<NULL>	<NULL>	<NULL>	<NULL>	<NULL>	<NULL>	2
08/25/2021 09:48:43 — 4032 — INFO — 501426754	1644,696,,009685,,,,05,000,001,,,,,00000001,,00000009685,,,501426754,,,,,,,,,,,,,,,,,,,,,,,,,,,,,,,,,,,,,,,,,,,,,,,,,,,,,,,,,,,,,,,,,,,,,,,,,,,,,,,,,,,,,,,,,,,,,,,,,,,,,,,,,,,,,,,,,,,,,,,,,,,,,,,,,,,,,,,,,,,,,,,,,,,,,,,,,,,,,,,,,,,,,,,,,,,,,,,,,,,,,,,,,,,,,,,,,,,,,,,,,,,,,,,,,,,,,,,,,,,8005551313       ,,,,,,,,,,,,,,,,,,,,,,,,,,,,,,,,,,,,,,,,,,,,,,,,,,,,,,,,,,,,,,,,,,,,,,,,,,,,,,,,,,,,,,,,,666      ,Sanjeev.G                    ,,,,,,,,,,,,,,,,,,,,,,,,,,,,,,,,,,,,,,,,,,,,,,,,,,,,,,,,,,,,,,,,,,,,,,,,,,,,,,
08/25/2021 09:48:43 — 4032 — INFO — BCP EXECUTION SUCCESSFULL
08/25/2021 09:48:43 — 4032 — INFO — BCP FINISH TIME::: 2021-08-25 09:48:43.047771
08/25/2021 09:48:43 — 4032 — INFO — EXITING ImportFileToDB :: Message :: NO ERROR
08/25/2021 09:48:43 — 4032 — INFO — *************************** ALL FILES PROCESSED, EXITING ***************************
