08/24/2021 15:28:49 — 18216 — INFO — *************************** JSON READER PROCESSING STARTS ***************************
08/24/2021 15:28:49 — 18216 — INFO — START TIME: 2021-08-24 15:28:49.537215
08/24/2021 15:28:49 — 18216 — INFO — PATH OF THE INPUT FILE DIRECTORY: E:\Python\JSONReader\JSONFile\INPUT\
08/24/2021 15:28:49 — 18216 — INFO — FILENAME: adtest.IPM.json
08/24/2021 15:28:49 — 18216 — INFO — FileID: 202108241528491
08/24/2021 15:28:49 — 18216 — INFO — INSIDE ValidateDuplicateFile BLOCK
08/24/2021 15:28:49 — 18216 — INFO — EXITING ValidateDuplicateFile BLOCK
08/24/2021 15:28:49 — 18216 — INFO — INSIDE GenerateCSV BLOCK
08/24/2021 15:28:49 — 18216 — INFO — INSIDE ImportFileToDB BLOCK
08/24/2021 15:28:49 — 18216 — INFO — InputDir: E:\Python\JSONReader\JSONFile\SPLITTED\
08/24/2021 15:28:49 — 18216 — INFO — FileName: IPM.csv
08/24/2021 15:28:49 — 18216 — INFO — TableName: IPMMAsterInterim
08/24/2021 15:28:49 — 18216 — INFO — XML: IPM.xml
08/24/2021 15:28:49 — 18216 — INFO — dir_path: E:\Python\JSONReader\
08/24/2021 15:28:50 — 18216 — INFO — DATABASE CONNECTION ESTABLISHED
08/24/2021 15:28:50 — 18216 — INFO — BCP START TIME::: 2021-08-24 15:28:50.127546
08/24/2021 15:28:50 — 18216 — INFO — Reading BCP generated file
08/24/2021 15:28:50 — 18216 — INFO — SQLState = HY000, NativeError = 0
08/24/2021 15:28:50 — 18216 — INFO — Error = [Microsoft][ODBC Driver 13 for SQL Server][SQL Server]Syntax error at line 2 column 6 in xml format file.
08/24/2021 15:28:50 — 18216 — INFO — Reading BCP generated file
08/24/2021 15:28:50 — 18216 — INFO — BCP EXECUTION SUCCESSFULL
08/24/2021 15:28:50 — 18216 — INFO — BCP FINISH TIME::: 2021-08-24 15:28:50.472011
08/24/2021 15:28:50 — 18216 — INFO — EXITING ImportFileToDB :: Message :: NO ERROR
08/24/2021 15:28:50 — 18216 — INFO — INSIDE ImportFileToDB BLOCK
08/24/2021 15:28:50 — 18216 — INFO — InputDir: E:\Python\JSONReader\JSONFile\SPLITTED\
08/24/2021 15:28:50 — 18216 — INFO — FileName: Addendum.csv
08/24/2021 15:28:50 — 18216 — INFO — TableName: IPMAddendumDetails
08/24/2021 15:28:50 — 18216 — INFO — XML: Addendum.xml
08/24/2021 15:28:50 — 18216 — INFO — dir_path: E:\Python\JSONReader\
08/24/2021 15:28:50 — 18216 — INFO — DATABASE CONNECTION ESTABLISHED
08/24/2021 15:28:50 — 18216 — INFO — BCP START TIME::: 2021-08-24 15:28:50.502109
08/24/2021 15:28:50 — 18216 — INFO — Reading BCP generated file
08/24/2021 15:28:50 — 18216 — INFO — SQLState = HY000, NativeError = 0
08/24/2021 15:28:50 — 18216 — INFO — Error = [Microsoft][ODBC Driver 13 for SQL Server][SQL Server]Syntax error at line 2 column 6 in xml format file.
08/24/2021 15:28:50 — 18216 — INFO — Reading BCP generated file
08/24/2021 15:28:50 — 18216 — INFO — BCP EXECUTION SUCCESSFULL
08/24/2021 15:28:50 — 18216 — INFO — BCP FINISH TIME::: 2021-08-24 15:28:50.818169
08/24/2021 15:28:50 — 18216 — INFO — EXITING ImportFileToDB :: Message :: NO ERROR
08/24/2021 15:28:50 — 18216 — INFO — *************************** ALL FILES PROCESSED, EXITING ***************************
