08/24/2021 16:44:17 — 7884 — INFO — *************************** JSON READER PROCESSING STARTS ***************************
08/24/2021 16:44:17 — 7884 — INFO — START TIME: 2021-08-24 16:44:17.219258
08/24/2021 16:44:17 — 7884 — INFO — PATH OF THE INPUT FILE DIRECTORY: E:\Python\JSONReader\JSONFile\INPUT\
08/24/2021 16:44:17 — 7884 — INFO — FILENAME: adtest.IPM.json
08/24/2021 16:44:17 — 7884 — INFO — FileID: 202108241644171
08/24/2021 16:44:17 — 7884 — INFO — INSIDE ValidateDuplicateFile BLOCK
08/24/2021 16:44:17 — 7884 — INFO — EXITING ValidateDuplicateFile BLOCK
08/24/2021 16:44:17 — 7884 — INFO — INSIDE GenerateCSV BLOCK
08/24/2021 16:44:17 — 7884 — INFO — INSIDE ImportFileToDB BLOCK
08/24/2021 16:44:17 — 7884 — INFO — InputDir: E:\Python\JSONReader\JSONFile\SPLITTED\
08/24/2021 16:44:17 — 7884 — INFO — FileName: IPM.csv
08/24/2021 16:44:17 — 7884 — INFO — TableName: IPMMAsterInterim
08/24/2021 16:44:17 — 7884 — INFO — XML: IPM.xml
08/24/2021 16:44:17 — 7884 — INFO — dir_path: E:\Python\JSONReader\
08/24/2021 16:44:17 — 7884 — INFO — DATABASE CONNECTION ESTABLISHED
08/24/2021 16:44:17 — 7884 — INFO — BCP START TIME::: 2021-08-24 16:44:17.526832
08/24/2021 16:44:17 — 7884 — INFO — Reading BCP generated file
08/24/2021 16:44:17 — 7884 — INFO — SQLState = S1000, NativeError = 0
08/24/2021 16:44:17 — 7884 — INFO — Error = [Microsoft][ODBC Driver 13 for SQL Server]Invalid field size for datatype
08/24/2021 16:44:17 — 7884 — INFO — Reading BCP generated file
08/24/2021 16:44:17 — 7884 — INFO — BCP EXECUTION SUCCESSFULL
08/24/2021 16:44:17 — 7884 — INFO — BCP FINISH TIME::: 2021-08-24 16:44:17.900014
08/24/2021 16:44:17 — 7884 — INFO — EXITING ImportFileToDB :: Message :: NO ERROR
08/24/2021 16:44:17 — 7884 — INFO — INSIDE ImportFileToDB BLOCK
08/24/2021 16:44:17 — 7884 — INFO — InputDir: E:\Python\JSONReader\JSONFile\SPLITTED\
08/24/2021 16:44:17 — 7884 — INFO — FileName: Addendum.csv
08/24/2021 16:44:17 — 7884 — INFO — TableName: IPMAddendumDetails
08/24/2021 16:44:17 — 7884 — INFO — XML: Addendum.xml
08/24/2021 16:44:17 — 7884 — INFO — dir_path: E:\Python\JSONReader\
08/24/2021 16:44:17 — 7884 — INFO — DATABASE CONNECTION ESTABLISHED
08/24/2021 16:44:17 — 7884 — INFO — BCP START TIME::: 2021-08-24 16:44:17.913012
08/24/2021 16:44:18 — 7884 — INFO — Reading BCP generated file
08/24/2021 16:44:18 — 7884 — INFO — Starting copy...
08/24/2021 16:44:18 — 7884 — INFO — SQLState = 22005, NativeError = 0
08/24/2021 16:44:18 — 7884 — INFO — Error = [Microsoft][ODBC Driver 13 for SQL Server]Invalid character value for cast specification
08/24/2021 16:44:18 — 7884 — INFO — SQLState = 22001, NativeError = 0
08/24/2021 16:44:18 — 7884 — INFO — Error = [Microsoft][ODBC Driver 13 for SQL Server]String data, right truncation
08/24/2021 16:44:18 — 7884 — INFO — SQLState = 22001, NativeError = 0
08/24/2021 16:44:18 — 7884 — INFO — Error = [Microsoft][ODBC Driver 13 for SQL Server]String data, right truncation
08/24/2021 16:44:18 — 7884 — INFO — SQLState = S1000, NativeError = 0
08/24/2021 16:44:18 — 7884 — INFO — Error = [Microsoft][ODBC Driver 13 for SQL Server]Unexpected EOF encountered in BCP data-file
08/24/2021 16:44:18 — 7884 — INFO — 0 rows copied.
08/24/2021 16:44:18 — 7884 — INFO — Network packet size (bytes): 4096
08/24/2021 16:44:18 — 7884 — INFO — Clock Time (ms.) Total     : 344
08/24/2021 16:44:18 — 7884 — INFO — Reading BCP generated file
08/24/2021 16:44:18 — 7884 — INFO — #@ Row 1, Column 577: Invalid character value for cast specification @#
08/24/2021 16:44:18 — 7884 — INFO — 696	<NULL>	<NULL>	<NULL>	<NULL>	<NULL>	<NULL>	<NULL>	<NULL>	<NULL>	<NULL>	<NULL>	<NULL>	<NULL>	<NULL>	<NULL>	<NULL>	<NULL>	501426753	<NULL>	<NULL>	<NULL>	<NULL>	<NULL>	<NULL>	<NULL>	<NULL>	<NULL>	<NULL>	<NULL>	<NULL>	<NULL>	<NULL>	<NULL>	<NULL>	<NULL>	<NULL>	<NULL>	<NULL>	<NULL>	<NULL>	<NULL>	<NULL>	<NULL>	<NULL>	<NULL>	<NULL>	<NULL>	<NULL>	<NULL>	<NULL>	<NULL>	<NULL>	<NULL>	<NULL>	<NULL>	<NULL>	<NULL>	<NULL>	<NULL>	<NULL>	<NULL>	<NULL>	<NULL>	<NULL>	<NULL>	<NULL>	<NULL>	<NULL>	<NULL>	<NULL>	<NULL>	<NULL>	<NULL>	<NULL>	<NULL>	<NULL>	<NULL>	<NULL>	<NULL>	<NULL>	<NULL>	<NULL>	<NULL>	<NULL>	<NULL>	<NULL>	<NULL>	<NULL>	<NULL>	<NULL>	<NULL>	<NULL>	<NULL>	<NULL>	<NULL>	<NULL>	<NULL>	<NULL>	<NULL>	<NULL>	<NULL>	<NULL>	<NULL>	<NULL>	<NULL>	<NULL>	<NULL>	<NULL>	<NULL>	<NULL>	<NULL>	<NULL>	<NULL>	<NULL>	<NULL>	<NULL>	<NULL>	<NULL>	<NULL>	<NULL>	<NULL>	<NULL>	<NULL>	<NULL>	<NULL>	<NULL>	<NULL>	<NULL>	<NULL>	<NULL>	<NULL>	<NULL>	<NULL>	<NULL>	<NULL>	<NULL>	<NULL>	<NULL>	<NULL>	<NULL>	<NULL>	<NULL>	<NULL>	<NULL>	<NULL>	<NULL>	<NULL>	<NULL>	<NULL>	<NULL>	<NULL>	<NULL>	<NULL>	<NULL>	<NULL>	<NULL>	<NULL>	<NULL>	<NULL>	<NULL>	<NULL>	<NULL>	<NULL>	<NULL>	<NULL>	<NULL>	<NULL>	<NULL>	<NULL>	<NULL>	<NULL>	<NULL>	<NULL>	<NULL>	<NULL>	<NULL>	<NULL>	<NULL>	<NULL>	<NULL>	<NULL>	<NULL>	<NULL>	<NULL>	<NULL>	<NULL>	<NULL>	<NULL>	<NULL>	<NULL>	<NULL>	<NULL>	<NULL>	<NULL>	<NULL>	<NULL>	<NULL>	<NULL>	<NULL>	<NULL>	<NULL>	<NULL>	<NULL>	<NULL>	<NULL>	<NULL>	<NULL>	<NULL>	<NULL>	<NULL>	<NULL>	<NULL>	<NULL>	<NULL>	<NULL>	<NULL>	<NULL>	<NULL>	<NULL>	<NULL>	<NULL>	<NULL>	<NULL>	<NULL>	<NULL>	<NULL>	<NULL>	<NULL>	<NULL>	<NULL>	<NULL>	<NULL>	<NULL>	<NULL>	<NULL>	<NULL>	<NULL>	<NULL>	<NULL>	<NULL>	<NULL>	<NULL>	<NULL>	<NULL>	<NULL>	<NULL>	<NULL>	<NULL>	<NULL>	<NULL>	<NULL>	<NULL>	<NULL>	<NULL>	<NULL>	<NULL>	<NULL>	<NULL>	<NULL>	<NULL>	<NULL>	<NULL>	<NULL>	<NULL>	<NULL>	<NULL>	<NULL>	<NULL>	<NULL>	<NULL>	<NULL>	<NULL>	<NULL>	<NULL>	<NULL>	<NULL>	<NULL>	<NULL>	<NULL>	<NULL>	<NULL>	<NULL>	<NULL>	<NULL>	<NULL>	<NULL>	<NULL>	<NULL>	<NULL>	<NULL>	<NULL>	<NULL>	<NULL>	<NULL>	<NULL>	<NULL>	<NULL>	<NULL>	<NULL>	<NULL>	<NULL>	<NULL>	<NULL>	<NULL>	<NULL>	<NULL>	<NULL>	<NULL>	<NULL>	<NULL>	<NULL>	<NULL>	<NULL>	<NULL>	<NULL>	<NULL>	<NULL>	<NULL>	<NULL>	<NULL>	<NULL>	<NULL>	<NULL>	<NULL>	<NULL>	<NULL>	<NULL>	<NULL>	<NULL>	<NULL>	<NULL>	<NULL>	<NULL>	<NULL>	<NULL>	<NULL>	<NULL>	<NULL>	<NULL>	<NULL>	<NULL>	<NULL>	<NULL>	<NULL>	<NULL>	<NULL>	<NULL>	<NULL>	<NULL>	<NULL>	<NULL>	<NULL>	<NULL>	<NULL>	<NULL>	<NULL>	<NULL>	<NULL>	<NULL>	<NULL>	<NULL>	<NULL>	<NULL>	<NULL>	<NULL>	<NULL>	<NULL>	<NULL>	<NULL>	<NULL>	<NULL>	<NULL>	<NULL>	<NULL>	<NULL>	<NULL>	<NULL>	<NULL>	<NULL>	<NULL>	<NULL>	<NULL>	<NULL>	<NULL>	<NULL>	<NULL>	<NULL>	<NULL>	<NULL>	<NULL>	<NULL>	<NULL>	<NULL>	<NULL>	<NULL>	<NULL>	<NULL>	<NULL>	<NULL>	<NULL>	<NULL>	<NULL>	<NULL>	<NULL>	<NULL>	<NULL>	<NULL>	<NULL>	<NULL>	<NULL>	<NULL>	<NULL>	<NULL>	<NULL>	<NULL>	<NULL>	<NULL>	<NULL>	<NULL>	<NULL>	<NULL>	<NULL>	<NULL>	<NULL>	<NULL>	<NULL>	<NULL>	<NULL>	<NULL>	<NULL>	<NULL>	<NULL>	<NULL>	<NULL>	<NULL>	<NULL>	<NULL>	<NULL>	<NULL>	<NULL>	<NULL>	<NULL>	<NULL>	<NULL>	<NULL>	<NULL>	<NULL>	<NULL>	<NULL>	<NULL>	<NULL>	<NULL>	<NULL>	<NULL>	<NULL>	<NULL>	<NULL>	<NULL>	<NULL>	<NULL>	<NULL>	<NULL>	<NULL>	<NULL>	<NULL>	<NULL>	<NULL>	<NULL>	<NULL>	<NULL>	<NULL>	<NULL>	<NULL>	<NULL>	<NULL>	<NULL>	<NULL>	<NULL>	<NULL>	<NULL>	<NULL>	<NULL>	<NULL>	<NULL>	<NULL>	<NULL>	<NULL>	<NULL>	<NULL>	<NULL>	<NULL>	<NULL>	<NULL>	<NULL>	<NULL>	<NULL>	<NULL>	<NULL>	<NULL>	<NULL>	<NULL>	<NULL>	<NULL>	<NULL>	<NULL>	<NULL>	<NULL>	<NULL>	<NULL>	<NULL>	<NULL>	<NULL>	<NULL>	<NULL>	<NULL>	<NULL>	<NULL>	<NULL>	<NULL>	<NULL>	<NULL>	<NULL>	<NULL>	<NULL>	<NULL>	<NULL>	<NULL>	<NULL>	<NULL>	<NULL>	<NULL>	<NULL>	<NULL>	<NULL>	<NULL>	<NULL>	<NULL>	<NULL>	<NULL>	<NULL>	<NULL>	<NULL>	<NULL>	<NULL>	<NULL>	<NULL>	<NULL>	<NULL>	<NULL>	<NULL>	<NULL>	<NULL>	<NULL>	<NULL>	<NULL>	<NULL>	<NULL>	<NULL>	<NULL>	<NULL>	<NULL>	<NULL>	<NULL>	<NULL>	<NULL>	<NULL>	<NULL>	<NULL>	<NULL>	<NULL>	<NULL>	<NULL>	<NULL>	<NULL>	<NULL>	1
08/24/2021 16:44:18 — 7884 — INFO — 501426753	1644	696	<NULL>
08/24/2021 16:44:18 — 7884 — INFO — #@ Row 2, Column 7: String data, right truncation @#
08/24/2021 16:44:18 — 7884 — INFO — 009685	<NULL>	<NULL>	<NULL>	01	000	001	<NULL>	<NULL>	<NULL>	<NULL>	00000001	<NULL>	00000009685	<NULL>	<NULL>	501426753	<NULL>	<NULL>	<NULL>		<NULL>	<NULL>	<NULL>	<NULL>	<NULL>	<NULL>	<NULL>	<NULL>	<NULL>	<NULL>	<NULL>	<NULL>	<NULL>	<NULL>	<NULL>	<NULL>	<NULL>	<NULL>	<NULL>	<NULL>	<NULL>	<NULL>	<NULL>	<NULL>	<NULL>	<NULL>	<NULL>	<NULL>	<NULL>	<NULL>	<NULL>	<NULL>	<NULL>	<NULL>	<NULL>	<NULL>	<NULL>	<NULL>	<NULL>	<NULL>	<NULL>	<NULL>	<NULL>	<NULL>	<NULL>	<NULL>	<NULL>	Sanjeev                      	3333           	<NULL>	<NULL>	<NULL>	<NULL>	<NULL>	<NULL>	<NULL>	<NULL>	<NULL>	<NULL>	<NULL>	<NULL>	<NULL>	<NULL>	<NULL>	<NULL>	<NULL>	<NULL>	<NULL>	<NULL>	<NULL>	<NULL>	<NULL>	<NULL>	<NULL>	<NULL>	<NULL>	<NULL>	<NULL>	<NULL>	<NULL>	<NULL>	<NULL>	<NULL>	<NULL>	<NULL>	<NULL>	<NULL>	<NULL>	<NULL>	<NULL>	<NULL>	<NULL>	<NULL>	<NULL>	<NULL>	<NULL>	<NULL>	<NULL>	<NULL>	<NULL>	<NULL>	<NULL>	<NULL>	<NULL>	<NULL>	<NULL>	<NULL>	<NULL>	<NULL>	<NULL>	<NULL>	<NULL>	<NULL>	<NULL>	<NULL>	<NULL>	<NULL>	<NULL>	<NULL>	<NULL>	<NULL>	<NULL>	<NULL>	<NULL>	<NULL>	<NULL>	<NULL>	<NULL>	<NULL>	<NULL>	<NULL>	<NULL>	<NULL>	<NULL>	<NULL>	<NULL>	<NULL>	<NULL>	<NULL>	<NULL>	<NULL>	<NULL>	<NULL>	<NULL>	<NULL>	<NULL>	<NULL>	<NULL>	<NULL>	<NULL>	<NULL>	<NULL>	<NULL>	<NULL>	<NULL>	<NULL>	<NULL>	<NULL>	<NULL>	<NULL>	<NULL>	<NULL>	<NULL>	<NULL>	<NULL>	<NULL>	<NULL>	<NULL>	<NULL>	<NULL>	<NULL>	<NULL>	<NULL>	<NULL>	<NULL>	<NULL>	<NULL>	<NULL>	<NULL>	<NULL>	<NULL>	<NULL>	<NULL>	<NULL>	<NULL>	<NULL>	<NULL>	<NULL>	<NULL>	<NULL>	<NULL>	<NULL>	<NULL>	<NULL>	<NULL>	<NULL>	<NULL>	<NULL>	<NULL>	<NULL>	<NULL>	<NULL>	<NULL>	<NULL>	<NULL>	<NULL>	<NULL>	<NULL>	<NULL>	<NULL>	<NULL>	<NULL>	<NULL>	<NULL>	<NULL>	<NULL>	<NULL>	<NULL>	<NULL>	<NULL>	<NULL>	<NULL>	<NULL>	<NULL>	<NULL>	<NULL>	<NULL>	<NULL>	<NULL>	<NULL>	<NULL>	<NULL>	<NULL>	<NULL>	<NULL>	<NULL>	<NULL>	<NULL>	<NULL>	<NULL>	<NULL>	<NULL>	<NULL>	<NULL>	<NULL>	<NULL>	<NULL>	<NULL>	<NULL>	<NULL>	<NULL>	<NULL>	<NULL>	<NULL>	<NULL>	<NULL>	<NULL>	<NULL>	<NULL>	<NULL>	<NULL>	<NULL>	<NULL>	<NULL>	<NULL>	<NULL>	<NULL>	<NULL>	<NULL>	<NULL>	<NULL>	<NULL>	<NULL>	<NULL>	<NULL>	<NULL>	<NULL>	<NULL>	<NULL>	<NULL>	<NULL>	<NULL>	<NULL>	<NULL>	<NULL>	<NULL>	<NULL>	<NULL>	<NULL>	<NULL>	<NULL>	<NULL>	<NULL>	<NULL>	<NULL>	<NULL>	<NULL>	<NULL>	<NULL>	<NULL>	<NULL>	<NULL>	<NULL>	<NULL>	<NULL>	<NULL>	<NULL>	<NULL>	<NULL>	<NULL>	<NULL>	<NULL>	<NULL>	<NULL>	<NULL>	<NULL>	<NULL>	<NULL>	<NULL>	<NULL>	<NULL>	<NULL>	<NULL>	<NULL>	<NULL>	<NULL>	<NULL>	<NULL>	<NULL>	<NULL>	<NULL>	<NULL>	<NULL>	<NULL>	<NULL>	<NULL>	<NULL>	<NULL>	<NULL>	<NULL>	<NULL>	<NULL>	<NULL>	<NULL>	<NULL>	<NULL>	<NULL>	<NULL>	<NULL>	<NULL>	<NULL>	<NULL>	<NULL>	<NULL>	<NULL>	<NULL>	<NULL>	<NULL>	<NULL>	<NULL>	<NULL>	<NULL>	<NULL>	<NULL>	<NULL>	<NULL>	<NULL>	<NULL>	<NULL>	<NULL>	<NULL>	<NULL>	<NULL>	<NULL>	<NULL>	<NULL>	<NULL>	<NULL>	<NULL>	<NULL>	<NULL>	<NULL>	<NULL>	<NULL>	<NULL>	<NULL>	<NULL>	<NULL>	<NULL>	<NULL>	<NULL>	<NULL>	<NULL>	<NULL>	<NULL>	<NULL>	<NULL>	<NULL>	<NULL>	<NULL>	<NULL>	<NULL>	<NULL>	<NULL>	<NULL>	<NULL>	<NULL>	<NULL>	<NULL>	<NULL>	<NULL>	<NULL>	<NULL>	<NULL>	<NULL>	<NULL>	<NULL>	<NULL>	<NULL>	<NULL>	<NULL>	<NULL>	<NULL>	<NULL>	<NULL>	<NULL>	<NULL>	<NULL>	<NULL>	<NULL>	<NULL>	<NULL>	<NULL>	<NULL>	<NULL>	<NULL>	<NULL>	<NULL>	<NULL>	<NULL>	<NULL>	<NULL>	<NULL>	<NULL>	<NULL>	<NULL>	<NULL>	<NULL>	<NULL>	<NULL>	<NULL>	<NULL>	<NULL>	<NULL>	<NULL>	<NULL>	<NULL>	<NULL>	<NULL>	<NULL>	<NULL>	<NULL>	<NULL>	<NULL>	<NULL>	<NULL>	<NULL>	<NULL>	<NULL>	<NULL>	<NULL>	<NULL>	<NULL>	<NULL>	<NULL>	<NULL>	<NULL>	<NULL>	<NULL>	<NULL>	<NULL>	<NULL>	<NULL>	<NULL>	<NULL>	<NULL>	<NULL>	<NULL>	<NULL>	<NULL>	<NULL>	<NULL>	<NULL>	<NULL>	<NULL>	<NULL>	<NULL>	<NULL>	<NULL>	<NULL>	<NULL>	<NULL>	<NULL>	<NULL>	<NULL>	<NULL>	<NULL>	<NULL>	<NULL>	<NULL>	<NULL>	<NULL>	<NULL>	<NULL>	<NULL>	<NULL>	<NULL>	<NULL>	<NULL>	<NULL>	<NULL>	<NULL>	<NULL>	<NULL>	<NULL>	<NULL>	<NULL>	<NULL>	<NULL>	<NULL>	<NULL>	<NULL>	<NULL>	<NULL>	<NULL>	<NULL>	<NULL>	<NULL>	<NULL>	<NULL>	<NULL>	<NULL>	<NULL>	<NULL>	<NULL>	<NULL>	<NULL>	<NULL>	<NULL>	<NULL>	<NULL>	<NULL>	<NULL>	2
08/24/2021 16:44:18 — 7884 — INFO — 501426754	1644	696	<NULL>	009685	<NULL>
08/24/2021 16:44:18 — 7884 — INFO — #@ Row 3, Column 10: String data, right truncation @#
08/24/2021 16:44:18 — 7884 — INFO — <NULL>	<NULL>	05	000	001	<NULL>	<NULL>	<NULL>	<NULL>	00000001	<NULL>	00000009685	<NULL>	<NULL>	501426754	<NULL>	<NULL>	<NULL>	<NULL>	<NULL>		<NULL>	<NULL>	<NULL>	<NULL>	<NULL>	<NULL>	<NULL>	<NULL>	<NULL>	<NULL>	<NULL>	<NULL>	<NULL>	<NULL>	<NULL>	<NULL>	<NULL>	<NULL>	<NULL>	<NULL>	<NULL>	<NULL>	<NULL>	<NULL>	<NULL>	<NULL>	<NULL>	<NULL>	<NULL>	<NULL>	<NULL>	<NULL>	<NULL>	<NULL>	<NULL>	<NULL>	<NULL>	<NULL>	<NULL>	<NULL>	<NULL>	<NULL>	<NULL>	<NULL>	<NULL>	<NULL>	<NULL>	<NULL>	<NULL>	<NULL>	<NULL>	<NULL>	<NULL>	<NULL>	<NULL>	<NULL>	<NULL>	<NULL>	<NULL>	<NULL>	<NULL>	<NULL>	<NULL>	<NULL>	<NULL>	<NULL>	<NULL>	<NULL>	<NULL>	<NULL>	<NULL>	<NULL>	<NULL>	<NULL>	<NULL>	<NULL>	<NULL>	<NULL>	<NULL>	<NULL>	<NULL>	<NULL>	<NULL>	<NULL>	<NULL>	<NULL>	<NULL>	<NULL>	<NULL>	<NULL>	<NULL>	<NULL>	<NULL>	<NULL>	<NULL>	<NULL>	<NULL>	<NULL>	<NULL>	<NULL>	<NULL>	<NULL>	<NULL>	<NULL>	<NULL>	<NULL>	<NULL>	<NULL>	<NULL>	<NULL>	<NULL>	<NULL>	<NULL>	<NULL>	<NULL>	<NULL>	<NULL>	<NULL>	<NULL>	<NULL>	<NULL>	<NULL>	<NULL>	<NULL>	<NULL>	<NULL>	<NULL>	<NULL>	<NULL>	<NULL>	<NULL>	<NULL>	<NULL>	<NULL>	<NULL>	<NULL>	<NULL>	<NULL>	<NULL>	<NULL>	<NULL>	<NULL>	<NULL>	<NULL>	<NULL>	<NULL>	<NULL>	<NULL>	<NULL>	<NULL>	<NULL>	<NULL>	<NULL>	<NULL>	<NULL>	<NULL>	<NULL>	<NULL>	<NULL>	<NULL>	<NULL>	<NULL>	<NULL>	<NULL>	<NULL>	<NULL>	<NULL>	<NULL>	<NULL>	<NULL>	<NULL>	<NULL>	<NULL>	<NULL>	<NULL>	<NULL>	<NULL>	<NULL>	<NULL>	<NULL>	<NULL>	<NULL>	<NULL>	<NULL>	<NULL>	<NULL>	<NULL>	<NULL>	<NULL>	<NULL>	<NULL>	<NULL>	<NULL>	<NULL>	<NULL>	<NULL>	<NULL>	<NULL>	<NULL>	<NULL>	<NULL>	<NULL>	<NULL>	<NULL>	<NULL>	<NULL>	<NULL>	<NULL>	<NULL>	<NULL>	<NULL>	<NULL>	8005551313       	<NULL>	<NULL>	<NULL>	<NULL>	<NULL>	<NULL>	<NULL>	<NULL>	<NULL>	<NULL>	<NULL>	<NULL>	<NULL>	<NULL>	<NULL>	<NULL>	<NULL>	<NULL>	<NULL>	<NULL>	<NULL>	<NULL>	<NULL>	<NULL>	<NULL>	<NULL>	<NULL>	<NULL>	<NULL>	<NULL>	<NULL>	<NULL>	<NULL>	<NULL>	<NULL>	<NULL>	<NULL>	<NULL>	<NULL>	<NULL>	<NULL>	<NULL>	<NULL>	<NULL>	<NULL>	<NULL>	<NULL>	<NULL>	<NULL>	<NULL>	<NULL>	<NULL>	<NULL>	<NULL>	<NULL>	<NULL>	<NULL>	<NULL>	<NULL>	<NULL>	<NULL>	<NULL>	<NULL>	<NULL>	<NULL>	<NULL>	<NULL>	<NULL>	<NULL>	<NULL>	<NULL>	<NULL>	<NULL>	<NULL>	<NULL>	<NULL>	<NULL>	<NULL>	<NULL>	<NULL>	<NULL>	<NULL>	<NULL>	<NULL>	<NULL>	<NULL>	<NULL>	<NULL>	666      	Sanjeev.G                    	<NULL>	<NULL>	<NULL>	<NULL>	<NULL>	<NULL>	<NULL>	<NULL>	<NULL>	<NULL>	<NULL>	<NULL>	<NULL>	<NULL>	<NULL>	<NULL>	<NULL>	<NULL>	<NULL>	<NULL>	<NULL>	<NULL>	<NULL>	<NULL>	<NULL>	<NULL>	<NULL>	<NULL>	<NULL>	<NULL>	<NULL>	<NULL>	<NULL>	<NULL>	<NULL>	<NULL>	<NULL>	<NULL>	<NULL>	<NULL>	<NULL>	<NULL>	<NULL>	<NULL>	<NULL>	<NULL>	<NULL>	<NULL>	<NULL>	<NULL>	<NULL>	<NULL>	<NULL>	<NULL>	<NULL>	<NULL>	<NULL>	<NULL>	<NULL>	<NULL>	<NULL>	<NULL>	<NULL>	<NULL>	<NULL>	<NULL>	<NULL>	<NULL>	<NULL>	<NULL>	<NULL>	<NULL>	<NULL>	<NULL>	<NULL>	<NULL>	<NULL>	<NULL>	<NULL>	<NULL>	<NULL>	<NULL>	<NULL>	<NULL>	<NULL>	<NULL>	<NULL>	<NULL>	<NULL>	<NULL>	<NULL>	<NULL>	<NULL>	<NULL>	<NULL>	<NULL>	<NULL>	<NULL>	<NULL>	<NULL>	<NULL>	<NULL>	<NULL>	<NULL>	<NULL>	<NULL>	<NULL>	<NULL>	<NULL>	<NULL>	<NULL>	<NULL>	<NULL>	<NULL>	<NULL>	<NULL>	<NULL>	<NULL>	<NULL>	<NULL>	<NULL>	<NULL>	<NULL>	<NULL>	<NULL>	<NULL>	<NULL>	<NULL>	<NULL>	<NULL>	<NULL>	<NULL>	<NULL>	<NULL>	<NULL>	<NULL>	<NULL>	<NULL>	<NULL>	<NULL>	<NULL>	<NULL>	<NULL>	<NULL>	<NULL>	<NULL>	<NULL>	<NULL>	<NULL>	<NULL>	<NULL>	<NULL>	<NULL>	<NULL>	<NULL>	<NULL>	<NULL>	<NULL>	<NULL>	<NULL>	<NULL>	<NULL>	<NULL>	<NULL>	<NULL>	<NULL>	<NULL>	<NULL>	<NULL>	<NULL>	<NULL>	<NULL>	<NULL>	<NULL>	<NULL>	<NULL>	<NULL>	<NULL>	<NULL>	<NULL>	<NULL>	<NULL>	<NULL>	<NULL>	<NULL>	<NULL>	<NULL>	<NULL>	<NULL>	<NULL>	<NULL>	<NULL>	<NULL>	<NULL>	<NULL>	<NULL>	<NULL>	<NULL>	<NULL>	<NULL>	<NULL>	<NULL>	<NULL>	<NULL>	<NULL>	<NULL>	<NULL>	<NULL>	<NULL>	<NULL>	<NULL>	<NULL>	<NULL>	<NULL>	<NULL>	<NULL>	<NULL>	<NULL>	<NULL>	<NULL>	<NULL>	<NULL>	<NULL>	<NULL>	<NULL>	<NULL>	<NULL>	<NULL>	<NULL>	<NULL>	<NULL>	<NULL>	<NULL>	<NULL>	<NULL>	<NULL>	<NULL>	<NULL>	<NULL>	<NULL>	<NULL>	<NULL>	<NULL>	<NULL>	<NULL>	<NULL>	<NULL>	<NULL>	3
08/24/2021 16:44:18 — 7884 — INFO — 501426755	1644	696	<NULL>	009685	<NULL>	<NULL>	<NULL>
08/24/2021 16:44:18 — 7884 — INFO — BCP EXECUTION SUCCESSFULL
08/24/2021 16:44:18 — 7884 — INFO — BCP FINISH TIME::: 2021-08-24 16:44:18.503574
08/24/2021 16:44:19 — 7884 — INFO — EXITING ImportFileToDB :: Message :: NO ERROR
08/24/2021 16:44:19 — 7884 — INFO — *************************** ALL FILES PROCESSED, EXITING ***************************
