08/24/2021 15:48:50 — 11740 — INFO — *************************** JSON READER PROCESSING STARTS ***************************
08/24/2021 15:48:50 — 11740 — INFO — START TIME: 2021-08-24 15:48:50.462650
08/24/2021 15:48:50 — 11740 — INFO — PATH OF THE INPUT FILE DIRECTORY: E:\Python\JSONReader\JSONFile\INPUT\
08/24/2021 15:48:50 — 11740 — INFO — FILENAME: adtest.IPM.json
08/24/2021 15:48:50 — 11740 — INFO — FileID: 202108241548501
08/24/2021 15:48:50 — 11740 — INFO — INSIDE ValidateDuplicateFile BLOCK
08/24/2021 15:48:50 — 11740 — INFO — EXITING ValidateDuplicateFile BLOCK
08/24/2021 15:48:50 — 11740 — INFO — INSIDE GenerateCSV BLOCK
08/24/2021 15:48:50 — 11740 — INFO — INSIDE ImportFileToDB BLOCK
08/24/2021 15:48:50 — 11740 — INFO — InputDir: E:\Python\JSONReader\JSONFile\SPLITTED\
08/24/2021 15:48:50 — 11740 — INFO — FileName: IPM.csv
08/24/2021 15:48:50 — 11740 — INFO — TableName: IPMMAsterInterim
08/24/2021 15:48:50 — 11740 — INFO — XML: IPM.xml
08/24/2021 15:48:50 — 11740 — INFO — dir_path: E:\Python\JSONReader\
08/24/2021 15:48:50 — 11740 — INFO — DATABASE CONNECTION ESTABLISHED
08/24/2021 15:48:50 — 11740 — INFO — BCP START TIME::: 2021-08-24 15:48:50.860354
08/24/2021 15:48:51 — 11740 — INFO — Reading BCP generated file
08/24/2021 15:48:51 — 11740 — INFO — SQLState = HY000, NativeError = 0
08/24/2021 15:48:51 — 11740 — INFO — Error = [Microsoft][ODBC Driver 13 for SQL Server][SQL Server]Syntax error at line 2 column 6 in xml format file.
08/24/2021 15:48:51 — 11740 — INFO — Reading BCP generated file
08/24/2021 15:48:51 — 11740 — INFO — BCP EXECUTION SUCCESSFULL
08/24/2021 15:48:51 — 11740 — INFO — BCP FINISH TIME::: 2021-08-24 15:48:51.495131
08/24/2021 15:48:51 — 11740 — INFO — EXITING ImportFileToDB :: Message :: NO ERROR
08/24/2021 15:48:51 — 11740 — INFO — INSIDE ImportFileToDB BLOCK
08/24/2021 15:48:51 — 11740 — INFO — InputDir: E:\Python\JSONReader\JSONFile\SPLITTED\
08/24/2021 15:48:51 — 11740 — INFO — FileName: Addendum.csv
08/24/2021 15:48:51 — 11740 — INFO — TableName: IPMAddendumDetails
08/24/2021 15:48:51 — 11740 — INFO — XML: Addendum.xml
08/24/2021 15:48:51 — 11740 — INFO — dir_path: E:\Python\JSONReader\
08/24/2021 15:48:51 — 11740 — INFO — DATABASE CONNECTION ESTABLISHED
08/24/2021 15:48:51 — 11740 — INFO — BCP START TIME::: 2021-08-24 15:48:51.566126
08/24/2021 15:48:51 — 11740 — INFO — Reading BCP generated file
08/24/2021 15:48:51 — 11740 — INFO — SQLState = HY000, NativeError = 0
08/24/2021 15:48:51 — 11740 — INFO — Error = [Microsoft][ODBC Driver 13 for SQL Server][SQL Server]Syntax error at line 2 column 6 in xml format file.
08/24/2021 15:48:51 — 11740 — INFO — Reading BCP generated file
08/24/2021 15:48:51 — 11740 — INFO — BCP EXECUTION SUCCESSFULL
08/24/2021 15:48:51 — 11740 — INFO — BCP FINISH TIME::: 2021-08-24 15:48:51.886354
08/24/2021 15:48:51 — 11740 — INFO — EXITING ImportFileToDB :: Message :: NO ERROR
08/24/2021 15:48:51 — 11740 — INFO — *************************** ALL FILES PROCESSED, EXITING ***************************
