08/24/2021 17:27:33 — 6128 — INFO — *************************** JSON READER PROCESSING STARTS ***************************
08/24/2021 17:27:33 — 6128 — INFO — START TIME: 2021-08-24 17:27:33.291048
08/24/2021 17:27:33 — 6128 — INFO — PATH OF THE INPUT FILE DIRECTORY: E:\Python\JSONReader\JSONFile\INPUT\
08/24/2021 17:27:33 — 6128 — INFO — FILENAME: adtest.IPM.json
08/24/2021 17:27:33 — 6128 — INFO — FileID: 202108241727331
08/24/2021 17:27:33 — 6128 — INFO — INSIDE ValidateDuplicateFile BLOCK
08/24/2021 17:27:33 — 6128 — INFO — EXITING ValidateDuplicateFile BLOCK
08/24/2021 17:27:33 — 6128 — INFO — INSIDE GenerateCSV BLOCK
08/24/2021 17:27:33 — 6128 — INFO — INSIDE ImportFileToDB BLOCK
08/24/2021 17:27:33 — 6128 — INFO — InputDir: E:\Python\JSONReader\JSONFile\SPLITTED\
08/24/2021 17:27:33 — 6128 — INFO — FileName: IPM.csv
08/24/2021 17:27:33 — 6128 — INFO — TableName: IPMMAsterInterim
08/24/2021 17:27:33 — 6128 — INFO — XML: IPM.xml
08/24/2021 17:27:33 — 6128 — INFO — dir_path: E:\Python\JSONReader\
08/24/2021 17:27:33 — 6128 — INFO — DATABASE CONNECTION ESTABLISHED
08/24/2021 17:27:33 — 6128 — INFO — bcp PP_CI.DBO.IPMMAsterInterim IN E:\Python\JSONReader\JSONFile\SPLITTED\IPM.csv -b 5000 -h TABLOCK -f E:\Python\JSONReader\IPM.xml -e E:\Python\JSONReader\JSONFile\LOG\IPM.csv_Error_in.log -o E:\Python\JSONReader\JSONFile\LOG\IPM.csv_Output_in.log -S XEON-S8 -T -t , -F 2
08/24/2021 17:27:33 — 6128 — INFO — BCP START TIME::: 2021-08-24 17:27:33.581567
08/24/2021 17:27:34 — 6128 — INFO — Reading BCP generated file
08/24/2021 17:27:34 — 6128 — INFO — Starting copy...
08/24/2021 17:27:34 — 6128 — INFO — SQLState = 22001, NativeError = 0
08/24/2021 17:27:34 — 6128 — INFO — Error = [Microsoft][ODBC Driver 13 for SQL Server]String data, right truncation
08/24/2021 17:27:34 — 6128 — INFO — 0 rows copied.
08/24/2021 17:27:34 — 6128 — INFO — Network packet size (bytes): 4096
08/24/2021 17:27:34 — 6128 — INFO — Clock Time (ms.) Total     : 250
08/24/2021 17:27:34 — 6128 — INFO — Reading BCP generated file
08/24/2021 17:27:34 — 6128 — INFO — #@ Row 1, Column 3: String data, right truncation @#
08/24/2021 17:27:34 — 6128 — INFO — 501426754	1240	IQQAAtSyeHKP7Xfd/JGjsbWqNmnvCpsYncURZOg7CWwSm4bBMgM=	00	00	00	20.0	30.0	20.0	<NULL>	<NULL>	2018-02-11T00:00:00	2018-02-11T08:12:42	2023-02-28T00:00:00	1	0	0	0	0	1	1	9	9	0	0	0	<NULL>	200	1401	<NULL>	3353	<NULL>	529900	01230000002	1	2010-01-22T00:00:00	009685	009685	340000000003	340003	<NULL>	<NULL>	687555537877464	Midwest Emporium      	1234 Main Street                                	Columbia    	90210     	   	   	USA	USA	840	840	30.0	<NULL>	<NULL>	<NULL>	<NULL>	<NULL>	<NULL>	<NULL>	<NULL>	<NULL>	<NULL>	<NULL>	<NULL>	<NULL>	<NULL>	<NULL>	<NULL>	<NULL>	<NULL>	<NULL>	<NULL>	<NULL>	<NULL>	<NULL>	<NULL>	<NULL>	<NULL>	<NULL>	<NULL>	<NULL>	<NULL>	<NULL>	<NULL>	<NULL>	<NULL>	<NULL>	<NULL>	<NULL>	<NULL>	<NULL>	<NULL>	<NULL>	<NULL>	<NULL>	<NULL>	<NULL>	<NULL>	<NULL>	<NULL>	<NULL>	<NULL>	<NULL>	<NULL>	<NULL>	<NULL>	<NULL>	<NULL>	<NULL>	<NULL>	<NULL>	<NULL>	 	00000002	<NULL>	<NULL>	<NULL>	<NULL>	<NULL>	<NULL>	840	ERROR	<NULL>	<NULL>	2018-02-11T22:23:17	2018-02-11T22:23:17	<NULL>	<NULL>	<NULL>	<NULL>	<NULL>	<NULL>	<NULL>	2020-11-19T00:00:00	<NULL>	0	<NULL>	<NULL>	<NULL>	Midwest Emporium      1234 Main Street                                Columbia     90210        USA	<NULL>	<NULL>	MCC	<NULL>	MC	<NULL>	MCCAB12334103	<NULL>	<NULL>	7131	<NULL>	6969	<NULL>	<NULL>	00000019800	00000009685	<NULL>	<NULL>	<NULL>	15	20210820222205_adtest.IPM	<NULL>	501426754	501426753	MC	<NULL>	<NULL>	<NULL>	<NULL>	<NULL>	<NULL>	<NULL>	<NULL>	<NULL>	<NULL>	<NULL>	<NULL>	<NULL>	<NULL>	<NULL>	<NULL>	<NULL>	<NULL>	<NULL>	<NULL>	<NULL>	<NULL>	<NULL>	<NULL>	<NULL>	<NULL>	<NULL>	<NULL>	<NULL>	<NULL>	<NULL>	<NULL>	<NULL>	<NULL>	NA	NA 	<NULL>	<NULL>	<NULL>	!	<NULL>	<NULL>	<NULL>	<NULL>	<NULL>	<NULL>	<NULL>	<NULL>	<NULL>	<NULL>	<NULL>	<NULL>	2018-02-11T08:12:42	5   	<NULL>	<NULL>	<NULL>	<NULL>	<NULL>	<NULL>	<NULL>	<NULL>	<NULL>	<NULL>	<NULL>	<NULL>	<NULL>	<NULL>	<NULL>	<NULL>	<NULL>	<NULL>	<NULL>	<NULL>	<NULL>	<NULL>	<NULL>	<NULL>	<NULL>	<NULL>	<NULL>	<NULL>	<NULL>	<NULL>	<NULL>	<NULL>	<NULL>	<NULL>	<NULL>	<NULL>	<NULL>	<NULL>	<NULL>	<NULL>	<NULL>	<NULL>	<NULL>	<NULL>	<NULL>	<NULL>	<NULL>	<NULL>	<NULL>	<NULL>	<NULL>	<NULL>	<NULL>	<NULL>	<NULL>	<NULL>	<NULL>	<NULL>	<NULL>	<NULL>	<NULL>	<NULL>	<NULL>	<NULL>	<NULL>	<NULL>	<NULL>	<NULL>	<NULL>	<NULL>	<NULL>	<NULL>	<NULL>	<NULL>	<NULL>	<NULL>	<NULL>	<NULL>	<NULL>	<NULL>	<NULL>	<NULL>	<NULL>	<NULL>	<NULL>	<NULL>	<NULL>	840	2	840	2	840	2	<NULL>	<NULL>	<NULL>	<NULL>	<NULL>	<NULL>	<NULL>	<NULL>	<NULL>	<NULL>	<NULL>	<NULL>	<NULL>	<NULL>	<NULL>	<NULL>	<NULL>	<NULL>	<NULL>	<NULL>	<NULL>	<NULL>	<NULL>	<NULL>	<NULL>	<NULL>	<NULL>	<NULL>	<NULL>	<NULL>	<NULL>	MCC	      	 	<NULL>	<NULL>	<NULL>	<NULL>	<NULL>	<NULL>	M	<NULL>	0 	75	<NULL>	<NULL>	8005556666      	<NULL>	<NULL>	<NULL>	<NULL>	<NULL>	<NULL>	<NULL>	<NULL>	<NULL>	<NULL>	<NULL>	<NULL>	<NULL>	<NULL>	<NULL>	<NULL>	<NULL>	<NULL>	<NULL>	<NULL>	MCCAB1233	1	8005551212                              	<NULL>	<NULL>	<NULL>	<NULL>	<NULL>	<NULL>	<NULL>	<NULL>	<NULL>	<NULL>	<NULL>	<NULL>	<NULL>	<NULL>	<NULL>	<NULL>	<NULL>	<NULL>	<NULL>	<NULL>	<NULL>	<NULL>	<NULL>	<NULL>	<NULL>	<NULL>	<NULL>	<NULL>	<NULL>	<NULL>	<NULL>	<NULL>	<NULL>	<NULL>	<NULL>	<NULL>	<NULL>	<NULL>	<NULL>	<NULL>	<NULL>	<NULL>	<NULL>	<NULL>	<NULL>	<NULL>	<NULL>	<NULL>	<NULL>	<NULL>	<NULL>	<NULL>	<NULL>	<NULL>	<NULL>	<NULL>	<NULL>	<NULL>	<NULL>	<NULL>	<NULL>	<NULL>	<NULL>	<NULL>	<NULL>	<NULL>	<NULL>	<NULL>	<NULL>	<NULL>	<NULL>	<NULL>	<NULL>	           	                            	1	          	F	<NULL>	2018-02-13T00:00:00	01	2018-02-13T00:00:00	01	<NULL>	<NULL>	8005556666      	<NULL>	<NULL>	<NULL>	<NULL>	<NULL>	<NULL>	<NULL>	<NULL>	<NULL>	<NULL>	<NULL>	<NULL>	<NULL>	<NULL>	||||||||||||	<NULL>	<NULL>	<NULL>	<NULL>	<NULL>	<NULL>	<NULL>	<NULL>	<NULL>	<NULL>	<NULL>	<NULL>	<NULL>	<NULL>	<NULL>	<NULL>	<NULL>	<NULL>	<NULL>	<NULL>	<NULL>	<NULL>	<NULL>	<NULL>	<NULL>	<NULL>	<NULL>	<NULL>	<NULL>	<NULL>	<NULL>	<NULL>	<NULL>	<NULL>	<NULL>	<NULL>	<NULL>	<NULL>	<NULL>	<NULL>	<NULL>	<NULL>	<NULL>	<NULL>	<NULL>	<NULL>	<NULL>	<NULL>	<NULL>	<NULL>	<NULL>	<NULL>	<NULL>	<NULL>	-2031012319	5979	522230	<NULL>	<NULL>	<NULL>	<NULL>	<NULL>	05299000022012300000021	<NULL>	<NULL>	<NULL>	<NULL>	<NULL>	"	<NULL>	<NULL>	<NULL>	<NULL>	<NULL>	NA	<NULL>	1	00	PLAT	<NULL>	<NULL>	<NULL>	<NULL>	<NULL>	1	114	<NULL>	501426754	1	AE34C98E12347FDCEC02182283B388CC667CC60778222DECAA443F63BEE24171858E2BD4A9CDFDEA182F4412022DF3DC90D0A09F67CC3DA0B58043F150C53FCC	1 	3	687555537877464	9685	<NULL>	<NULL>	<NULL>	<NULL>	<NULL>	<NULL>	0	<NULL>	<NULL>	<NULL>	<NULL>	<NULL>	<NULL>	2018-02-11T22:23:17	<NULL>	01	2	0	<NULL>	30	840	180211	081242	0022	2302	1	1401	<NULL>	0	2	<NULL>	<NULL>	6969	7131	<NULL>	<NULL>	<NULL>	1383194732930203649	<NULL>	<NULL>	0
08/24/2021 17:27:34 — 6128 — INFO — 501426755	1240,IQQAAtSyeHKP7Xfd/JGjsbWqNmnvCpsYncURZOg7CWwSm4bBMgM=,00,00,00,20.0,40.0,20.0,,,2018-02-11T00:00:00,2018-02-11T08:12:42,2023-02-28T00:00:00,1,0,0,0,0,1,1,9,9,0,0,0,,200,1401,,3543,,529900,01230000002,1,2010-01-22T00:00:00,009685,009685,330000000004,330004,,,687555537877464,Midwest Emporium      ,1234 Main Street                                ,Columbia    ,90210     ,   ,   ,USA,USA,840,840,40.0,,,,,,,,,,,,,,,,,,,,,,,,,,,,,,,,,,,,,,,,,,,,,,,,,,,,,,,,,,,,, ,00000002,,,,,,,840,ERROR,,,2018-02-11T22:23:1
08/24/2021 17:27:34 — 6128 — INFO — BCP EXECUTION SUCCESSFULL
08/24/2021 17:27:34 — 6128 — INFO — BCP FINISH TIME::: 2021-08-24 17:27:34.192354
08/24/2021 17:27:34 — 6128 — INFO — EXITING ImportFileToDB :: Message :: NO ERROR
08/24/2021 17:27:34 — 6128 — INFO — INSIDE ImportFileToDB BLOCK
08/24/2021 17:27:34 — 6128 — INFO — InputDir: E:\Python\JSONReader\JSONFile\SPLITTED\
08/24/2021 17:27:34 — 6128 — INFO — FileName: Addendum.csv
08/24/2021 17:27:34 — 6128 — INFO — TableName: IPMAddendumDetails
08/24/2021 17:27:34 — 6128 — INFO — XML: Addendum.xml
08/24/2021 17:27:34 — 6128 — INFO — dir_path: E:\Python\JSONReader\
08/24/2021 17:27:34 — 6128 — INFO — DATABASE CONNECTION ESTABLISHED
08/24/2021 17:27:34 — 6128 — INFO — bcp PP_CI.DBO.IPMAddendumDetails IN E:\Python\JSONReader\JSONFile\SPLITTED\Addendum.csv -b 5000 -h TABLOCK -f E:\Python\JSONReader\Addendum.xml -e E:\Python\JSONReader\JSONFile\LOG\Addendum.csv_Error_in.log -o E:\Python\JSONReader\JSONFile\LOG\Addendum.csv_Output_in.log -S XEON-S8 -T -t , -F 2
08/24/2021 17:27:34 — 6128 — INFO — BCP START TIME::: 2021-08-24 17:27:34.210245
08/24/2021 17:27:34 — 6128 — INFO — Reading BCP generated file
08/24/2021 17:27:34 — 6128 — INFO — Starting copy...
08/24/2021 17:27:34 — 6128 — INFO — SQLState = 22001, NativeError = 0
08/24/2021 17:27:34 — 6128 — INFO — Error = [Microsoft][ODBC Driver 13 for SQL Server]String data, right truncation
08/24/2021 17:27:34 — 6128 — INFO — SQLState = S1000, NativeError = 0
08/24/2021 17:27:34 — 6128 — INFO — Error = [Microsoft][ODBC Driver 13 for SQL Server]Unexpected EOF encountered in BCP data-file
08/24/2021 17:27:34 — 6128 — INFO — 0 rows copied.
08/24/2021 17:27:34 — 6128 — INFO — Network packet size (bytes): 4096
08/24/2021 17:27:34 — 6128 — INFO — Clock Time (ms.) Total     : 453
08/24/2021 17:27:34 — 6128 — INFO — Reading BCP generated file
08/24/2021 17:27:34 — 6128 — INFO — #@ Row 1, Column 10: String data, right truncation @#
08/24/2021 17:27:34 — 6128 — INFO — 501426753	1644	696	<NULL>	009685	<NULL>	<NULL>	<NULL>	01	000	001	<NULL>	<NULL>	<NULL>	<NULL>	00000001	<NULL>	00000009685	<NULL>	<NULL>	501426753	<NULL>	<NULL>	<NULL>	<NULL>	<NULL>	<NULL>	<NULL>	<NULL>	<NULL>	<NULL>	<NULL>	<NULL>	<NULL>	<NULL>	<NULL>	<NULL>	<NULL>	<NULL>	<NULL>	<NULL>	<NULL>	<NULL>	<NULL>	<NULL>	<NULL>	<NULL>	<NULL>	<NULL>	<NULL>	<NULL>	<NULL>	<NULL>	<NULL>	<NULL>	<NULL>	<NULL>	<NULL>	<NULL>	<NULL>	<NULL>	<NULL>	<NULL>	<NULL>	<NULL>	<NULL>	<NULL>	<NULL>	<NULL>	<NULL>	<NULL>	<NULL>	Sanjeev                      	3333           	<NULL>	<NULL>	<NULL>	<NULL>	<NULL>	<NULL>	<NULL>	<NULL>	<NULL>	<NULL>	<NULL>	<NULL>	<NULL>	<NULL>	<NULL>	<NULL>	<NULL>	<NULL>	<NULL>	<NULL>	<NULL>	<NULL>	<NULL>	<NULL>	<NULL>	<NULL>	<NULL>	<NULL>	<NULL>	<NULL>	<NULL>	<NULL>	<NULL>	<NULL>	<NULL>	<NULL>	<NULL>	<NULL>	<NULL>	<NULL>	<NULL>	<NULL>	<NULL>	<NULL>	<NULL>	<NULL>	<NULL>	<NULL>	<NULL>	<NULL>	<NULL>	<NULL>	<NULL>	<NULL>	<NULL>	<NULL>	<NULL>	<NULL>	<NULL>	<NULL>	<NULL>	<NULL>	<NULL>	<NULL>	<NULL>	<NULL>	<NULL>	<NULL>	<NULL>	<NULL>	<NULL>	<NULL>	<NULL>	<NULL>	<NULL>	<NULL>	<NULL>	<NULL>	<NULL>	<NULL>	<NULL>	<NULL>	<NULL>	<NULL>	<NULL>	<NULL>	<NULL>	<NULL>	<NULL>	<NULL>	<NULL>	<NULL>	<NULL>	<NULL>	<NULL>	<NULL>	<NULL>	<NULL>	<NULL>	<NULL>	<NULL>	<NULL>	<NULL>	<NULL>	<NULL>	<NULL>	<NULL>	<NULL>	<NULL>	<NULL>	<NULL>	<NULL>	<NULL>	<NULL>	<NULL>	<NULL>	<NULL>	<NULL>	<NULL>	<NULL>	<NULL>	<NULL>	<NULL>	<NULL>	<NULL>	<NULL>	<NULL>	<NULL>	<NULL>	<NULL>	<NULL>	<NULL>	<NULL>	<NULL>	<NULL>	<NULL>	<NULL>	<NULL>	<NULL>	<NULL>	<NULL>	<NULL>	<NULL>	<NULL>	<NULL>	<NULL>	<NULL>	<NULL>	<NULL>	<NULL>	<NULL>	<NULL>	<NULL>	<NULL>	<NULL>	<NULL>	<NULL>	<NULL>	<NULL>	<NULL>	<NULL>	<NULL>	<NULL>	<NULL>	<NULL>	<NULL>	<NULL>	<NULL>	<NULL>	<NULL>	<NULL>	<NULL>	<NULL>	<NULL>	<NULL>	<NULL>	<NULL>	<NULL>	<NULL>	<NULL>	<NULL>	<NULL>	<NULL>	<NULL>	<NULL>	<NULL>	<NULL>	<NULL>	<NULL>	<NULL>	<NULL>	<NULL>	<NULL>	<NULL>	<NULL>	<NULL>	<NULL>	<NULL>	<NULL>	<NULL>	<NULL>	<NULL>	<NULL>	<NULL>	<NULL>	<NULL>	<NULL>	<NULL>	<NULL>	<NULL>	<NULL>	<NULL>	<NULL>	<NULL>	<NULL>	<NULL>	<NULL>	<NULL>	<NULL>	<NULL>	<NULL>	<NULL>	<NULL>	<NULL>	<NULL>	<NULL>	<NULL>	<NULL>	<NULL>	<NULL>	<NULL>	<NULL>	<NULL>	<NULL>	<NULL>	<NULL>	<NULL>	<NULL>	<NULL>	<NULL>	<NULL>	<NULL>	<NULL>	<NULL>	<NULL>	<NULL>	<NULL>	<NULL>	<NULL>	<NULL>	<NULL>	<NULL>	<NULL>	<NULL>	<NULL>	<NULL>	<NULL>	<NULL>	<NULL>	<NULL>	<NULL>	<NULL>	<NULL>	<NULL>	<NULL>	<NULL>	<NULL>	<NULL>	<NULL>	<NULL>	<NULL>	<NULL>	<NULL>	<NULL>	<NULL>	<NULL>	<NULL>	<NULL>	<NULL>	<NULL>	<NULL>	<NULL>	<NULL>	<NULL>	<NULL>	<NULL>	<NULL>	<NULL>	<NULL>	<NULL>	<NULL>	<NULL>	<NULL>	<NULL>	<NULL>	<NULL>	<NULL>	<NULL>	<NULL>	<NULL>	<NULL>	<NULL>	<NULL>	<NULL>	<NULL>	<NULL>	<NULL>	<NULL>	<NULL>	<NULL>	<NULL>	<NULL>	<NULL>	<NULL>	<NULL>	<NULL>	<NULL>	<NULL>	<NULL>	<NULL>	<NULL>	<NULL>	<NULL>	<NULL>	<NULL>	<NULL>	<NULL>	<NULL>	<NULL>	<NULL>	<NULL>	<NULL>	<NULL>	<NULL>	<NULL>	<NULL>	<NULL>	<NULL>	<NULL>	<NULL>	<NULL>	<NULL>	<NULL>	<NULL>	<NULL>	<NULL>	<NULL>	<NULL>	<NULL>	<NULL>	<NULL>	<NULL>	<NULL>	<NULL>	<NULL>	<NULL>	<NULL>	<NULL>	<NULL>	<NULL>	<NULL>	<NULL>	<NULL>	<NULL>	<NULL>	<NULL>	<NULL>	<NULL>	<NULL>	<NULL>	<NULL>	<NULL>	<NULL>	<NULL>	<NULL>	<NULL>	<NULL>	<NULL>	<NULL>	<NULL>	<NULL>	<NULL>	<NULL>	<NULL>	<NULL>	<NULL>	<NULL>	<NULL>	<NULL>	<NULL>	<NULL>	<NULL>	<NULL>	<NULL>	<NULL>	<NULL>	<NULL>	<NULL>	<NULL>	<NULL>	<NULL>	<NULL>	<NULL>	<NULL>	<NULL>	<NULL>	<NULL>	<NULL>	<NULL>	<NULL>	<NULL>	<NULL>	<NULL>	<NULL>	<NULL>	<NULL>	<NULL>	<NULL>	<NULL>	<NULL>	<NULL>	<NULL>	<NULL>	<NULL>	<NULL>	<NULL>	<NULL>	<NULL>	<NULL>	<NULL>	<NULL>	<NULL>	<NULL>	<NULL>	<NULL>	<NULL>	<NULL>	<NULL>	<NULL>	<NULL>	<NULL>	<NULL>	<NULL>	<NULL>	<NULL>	<NULL>	<NULL>	<NULL>	<NULL>	<NULL>	<NULL>	<NULL>	<NULL>	<NULL>	<NULL>	<NULL>	<NULL>	<NULL>	<NULL>	<NULL>	<NULL>	<NULL>	<NULL>	<NULL>	<NULL>	<NULL>	<NULL>	<NULL>	<NULL>	<NULL>	<NULL>	<NULL>	<NULL>	<NULL>	<NULL>	<NULL>	<NULL>	<NULL>	<NULL>	<NULL>	<NULL>	<NULL>	<NULL>	<NULL>	<NULL>	<NULL>	<NULL>	<NULL>	<NULL>	<NULL>	<NULL>	<NULL>	<NULL>	<NULL>	<NULL>	<NULL>	<NULL>	<NULL>	<NULL>	<NULL>	<NULL>	<NULL>	<NULL>	<NULL>	2
08/24/2021 17:27:34 — 6128 — INFO — 501426754	1644	696,,009685,,,,05,000,001,,,,,00000001,,00000009685,,,501426754,,,,,,,,,,,,,,,,,,,,,,,,,,,,,,,,,,,,,,,,,,,,,,,,,,,,,,,,,,,,,,,,,,,,,,,,,,,,,,,,,,,,,,,,,,,,,,,,,,,,,,,,,,,,,,,,,,,,,,,,,,,,,,,,,,,,,,,,,,,,,,,,,,,,,,,,,,,,,,,,,,,,,,,,,,,,,,,,,,,,,,,,,,,,,,,,,,,,,,,,,,,,,,,,,,,,,,,,,,,8005551313       ,,,,,,,,,,,,,,,,,,,,,,,,,,,,,,,,,,,,,,,,,,,,,,,,,,,,,,,,,,,,,,,,,,,,,,,,,,,,,,,,,,,,,,,,,666      ,Sanjeev.G                    ,,,,,,,,,,,,,,,,,,,,,,,,,,,,,,,,,,,,,,,,,,,,,,,,,,,,,,,,,,,,,,,,,,,,,,,,,,,,,,,,,,,
08/24/2021 17:27:34 — 6128 — INFO — BCP EXECUTION SUCCESSFULL
08/24/2021 17:27:34 — 6128 — INFO — BCP FINISH TIME::: 2021-08-24 17:27:34.903004
08/24/2021 17:27:34 — 6128 — INFO — EXITING ImportFileToDB :: Message :: NO ERROR
08/24/2021 17:27:34 — 6128 — INFO — *************************** ALL FILES PROCESSED, EXITING ***************************
