08/24/2021 21:54:34 — 19672 — INFO — *************************** JSON READER PROCESSING STARTS ***************************
08/24/2021 21:54:34 — 19672 — INFO — START TIME: 2021-08-24 21:54:34.094496
08/24/2021 21:54:34 — 19672 — INFO — PATH OF THE INPUT FILE DIRECTORY: E:\Python\JSONReader\JSONFile\INPUT\
08/24/2021 21:54:34 — 19672 — INFO — FILENAME: adtest.IPM.json
08/24/2021 21:54:34 — 19672 — INFO — FileID: 202108242154341
08/24/2021 21:54:34 — 19672 — INFO — INSIDE ValidateDuplicateFile BLOCK
08/24/2021 21:54:34 — 19672 — INFO — EXITING ValidateDuplicateFile BLOCK
08/24/2021 21:54:34 — 19672 — INFO — INSIDE GenerateCSV BLOCK
08/24/2021 21:54:34 — 19672 — INFO — INSIDE ImportFileToDB BLOCK
08/24/2021 21:54:34 — 19672 — INFO — InputDir: E:\Python\JSONReader\JSONFile\SPLITTED\
08/24/2021 21:54:34 — 19672 — INFO — FileName: IPM.csv
08/24/2021 21:54:34 — 19672 — INFO — TableName: IPMMAsterInterim_DUMP
08/24/2021 21:54:34 — 19672 — INFO — XML: IPM.xml
08/24/2021 21:54:34 — 19672 — INFO — dir_path: E:\Python\JSONReader\
08/24/2021 21:54:34 — 19672 — INFO — DATABASE CONNECTION ESTABLISHED
08/24/2021 21:54:34 — 19672 — INFO — bcp PP_CI.DBO.IPMMAsterInterim_DUMP IN E:\Python\JSONReader\JSONFile\SPLITTED\IPM.csv -b 5000 -h TABLOCK -f E:\Python\JSONReader\IPM.xml -e E:\Python\JSONReader\JSONFile\LOG\IPM.csv_Error_in.log -o E:\Python\JSONReader\JSONFile\LOG\IPM.csv_Output_in.log -S XEON-S8 -T -t , -F 2
08/24/2021 21:54:34 — 19672 — INFO — BCP START TIME::: 2021-08-24 21:54:34.323095
08/24/2021 21:54:34 — 19672 — INFO — Reading BCP generated file
08/24/2021 21:54:34 — 19672 — INFO — Starting copy...
08/24/2021 21:54:34 — 19672 — INFO — 3 rows copied.
08/24/2021 21:54:34 — 19672 — INFO — Network packet size (bytes): 4096
08/24/2021 21:54:34 — 19672 — INFO — Clock Time (ms.) Total     : 187    Average : (16.04 rows per sec.)
08/24/2021 21:54:34 — 19672 — INFO — Reading BCP generated file
08/24/2021 21:54:34 — 19672 — INFO — BCP EXECUTION SUCCESSFULL
08/24/2021 21:54:34 — 19672 — INFO — BCP FINISH TIME::: 2021-08-24 21:54:34.750929
08/24/2021 21:54:34 — 19672 — INFO — EXITING ImportFileToDB :: Message :: NO ERROR
08/24/2021 21:54:34 — 19672 — INFO — INSIDE ImportFileToDB BLOCK
08/24/2021 21:54:34 — 19672 — INFO — InputDir: E:\Python\JSONReader\JSONFile\SPLITTED\
08/24/2021 21:54:34 — 19672 — INFO — FileName: Addendum.csv
08/24/2021 21:54:34 — 19672 — INFO — TableName: IPMAddendumDetails_DUMP
08/24/2021 21:54:34 — 19672 — INFO — XML: Addendum.xml
08/24/2021 21:54:34 — 19672 — INFO — dir_path: E:\Python\JSONReader\
08/24/2021 21:54:34 — 19672 — INFO — DATABASE CONNECTION ESTABLISHED
08/24/2021 21:54:34 — 19672 — INFO — bcp PP_CI.DBO.IPMAddendumDetails_DUMP IN E:\Python\JSONReader\JSONFile\SPLITTED\Addendum.csv -b 5000 -h TABLOCK -f E:\Python\JSONReader\Addendum.xml -e E:\Python\JSONReader\JSONFile\LOG\Addendum.csv_Error_in.log -o E:\Python\JSONReader\JSONFile\LOG\Addendum.csv_Output_in.log -S XEON-S8 -T -t , -F 2
08/24/2021 21:54:34 — 19672 — INFO — BCP START TIME::: 2021-08-24 21:54:34.767927
08/24/2021 21:54:35 — 19672 — INFO — Reading BCP generated file
08/24/2021 21:54:35 — 19672 — INFO — Starting copy...
08/24/2021 21:54:35 — 19672 — INFO — SQLState = 22001, NativeError = 0
08/24/2021 21:54:35 — 19672 — INFO — Error = [Microsoft][ODBC Driver 13 for SQL Server]String data, right truncation
08/24/2021 21:54:35 — 19672 — INFO — SQLState = S1000, NativeError = 0
08/24/2021 21:54:35 — 19672 — INFO — Error = [Microsoft][ODBC Driver 13 for SQL Server]Unexpected EOF encountered in BCP data-file
08/24/2021 21:54:35 — 19672 — INFO — SQLState = S1000, NativeError = 0
08/24/2021 21:54:35 — 19672 — INFO — Error = [Microsoft][ODBC Driver 13 for SQL Server]Text column data incomplete
08/24/2021 21:54:35 — 19672 — INFO — 0 rows copied.
08/24/2021 21:54:35 — 19672 — INFO — Network packet size (bytes): 4096
08/24/2021 21:54:35 — 19672 — INFO — Clock Time (ms.) Total     : 219
08/24/2021 21:54:35 — 19672 — INFO — Reading BCP generated file
08/24/2021 21:54:35 — 19672 — INFO — #@ Row 1, Column 580: String data, right truncation @#
08/24/2021 21:54:35 — 19672 — INFO — 501426753	1644	696	<NULL>	009685	<NULL>	<NULL>	<NULL>	01	000	001	<NULL>	<NULL>	<NULL>	<NULL>	00000001	<NULL>	00000009685	<NULL>	<NULL>	501426753	<NULL>	<NULL>	<NULL>	<NULL>	<NULL>	<NULL>	<NULL>	<NULL>	<NULL>	<NULL>	<NULL>	<NULL>	<NULL>	<NULL>	<NULL>	<NULL>	<NULL>	<NULL>	<NULL>	<NULL>	<NULL>	<NULL>	<NULL>	<NULL>	<NULL>	<NULL>	<NULL>	<NULL>	<NULL>	<NULL>	<NULL>	<NULL>	<NULL>	<NULL>	<NULL>	<NULL>	<NULL>	<NULL>	<NULL>	<NULL>	<NULL>	<NULL>	<NULL>	<NULL>	<NULL>	<NULL>	<NULL>	<NULL>	<NULL>	<NULL>	<NULL>	Sanjeev                      	3333           	<NULL>	<NULL>	<NULL>	<NULL>	<NULL>	<NULL>	<NULL>	<NULL>	<NULL>	<NULL>	<NULL>	<NULL>	<NULL>	<NULL>	<NULL>	<NULL>	<NULL>	<NULL>	<NULL>	<NULL>	<NULL>	<NULL>	<NULL>	<NULL>	<NULL>	<NULL>	<NULL>	<NULL>	<NULL>	<NULL>	<NULL>	<NULL>	<NULL>	<NULL>	<NULL>	<NULL>	<NULL>	<NULL>	<NULL>	<NULL>		<NULL>	<NULL>	<NULL>	<NULL>	<NULL>	<NULL>	<NULL>	<NULL>	<NULL>	<NULL>	<NULL>	<NULL>	<NULL>	<NULL>	<NULL>	<NULL>	<NULL>	<NULL>	<NULL>	<NULL>	<NULL>	<NULL>	<NULL>	<NULL>	<NULL>	<NULL>	<NULL>	<NULL>	<NULL>	<NULL>	<NULL>	<NULL>	<NULL>	<NULL>	<NULL>	<NULL>	<NULL>	<NULL>	<NULL>	<NULL>	<NULL>	<NULL>	<NULL>	<NULL>	<NULL>	<NULL>	<NULL>	<NULL>	<NULL>	<NULL>	<NULL>	<NULL>	<NULL>	<NULL>	<NULL>	<NULL>	<NULL>	<NULL>	<NULL>	<NULL>	<NULL>	<NULL>	<NULL>	<NULL>	<NULL>	<NULL>	<NULL>	<NULL>	<NULL>	<NULL>	<NULL>	<NULL>	<NULL>	<NULL>	<NULL>	<NULL>	<NULL>	<NULL>	<NULL>	<NULL>	<NULL>	<NULL>	<NULL>	<NULL>	<NULL>	<NULL>	<NULL>	<NULL>	<NULL>	<NULL>	<NULL>	<NULL>	<NULL>	<NULL>	<NULL>	<NULL>	<NULL>	<NULL>	<NULL>	<NULL>	<NULL>	<NULL>	<NULL>	<NULL>	<NULL>	<NULL>	<NULL>	<NULL>	<NULL>	<NULL>	<NULL>	<NULL>	<NULL>	<NULL>	<NULL>	<NULL>	<NULL>	<NULL>	<NULL>	<NULL>	<NULL>	<NULL>	<NULL>	<NULL>	<NULL>	<NULL>	<NULL>	<NULL>	<NULL>	<NULL>	<NULL>	<NULL>	<NULL>	<NULL>	<NULL>	<NULL>	<NULL>	<NULL>	<NULL>	<NULL>	<NULL>	<NULL>	<NULL>	<NULL>	<NULL>	<NULL>	<NULL>	<NULL>	<NULL>	<NULL>	<NULL>	<NULL>	<NULL>	<NULL>	<NULL>	<NULL>	<NULL>	<NULL>	<NULL>	<NULL>	<NULL>	<NULL>	<NULL>	<NULL>	<NULL>	<NULL>	<NULL>	<NULL>	<NULL>	<NULL>	<NULL>	<NULL>	<NULL>	<NULL>	<NULL>	<NULL>	<NULL>	<NULL>	<NULL>	<NULL>	<NULL>	<NULL>	<NULL>	<NULL>	<NULL>	<NULL>	<NULL>	<NULL>	<NULL>	<NULL>	<NULL>	<NULL>	<NULL>	<NULL>	<NULL>	<NULL>	<NULL>	<NULL>	<NULL>	<NULL>	<NULL>	<NULL>	<NULL>	<NULL>	<NULL>	<NULL>	<NULL>	<NULL>	<NULL>	<NULL>	<NULL>	<NULL>	<NULL>	<NULL>	<NULL>	<NULL>	<NULL>	<NULL>	<NULL>	<NULL>	<NULL>	<NULL>	<NULL>	<NULL>	<NULL>	<NULL>	<NULL>	<NULL>	<NULL>	<NULL>	<NULL>	<NULL>	<NULL>	<NULL>	<NULL>	<NULL>	<NULL>	<NULL>	<NULL>	<NULL>	<NULL>	<NULL>	<NULL>	<NULL>	<NULL>	<NULL>	<NULL>	<NULL>	<NULL>	<NULL>	<NULL>	<NULL>	<NULL>	<NULL>	<NULL>	<NULL>	<NULL>	<NULL>	<NULL>	<NULL>	<NULL>	<NULL>	<NULL>	<NULL>	<NULL>	<NULL>	<NULL>	<NULL>	<NULL>	<NULL>	<NULL>	<NULL>	<NULL>	<NULL>	<NULL>	<NULL>	<NULL>	<NULL>	<NULL>	<NULL>	<NULL>	<NULL>	<NULL>	<NULL>	<NULL>	<NULL>	<NULL>	<NULL>	<NULL>	<NULL>	<NULL>	<NULL>	<NULL>	<NULL>	<NULL>	<NULL>	<NULL>	<NULL>	<NULL>	<NULL>	<NULL>	<NULL>	<NULL>	<NULL>	<NULL>	<NULL>	<NULL>	<NULL>	<NULL>	<NULL>	<NULL>	<NULL>	<NULL>	<NULL>	<NULL>	<NULL>	<NULL>	<NULL>	<NULL>	<NULL>	<NULL>	<NULL>	<NULL>	<NULL>	<NULL>	<NULL>	<NULL>	<NULL>	<NULL>	<NULL>	<NULL>	<NULL>	<NULL>	<NULL>	<NULL>	<NULL>	<NULL>	<NULL>	<NULL>	<NULL>	<NULL>	<NULL>	<NULL>	<NULL>	<NULL>	<NULL>	<NULL>	<NULL>	<NULL>	<NULL>	<NULL>	<NULL>	<NULL>	<NULL>	<NULL>	<NULL>	<NULL>	<NULL>	<NULL>	<NULL>	<NULL>	<NULL>	<NULL>	<NULL>	<NULL>	<NULL>	<NULL>	<NULL>	<NULL>	<NULL>	<NULL>	<NULL>	<NULL>	<NULL>	<NULL>	<NULL>	<NULL>	<NULL>	<NULL>	<NULL>	<NULL>	<NULL>	<NULL>	<NULL>	<NULL>	<NULL>	<NULL>	<NULL>	<NULL>	<NULL>	<NULL>	<NULL>	<NULL>	<NULL>	<NULL>	<NULL>	<NULL>	<NULL>	<NULL>	<NULL>	<NULL>	<NULL>	<NULL>	<NULL>	<NULL>	<NULL>	<NULL>	<NULL>	<NULL>	<NULL>	<NULL>	<NULL>	<NULL>	<NULL>	<NULL>	<NULL>	<NULL>	<NULL>	<NULL>	<NULL>	<NULL>	<NULL>	<NULL>	<NULL>	<NULL>	<NULL>	<NULL>	<NULL>	<NULL>	<NULL>	<NULL>	<NULL>	<NULL>	<NULL>	<NULL>	<NULL>	<NULL>	<NULL>	<NULL>	<NULL>	<NULL>	<NULL>	<NULL>	<NULL>	<NULL>	<NULL>	<NULL>	<NULL>	<NULL>	<NULL>	<NULL>	<NULL>	<NULL>	<NULL>	<NULL>	<NULL>	<NULL>	<NULL>	<NULL>	<NULL>	<NULL>	<NULL>	<NULL>	2
08/24/2021 21:54:35 — 19672 — INFO — 501426754	1644,696,,009685,,,,05,000,001,,,,,00000001,,00000009685,,,501426754,,,,,,,,,,,,,,,,,,,,,,,,,,,,,,,,,,,,,,,,,,,,,,,,,,,,,,,,,,,,,,,,,,,,,,,,,,,,,,,,,,,,,,,,,,,,,,,,,,,,,,,,,,,,,,,,,,,,,,,,,,,,,,,,,,,,,,,,,,,,,,,,,,,,,,,,,,,,,,,,,,,,,,,,,,,,,,,,,,,,,,,,,,,,,,,,,,,,,,,,,,,,,,,,,,,,,,,,,,,8005551313       ,,,,,,,,,,,,,,,,,,,,,,,,,,,,,,,,,,,,,,,,,,,,,,,,,,,,,,,,,,,,,,,,,,,,,,,,,,,,,,,,,,,,,,,,,666      ,Sanjeev.G                    ,,,,,,,,,,,,,,,,,,,,,,,,,,,,,,,,,,,,,,,,,,,,,,,,,,,,,,,,,,,,,,,,,,,,,,,,,,,,,,
08/24/2021 21:54:35 — 19672 — INFO — BCP EXECUTION SUCCESSFULL
08/24/2021 21:54:35 — 19672 — INFO — BCP FINISH TIME::: 2021-08-24 21:54:35.254071
08/24/2021 21:54:35 — 19672 — INFO — EXITING ImportFileToDB :: Message :: NO ERROR
08/24/2021 21:54:35 — 19672 — INFO — *************************** ALL FILES PROCESSED, EXITING ***************************
