2021-02-17 05:18:23,271 INFO ==================================================================================================================
2021-02-17 05:18:23,271 INFO AUTHOR :   Neha Vishwakarma
2021-02-17 05:18:23,271 INFO Reviewer : Poonam Agrawal Mam / Jinendra Sir 
2021-02-17 05:18:23,271 INFO DESCRIPTION : This process will read and Insert request of all apis in  sql Table and then call particular APIBy making their JSON Request 
2021-02-17 05:18:23,271 INFO ==================================================================================================================
2021-02-17 05:18:23,271 INFO Reading File svcManualReageAccountProd_CRFeb2021_2.csv
2021-02-17 05:18:23,271 INFO 2021-02-17
2021-02-17 05:18:23,287 INFO {'Password': 'Test123!', 'UserID': 'DRPSeriveCall', 'APIVersion': '2.0', 'Source': 'plat'}
2021-02-17 05:18:23,287 INFO https://ccservices.corecard.com//CoreCardServices/CoreCardServices.svc/ManualReage
2021-02-17 05:18:23,287 INFO SELECT COUNT(1) FROM APIJSONRequestLog  WITH (NOLOCK) WHERE  FileName = 'svcManualReageAccountProd_CRFeb2021_2.csv' AND importdate between '2021-02-17'
         and '2021-02-17 23:59:59'
2021-02-17 05:18:23,287 INFO (0,)
2021-02-17 05:18:23,287 INFO 0
2021-02-17 05:18:23,287 INFO 0
2021-02-17 05:18:23,287 INFO TypeOfManualReage,TotalDueMethod,AccountNumber

2021-02-17 05:18:23,287 INFO The last line is:
2021-02-17 05:18:23,287 INFO 1,2698.89,1100011102821554
2021-02-17 05:18:23,287 INFO <_io.TextIOWrapper name='P:\\Dump\\CCManualReage\\Incoming_file\\svcManualReageAccountProd_CRFeb2021_2.csv' mode='r' encoding='cp1252'>
2021-02-17 05:18:23,287 INFO ***checking checkHeaderCount********
2021-02-17 05:18:23,287 INFO 3
2021-02-17 05:18:23,287 INFO ***checking checkLineColumnCount********
2021-02-17 05:18:23,287 INFO 3
2021-02-17 05:18:23,287 INFO 0
2021-02-17 05:18:23,287 INFO TypeOfManualReage
2021-02-17 05:18:23,287 INFO <_io.TextIOWrapper name='P:\\Dump\\CCManualReage\\Incoming_file\\svcManualReageAccountProd_CRFeb2021_2.csv' mode='r' encoding='cp1252'>
2021-02-17 05:18:23,287 INFO 1
2021-02-17 05:18:23,287 INFO AccountNumber
2021-02-17 05:18:23,287 INFO **********Remove NewLine***********
2021-02-17 05:18:23,287 INFO AccountNumber
2021-02-17 05:18:23,287 INFO {'Password': 'Test123!', 'UserID': 'DRPSeriveCall', 'APIVersion': '2.0', 'Source': 'plat', 'TypeOfManualReage': '1', 'TotalDueMethod': '2698.89', 'AccountNumber': '1100011102821554'}
2021-02-17 05:18:23,287 INFO ('svcManualReageAccountProd_CRFeb2021_2.csv', 1, 'NEW', datetime.datetime(2021, 2, 17, 5, 18, 23, 287505), '{"Password": "Test123!", "UserID": "DRPSeriveCall", "APIVersion": "2.0", "Source": "plat", "TypeOfManualReage": "1", "TotalDueMethod": "2698.89", "AccountNumber": "1100011102821554"}')
2021-02-17 05:18:23,287 INFO ------------------------------Insersion1-----------------------------
2021-02-17 05:18:23,303 INFO ------------------------------Insersion2-----------------------------
2021-02-17 05:18:23,303 INFO Request_Parameter={'Password': 'Test123!', 'UserID': 'DRPSeriveCall', 'APIVersion': '2.0', 'Source': 'plat', 'TypeOfManualReage': '1', 'TotalDueMethod': '2698.89', 'AccountNumber': '1100011102821554'}
2021-02-17 05:18:23,303 INFO 1
2021-02-17 05:18:23,303 INFO *******checking timeout**********
2021-02-17 05:18:24,396 INFO *******checking timeout**********
2021-02-17 05:18:24,396 INFO 200
2021-02-17 05:18:24,396 INFO {'ErrorFound': 'NO', 'ErrorNumber': 'ERR01040', 'ErrorMessage': 'Re-age posted successfully', 'ResponseID': '2435637862', 'CycleDue': '4 Cycles Past Due', 'AccountUUID': None, 'AdminUUID': None, 'PODID': '1'}
2021-02-17 05:18:24,396 INFO 2435637862
2021-02-17 05:18:24,396 INFO Re-age posted successfully
2021-02-17 05:18:24,396 INFO UPDATE APIJSONRequestLog SET status='DONE', ResponseID= '2435637862' , ErrorMesssage = 'Re-age posted successfully', 
             ErrorFound = 'NO' WHERE FileName ='svcManualReageAccountProd_CRFeb2021_2.csv' and importdate between '2021-02-17' and '2021-02-17 23:59:59'
              and LineNumber = '1'and  status='NEW'
              
2021-02-17 05:18:24,396 INFO None
2021-02-17 05:18:24,396 INFO 
$$$$$$$$$$$$$$$$$$$$$$$$$$$$$$$--Execution Completed--$$$$$$$$$$$$$$$$$$$$$$$$$$$$$$$$$$$$$$$$$$$$$$
