08/18/2025 16:46:11 —    7720 —     INFO — PROCESS STARTS
08/18/2025 16:46:14 —    7720 —     INFO — LabelPath: \\VMCCRMP01\ReleaseManagement\PLAT\Labels\LB7113_Plat_25.10_PLAT\Application\DSL
08/18/2025 16:46:17 —    7720 —     INFO — SELECTED VALUE:: 2
08/18/2025 16:46:18 —    7720 —     INFO — SELECTED VALUE:: 1
08/18/2025 16:46:18 —    7720 —     INFO — START RESTORE DB
08/18/2025 16:46:18 —    7720 —     INFO — Running CallSQLScripts from FolderName: SettingUpPOD1\BeforeDBRestore
08/18/2025 16:46:18 —    7720 —     INFO — Path: E:\Python\DB_Operations\SettingUpPOD1\BeforeDBRestore
08/18/2025 16:46:18 —    7720 —     INFO — CMD: sqlcmd /S BPLDEVDB01 /d master -E -i 0_t_user_details.sql
08/18/2025 16:46:24 —    7720 —     INFO — CMD: sqlcmd /S BPLDEVDB01 /d master -E -i KillAll.sql
08/18/2025 16:46:24 —    7720 —     INFO — EXITING CallSQLScripts
08/18/2025 16:46:24 —    7720 —     INFO — START GetEnhancedSQL DB: PP_CI
08/18/2025 16:46:24 —    7720 —     INFO — Restore: EXEC SP_RESTOREDB_Enhanced_V4 @DB_NAME = N'PP_CI', @BACKUP_FILE= N'\\VMCCRMP01\ReleaseManagement\PLAT\Labels\LB7113_Plat_25.10_PLAT\Application\DB\MasterDB_New\CI.bak', @MDF_LOCATION = N'\\BPLDEVDB01\Prasoon_Parashar\MDF', @LDF_LOCATION = N'\\BPLDEVDB01\Prasoon_Parashar\LDF'
08/18/2025 16:46:24 —    7720 —     INFO — RestoreSQL :: TRYING TO OBTAIN THE DB CONNECTION
08/18/2025 16:46:24 —    7720 —     INFO — Server: BPLDEVDB01
08/18/2025 16:46:24 —    7720 —     INFO — DBName: PP_CI
08/18/2025 16:46:24 —    7720 —     INFO — SQL: EXEC SP_RESTOREDB_Enhanced_V4 @DB_NAME = N'PP_CI', @BACKUP_FILE= N'\\VMCCRMP01\ReleaseManagement\PLAT\Labels\LB7113_Plat_25.10_PLAT\Application\DB\MasterDB_New\CI.bak', @MDF_LOCATION = N'\\BPLDEVDB01\Prasoon_Parashar\MDF', @LDF_LOCATION = N'\\BPLDEVDB01\Prasoon_Parashar\LDF'
08/18/2025 16:46:24 —    7720 —     INFO — DB CONNECTION ESTABLISHED
08/18/2025 16:46:30 —    7720 —     INFO — START GetEnhancedSQL DB: PP_CI_Secondary
08/18/2025 16:46:30 —    7720 —     INFO — Restore: EXEC SP_RESTOREDB_Enhanced_V4 @DB_NAME = N'PP_CI_Secondary', @BACKUP_FILE= N'\\VMCCRMP01\ReleaseManagement\PLAT\Labels\LB7113_Plat_25.10_PLAT\Application\DB\MasterDB_New\CI_Secondary.bak', @MDF_LOCATION = N'\\BPLDEVDB01\Prasoon_Parashar\MDF', @LDF_LOCATION = N'\\BPLDEVDB01\Prasoon_Parashar\LDF'
08/18/2025 16:46:30 —    7720 —     INFO — RestoreSQL :: TRYING TO OBTAIN THE DB CONNECTION
08/18/2025 16:46:30 —    7720 —     INFO — Server: BPLDEVDB01
08/18/2025 16:46:30 —    7720 —     INFO — DBName: PP_CI_Secondary
08/18/2025 16:46:30 —    7720 —     INFO — SQL: EXEC SP_RESTOREDB_Enhanced_V4 @DB_NAME = N'PP_CI_Secondary', @BACKUP_FILE= N'\\VMCCRMP01\ReleaseManagement\PLAT\Labels\LB7113_Plat_25.10_PLAT\Application\DB\MasterDB_New\CI_Secondary.bak', @MDF_LOCATION = N'\\BPLDEVDB01\Prasoon_Parashar\MDF', @LDF_LOCATION = N'\\BPLDEVDB01\Prasoon_Parashar\LDF'
08/18/2025 16:46:30 —    7720 —     INFO — DB CONNECTION ESTABLISHED
08/18/2025 16:46:33 —    7720 —     INFO — START GetEnhancedSQL DB: PP_CAuth
08/18/2025 16:46:33 —    7720 —     INFO — Restore: EXEC SP_RESTOREDB_Enhanced_V4 @DB_NAME = N'PP_CAuth', @BACKUP_FILE= N'\\VMCCRMP01\ReleaseManagement\PLAT\Labels\LB7113_Plat_25.10_PLAT\Application\DB\MasterDB_New\CAuth.bak', @MDF_LOCATION = N'\\BPLDEVDB01\Prasoon_Parashar\MDF', @LDF_LOCATION = N'\\BPLDEVDB01\Prasoon_Parashar\LDF'
08/18/2025 16:46:33 —    7720 —     INFO — RestoreSQL :: TRYING TO OBTAIN THE DB CONNECTION
08/18/2025 16:46:33 —    7720 —     INFO — Server: BPLDEVDB01
08/18/2025 16:46:33 —    7720 —     INFO — DBName: PP_CAuth
08/18/2025 16:46:33 —    7720 —     INFO — SQL: EXEC SP_RESTOREDB_Enhanced_V4 @DB_NAME = N'PP_CAuth', @BACKUP_FILE= N'\\VMCCRMP01\ReleaseManagement\PLAT\Labels\LB7113_Plat_25.10_PLAT\Application\DB\MasterDB_New\CAuth.bak', @MDF_LOCATION = N'\\BPLDEVDB01\Prasoon_Parashar\MDF', @LDF_LOCATION = N'\\BPLDEVDB01\Prasoon_Parashar\LDF'
08/18/2025 16:46:33 —    7720 —     INFO — DB CONNECTION ESTABLISHED
08/18/2025 16:46:36 —    7720 —     INFO — START GetEnhancedSQL DB: PP_CC
08/18/2025 16:46:36 —    7720 —     INFO — Restore: EXEC SP_RESTOREDB_Enhanced_V4 @DB_NAME = N'PP_CC', @BACKUP_FILE= N'\\VMCCRMP01\ReleaseManagement\PLAT\Labels\LB7113_Plat_25.10_PLAT\Application\DB\MasterDB_New\CC.bak', @MDF_LOCATION = N'\\BPLDEVDB01\Prasoon_Parashar\MDF', @LDF_LOCATION = N'\\BPLDEVDB01\Prasoon_Parashar\LDF'
08/18/2025 16:46:36 —    7720 —     INFO — RestoreSQL :: TRYING TO OBTAIN THE DB CONNECTION
08/18/2025 16:46:36 —    7720 —     INFO — Server: BPLDEVDB01
08/18/2025 16:46:36 —    7720 —     INFO — DBName: PP_CC
08/18/2025 16:46:36 —    7720 —     INFO — SQL: EXEC SP_RESTOREDB_Enhanced_V4 @DB_NAME = N'PP_CC', @BACKUP_FILE= N'\\VMCCRMP01\ReleaseManagement\PLAT\Labels\LB7113_Plat_25.10_PLAT\Application\DB\MasterDB_New\CC.bak', @MDF_LOCATION = N'\\BPLDEVDB01\Prasoon_Parashar\MDF', @LDF_LOCATION = N'\\BPLDEVDB01\Prasoon_Parashar\LDF'
08/18/2025 16:46:36 —    7720 —     INFO — DB CONNECTION ESTABLISHED
08/18/2025 16:46:37 —    7720 —     INFO — START GetEnhancedSQL DB: PP_CL
08/18/2025 16:46:37 —    7720 —     INFO — Restore: EXEC SP_RESTOREDB_Enhanced_V4 @DB_NAME = N'PP_CL', @BACKUP_FILE= N'\\VMCCRMP01\ReleaseManagement\PLAT\Labels\LB7113_Plat_25.10_PLAT\Application\DB\MasterDB_New\CL.bak', @MDF_LOCATION = N'\\BPLDEVDB01\Prasoon_Parashar\MDF', @LDF_LOCATION = N'\\BPLDEVDB01\Prasoon_Parashar\LDF'
08/18/2025 16:46:37 —    7720 —     INFO — RestoreSQL :: TRYING TO OBTAIN THE DB CONNECTION
08/18/2025 16:46:37 —    7720 —     INFO — Server: BPLDEVDB01
08/18/2025 16:46:37 —    7720 —     INFO — DBName: PP_CL
08/18/2025 16:46:37 —    7720 —     INFO — SQL: EXEC SP_RESTOREDB_Enhanced_V4 @DB_NAME = N'PP_CL', @BACKUP_FILE= N'\\VMCCRMP01\ReleaseManagement\PLAT\Labels\LB7113_Plat_25.10_PLAT\Application\DB\MasterDB_New\CL.bak', @MDF_LOCATION = N'\\BPLDEVDB01\Prasoon_Parashar\MDF', @LDF_LOCATION = N'\\BPLDEVDB01\Prasoon_Parashar\LDF'
08/18/2025 16:46:37 —    7720 —     INFO — DB CONNECTION ESTABLISHED
08/18/2025 16:46:39 —    7720 —     INFO — START GetEnhancedSQL DB: PP_CoreApp
08/18/2025 16:46:39 —    7720 —     INFO — Restore: EXEC SP_RESTOREDB_Enhanced_V4 @DB_NAME = N'PP_CoreApp', @BACKUP_FILE= N'\\VMCCRMP01\ReleaseManagement\PLAT\Labels\LB7113_Plat_25.10_PLAT\Application\DB\MasterDB_New\CoreApp.bak', @MDF_LOCATION = N'\\BPLDEVDB01\Prasoon_Parashar\MDF', @LDF_LOCATION = N'\\BPLDEVDB01\Prasoon_Parashar\LDF'
08/18/2025 16:46:39 —    7720 —     INFO — RestoreSQL :: TRYING TO OBTAIN THE DB CONNECTION
08/18/2025 16:46:39 —    7720 —     INFO — Server: BPLDEVDB01
08/18/2025 16:46:39 —    7720 —     INFO — DBName: PP_CoreApp
08/18/2025 16:46:39 —    7720 —     INFO — SQL: EXEC SP_RESTOREDB_Enhanced_V4 @DB_NAME = N'PP_CoreApp', @BACKUP_FILE= N'\\VMCCRMP01\ReleaseManagement\PLAT\Labels\LB7113_Plat_25.10_PLAT\Application\DB\MasterDB_New\CoreApp.bak', @MDF_LOCATION = N'\\BPLDEVDB01\Prasoon_Parashar\MDF', @LDF_LOCATION = N'\\BPLDEVDB01\Prasoon_Parashar\LDF'
08/18/2025 16:46:39 —    7720 —     INFO — DB CONNECTION ESTABLISHED
08/18/2025 16:46:41 —    7720 —     INFO — START GetEnhancedSQL DB: PP_CoreCredit
08/18/2025 16:46:41 —    7720 —     INFO — Restore: EXEC SP_RESTOREDB_Enhanced_V4 @DB_NAME = N'PP_CoreCredit', @BACKUP_FILE= N'\\VMCCRMP01\ReleaseManagement\PLAT\Labels\LB7113_Plat_25.10_PLAT\Application\DB\MasterDB_New\CoreCredit.bak', @MDF_LOCATION = N'\\BPLDEVDB01\Prasoon_Parashar\MDF', @LDF_LOCATION = N'\\BPLDEVDB01\Prasoon_Parashar\LDF'
08/18/2025 16:46:41 —    7720 —     INFO — RestoreSQL :: TRYING TO OBTAIN THE DB CONNECTION
08/18/2025 16:46:41 —    7720 —     INFO — Server: BPLDEVDB01
08/18/2025 16:46:41 —    7720 —     INFO — DBName: PP_CoreCredit
08/18/2025 16:46:41 —    7720 —     INFO — SQL: EXEC SP_RESTOREDB_Enhanced_V4 @DB_NAME = N'PP_CoreCredit', @BACKUP_FILE= N'\\VMCCRMP01\ReleaseManagement\PLAT\Labels\LB7113_Plat_25.10_PLAT\Application\DB\MasterDB_New\CoreCredit.bak', @MDF_LOCATION = N'\\BPLDEVDB01\Prasoon_Parashar\MDF', @LDF_LOCATION = N'\\BPLDEVDB01\Prasoon_Parashar\LDF'
08/18/2025 16:46:41 —    7720 —     INFO — DB CONNECTION ESTABLISHED
08/18/2025 16:46:42 —    7720 —     INFO — :: DB RESTORED :: 
08/18/2025 16:46:42 —    7720 —     INFO — Running CallSQLScripts for POD: 1
08/18/2025 16:46:42 —    7720 —     INFO — FolderName: SettingUpPOD1
08/18/2025 16:46:42 —    7720 —     INFO — Path: E:\Python\DB_Operations\SettingUpPOD1
08/18/2025 16:46:42 —    7720 —     INFO — CMD: sqlcmd /S BPLDEVDB01 /d master -E -i 0_t_user_details.sql
08/18/2025 16:46:44 —    7720 —     INFO — CMD: sqlcmd /S BPLDEVDB01 /d master -E -i 1_Synonym_ALL.sql
08/18/2025 16:46:50 —    7720 —     INFO — CMD: sqlcmd /S BPLDEVDB01 /d master -E -i 2_SetEnvScripts.sql
08/18/2025 16:46:50 —    7720 —     INFO — CMD: sqlcmd /S BPLDEVDB01 /d master -E -i 3_USP_GetPSDData_Terms.sql
08/18/2025 16:46:50 —    7720 —     INFO — CMD: sqlcmd /S BPLDEVDB01 /d master -E -i 4_IncreaseDBSize.sql
08/18/2025 16:46:51 —    7720 —     INFO — CMD: sqlcmd /S BPLDEVDB01 /d master -E -i USP_AccountDetails.sql
08/18/2025 16:46:51 —    7720 —     INFO — CMD: sqlcmd /S BPLDEVDB01 /d master -E -i USP_CBAuditDetails.sql
08/18/2025 16:46:51 —    7720 —     INFO — CMD: sqlcmd /S BPLDEVDB01 /d master -E -i USP_CBAuditPSDetails.sql
08/18/2025 16:46:51 —    7720 —     INFO — CMD: sqlcmd /S BPLDEVDB01 /d master -E -i USP_CCardDetails.sql
08/18/2025 16:46:51 —    7720 —     INFO — CMD: sqlcmd /S BPLDEVDB01 /d master -E -i USP_CCardForSpecificTransactionDetails.sql
08/18/2025 16:46:51 —    7720 —     INFO — CMD: sqlcmd /S BPLDEVDB01 /d master -E -i USP_CurrentStatementDetails.sql
08/18/2025 16:46:52 —    7720 —     INFO — CMD: sqlcmd /S BPLDEVDB01 /d master -E -i USP_DelinquencyRecordsDetails.sql
08/18/2025 16:46:52 —    7720 —     INFO — CMD: sqlcmd /S BPLDEVDB01 /d master -E -i USP_InstallmentDetails.sql
08/18/2025 16:46:52 —    7720 —     INFO — CMD: sqlcmd /S BPLDEVDB01 /d master -E -i USP_PurchaseReversalRecordDetails.sql
08/18/2025 16:46:52 —    7720 —     INFO — CMD: sqlcmd /S BPLDEVDB01 /d master -E -i USP_StatementDetails.sql
08/18/2025 16:46:52 —    7720 —     INFO — EXITING CallSQLScripts
08/18/2025 16:46:52 —    7720 —     INFO — START RESTORE DB
08/18/2025 16:46:52 —    7720 —     INFO — BackupSql: BACKUP DATABASE PP_CI TO  DISK = N'\\BPLDEVDB01\Prasoon_Parashar\backup\LB7113_Plat_25.10_PLAT_CI.bak' WITH NOFORMAT, INIT,  NAME = N'PP_CI-Full Database Backup', SKIP, NOREWIND, NOUNLOAD,  STATS = 10
08/18/2025 16:46:52 —    7720 —     INFO — BackupSQL :: TRYING TO OBTAIN THE DB CONNECTION
08/18/2025 16:46:52 —    7720 —     INFO — Server: BPLDEVDB01
08/18/2025 16:46:52 —    7720 —     INFO — SQL: BACKUP DATABASE PP_CI TO  DISK = N'\\BPLDEVDB01\Prasoon_Parashar\backup\LB7113_Plat_25.10_PLAT_CI.bak' WITH NOFORMAT, INIT,  NAME = N'PP_CI-Full Database Backup', SKIP, NOREWIND, NOUNLOAD,  STATS = 10
08/18/2025 16:46:52 —    7720 —     INFO — DB CONNECTION ESTABLISHED
08/18/2025 16:46:54 —    7720 —     INFO — BackupSql: BACKUP DATABASE PP_CI_Secondary TO  DISK = N'\\BPLDEVDB01\Prasoon_Parashar\backup\LB7113_Plat_25.10_PLAT_CI_Secondary.bak' WITH NOFORMAT, INIT,  NAME = N'PP_CI_Secondary-Full Database Backup', SKIP, NOREWIND, NOUNLOAD,  STATS = 10
08/18/2025 16:46:54 —    7720 —     INFO — BackupSQL :: TRYING TO OBTAIN THE DB CONNECTION
08/18/2025 16:46:54 —    7720 —     INFO — Server: BPLDEVDB01
08/18/2025 16:46:54 —    7720 —     INFO — SQL: BACKUP DATABASE PP_CI_Secondary TO  DISK = N'\\BPLDEVDB01\Prasoon_Parashar\backup\LB7113_Plat_25.10_PLAT_CI_Secondary.bak' WITH NOFORMAT, INIT,  NAME = N'PP_CI_Secondary-Full Database Backup', SKIP, NOREWIND, NOUNLOAD,  STATS = 10
08/18/2025 16:46:54 —    7720 —     INFO — DB CONNECTION ESTABLISHED
08/18/2025 16:46:55 —    7720 —     INFO — BackupSql: BACKUP DATABASE PP_CAuth TO  DISK = N'\\BPLDEVDB01\Prasoon_Parashar\backup\LB7113_Plat_25.10_PLAT_CAuth.bak' WITH NOFORMAT, INIT,  NAME = N'PP_CAuth-Full Database Backup', SKIP, NOREWIND, NOUNLOAD,  STATS = 10
08/18/2025 16:46:55 —    7720 —     INFO — BackupSQL :: TRYING TO OBTAIN THE DB CONNECTION
08/18/2025 16:46:55 —    7720 —     INFO — Server: BPLDEVDB01
08/18/2025 16:46:55 —    7720 —     INFO — SQL: BACKUP DATABASE PP_CAuth TO  DISK = N'\\BPLDEVDB01\Prasoon_Parashar\backup\LB7113_Plat_25.10_PLAT_CAuth.bak' WITH NOFORMAT, INIT,  NAME = N'PP_CAuth-Full Database Backup', SKIP, NOREWIND, NOUNLOAD,  STATS = 10
08/18/2025 16:46:55 —    7720 —     INFO — DB CONNECTION ESTABLISHED
08/18/2025 16:46:56 —    7720 —     INFO — BackupSql: BACKUP DATABASE PP_CL TO  DISK = N'\\BPLDEVDB01\Prasoon_Parashar\backup\LB7113_Plat_25.10_PLAT_CL.bak' WITH NOFORMAT, INIT,  NAME = N'PP_CL-Full Database Backup', SKIP, NOREWIND, NOUNLOAD,  STATS = 10
08/18/2025 16:46:56 —    7720 —     INFO — BackupSQL :: TRYING TO OBTAIN THE DB CONNECTION
08/18/2025 16:46:56 —    7720 —     INFO — Server: BPLDEVDB01
08/18/2025 16:46:56 —    7720 —     INFO — SQL: BACKUP DATABASE PP_CL TO  DISK = N'\\BPLDEVDB01\Prasoon_Parashar\backup\LB7113_Plat_25.10_PLAT_CL.bak' WITH NOFORMAT, INIT,  NAME = N'PP_CL-Full Database Backup', SKIP, NOREWIND, NOUNLOAD,  STATS = 10
08/18/2025 16:46:56 —    7720 —     INFO — DB CONNECTION ESTABLISHED
08/18/2025 16:46:57 —    7720 —     INFO — BackupSql: BACKUP DATABASE PP_CC TO  DISK = N'\\BPLDEVDB01\Prasoon_Parashar\backup\LB7113_Plat_25.10_PLAT_CC.bak' WITH NOFORMAT, INIT,  NAME = N'PP_CC-Full Database Backup', SKIP, NOREWIND, NOUNLOAD,  STATS = 10
08/18/2025 16:46:57 —    7720 —     INFO — BackupSQL :: TRYING TO OBTAIN THE DB CONNECTION
08/18/2025 16:46:57 —    7720 —     INFO — Server: BPLDEVDB01
08/18/2025 16:46:57 —    7720 —     INFO — SQL: BACKUP DATABASE PP_CC TO  DISK = N'\\BPLDEVDB01\Prasoon_Parashar\backup\LB7113_Plat_25.10_PLAT_CC.bak' WITH NOFORMAT, INIT,  NAME = N'PP_CC-Full Database Backup', SKIP, NOREWIND, NOUNLOAD,  STATS = 10
08/18/2025 16:46:57 —    7720 —     INFO — DB CONNECTION ESTABLISHED
08/18/2025 16:46:58 —    7720 —     INFO — BackupSql: BACKUP DATABASE PP_CoreApp TO  DISK = N'\\BPLDEVDB01\Prasoon_Parashar\backup\LB7113_Plat_25.10_PLAT_CoreApp.bak' WITH NOFORMAT, INIT,  NAME = N'PP_CoreApp-Full Database Backup', SKIP, NOREWIND, NOUNLOAD,  STATS = 10
08/18/2025 16:46:58 —    7720 —     INFO — BackupSQL :: TRYING TO OBTAIN THE DB CONNECTION
08/18/2025 16:46:58 —    7720 —     INFO — Server: BPLDEVDB01
08/18/2025 16:46:58 —    7720 —     INFO — SQL: BACKUP DATABASE PP_CoreApp TO  DISK = N'\\BPLDEVDB01\Prasoon_Parashar\backup\LB7113_Plat_25.10_PLAT_CoreApp.bak' WITH NOFORMAT, INIT,  NAME = N'PP_CoreApp-Full Database Backup', SKIP, NOREWIND, NOUNLOAD,  STATS = 10
08/18/2025 16:46:58 —    7720 —     INFO — DB CONNECTION ESTABLISHED
08/18/2025 16:46:59 —    7720 —     INFO — BackupSql: BACKUP DATABASE PP_CoreCredit TO  DISK = N'\\BPLDEVDB01\Prasoon_Parashar\backup\LB7113_Plat_25.10_PLAT_CoreCredit.bak' WITH NOFORMAT, INIT,  NAME = N'PP_CoreCredit-Full Database Backup', SKIP, NOREWIND, NOUNLOAD,  STATS = 10
08/18/2025 16:46:59 —    7720 —     INFO — BackupSQL :: TRYING TO OBTAIN THE DB CONNECTION
08/18/2025 16:46:59 —    7720 —     INFO — Server: BPLDEVDB01
08/18/2025 16:46:59 —    7720 —     INFO — SQL: BACKUP DATABASE PP_CoreCredit TO  DISK = N'\\BPLDEVDB01\Prasoon_Parashar\backup\LB7113_Plat_25.10_PLAT_CoreCredit.bak' WITH NOFORMAT, INIT,  NAME = N'PP_CoreCredit-Full Database Backup', SKIP, NOREWIND, NOUNLOAD,  STATS = 10
08/18/2025 16:46:59 —    7720 —     INFO — DB CONNECTION ESTABLISHED
08/18/2025 16:47:00 —    7720 —     INFO — :: DB BACKED UP :: 
