09/02/2025 18:52:21 —   19144 —     INFO — PROCESS STARTS
09/02/2025 18:52:24 —   19144 —     INFO — LabelPath: \\VMCCRMP01\ReleaseManagement\PLAT\Labels\LB7139_Plat_25.10.2_PLAT\Application\DSL
09/02/2025 18:52:27 —   19144 —     INFO — SELECTED VALUE:: 3
09/02/2025 18:52:28 —   19144 —     INFO — SELECTED VALUE:: 1
09/02/2025 18:52:28 —   19144 —     INFO — LabelPath: \\VMCCRMP01\ReleaseManagement\PLAT\Labels\LB7139_Plat_25.10.2_PLAT\Application\DSL
09/02/2025 18:52:28 —   19144 —     INFO — LabelPath: \\VMCCRMP01\ReleaseManagement\PLAT\Labels\LB7139_Plat_25.10.2_PLAT\Application\DSL
09/02/2025 18:52:28 —   19144 —     INFO — PathToCopyDSL: D:\ApplicationSetup\DSLMaster\LB7139_Plat_25.10.2_PLAT
09/02/2025 18:52:28 —   19144 —     INFO — Directory 'D:\ApplicationSetup\DSLMaster\LB7139_Plat_25.10.2_PLAT' created
09/02/2025 18:52:28 —   19144 —     INFO — FromPath: \\VMCCRMP01\ReleaseManagement\PLAT\Labels\LB7139_Plat_25.10.2_PLAT\Application\DSL
09/02/2025 18:52:28 —   19144 —     INFO — ToPath: D:\ApplicationSetup\DSLMaster\LB7139_Plat_25.10.2_PLAT
09/02/2025 18:52:28 —   19144 —     INFO — CopyScript :: XCopy "\\VMCCRMP01\ReleaseManagement\PLAT\Labels\LB7139_Plat_25.10.2_PLAT\Application\DSL" "D:\ApplicationSetup\DSLMaster\LB7139_Plat_25.10.2_PLAT" /E /H /C /I
09/02/2025 18:53:52 —   19144 —     INFO — DSLs copied successfully
09/02/2025 18:53:52 —   19144 —     INFO — Environment for DSL being copied: POD1
09/02/2025 18:53:53 —   19144 —     INFO — FromPath: D:\ApplicationSetup\POD1\DBBSetup\DSLs\CI
09/02/2025 18:53:53 —   19144 —     INFO — ToPath: D:\ApplicationSetup\POD1\DBBSetup\DSLs\Backup
09/02/2025 18:53:53 —   19144 —     INFO — DSLs moved successfully
09/02/2025 18:53:53 —   19144 —     INFO — FromPath: D:\ApplicationSetup\POD1\DBBSetup\DSLs\CoreAuth
09/02/2025 18:53:53 —   19144 —     INFO — ToPath: D:\ApplicationSetup\POD1\DBBSetup\DSLs\Backup
09/02/2025 18:53:53 —   19144 —     INFO — DSLs moved successfully
09/02/2025 18:53:53 —   19144 —     INFO — FromPath: D:\ApplicationSetup\POD1\DBBSetup\DSLs\CoreCollect
09/02/2025 18:53:53 —   19144 —     INFO — ToPath: D:\ApplicationSetup\POD1\DBBSetup\DSLs\Backup
09/02/2025 18:53:53 —   19144 —     INFO — Directory does not exists, FromPath :: D:\ApplicationSetup\POD1\DBBSetup\DSLs\CoreCollect
09/02/2025 18:53:53 —   19144 —     INFO — FromPath: D:\ApplicationSetup\POD1\DBBSetup\DSLs\CoreApp
09/02/2025 18:53:53 —   19144 —     INFO — ToPath: D:\ApplicationSetup\POD1\DBBSetup\DSLs\Backup
09/02/2025 18:53:53 —   19144 —     INFO — Directory does not exists, FromPath :: D:\ApplicationSetup\POD1\DBBSetup\DSLs\CoreApp
09/02/2025 18:53:53 —   19144 —     INFO — FromPath: D:\ApplicationSetup\POD1\DBBSetup\DSLs\Modularization
09/02/2025 18:53:53 —   19144 —     INFO — ToPath: D:\ApplicationSetup\POD1\DBBSetup\DSLs\Backup
09/02/2025 18:53:58 —   19144 —     INFO — DSLs moved successfully
09/02/2025 18:53:58 —   19144 —     INFO — FromPath: D:\ApplicationSetup\DSLMaster\LB7139_Plat_25.10.2_PLAT
09/02/2025 18:53:58 —   19144 —     INFO — ToPath: D:\ApplicationSetup\POD1\DBBSetup\DSLs
09/02/2025 18:53:58 —   19144 —     INFO — CopyScript :: XCopy "D:\ApplicationSetup\DSLMaster\LB7139_Plat_25.10.2_PLAT" "D:\ApplicationSetup\POD1\DBBSetup\DSLs" /E /H /C /I
09/02/2025 18:54:02 —   19144 —     INFO — DSLs copied successfully
09/02/2025 18:54:02 —   19144 —     INFO — START RESTORE DB
09/02/2025 18:54:02 —   19144 —     INFO — Running CallSQLScripts from FolderName: SettingUpPOD1\BeforeDBRestore
09/02/2025 18:54:02 —   19144 —     INFO — Path: E:\Python\DB_Operations\SettingUpPOD1\BeforeDBRestore
09/02/2025 18:54:03 —   19144 —     INFO — CMD: sqlcmd /S BPLDEVDB01 /d master -E -i 0_t_user_details.sql
09/02/2025 18:54:14 —   19144 —     INFO — CMD: sqlcmd /S BPLDEVDB01 /d master -E -i KillAll.sql
09/02/2025 18:54:14 —   19144 —     INFO — EXITING CallSQLScripts
09/02/2025 18:54:14 —   19144 —     INFO — START GetEnhancedSQL DB: PP_CI
09/02/2025 18:54:14 —   19144 —     INFO — Restore: EXEC SP_RESTOREDB_Enhanced_V4 @DB_NAME = N'PP_CI', @BACKUP_FILE= N'\\VMCCRMP01\ReleaseManagement\PLAT\Labels\LB7139_Plat_25.10.2_PLAT\Application\DB\MasterDB_New\CI.bak', @MDF_LOCATION = N'\\BPLDEVDB01\Prasoon_Parashar\MDF', @LDF_LOCATION = N'\\BPLDEVDB01\Prasoon_Parashar\LDF'
09/02/2025 18:54:14 —   19144 —     INFO — RestoreSQL :: TRYING TO OBTAIN THE DB CONNECTION
09/02/2025 18:54:14 —   19144 —     INFO — Server: BPLDEVDB01
09/02/2025 18:54:14 —   19144 —     INFO — DBName: PP_CI
09/02/2025 18:54:14 —   19144 —     INFO — SQL: EXEC SP_RESTOREDB_Enhanced_V4 @DB_NAME = N'PP_CI', @BACKUP_FILE= N'\\VMCCRMP01\ReleaseManagement\PLAT\Labels\LB7139_Plat_25.10.2_PLAT\Application\DB\MasterDB_New\CI.bak', @MDF_LOCATION = N'\\BPLDEVDB01\Prasoon_Parashar\MDF', @LDF_LOCATION = N'\\BPLDEVDB01\Prasoon_Parashar\LDF'
09/02/2025 18:54:15 —   19144 —     INFO — DB CONNECTION ESTABLISHED
09/02/2025 18:54:19 —   19144 —     INFO — START GetEnhancedSQL DB: PP_CI_Secondary
09/02/2025 18:54:19 —   19144 —     INFO — Restore: EXEC SP_RESTOREDB_Enhanced_V4 @DB_NAME = N'PP_CI_Secondary', @BACKUP_FILE= N'\\VMCCRMP01\ReleaseManagement\PLAT\Labels\LB7139_Plat_25.10.2_PLAT\Application\DB\MasterDB_New\CI_Secondary.bak', @MDF_LOCATION = N'\\BPLDEVDB01\Prasoon_Parashar\MDF', @LDF_LOCATION = N'\\BPLDEVDB01\Prasoon_Parashar\LDF'
09/02/2025 18:54:19 —   19144 —     INFO — RestoreSQL :: TRYING TO OBTAIN THE DB CONNECTION
09/02/2025 18:54:19 —   19144 —     INFO — Server: BPLDEVDB01
09/02/2025 18:54:19 —   19144 —     INFO — DBName: PP_CI_Secondary
09/02/2025 18:54:19 —   19144 —     INFO — SQL: EXEC SP_RESTOREDB_Enhanced_V4 @DB_NAME = N'PP_CI_Secondary', @BACKUP_FILE= N'\\VMCCRMP01\ReleaseManagement\PLAT\Labels\LB7139_Plat_25.10.2_PLAT\Application\DB\MasterDB_New\CI_Secondary.bak', @MDF_LOCATION = N'\\BPLDEVDB01\Prasoon_Parashar\MDF', @LDF_LOCATION = N'\\BPLDEVDB01\Prasoon_Parashar\LDF'
09/02/2025 18:54:19 —   19144 —     INFO — DB CONNECTION ESTABLISHED
09/02/2025 18:54:23 —   19144 —     INFO — START GetEnhancedSQL DB: PP_CAuth
09/02/2025 18:54:23 —   19144 —     INFO — Restore: EXEC SP_RESTOREDB_Enhanced_V4 @DB_NAME = N'PP_CAuth', @BACKUP_FILE= N'\\VMCCRMP01\ReleaseManagement\PLAT\Labels\LB7139_Plat_25.10.2_PLAT\Application\DB\MasterDB_New\CAuth.bak', @MDF_LOCATION = N'\\BPLDEVDB01\Prasoon_Parashar\MDF', @LDF_LOCATION = N'\\BPLDEVDB01\Prasoon_Parashar\LDF'
09/02/2025 18:54:23 —   19144 —     INFO — RestoreSQL :: TRYING TO OBTAIN THE DB CONNECTION
09/02/2025 18:54:23 —   19144 —     INFO — Server: BPLDEVDB01
09/02/2025 18:54:23 —   19144 —     INFO — DBName: PP_CAuth
09/02/2025 18:54:23 —   19144 —     INFO — SQL: EXEC SP_RESTOREDB_Enhanced_V4 @DB_NAME = N'PP_CAuth', @BACKUP_FILE= N'\\VMCCRMP01\ReleaseManagement\PLAT\Labels\LB7139_Plat_25.10.2_PLAT\Application\DB\MasterDB_New\CAuth.bak', @MDF_LOCATION = N'\\BPLDEVDB01\Prasoon_Parashar\MDF', @LDF_LOCATION = N'\\BPLDEVDB01\Prasoon_Parashar\LDF'
09/02/2025 18:54:23 —   19144 —     INFO — DB CONNECTION ESTABLISHED
09/02/2025 18:54:25 —   19144 —     INFO — START GetEnhancedSQL DB: PP_CC
09/02/2025 18:54:25 —   19144 —     INFO — Restore: EXEC SP_RESTOREDB_Enhanced_V4 @DB_NAME = N'PP_CC', @BACKUP_FILE= N'\\VMCCRMP01\ReleaseManagement\PLAT\Labels\LB7139_Plat_25.10.2_PLAT\Application\DB\MasterDB_New\CC.bak', @MDF_LOCATION = N'\\BPLDEVDB01\Prasoon_Parashar\MDF', @LDF_LOCATION = N'\\BPLDEVDB01\Prasoon_Parashar\LDF'
09/02/2025 18:54:25 —   19144 —     INFO — RestoreSQL :: TRYING TO OBTAIN THE DB CONNECTION
09/02/2025 18:54:25 —   19144 —     INFO — Server: BPLDEVDB01
09/02/2025 18:54:25 —   19144 —     INFO — DBName: PP_CC
09/02/2025 18:54:25 —   19144 —     INFO — SQL: EXEC SP_RESTOREDB_Enhanced_V4 @DB_NAME = N'PP_CC', @BACKUP_FILE= N'\\VMCCRMP01\ReleaseManagement\PLAT\Labels\LB7139_Plat_25.10.2_PLAT\Application\DB\MasterDB_New\CC.bak', @MDF_LOCATION = N'\\BPLDEVDB01\Prasoon_Parashar\MDF', @LDF_LOCATION = N'\\BPLDEVDB01\Prasoon_Parashar\LDF'
09/02/2025 18:54:25 —   19144 —     INFO — DB CONNECTION ESTABLISHED
09/02/2025 18:54:26 —   19144 —     INFO — START GetEnhancedSQL DB: PP_CL
09/02/2025 18:54:26 —   19144 —     INFO — Restore: EXEC SP_RESTOREDB_Enhanced_V4 @DB_NAME = N'PP_CL', @BACKUP_FILE= N'\\VMCCRMP01\ReleaseManagement\PLAT\Labels\LB7139_Plat_25.10.2_PLAT\Application\DB\MasterDB_New\CL.bak', @MDF_LOCATION = N'\\BPLDEVDB01\Prasoon_Parashar\MDF', @LDF_LOCATION = N'\\BPLDEVDB01\Prasoon_Parashar\LDF'
09/02/2025 18:54:26 —   19144 —     INFO — RestoreSQL :: TRYING TO OBTAIN THE DB CONNECTION
09/02/2025 18:54:26 —   19144 —     INFO — Server: BPLDEVDB01
09/02/2025 18:54:26 —   19144 —     INFO — DBName: PP_CL
09/02/2025 18:54:26 —   19144 —     INFO — SQL: EXEC SP_RESTOREDB_Enhanced_V4 @DB_NAME = N'PP_CL', @BACKUP_FILE= N'\\VMCCRMP01\ReleaseManagement\PLAT\Labels\LB7139_Plat_25.10.2_PLAT\Application\DB\MasterDB_New\CL.bak', @MDF_LOCATION = N'\\BPLDEVDB01\Prasoon_Parashar\MDF', @LDF_LOCATION = N'\\BPLDEVDB01\Prasoon_Parashar\LDF'
09/02/2025 18:54:26 —   19144 —     INFO — DB CONNECTION ESTABLISHED
09/02/2025 18:54:27 —   19144 —     INFO — START GetEnhancedSQL DB: PP_CoreApp
09/02/2025 18:54:27 —   19144 —     INFO — Restore: EXEC SP_RESTOREDB_Enhanced_V4 @DB_NAME = N'PP_CoreApp', @BACKUP_FILE= N'\\VMCCRMP01\ReleaseManagement\PLAT\Labels\LB7139_Plat_25.10.2_PLAT\Application\DB\MasterDB_New\CoreApp.bak', @MDF_LOCATION = N'\\BPLDEVDB01\Prasoon_Parashar\MDF', @LDF_LOCATION = N'\\BPLDEVDB01\Prasoon_Parashar\LDF'
09/02/2025 18:54:27 —   19144 —     INFO — RestoreSQL :: TRYING TO OBTAIN THE DB CONNECTION
09/02/2025 18:54:27 —   19144 —     INFO — Server: BPLDEVDB01
09/02/2025 18:54:27 —   19144 —     INFO — DBName: PP_CoreApp
09/02/2025 18:54:27 —   19144 —     INFO — SQL: EXEC SP_RESTOREDB_Enhanced_V4 @DB_NAME = N'PP_CoreApp', @BACKUP_FILE= N'\\VMCCRMP01\ReleaseManagement\PLAT\Labels\LB7139_Plat_25.10.2_PLAT\Application\DB\MasterDB_New\CoreApp.bak', @MDF_LOCATION = N'\\BPLDEVDB01\Prasoon_Parashar\MDF', @LDF_LOCATION = N'\\BPLDEVDB01\Prasoon_Parashar\LDF'
09/02/2025 18:54:27 —   19144 —     INFO — DB CONNECTION ESTABLISHED
09/02/2025 18:54:29 —   19144 —     INFO — START GetEnhancedSQL DB: PP_CoreCredit
09/02/2025 18:54:29 —   19144 —     INFO — Restore: EXEC SP_RESTOREDB_Enhanced_V4 @DB_NAME = N'PP_CoreCredit', @BACKUP_FILE= N'\\VMCCRMP01\ReleaseManagement\PLAT\Labels\LB7139_Plat_25.10.2_PLAT\Application\DB\MasterDB_New\CoreCredit.bak', @MDF_LOCATION = N'\\BPLDEVDB01\Prasoon_Parashar\MDF', @LDF_LOCATION = N'\\BPLDEVDB01\Prasoon_Parashar\LDF'
09/02/2025 18:54:29 —   19144 —     INFO — RestoreSQL :: TRYING TO OBTAIN THE DB CONNECTION
09/02/2025 18:54:29 —   19144 —     INFO — Server: BPLDEVDB01
09/02/2025 18:54:29 —   19144 —     INFO — DBName: PP_CoreCredit
09/02/2025 18:54:29 —   19144 —     INFO — SQL: EXEC SP_RESTOREDB_Enhanced_V4 @DB_NAME = N'PP_CoreCredit', @BACKUP_FILE= N'\\VMCCRMP01\ReleaseManagement\PLAT\Labels\LB7139_Plat_25.10.2_PLAT\Application\DB\MasterDB_New\CoreCredit.bak', @MDF_LOCATION = N'\\BPLDEVDB01\Prasoon_Parashar\MDF', @LDF_LOCATION = N'\\BPLDEVDB01\Prasoon_Parashar\LDF'
09/02/2025 18:54:29 —   19144 —     INFO — DB CONNECTION ESTABLISHED
09/02/2025 18:54:30 —   19144 —     INFO — :: DB RESTORED :: 
09/02/2025 18:54:30 —   19144 —     INFO — Running CallSQLScripts for POD: 1
09/02/2025 18:54:30 —   19144 —     INFO — FolderName: SettingUpPOD1
09/02/2025 18:54:30 —   19144 —     INFO — Path: E:\Python\DB_Operations\SettingUpPOD1
09/02/2025 18:54:30 —   19144 —     INFO — CMD: sqlcmd /S BPLDEVDB01 /d master -E -i 0_t_user_details.sql
09/02/2025 18:54:32 —   19144 —     INFO — CMD: sqlcmd /S BPLDEVDB01 /d master -E -i 1_Synonym_ALL.sql
09/02/2025 18:54:35 —   19144 —     INFO — CMD: sqlcmd /S BPLDEVDB01 /d master -E -i 2_SetEnvScripts.sql
09/02/2025 18:54:36 —   19144 —     INFO — CMD: sqlcmd /S BPLDEVDB01 /d master -E -i 3_USP_GetPSDData_Terms.sql
09/02/2025 18:54:36 —   19144 —     INFO — CMD: sqlcmd /S BPLDEVDB01 /d master -E -i 4_IncreaseDBSize.sql
09/02/2025 18:54:38 —   19144 —     INFO — CMD: sqlcmd /S BPLDEVDB01 /d master -E -i USP_AccountDetails.sql
09/02/2025 18:54:38 —   19144 —     INFO — CMD: sqlcmd /S BPLDEVDB01 /d master -E -i USP_CBAuditDetails.sql
09/02/2025 18:54:38 —   19144 —     INFO — CMD: sqlcmd /S BPLDEVDB01 /d master -E -i USP_CBAuditPSDetails.sql
09/02/2025 18:54:38 —   19144 —     INFO — CMD: sqlcmd /S BPLDEVDB01 /d master -E -i USP_CCardDetails.sql
09/02/2025 18:54:38 —   19144 —     INFO — CMD: sqlcmd /S BPLDEVDB01 /d master -E -i USP_CCardForSpecificTransactionDetails.sql
09/02/2025 18:54:38 —   19144 —     INFO — CMD: sqlcmd /S BPLDEVDB01 /d master -E -i USP_CurrentStatementDetails.sql
09/02/2025 18:54:39 —   19144 —     INFO — CMD: sqlcmd /S BPLDEVDB01 /d master -E -i USP_DelinquencyRecordsDetails.sql
09/02/2025 18:54:39 —   19144 —     INFO — CMD: sqlcmd /S BPLDEVDB01 /d master -E -i USP_InstallmentDetails.sql
09/02/2025 18:54:39 —   19144 —     INFO — CMD: sqlcmd /S BPLDEVDB01 /d master -E -i USP_PurchaseReversalRecordDetails.sql
09/02/2025 18:54:39 —   19144 —     INFO — CMD: sqlcmd /S BPLDEVDB01 /d master -E -i USP_StatementDetails.sql
09/02/2025 18:54:39 —   19144 —     INFO — EXITING CallSQLScripts
09/02/2025 18:54:39 —   19144 —     INFO — START RESTORE DB
09/02/2025 18:54:39 —   19144 —     INFO — BackupSql: BACKUP DATABASE PP_CI TO  DISK = N'\\BPLDEVDB01\Prasoon_Parashar\backup\LB7139_Plat_25.10.2_PLAT_CI.bak' WITH NOFORMAT, INIT,  NAME = N'PP_CI-Full Database Backup', SKIP, NOREWIND, NOUNLOAD,  STATS = 10
09/02/2025 18:54:39 —   19144 —     INFO — BackupSQL :: TRYING TO OBTAIN THE DB CONNECTION
09/02/2025 18:54:39 —   19144 —     INFO — Server: BPLDEVDB01
09/02/2025 18:54:39 —   19144 —     INFO — SQL: BACKUP DATABASE PP_CI TO  DISK = N'\\BPLDEVDB01\Prasoon_Parashar\backup\LB7139_Plat_25.10.2_PLAT_CI.bak' WITH NOFORMAT, INIT,  NAME = N'PP_CI-Full Database Backup', SKIP, NOREWIND, NOUNLOAD,  STATS = 10
09/02/2025 18:54:39 —   19144 —     INFO — DB CONNECTION ESTABLISHED
09/02/2025 18:54:42 —   19144 —     INFO — BackupSql: BACKUP DATABASE PP_CI_Secondary TO  DISK = N'\\BPLDEVDB01\Prasoon_Parashar\backup\LB7139_Plat_25.10.2_PLAT_CI_Secondary.bak' WITH NOFORMAT, INIT,  NAME = N'PP_CI_Secondary-Full Database Backup', SKIP, NOREWIND, NOUNLOAD,  STATS = 10
09/02/2025 18:54:42 —   19144 —     INFO — BackupSQL :: TRYING TO OBTAIN THE DB CONNECTION
09/02/2025 18:54:42 —   19144 —     INFO — Server: BPLDEVDB01
09/02/2025 18:54:42 —   19144 —     INFO — SQL: BACKUP DATABASE PP_CI_Secondary TO  DISK = N'\\BPLDEVDB01\Prasoon_Parashar\backup\LB7139_Plat_25.10.2_PLAT_CI_Secondary.bak' WITH NOFORMAT, INIT,  NAME = N'PP_CI_Secondary-Full Database Backup', SKIP, NOREWIND, NOUNLOAD,  STATS = 10
09/02/2025 18:54:42 —   19144 —     INFO — DB CONNECTION ESTABLISHED
09/02/2025 18:54:43 —   19144 —     INFO — BackupSql: BACKUP DATABASE PP_CAuth TO  DISK = N'\\BPLDEVDB01\Prasoon_Parashar\backup\LB7139_Plat_25.10.2_PLAT_CAuth.bak' WITH NOFORMAT, INIT,  NAME = N'PP_CAuth-Full Database Backup', SKIP, NOREWIND, NOUNLOAD,  STATS = 10
09/02/2025 18:54:43 —   19144 —     INFO — BackupSQL :: TRYING TO OBTAIN THE DB CONNECTION
09/02/2025 18:54:43 —   19144 —     INFO — Server: BPLDEVDB01
09/02/2025 18:54:43 —   19144 —     INFO — SQL: BACKUP DATABASE PP_CAuth TO  DISK = N'\\BPLDEVDB01\Prasoon_Parashar\backup\LB7139_Plat_25.10.2_PLAT_CAuth.bak' WITH NOFORMAT, INIT,  NAME = N'PP_CAuth-Full Database Backup', SKIP, NOREWIND, NOUNLOAD,  STATS = 10
09/02/2025 18:54:43 —   19144 —     INFO — DB CONNECTION ESTABLISHED
09/02/2025 18:54:44 —   19144 —     INFO — BackupSql: BACKUP DATABASE PP_CL TO  DISK = N'\\BPLDEVDB01\Prasoon_Parashar\backup\LB7139_Plat_25.10.2_PLAT_CL.bak' WITH NOFORMAT, INIT,  NAME = N'PP_CL-Full Database Backup', SKIP, NOREWIND, NOUNLOAD,  STATS = 10
09/02/2025 18:54:44 —   19144 —     INFO — BackupSQL :: TRYING TO OBTAIN THE DB CONNECTION
09/02/2025 18:54:44 —   19144 —     INFO — Server: BPLDEVDB01
09/02/2025 18:54:44 —   19144 —     INFO — SQL: BACKUP DATABASE PP_CL TO  DISK = N'\\BPLDEVDB01\Prasoon_Parashar\backup\LB7139_Plat_25.10.2_PLAT_CL.bak' WITH NOFORMAT, INIT,  NAME = N'PP_CL-Full Database Backup', SKIP, NOREWIND, NOUNLOAD,  STATS = 10
09/02/2025 18:54:44 —   19144 —     INFO — DB CONNECTION ESTABLISHED
09/02/2025 18:54:45 —   19144 —     INFO — BackupSql: BACKUP DATABASE PP_CC TO  DISK = N'\\BPLDEVDB01\Prasoon_Parashar\backup\LB7139_Plat_25.10.2_PLAT_CC.bak' WITH NOFORMAT, INIT,  NAME = N'PP_CC-Full Database Backup', SKIP, NOREWIND, NOUNLOAD,  STATS = 10
09/02/2025 18:54:45 —   19144 —     INFO — BackupSQL :: TRYING TO OBTAIN THE DB CONNECTION
09/02/2025 18:54:45 —   19144 —     INFO — Server: BPLDEVDB01
09/02/2025 18:54:45 —   19144 —     INFO — SQL: BACKUP DATABASE PP_CC TO  DISK = N'\\BPLDEVDB01\Prasoon_Parashar\backup\LB7139_Plat_25.10.2_PLAT_CC.bak' WITH NOFORMAT, INIT,  NAME = N'PP_CC-Full Database Backup', SKIP, NOREWIND, NOUNLOAD,  STATS = 10
09/02/2025 18:54:45 —   19144 —     INFO — DB CONNECTION ESTABLISHED
09/02/2025 18:54:46 —   19144 —     INFO — BackupSql: BACKUP DATABASE PP_CoreApp TO  DISK = N'\\BPLDEVDB01\Prasoon_Parashar\backup\LB7139_Plat_25.10.2_PLAT_CoreApp.bak' WITH NOFORMAT, INIT,  NAME = N'PP_CoreApp-Full Database Backup', SKIP, NOREWIND, NOUNLOAD,  STATS = 10
09/02/2025 18:54:46 —   19144 —     INFO — BackupSQL :: TRYING TO OBTAIN THE DB CONNECTION
09/02/2025 18:54:46 —   19144 —     INFO — Server: BPLDEVDB01
09/02/2025 18:54:46 —   19144 —     INFO — SQL: BACKUP DATABASE PP_CoreApp TO  DISK = N'\\BPLDEVDB01\Prasoon_Parashar\backup\LB7139_Plat_25.10.2_PLAT_CoreApp.bak' WITH NOFORMAT, INIT,  NAME = N'PP_CoreApp-Full Database Backup', SKIP, NOREWIND, NOUNLOAD,  STATS = 10
09/02/2025 18:54:46 —   19144 —     INFO — DB CONNECTION ESTABLISHED
09/02/2025 18:54:47 —   19144 —     INFO — BackupSql: BACKUP DATABASE PP_CoreCredit TO  DISK = N'\\BPLDEVDB01\Prasoon_Parashar\backup\LB7139_Plat_25.10.2_PLAT_CoreCredit.bak' WITH NOFORMAT, INIT,  NAME = N'PP_CoreCredit-Full Database Backup', SKIP, NOREWIND, NOUNLOAD,  STATS = 10
09/02/2025 18:54:47 —   19144 —     INFO — BackupSQL :: TRYING TO OBTAIN THE DB CONNECTION
09/02/2025 18:54:47 —   19144 —     INFO — Server: BPLDEVDB01
09/02/2025 18:54:47 —   19144 —     INFO — SQL: BACKUP DATABASE PP_CoreCredit TO  DISK = N'\\BPLDEVDB01\Prasoon_Parashar\backup\LB7139_Plat_25.10.2_PLAT_CoreCredit.bak' WITH NOFORMAT, INIT,  NAME = N'PP_CoreCredit-Full Database Backup', SKIP, NOREWIND, NOUNLOAD,  STATS = 10
09/02/2025 18:54:47 —   19144 —     INFO — DB CONNECTION ESTABLISHED
09/02/2025 18:54:48 —   19144 —     INFO — :: DB BACKED UP :: 
09/02/2025 18:55:01 —   19144 —     INFO — ALL PROCESSES DONE. EXITING...: 
