09/03/2025 19:16:33 —   20952 —     INFO — PROCESS STARTS
09/03/2025 19:16:36 —   20952 —     INFO — LabelPath: \\VMCCRMP01\ReleaseManagement\PLAT\Labels\LB7139_Plat_25.10.2_PLAT\Application\DSL
09/03/2025 19:16:38 —   20952 —     INFO — SELECTED VALUE:: 2
09/03/2025 19:16:40 —   20952 —     INFO — SELECTED VALUE:: 1
09/03/2025 19:16:40 —   20952 —     INFO — START RESTORE DB
09/03/2025 19:16:40 —   20952 —     INFO — Running CallSQLScripts from FolderName: SettingUpPOD1\BeforeDBRestore
09/03/2025 19:16:40 —   20952 —     INFO — Path: E:\Python\DB_Operations\SettingUpPOD1\BeforeDBRestore
09/03/2025 19:16:40 —   20952 —     INFO — CMD: sqlcmd /S BPLDEVDB01 /d master -E -i 0_t_user_details.sql
09/03/2025 19:16:45 —   20952 —     INFO — CMD: sqlcmd /S BPLDEVDB01 /d master -E -i KillAll.sql
09/03/2025 19:16:46 —   20952 —     INFO — EXITING CallSQLScripts
09/03/2025 19:16:46 —   20952 —     INFO — START GetEnhancedSQL DB: PP_CI
09/03/2025 19:16:46 —   20952 —     INFO — Restore: EXEC SP_RESTOREDB_Enhanced_V4 @DB_NAME = N'PP_CI', @BACKUP_FILE= N'\\VMCCRMP01\ReleaseManagement\PLAT\Labels\LB7139_Plat_25.10.2_PLAT\Application\DB\MasterDB_New\CI.bak', @MDF_LOCATION = N'\\BPLDEVDB01\Prasoon_Parashar\MDF', @LDF_LOCATION = N'\\BPLDEVDB01\Prasoon_Parashar\LDF'
09/03/2025 19:16:46 —   20952 —     INFO — RestoreSQL :: TRYING TO OBTAIN THE DB CONNECTION
09/03/2025 19:16:46 —   20952 —     INFO — Server: BPLDEVDB01
09/03/2025 19:16:46 —   20952 —     INFO — DBName: PP_CI
09/03/2025 19:16:46 —   20952 —     INFO — SQL: EXEC SP_RESTOREDB_Enhanced_V4 @DB_NAME = N'PP_CI', @BACKUP_FILE= N'\\VMCCRMP01\ReleaseManagement\PLAT\Labels\LB7139_Plat_25.10.2_PLAT\Application\DB\MasterDB_New\CI.bak', @MDF_LOCATION = N'\\BPLDEVDB01\Prasoon_Parashar\MDF', @LDF_LOCATION = N'\\BPLDEVDB01\Prasoon_Parashar\LDF'
09/03/2025 19:16:46 —   20952 —     INFO — DB CONNECTION ESTABLISHED
09/03/2025 19:16:51 —   20952 —     INFO — START GetEnhancedSQL DB: PP_CI_Secondary
09/03/2025 19:16:51 —   20952 —     INFO — Restore: EXEC SP_RESTOREDB_Enhanced_V4 @DB_NAME = N'PP_CI_Secondary', @BACKUP_FILE= N'\\VMCCRMP01\ReleaseManagement\PLAT\Labels\LB7139_Plat_25.10.2_PLAT\Application\DB\MasterDB_New\CI_Secondary.bak', @MDF_LOCATION = N'\\BPLDEVDB01\Prasoon_Parashar\MDF', @LDF_LOCATION = N'\\BPLDEVDB01\Prasoon_Parashar\LDF'
09/03/2025 19:16:51 —   20952 —     INFO — RestoreSQL :: TRYING TO OBTAIN THE DB CONNECTION
09/03/2025 19:16:51 —   20952 —     INFO — Server: BPLDEVDB01
09/03/2025 19:16:51 —   20952 —     INFO — DBName: PP_CI_Secondary
09/03/2025 19:16:51 —   20952 —     INFO — SQL: EXEC SP_RESTOREDB_Enhanced_V4 @DB_NAME = N'PP_CI_Secondary', @BACKUP_FILE= N'\\VMCCRMP01\ReleaseManagement\PLAT\Labels\LB7139_Plat_25.10.2_PLAT\Application\DB\MasterDB_New\CI_Secondary.bak', @MDF_LOCATION = N'\\BPLDEVDB01\Prasoon_Parashar\MDF', @LDF_LOCATION = N'\\BPLDEVDB01\Prasoon_Parashar\LDF'
09/03/2025 19:16:51 —   20952 —     INFO — DB CONNECTION ESTABLISHED
09/03/2025 19:16:54 —   20952 —     INFO — START GetEnhancedSQL DB: PP_CAuth
09/03/2025 19:16:54 —   20952 —     INFO — Restore: EXEC SP_RESTOREDB_Enhanced_V4 @DB_NAME = N'PP_CAuth', @BACKUP_FILE= N'\\VMCCRMP01\ReleaseManagement\PLAT\Labels\LB7139_Plat_25.10.2_PLAT\Application\DB\MasterDB_New\CAuth.bak', @MDF_LOCATION = N'\\BPLDEVDB01\Prasoon_Parashar\MDF', @LDF_LOCATION = N'\\BPLDEVDB01\Prasoon_Parashar\LDF'
09/03/2025 19:16:54 —   20952 —     INFO — RestoreSQL :: TRYING TO OBTAIN THE DB CONNECTION
09/03/2025 19:16:54 —   20952 —     INFO — Server: BPLDEVDB01
09/03/2025 19:16:54 —   20952 —     INFO — DBName: PP_CAuth
09/03/2025 19:16:54 —   20952 —     INFO — SQL: EXEC SP_RESTOREDB_Enhanced_V4 @DB_NAME = N'PP_CAuth', @BACKUP_FILE= N'\\VMCCRMP01\ReleaseManagement\PLAT\Labels\LB7139_Plat_25.10.2_PLAT\Application\DB\MasterDB_New\CAuth.bak', @MDF_LOCATION = N'\\BPLDEVDB01\Prasoon_Parashar\MDF', @LDF_LOCATION = N'\\BPLDEVDB01\Prasoon_Parashar\LDF'
09/03/2025 19:16:54 —   20952 —     INFO — DB CONNECTION ESTABLISHED
09/03/2025 19:16:56 —   20952 —     INFO — START GetEnhancedSQL DB: PP_CC
09/03/2025 19:16:56 —   20952 —     INFO — Restore: EXEC SP_RESTOREDB_Enhanced_V4 @DB_NAME = N'PP_CC', @BACKUP_FILE= N'\\VMCCRMP01\ReleaseManagement\PLAT\Labels\LB7139_Plat_25.10.2_PLAT\Application\DB\MasterDB_New\CC.bak', @MDF_LOCATION = N'\\BPLDEVDB01\Prasoon_Parashar\MDF', @LDF_LOCATION = N'\\BPLDEVDB01\Prasoon_Parashar\LDF'
09/03/2025 19:16:56 —   20952 —     INFO — RestoreSQL :: TRYING TO OBTAIN THE DB CONNECTION
09/03/2025 19:16:56 —   20952 —     INFO — Server: BPLDEVDB01
09/03/2025 19:16:56 —   20952 —     INFO — DBName: PP_CC
09/03/2025 19:16:56 —   20952 —     INFO — SQL: EXEC SP_RESTOREDB_Enhanced_V4 @DB_NAME = N'PP_CC', @BACKUP_FILE= N'\\VMCCRMP01\ReleaseManagement\PLAT\Labels\LB7139_Plat_25.10.2_PLAT\Application\DB\MasterDB_New\CC.bak', @MDF_LOCATION = N'\\BPLDEVDB01\Prasoon_Parashar\MDF', @LDF_LOCATION = N'\\BPLDEVDB01\Prasoon_Parashar\LDF'
09/03/2025 19:16:56 —   20952 —     INFO — DB CONNECTION ESTABLISHED
09/03/2025 19:16:58 —   20952 —     INFO — START GetEnhancedSQL DB: PP_CL
09/03/2025 19:16:58 —   20952 —     INFO — Restore: EXEC SP_RESTOREDB_Enhanced_V4 @DB_NAME = N'PP_CL', @BACKUP_FILE= N'\\VMCCRMP01\ReleaseManagement\PLAT\Labels\LB7139_Plat_25.10.2_PLAT\Application\DB\MasterDB_New\CL.bak', @MDF_LOCATION = N'\\BPLDEVDB01\Prasoon_Parashar\MDF', @LDF_LOCATION = N'\\BPLDEVDB01\Prasoon_Parashar\LDF'
09/03/2025 19:16:58 —   20952 —     INFO — RestoreSQL :: TRYING TO OBTAIN THE DB CONNECTION
09/03/2025 19:16:58 —   20952 —     INFO — Server: BPLDEVDB01
09/03/2025 19:16:58 —   20952 —     INFO — DBName: PP_CL
09/03/2025 19:16:58 —   20952 —     INFO — SQL: EXEC SP_RESTOREDB_Enhanced_V4 @DB_NAME = N'PP_CL', @BACKUP_FILE= N'\\VMCCRMP01\ReleaseManagement\PLAT\Labels\LB7139_Plat_25.10.2_PLAT\Application\DB\MasterDB_New\CL.bak', @MDF_LOCATION = N'\\BPLDEVDB01\Prasoon_Parashar\MDF', @LDF_LOCATION = N'\\BPLDEVDB01\Prasoon_Parashar\LDF'
09/03/2025 19:16:58 —   20952 —     INFO — DB CONNECTION ESTABLISHED
09/03/2025 19:17:00 —   20952 —     INFO — START GetEnhancedSQL DB: PP_CoreApp
09/03/2025 19:17:00 —   20952 —     INFO — Restore: EXEC SP_RESTOREDB_Enhanced_V4 @DB_NAME = N'PP_CoreApp', @BACKUP_FILE= N'\\VMCCRMP01\ReleaseManagement\PLAT\Labels\LB7139_Plat_25.10.2_PLAT\Application\DB\MasterDB_New\CoreApp.bak', @MDF_LOCATION = N'\\BPLDEVDB01\Prasoon_Parashar\MDF', @LDF_LOCATION = N'\\BPLDEVDB01\Prasoon_Parashar\LDF'
09/03/2025 19:17:00 —   20952 —     INFO — RestoreSQL :: TRYING TO OBTAIN THE DB CONNECTION
09/03/2025 19:17:00 —   20952 —     INFO — Server: BPLDEVDB01
09/03/2025 19:17:00 —   20952 —     INFO — DBName: PP_CoreApp
09/03/2025 19:17:00 —   20952 —     INFO — SQL: EXEC SP_RESTOREDB_Enhanced_V4 @DB_NAME = N'PP_CoreApp', @BACKUP_FILE= N'\\VMCCRMP01\ReleaseManagement\PLAT\Labels\LB7139_Plat_25.10.2_PLAT\Application\DB\MasterDB_New\CoreApp.bak', @MDF_LOCATION = N'\\BPLDEVDB01\Prasoon_Parashar\MDF', @LDF_LOCATION = N'\\BPLDEVDB01\Prasoon_Parashar\LDF'
09/03/2025 19:17:00 —   20952 —     INFO — DB CONNECTION ESTABLISHED
09/03/2025 19:17:01 —   20952 —     INFO — START GetEnhancedSQL DB: PP_CoreCredit
09/03/2025 19:17:01 —   20952 —     INFO — Restore: EXEC SP_RESTOREDB_Enhanced_V4 @DB_NAME = N'PP_CoreCredit', @BACKUP_FILE= N'\\VMCCRMP01\ReleaseManagement\PLAT\Labels\LB7139_Plat_25.10.2_PLAT\Application\DB\MasterDB_New\CoreCredit.bak', @MDF_LOCATION = N'\\BPLDEVDB01\Prasoon_Parashar\MDF', @LDF_LOCATION = N'\\BPLDEVDB01\Prasoon_Parashar\LDF'
09/03/2025 19:17:01 —   20952 —     INFO — RestoreSQL :: TRYING TO OBTAIN THE DB CONNECTION
09/03/2025 19:17:01 —   20952 —     INFO — Server: BPLDEVDB01
09/03/2025 19:17:01 —   20952 —     INFO — DBName: PP_CoreCredit
09/03/2025 19:17:01 —   20952 —     INFO — SQL: EXEC SP_RESTOREDB_Enhanced_V4 @DB_NAME = N'PP_CoreCredit', @BACKUP_FILE= N'\\VMCCRMP01\ReleaseManagement\PLAT\Labels\LB7139_Plat_25.10.2_PLAT\Application\DB\MasterDB_New\CoreCredit.bak', @MDF_LOCATION = N'\\BPLDEVDB01\Prasoon_Parashar\MDF', @LDF_LOCATION = N'\\BPLDEVDB01\Prasoon_Parashar\LDF'
09/03/2025 19:17:01 —   20952 —     INFO — DB CONNECTION ESTABLISHED
09/03/2025 19:17:03 —   20952 —     INFO — :: DB RESTORED :: 
09/03/2025 19:17:03 —   20952 —     INFO — Running CallSQLScripts for POD: 1
09/03/2025 19:17:03 —   20952 —     INFO — FolderName: SettingUpPOD1
09/03/2025 19:17:03 —   20952 —     INFO — Path: E:\Python\DB_Operations\SettingUpPOD1
09/03/2025 19:17:03 —   20952 —     INFO — CMD: sqlcmd /S BPLDEVDB01 /d master -E -i 0_t_user_details.sql
09/03/2025 19:17:05 —   20952 —     INFO — CMD: sqlcmd /S BPLDEVDB01 /d master -E -i 1_Synonym_ALL.sql
09/03/2025 19:17:07 —   20952 —     INFO — CMD: sqlcmd /S BPLDEVDB01 /d master -E -i 2_SetEnvScripts.sql
09/03/2025 19:17:08 —   20952 —     INFO — CMD: sqlcmd /S BPLDEVDB01 /d master -E -i 3_USP_GetPSDData_Terms.sql
09/03/2025 19:17:08 —   20952 —     INFO — CMD: sqlcmd /S BPLDEVDB01 /d master -E -i 4_IncreaseDBSize.sql
09/03/2025 19:17:10 —   20952 —     INFO — CMD: sqlcmd /S BPLDEVDB01 /d master -E -i USP_AccountDetails.sql
09/03/2025 19:17:10 —   20952 —     INFO — CMD: sqlcmd /S BPLDEVDB01 /d master -E -i USP_CBAuditDetails.sql
09/03/2025 19:17:10 —   20952 —     INFO — CMD: sqlcmd /S BPLDEVDB01 /d master -E -i USP_CBAuditPSDetails.sql
09/03/2025 19:17:10 —   20952 —     INFO — CMD: sqlcmd /S BPLDEVDB01 /d master -E -i USP_CCardDetails.sql
09/03/2025 19:17:10 —   20952 —     INFO — CMD: sqlcmd /S BPLDEVDB01 /d master -E -i USP_CCardForSpecificTransactionDetails.sql
09/03/2025 19:17:10 —   20952 —     INFO — CMD: sqlcmd /S BPLDEVDB01 /d master -E -i USP_CurrentStatementDetails.sql
09/03/2025 19:17:11 —   20952 —     INFO — CMD: sqlcmd /S BPLDEVDB01 /d master -E -i USP_DelinquencyRecordsDetails.sql
09/03/2025 19:17:11 —   20952 —     INFO — CMD: sqlcmd /S BPLDEVDB01 /d master -E -i USP_InstallmentDetails.sql
09/03/2025 19:17:11 —   20952 —     INFO — CMD: sqlcmd /S BPLDEVDB01 /d master -E -i USP_PurchaseReversalRecordDetails.sql
09/03/2025 19:17:11 —   20952 —     INFO — CMD: sqlcmd /S BPLDEVDB01 /d master -E -i USP_StatementDetails.sql
09/03/2025 19:17:11 —   20952 —     INFO — EXITING CallSQLScripts
09/03/2025 19:17:11 —   20952 —     INFO — START RESTORE DB
09/03/2025 19:17:11 —   20952 —     INFO — BackupSql: BACKUP DATABASE PP_CI TO  DISK = N'\\BPLDEVDB01\Prasoon_Parashar\backup\LB7139_Plat_25.10.2_PLAT_CI.bak' WITH NOFORMAT, INIT,  NAME = N'PP_CI-Full Database Backup', SKIP, NOREWIND, NOUNLOAD,  STATS = 10
09/03/2025 19:17:11 —   20952 —     INFO — BackupSQL :: TRYING TO OBTAIN THE DB CONNECTION
09/03/2025 19:17:11 —   20952 —     INFO — Server: BPLDEVDB01
09/03/2025 19:17:11 —   20952 —     INFO — SQL: BACKUP DATABASE PP_CI TO  DISK = N'\\BPLDEVDB01\Prasoon_Parashar\backup\LB7139_Plat_25.10.2_PLAT_CI.bak' WITH NOFORMAT, INIT,  NAME = N'PP_CI-Full Database Backup', SKIP, NOREWIND, NOUNLOAD,  STATS = 10
09/03/2025 19:17:11 —   20952 —     INFO — DB CONNECTION ESTABLISHED
09/03/2025 19:17:13 —   20952 —     INFO — BackupSql: BACKUP DATABASE PP_CI_Secondary TO  DISK = N'\\BPLDEVDB01\Prasoon_Parashar\backup\LB7139_Plat_25.10.2_PLAT_CI_Secondary.bak' WITH NOFORMAT, INIT,  NAME = N'PP_CI_Secondary-Full Database Backup', SKIP, NOREWIND, NOUNLOAD,  STATS = 10
09/03/2025 19:17:13 —   20952 —     INFO — BackupSQL :: TRYING TO OBTAIN THE DB CONNECTION
09/03/2025 19:17:13 —   20952 —     INFO — Server: BPLDEVDB01
09/03/2025 19:17:13 —   20952 —     INFO — SQL: BACKUP DATABASE PP_CI_Secondary TO  DISK = N'\\BPLDEVDB01\Prasoon_Parashar\backup\LB7139_Plat_25.10.2_PLAT_CI_Secondary.bak' WITH NOFORMAT, INIT,  NAME = N'PP_CI_Secondary-Full Database Backup', SKIP, NOREWIND, NOUNLOAD,  STATS = 10
09/03/2025 19:17:13 —   20952 —     INFO — DB CONNECTION ESTABLISHED
09/03/2025 19:17:14 —   20952 —     INFO — BackupSql: BACKUP DATABASE PP_CAuth TO  DISK = N'\\BPLDEVDB01\Prasoon_Parashar\backup\LB7139_Plat_25.10.2_PLAT_CAuth.bak' WITH NOFORMAT, INIT,  NAME = N'PP_CAuth-Full Database Backup', SKIP, NOREWIND, NOUNLOAD,  STATS = 10
09/03/2025 19:17:14 —   20952 —     INFO — BackupSQL :: TRYING TO OBTAIN THE DB CONNECTION
09/03/2025 19:17:14 —   20952 —     INFO — Server: BPLDEVDB01
09/03/2025 19:17:14 —   20952 —     INFO — SQL: BACKUP DATABASE PP_CAuth TO  DISK = N'\\BPLDEVDB01\Prasoon_Parashar\backup\LB7139_Plat_25.10.2_PLAT_CAuth.bak' WITH NOFORMAT, INIT,  NAME = N'PP_CAuth-Full Database Backup', SKIP, NOREWIND, NOUNLOAD,  STATS = 10
09/03/2025 19:17:14 —   20952 —     INFO — DB CONNECTION ESTABLISHED
09/03/2025 19:17:15 —   20952 —     INFO — BackupSql: BACKUP DATABASE PP_CL TO  DISK = N'\\BPLDEVDB01\Prasoon_Parashar\backup\LB7139_Plat_25.10.2_PLAT_CL.bak' WITH NOFORMAT, INIT,  NAME = N'PP_CL-Full Database Backup', SKIP, NOREWIND, NOUNLOAD,  STATS = 10
09/03/2025 19:17:15 —   20952 —     INFO — BackupSQL :: TRYING TO OBTAIN THE DB CONNECTION
09/03/2025 19:17:15 —   20952 —     INFO — Server: BPLDEVDB01
09/03/2025 19:17:15 —   20952 —     INFO — SQL: BACKUP DATABASE PP_CL TO  DISK = N'\\BPLDEVDB01\Prasoon_Parashar\backup\LB7139_Plat_25.10.2_PLAT_CL.bak' WITH NOFORMAT, INIT,  NAME = N'PP_CL-Full Database Backup', SKIP, NOREWIND, NOUNLOAD,  STATS = 10
09/03/2025 19:17:15 —   20952 —     INFO — DB CONNECTION ESTABLISHED
09/03/2025 19:17:17 —   20952 —     INFO — BackupSql: BACKUP DATABASE PP_CC TO  DISK = N'\\BPLDEVDB01\Prasoon_Parashar\backup\LB7139_Plat_25.10.2_PLAT_CC.bak' WITH NOFORMAT, INIT,  NAME = N'PP_CC-Full Database Backup', SKIP, NOREWIND, NOUNLOAD,  STATS = 10
09/03/2025 19:17:17 —   20952 —     INFO — BackupSQL :: TRYING TO OBTAIN THE DB CONNECTION
09/03/2025 19:17:17 —   20952 —     INFO — Server: BPLDEVDB01
09/03/2025 19:17:17 —   20952 —     INFO — SQL: BACKUP DATABASE PP_CC TO  DISK = N'\\BPLDEVDB01\Prasoon_Parashar\backup\LB7139_Plat_25.10.2_PLAT_CC.bak' WITH NOFORMAT, INIT,  NAME = N'PP_CC-Full Database Backup', SKIP, NOREWIND, NOUNLOAD,  STATS = 10
09/03/2025 19:17:17 —   20952 —     INFO — DB CONNECTION ESTABLISHED
09/03/2025 19:17:18 —   20952 —     INFO — BackupSql: BACKUP DATABASE PP_CoreApp TO  DISK = N'\\BPLDEVDB01\Prasoon_Parashar\backup\LB7139_Plat_25.10.2_PLAT_CoreApp.bak' WITH NOFORMAT, INIT,  NAME = N'PP_CoreApp-Full Database Backup', SKIP, NOREWIND, NOUNLOAD,  STATS = 10
09/03/2025 19:17:18 —   20952 —     INFO — BackupSQL :: TRYING TO OBTAIN THE DB CONNECTION
09/03/2025 19:17:18 —   20952 —     INFO — Server: BPLDEVDB01
09/03/2025 19:17:18 —   20952 —     INFO — SQL: BACKUP DATABASE PP_CoreApp TO  DISK = N'\\BPLDEVDB01\Prasoon_Parashar\backup\LB7139_Plat_25.10.2_PLAT_CoreApp.bak' WITH NOFORMAT, INIT,  NAME = N'PP_CoreApp-Full Database Backup', SKIP, NOREWIND, NOUNLOAD,  STATS = 10
09/03/2025 19:17:18 —   20952 —     INFO — DB CONNECTION ESTABLISHED
09/03/2025 19:17:19 —   20952 —     INFO — BackupSql: BACKUP DATABASE PP_CoreCredit TO  DISK = N'\\BPLDEVDB01\Prasoon_Parashar\backup\LB7139_Plat_25.10.2_PLAT_CoreCredit.bak' WITH NOFORMAT, INIT,  NAME = N'PP_CoreCredit-Full Database Backup', SKIP, NOREWIND, NOUNLOAD,  STATS = 10
09/03/2025 19:17:19 —   20952 —     INFO — BackupSQL :: TRYING TO OBTAIN THE DB CONNECTION
09/03/2025 19:17:19 —   20952 —     INFO — Server: BPLDEVDB01
09/03/2025 19:17:19 —   20952 —     INFO — SQL: BACKUP DATABASE PP_CoreCredit TO  DISK = N'\\BPLDEVDB01\Prasoon_Parashar\backup\LB7139_Plat_25.10.2_PLAT_CoreCredit.bak' WITH NOFORMAT, INIT,  NAME = N'PP_CoreCredit-Full Database Backup', SKIP, NOREWIND, NOUNLOAD,  STATS = 10
09/03/2025 19:17:19 —   20952 —     INFO — DB CONNECTION ESTABLISHED
09/03/2025 19:17:20 —   20952 —     INFO — :: DB BACKED UP :: 
09/03/2025 19:17:21 —   20952 —     INFO — ALL PROCESSES DONE. EXITING...: 
