09/24/2025 18:56:12 —   15500 —     INFO — PROCESS STARTS
09/24/2025 18:56:14 —   15500 —     INFO — LabelPath: \\VMCCRMP01\ReleaseManagement\PLAT\Labels\LB7158_Plat_25.10.3_PLAT\Application\DSL
09/24/2025 18:56:16 —   15500 —     INFO — SELECTED VALUE:: 2
09/24/2025 18:56:17 —   15500 —     INFO — SELECTED VALUE:: 1
09/24/2025 18:56:17 —   15500 —     INFO — START RESTORE DB
09/24/2025 18:56:17 —   15500 —     INFO — Running CallSQLScripts from FolderName: SettingUpPOD1\BeforeDBRestore
09/24/2025 18:56:17 —   15500 —     INFO — Path: E:\Python\DB_Operations\SettingUpPOD1\BeforeDBRestore
09/24/2025 18:56:17 —   15500 —     INFO — CMD: sqlcmd /S BPLDEVDB01 /d master -E -i 0_t_user_details.sql
09/24/2025 18:56:23 —   15500 —     INFO — CMD: sqlcmd /S BPLDEVDB01 /d master -E -i KillAll.sql
09/24/2025 18:56:23 —   15500 —     INFO — EXITING CallSQLScripts
09/24/2025 18:56:23 —   15500 —     INFO — START GetEnhancedSQL DB: PP_CI
09/24/2025 18:56:23 —   15500 —     INFO — Restore: EXEC SP_RESTOREDB_Enhanced_V4 @DB_NAME = N'PP_CI', @BACKUP_FILE= N'\\VMCCRMP01\ReleaseManagement\PLAT\Labels\LB7158_Plat_25.10.3_PLAT\Application\DB\MasterDB_New\CI.bak', @MDF_LOCATION = N'\\BPLDEVDB01\Prasoon_Parashar\MDF', @LDF_LOCATION = N'\\BPLDEVDB01\Prasoon_Parashar\LDF'
09/24/2025 18:56:23 —   15500 —     INFO — RestoreSQL :: TRYING TO OBTAIN THE DB CONNECTION
09/24/2025 18:56:23 —   15500 —     INFO — Server: BPLDEVDB01
09/24/2025 18:56:23 —   15500 —     INFO — DBName: PP_CI
09/24/2025 18:56:23 —   15500 —     INFO — SQL: EXEC SP_RESTOREDB_Enhanced_V4 @DB_NAME = N'PP_CI', @BACKUP_FILE= N'\\VMCCRMP01\ReleaseManagement\PLAT\Labels\LB7158_Plat_25.10.3_PLAT\Application\DB\MasterDB_New\CI.bak', @MDF_LOCATION = N'\\BPLDEVDB01\Prasoon_Parashar\MDF', @LDF_LOCATION = N'\\BPLDEVDB01\Prasoon_Parashar\LDF'
09/24/2025 18:56:23 —   15500 —     INFO — DB CONNECTION ESTABLISHED
09/24/2025 18:56:28 —   15500 —     INFO — START GetEnhancedSQL DB: PP_CI_Secondary
09/24/2025 18:56:28 —   15500 —     INFO — Restore: EXEC SP_RESTOREDB_Enhanced_V4 @DB_NAME = N'PP_CI_Secondary', @BACKUP_FILE= N'\\VMCCRMP01\ReleaseManagement\PLAT\Labels\LB7158_Plat_25.10.3_PLAT\Application\DB\MasterDB_New\CI_Secondary.bak', @MDF_LOCATION = N'\\BPLDEVDB01\Prasoon_Parashar\MDF', @LDF_LOCATION = N'\\BPLDEVDB01\Prasoon_Parashar\LDF'
09/24/2025 18:56:28 —   15500 —     INFO — RestoreSQL :: TRYING TO OBTAIN THE DB CONNECTION
09/24/2025 18:56:28 —   15500 —     INFO — Server: BPLDEVDB01
09/24/2025 18:56:28 —   15500 —     INFO — DBName: PP_CI_Secondary
09/24/2025 18:56:28 —   15500 —     INFO — SQL: EXEC SP_RESTOREDB_Enhanced_V4 @DB_NAME = N'PP_CI_Secondary', @BACKUP_FILE= N'\\VMCCRMP01\ReleaseManagement\PLAT\Labels\LB7158_Plat_25.10.3_PLAT\Application\DB\MasterDB_New\CI_Secondary.bak', @MDF_LOCATION = N'\\BPLDEVDB01\Prasoon_Parashar\MDF', @LDF_LOCATION = N'\\BPLDEVDB01\Prasoon_Parashar\LDF'
09/24/2025 18:56:28 —   15500 —     INFO — DB CONNECTION ESTABLISHED
09/24/2025 18:56:32 —   15500 —     INFO — START GetEnhancedSQL DB: PP_CAuth
09/24/2025 18:56:32 —   15500 —     INFO — Restore: EXEC SP_RESTOREDB_Enhanced_V4 @DB_NAME = N'PP_CAuth', @BACKUP_FILE= N'\\VMCCRMP01\ReleaseManagement\PLAT\Labels\LB7158_Plat_25.10.3_PLAT\Application\DB\MasterDB_New\CAuth.bak', @MDF_LOCATION = N'\\BPLDEVDB01\Prasoon_Parashar\MDF', @LDF_LOCATION = N'\\BPLDEVDB01\Prasoon_Parashar\LDF'
09/24/2025 18:56:32 —   15500 —     INFO — RestoreSQL :: TRYING TO OBTAIN THE DB CONNECTION
09/24/2025 18:56:32 —   15500 —     INFO — Server: BPLDEVDB01
09/24/2025 18:56:32 —   15500 —     INFO — DBName: PP_CAuth
09/24/2025 18:56:32 —   15500 —     INFO — SQL: EXEC SP_RESTOREDB_Enhanced_V4 @DB_NAME = N'PP_CAuth', @BACKUP_FILE= N'\\VMCCRMP01\ReleaseManagement\PLAT\Labels\LB7158_Plat_25.10.3_PLAT\Application\DB\MasterDB_New\CAuth.bak', @MDF_LOCATION = N'\\BPLDEVDB01\Prasoon_Parashar\MDF', @LDF_LOCATION = N'\\BPLDEVDB01\Prasoon_Parashar\LDF'
09/24/2025 18:56:32 —   15500 —     INFO — DB CONNECTION ESTABLISHED
09/24/2025 18:56:34 —   15500 —     INFO — START GetEnhancedSQL DB: PP_CC
09/24/2025 18:56:34 —   15500 —     INFO — Restore: EXEC SP_RESTOREDB_Enhanced_V4 @DB_NAME = N'PP_CC', @BACKUP_FILE= N'\\VMCCRMP01\ReleaseManagement\PLAT\Labels\LB7158_Plat_25.10.3_PLAT\Application\DB\MasterDB_New\CC.bak', @MDF_LOCATION = N'\\BPLDEVDB01\Prasoon_Parashar\MDF', @LDF_LOCATION = N'\\BPLDEVDB01\Prasoon_Parashar\LDF'
09/24/2025 18:56:34 —   15500 —     INFO — RestoreSQL :: TRYING TO OBTAIN THE DB CONNECTION
09/24/2025 18:56:34 —   15500 —     INFO — Server: BPLDEVDB01
09/24/2025 18:56:34 —   15500 —     INFO — DBName: PP_CC
09/24/2025 18:56:34 —   15500 —     INFO — SQL: EXEC SP_RESTOREDB_Enhanced_V4 @DB_NAME = N'PP_CC', @BACKUP_FILE= N'\\VMCCRMP01\ReleaseManagement\PLAT\Labels\LB7158_Plat_25.10.3_PLAT\Application\DB\MasterDB_New\CC.bak', @MDF_LOCATION = N'\\BPLDEVDB01\Prasoon_Parashar\MDF', @LDF_LOCATION = N'\\BPLDEVDB01\Prasoon_Parashar\LDF'
09/24/2025 18:56:34 —   15500 —     INFO — DB CONNECTION ESTABLISHED
09/24/2025 18:56:36 —   15500 —     INFO — START GetEnhancedSQL DB: PP_CL
09/24/2025 18:56:36 —   15500 —     INFO — Restore: EXEC SP_RESTOREDB_Enhanced_V4 @DB_NAME = N'PP_CL', @BACKUP_FILE= N'\\VMCCRMP01\ReleaseManagement\PLAT\Labels\LB7158_Plat_25.10.3_PLAT\Application\DB\MasterDB_New\CL.bak', @MDF_LOCATION = N'\\BPLDEVDB01\Prasoon_Parashar\MDF', @LDF_LOCATION = N'\\BPLDEVDB01\Prasoon_Parashar\LDF'
09/24/2025 18:56:36 —   15500 —     INFO — RestoreSQL :: TRYING TO OBTAIN THE DB CONNECTION
09/24/2025 18:56:36 —   15500 —     INFO — Server: BPLDEVDB01
09/24/2025 18:56:36 —   15500 —     INFO — DBName: PP_CL
09/24/2025 18:56:36 —   15500 —     INFO — SQL: EXEC SP_RESTOREDB_Enhanced_V4 @DB_NAME = N'PP_CL', @BACKUP_FILE= N'\\VMCCRMP01\ReleaseManagement\PLAT\Labels\LB7158_Plat_25.10.3_PLAT\Application\DB\MasterDB_New\CL.bak', @MDF_LOCATION = N'\\BPLDEVDB01\Prasoon_Parashar\MDF', @LDF_LOCATION = N'\\BPLDEVDB01\Prasoon_Parashar\LDF'
09/24/2025 18:56:36 —   15500 —     INFO — DB CONNECTION ESTABLISHED
09/24/2025 18:56:37 —   15500 —     INFO — START GetEnhancedSQL DB: PP_CoreApp
09/24/2025 18:56:37 —   15500 —     INFO — Restore: EXEC SP_RESTOREDB_Enhanced_V4 @DB_NAME = N'PP_CoreApp', @BACKUP_FILE= N'\\VMCCRMP01\ReleaseManagement\PLAT\Labels\LB7158_Plat_25.10.3_PLAT\Application\DB\MasterDB_New\CoreApp.bak', @MDF_LOCATION = N'\\BPLDEVDB01\Prasoon_Parashar\MDF', @LDF_LOCATION = N'\\BPLDEVDB01\Prasoon_Parashar\LDF'
09/24/2025 18:56:37 —   15500 —     INFO — RestoreSQL :: TRYING TO OBTAIN THE DB CONNECTION
09/24/2025 18:56:37 —   15500 —     INFO — Server: BPLDEVDB01
09/24/2025 18:56:37 —   15500 —     INFO — DBName: PP_CoreApp
09/24/2025 18:56:37 —   15500 —     INFO — SQL: EXEC SP_RESTOREDB_Enhanced_V4 @DB_NAME = N'PP_CoreApp', @BACKUP_FILE= N'\\VMCCRMP01\ReleaseManagement\PLAT\Labels\LB7158_Plat_25.10.3_PLAT\Application\DB\MasterDB_New\CoreApp.bak', @MDF_LOCATION = N'\\BPLDEVDB01\Prasoon_Parashar\MDF', @LDF_LOCATION = N'\\BPLDEVDB01\Prasoon_Parashar\LDF'
09/24/2025 18:56:37 —   15500 —     INFO — DB CONNECTION ESTABLISHED
09/24/2025 18:56:39 —   15500 —     INFO — START GetEnhancedSQL DB: PP_CoreCredit
09/24/2025 18:56:39 —   15500 —     INFO — Restore: EXEC SP_RESTOREDB_Enhanced_V4 @DB_NAME = N'PP_CoreCredit', @BACKUP_FILE= N'\\VMCCRMP01\ReleaseManagement\PLAT\Labels\LB7158_Plat_25.10.3_PLAT\Application\DB\MasterDB_New\CoreCredit.bak', @MDF_LOCATION = N'\\BPLDEVDB01\Prasoon_Parashar\MDF', @LDF_LOCATION = N'\\BPLDEVDB01\Prasoon_Parashar\LDF'
09/24/2025 18:56:39 —   15500 —     INFO — RestoreSQL :: TRYING TO OBTAIN THE DB CONNECTION
09/24/2025 18:56:39 —   15500 —     INFO — Server: BPLDEVDB01
09/24/2025 18:56:39 —   15500 —     INFO — DBName: PP_CoreCredit
09/24/2025 18:56:39 —   15500 —     INFO — SQL: EXEC SP_RESTOREDB_Enhanced_V4 @DB_NAME = N'PP_CoreCredit', @BACKUP_FILE= N'\\VMCCRMP01\ReleaseManagement\PLAT\Labels\LB7158_Plat_25.10.3_PLAT\Application\DB\MasterDB_New\CoreCredit.bak', @MDF_LOCATION = N'\\BPLDEVDB01\Prasoon_Parashar\MDF', @LDF_LOCATION = N'\\BPLDEVDB01\Prasoon_Parashar\LDF'
09/24/2025 18:56:39 —   15500 —     INFO — DB CONNECTION ESTABLISHED
09/24/2025 18:56:40 —   15500 —     INFO — :: DB RESTORED :: 
09/24/2025 18:56:40 —   15500 —     INFO — Running CallSQLScripts for POD: 1
09/24/2025 18:56:40 —   15500 —     INFO — FolderName: SettingUpPOD1
09/24/2025 18:56:40 —   15500 —     INFO — Path: E:\Python\DB_Operations\SettingUpPOD1
09/24/2025 18:56:40 —   15500 —     INFO — CMD: sqlcmd /S BPLDEVDB01 /d master -E -i 0_t_user_details.sql
09/24/2025 18:56:43 —   15500 —     INFO — CMD: sqlcmd /S BPLDEVDB01 /d master -E -i 1_Synonym_ALL.sql
09/24/2025 18:56:46 —   15500 —     INFO — CMD: sqlcmd /S BPLDEVDB01 /d master -E -i 2_SetEnvScripts.sql
09/24/2025 18:56:46 —   15500 —     INFO — CMD: sqlcmd /S BPLDEVDB01 /d master -E -i 3_USP_GetPSDData_Terms.sql
09/24/2025 18:56:46 —   15500 —     INFO — CMD: sqlcmd /S BPLDEVDB01 /d master -E -i 4_IncreaseDBSize.sql
09/24/2025 18:56:48 —   15500 —     INFO — CMD: sqlcmd /S BPLDEVDB01 /d master -E -i USP_AccountDetails.sql
09/24/2025 18:56:48 —   15500 —     INFO — CMD: sqlcmd /S BPLDEVDB01 /d master -E -i USP_CBAuditDetails.sql
09/24/2025 18:56:48 —   15500 —     INFO — CMD: sqlcmd /S BPLDEVDB01 /d master -E -i USP_CBAuditPSDetails.sql
09/24/2025 18:56:49 —   15500 —     INFO — CMD: sqlcmd /S BPLDEVDB01 /d master -E -i USP_CCardDetails.sql
09/24/2025 18:56:49 —   15500 —     INFO — CMD: sqlcmd /S BPLDEVDB01 /d master -E -i USP_CCardForSpecificTransactionDetails.sql
09/24/2025 18:56:49 —   15500 —     INFO — CMD: sqlcmd /S BPLDEVDB01 /d master -E -i USP_CurrentStatementDetails.sql
09/24/2025 18:56:49 —   15500 —     INFO — CMD: sqlcmd /S BPLDEVDB01 /d master -E -i USP_DelinquencyRecordsDetails.sql
09/24/2025 18:56:49 —   15500 —     INFO — CMD: sqlcmd /S BPLDEVDB01 /d master -E -i USP_InstallmentDetails.sql
09/24/2025 18:56:49 —   15500 —     INFO — CMD: sqlcmd /S BPLDEVDB01 /d master -E -i USP_PurchaseReversalRecordDetails.sql
09/24/2025 18:56:49 —   15500 —     INFO — CMD: sqlcmd /S BPLDEVDB01 /d master -E -i USP_StatementDetails.sql
09/24/2025 18:56:49 —   15500 —     INFO — EXITING CallSQLScripts
09/24/2025 18:56:49 —   15500 —     INFO — START RESTORE DB
09/24/2025 18:56:49 —   15500 —     INFO — BackupSql: BACKUP DATABASE PP_CI TO  DISK = N'\\BPLDEVDB01\Prasoon_Parashar\backup\LB7158_Plat_25.10.3_PLAT_CI.bak' WITH NOFORMAT, INIT,  NAME = N'PP_CI-Full Database Backup', SKIP, NOREWIND, NOUNLOAD,  STATS = 10
09/24/2025 18:56:49 —   15500 —     INFO — BackupSQL :: TRYING TO OBTAIN THE DB CONNECTION
09/24/2025 18:56:49 —   15500 —     INFO — Server: BPLDEVDB01
09/24/2025 18:56:49 —   15500 —     INFO — SQL: BACKUP DATABASE PP_CI TO  DISK = N'\\BPLDEVDB01\Prasoon_Parashar\backup\LB7158_Plat_25.10.3_PLAT_CI.bak' WITH NOFORMAT, INIT,  NAME = N'PP_CI-Full Database Backup', SKIP, NOREWIND, NOUNLOAD,  STATS = 10
09/24/2025 18:56:49 —   15500 —     INFO — DB CONNECTION ESTABLISHED
09/24/2025 18:56:52 —   15500 —     INFO — BackupSql: BACKUP DATABASE PP_CI_Secondary TO  DISK = N'\\BPLDEVDB01\Prasoon_Parashar\backup\LB7158_Plat_25.10.3_PLAT_CI_Secondary.bak' WITH NOFORMAT, INIT,  NAME = N'PP_CI_Secondary-Full Database Backup', SKIP, NOREWIND, NOUNLOAD,  STATS = 10
09/24/2025 18:56:52 —   15500 —     INFO — BackupSQL :: TRYING TO OBTAIN THE DB CONNECTION
09/24/2025 18:56:52 —   15500 —     INFO — Server: BPLDEVDB01
09/24/2025 18:56:52 —   15500 —     INFO — SQL: BACKUP DATABASE PP_CI_Secondary TO  DISK = N'\\BPLDEVDB01\Prasoon_Parashar\backup\LB7158_Plat_25.10.3_PLAT_CI_Secondary.bak' WITH NOFORMAT, INIT,  NAME = N'PP_CI_Secondary-Full Database Backup', SKIP, NOREWIND, NOUNLOAD,  STATS = 10
09/24/2025 18:56:52 —   15500 —     INFO — DB CONNECTION ESTABLISHED
09/24/2025 18:56:53 —   15500 —     INFO — BackupSql: BACKUP DATABASE PP_CAuth TO  DISK = N'\\BPLDEVDB01\Prasoon_Parashar\backup\LB7158_Plat_25.10.3_PLAT_CAuth.bak' WITH NOFORMAT, INIT,  NAME = N'PP_CAuth-Full Database Backup', SKIP, NOREWIND, NOUNLOAD,  STATS = 10
09/24/2025 18:56:53 —   15500 —     INFO — BackupSQL :: TRYING TO OBTAIN THE DB CONNECTION
09/24/2025 18:56:53 —   15500 —     INFO — Server: BPLDEVDB01
09/24/2025 18:56:53 —   15500 —     INFO — SQL: BACKUP DATABASE PP_CAuth TO  DISK = N'\\BPLDEVDB01\Prasoon_Parashar\backup\LB7158_Plat_25.10.3_PLAT_CAuth.bak' WITH NOFORMAT, INIT,  NAME = N'PP_CAuth-Full Database Backup', SKIP, NOREWIND, NOUNLOAD,  STATS = 10
09/24/2025 18:56:53 —   15500 —     INFO — DB CONNECTION ESTABLISHED
09/24/2025 18:56:55 —   15500 —     INFO — BackupSql: BACKUP DATABASE PP_CL TO  DISK = N'\\BPLDEVDB01\Prasoon_Parashar\backup\LB7158_Plat_25.10.3_PLAT_CL.bak' WITH NOFORMAT, INIT,  NAME = N'PP_CL-Full Database Backup', SKIP, NOREWIND, NOUNLOAD,  STATS = 10
09/24/2025 18:56:55 —   15500 —     INFO — BackupSQL :: TRYING TO OBTAIN THE DB CONNECTION
09/24/2025 18:56:55 —   15500 —     INFO — Server: BPLDEVDB01
09/24/2025 18:56:55 —   15500 —     INFO — SQL: BACKUP DATABASE PP_CL TO  DISK = N'\\BPLDEVDB01\Prasoon_Parashar\backup\LB7158_Plat_25.10.3_PLAT_CL.bak' WITH NOFORMAT, INIT,  NAME = N'PP_CL-Full Database Backup', SKIP, NOREWIND, NOUNLOAD,  STATS = 10
09/24/2025 18:56:55 —   15500 —     INFO — DB CONNECTION ESTABLISHED
09/24/2025 18:56:56 —   15500 —     INFO — BackupSql: BACKUP DATABASE PP_CC TO  DISK = N'\\BPLDEVDB01\Prasoon_Parashar\backup\LB7158_Plat_25.10.3_PLAT_CC.bak' WITH NOFORMAT, INIT,  NAME = N'PP_CC-Full Database Backup', SKIP, NOREWIND, NOUNLOAD,  STATS = 10
09/24/2025 18:56:56 —   15500 —     INFO — BackupSQL :: TRYING TO OBTAIN THE DB CONNECTION
09/24/2025 18:56:56 —   15500 —     INFO — Server: BPLDEVDB01
09/24/2025 18:56:56 —   15500 —     INFO — SQL: BACKUP DATABASE PP_CC TO  DISK = N'\\BPLDEVDB01\Prasoon_Parashar\backup\LB7158_Plat_25.10.3_PLAT_CC.bak' WITH NOFORMAT, INIT,  NAME = N'PP_CC-Full Database Backup', SKIP, NOREWIND, NOUNLOAD,  STATS = 10
09/24/2025 18:56:56 —   15500 —     INFO — DB CONNECTION ESTABLISHED
09/24/2025 18:56:57 —   15500 —     INFO — BackupSql: BACKUP DATABASE PP_CoreApp TO  DISK = N'\\BPLDEVDB01\Prasoon_Parashar\backup\LB7158_Plat_25.10.3_PLAT_CoreApp.bak' WITH NOFORMAT, INIT,  NAME = N'PP_CoreApp-Full Database Backup', SKIP, NOREWIND, NOUNLOAD,  STATS = 10
09/24/2025 18:56:57 —   15500 —     INFO — BackupSQL :: TRYING TO OBTAIN THE DB CONNECTION
09/24/2025 18:56:57 —   15500 —     INFO — Server: BPLDEVDB01
09/24/2025 18:56:57 —   15500 —     INFO — SQL: BACKUP DATABASE PP_CoreApp TO  DISK = N'\\BPLDEVDB01\Prasoon_Parashar\backup\LB7158_Plat_25.10.3_PLAT_CoreApp.bak' WITH NOFORMAT, INIT,  NAME = N'PP_CoreApp-Full Database Backup', SKIP, NOREWIND, NOUNLOAD,  STATS = 10
09/24/2025 18:56:57 —   15500 —     INFO — DB CONNECTION ESTABLISHED
09/24/2025 18:56:58 —   15500 —     INFO — BackupSql: BACKUP DATABASE PP_CoreCredit TO  DISK = N'\\BPLDEVDB01\Prasoon_Parashar\backup\LB7158_Plat_25.10.3_PLAT_CoreCredit.bak' WITH NOFORMAT, INIT,  NAME = N'PP_CoreCredit-Full Database Backup', SKIP, NOREWIND, NOUNLOAD,  STATS = 10
09/24/2025 18:56:58 —   15500 —     INFO — BackupSQL :: TRYING TO OBTAIN THE DB CONNECTION
09/24/2025 18:56:58 —   15500 —     INFO — Server: BPLDEVDB01
09/24/2025 18:56:58 —   15500 —     INFO — SQL: BACKUP DATABASE PP_CoreCredit TO  DISK = N'\\BPLDEVDB01\Prasoon_Parashar\backup\LB7158_Plat_25.10.3_PLAT_CoreCredit.bak' WITH NOFORMAT, INIT,  NAME = N'PP_CoreCredit-Full Database Backup', SKIP, NOREWIND, NOUNLOAD,  STATS = 10
09/24/2025 18:56:58 —   15500 —     INFO — DB CONNECTION ESTABLISHED
09/24/2025 18:56:59 —   15500 —     INFO — :: DB BACKED UP :: 
