06/18/2025 16:05:53 —   10060 —     INFO — PROCESS STARTS
06/18/2025 16:05:56 —   10060 —     INFO — LabelPath: \\VMCCRMP01\ReleaseManagement\PLAT\Labels\LB7065_Plat_25.8_PLAT\Application\DSL
06/18/2025 16:06:00 —   10060 —     INFO — SELECTED VALUE:: 3
06/18/2025 16:06:02 —   10060 —     INFO — SELECTED VALUE:: 1
06/18/2025 16:06:02 —   10060 —     INFO — LabelPath: \\VMCCRMP01\ReleaseManagement\PLAT\Labels\LB7065_Plat_25.8_PLAT\Application\DSL
06/18/2025 16:06:02 —   10060 —     INFO — LabelPath: \\VMCCRMP01\ReleaseManagement\PLAT\Labels\LB7065_Plat_25.8_PLAT\Application\DSL
06/18/2025 16:06:02 —   10060 —     INFO — PathToCopyDSL: D:\ApplicationSetup\DSLMaster\LB7065_Plat_25.8_PLAT
06/18/2025 16:06:02 —   10060 —     INFO — Directory 'D:\ApplicationSetup\DSLMaster\LB7065_Plat_25.8_PLAT' created
06/18/2025 16:06:02 —   10060 —     INFO — FromPath: \\VMCCRMP01\ReleaseManagement\PLAT\Labels\LB7065_Plat_25.8_PLAT\Application\DSL
06/18/2025 16:06:02 —   10060 —     INFO — ToPath: D:\ApplicationSetup\DSLMaster\LB7065_Plat_25.8_PLAT
06/18/2025 16:06:02 —   10060 —     INFO — CopyScript :: XCopy "\\VMCCRMP01\ReleaseManagement\PLAT\Labels\LB7065_Plat_25.8_PLAT\Application\DSL" "D:\ApplicationSetup\DSLMaster\LB7065_Plat_25.8_PLAT" /E /H /C /I
06/18/2025 16:07:25 —   10060 —     INFO — DSLs copied successfully
06/18/2025 16:07:25 —   10060 —     INFO — Environment for DSL being copied: POD1
06/18/2025 16:07:26 —   10060 —     INFO — FromPath: D:\ApplicationSetup\POD1\DBBSetup\DSLs\CI
06/18/2025 16:07:26 —   10060 —     INFO — ToPath: D:\ApplicationSetup\POD1\DBBSetup\DSLs\Backup
06/18/2025 16:07:26 —   10060 —     INFO — DSLs moved successfully
06/18/2025 16:07:26 —   10060 —     INFO — FromPath: D:\ApplicationSetup\POD1\DBBSetup\DSLs\CoreAuth
06/18/2025 16:07:26 —   10060 —     INFO — ToPath: D:\ApplicationSetup\POD1\DBBSetup\DSLs\Backup
06/18/2025 16:07:26 —   10060 —     INFO — DSLs moved successfully
06/18/2025 16:07:26 —   10060 —     INFO — FromPath: D:\ApplicationSetup\POD1\DBBSetup\DSLs\CoreCollect
06/18/2025 16:07:26 —   10060 —     INFO — ToPath: D:\ApplicationSetup\POD1\DBBSetup\DSLs\Backup
06/18/2025 16:07:26 —   10060 —     INFO — Directory does not exists, FromPath :: D:\ApplicationSetup\POD1\DBBSetup\DSLs\CoreCollect
06/18/2025 16:07:26 —   10060 —     INFO — FromPath: D:\ApplicationSetup\POD1\DBBSetup\DSLs\CoreApp
06/18/2025 16:07:26 —   10060 —     INFO — ToPath: D:\ApplicationSetup\POD1\DBBSetup\DSLs\Backup
06/18/2025 16:07:26 —   10060 —     INFO — Directory does not exists, FromPath :: D:\ApplicationSetup\POD1\DBBSetup\DSLs\CoreApp
06/18/2025 16:07:26 —   10060 —     INFO — FromPath: D:\ApplicationSetup\POD1\DBBSetup\DSLs\Modularization
06/18/2025 16:07:26 —   10060 —     INFO — ToPath: D:\ApplicationSetup\POD1\DBBSetup\DSLs\Backup
06/18/2025 16:07:31 —   10060 —     INFO — DSLs moved successfully
06/18/2025 16:07:31 —   10060 —     INFO — FromPath: D:\ApplicationSetup\DSLMaster\LB7065_Plat_25.8_PLAT
06/18/2025 16:07:31 —   10060 —     INFO — ToPath: D:\ApplicationSetup\POD1\DBBSetup\DSLs
06/18/2025 16:07:31 —   10060 —     INFO — CopyScript :: XCopy "D:\ApplicationSetup\DSLMaster\LB7065_Plat_25.8_PLAT" "D:\ApplicationSetup\POD1\DBBSetup\DSLs" /E /H /C /I
06/18/2025 16:07:35 —   10060 —     INFO — DSLs copied successfully
06/18/2025 16:07:35 —   10060 —     INFO — START RESTORE DB
06/18/2025 16:07:35 —   10060 —     INFO — Running CallSQLScripts from FolderName: SettingUpPOD1\BeforeDBRestore
06/18/2025 16:07:35 —   10060 —     INFO — Path: E:\Python\DB_Operations\SettingUpPOD1\BeforeDBRestore
06/18/2025 16:07:35 —   10060 —     INFO — CMD: sqlcmd /S BPLDEVDB01 /d master -E -i 0_t_user_details.sql
06/18/2025 16:07:41 —   10060 —     INFO — CMD: sqlcmd /S BPLDEVDB01 /d master -E -i KillAll.sql
06/18/2025 16:07:42 —   10060 —     INFO — EXITING CallSQLScripts
06/18/2025 16:07:42 —   10060 —     INFO — START GetEnhancedSQL DB: PP_CI
06/18/2025 16:07:42 —   10060 —     INFO — Restore: EXEC SP_RESTOREDB_Enhanced_V4 @DB_NAME = N'PP_CI', @BACKUP_FILE= N'\\VMCCRMP01\ReleaseManagement\PLAT\Labels\LB7065_Plat_25.8_PLAT\Application\DB\MasterDB_New\CI.bak', @MDF_LOCATION = N'\\BPLDEVDB01\Prasoon_Parashar\MDF', @LDF_LOCATION = N'\\BPLDEVDB01\Prasoon_Parashar\LDF'
06/18/2025 16:07:42 —   10060 —     INFO — RestoreSQL :: TRYING TO OBTAIN THE DB CONNECTION
06/18/2025 16:07:42 —   10060 —     INFO — Server: BPLDEVDB01
06/18/2025 16:07:42 —   10060 —     INFO — DBName: PP_CI
06/18/2025 16:07:42 —   10060 —     INFO — SQL: EXEC SP_RESTOREDB_Enhanced_V4 @DB_NAME = N'PP_CI', @BACKUP_FILE= N'\\VMCCRMP01\ReleaseManagement\PLAT\Labels\LB7065_Plat_25.8_PLAT\Application\DB\MasterDB_New\CI.bak', @MDF_LOCATION = N'\\BPLDEVDB01\Prasoon_Parashar\MDF', @LDF_LOCATION = N'\\BPLDEVDB01\Prasoon_Parashar\LDF'
06/18/2025 16:07:42 —   10060 —     INFO — DB CONNECTION ESTABLISHED
06/18/2025 16:07:51 —   10060 —     INFO — START GetEnhancedSQL DB: PP_CI_Secondary
06/18/2025 16:07:51 —   10060 —     INFO — Restore: EXEC SP_RESTOREDB_Enhanced_V4 @DB_NAME = N'PP_CI_Secondary', @BACKUP_FILE= N'\\VMCCRMP01\ReleaseManagement\PLAT\Labels\LB7065_Plat_25.8_PLAT\Application\DB\MasterDB_New\CI_Secondary.bak', @MDF_LOCATION = N'\\BPLDEVDB01\Prasoon_Parashar\MDF', @LDF_LOCATION = N'\\BPLDEVDB01\Prasoon_Parashar\LDF'
06/18/2025 16:07:51 —   10060 —     INFO — RestoreSQL :: TRYING TO OBTAIN THE DB CONNECTION
06/18/2025 16:07:51 —   10060 —     INFO — Server: BPLDEVDB01
06/18/2025 16:07:51 —   10060 —     INFO — DBName: PP_CI_Secondary
06/18/2025 16:07:51 —   10060 —     INFO — SQL: EXEC SP_RESTOREDB_Enhanced_V4 @DB_NAME = N'PP_CI_Secondary', @BACKUP_FILE= N'\\VMCCRMP01\ReleaseManagement\PLAT\Labels\LB7065_Plat_25.8_PLAT\Application\DB\MasterDB_New\CI_Secondary.bak', @MDF_LOCATION = N'\\BPLDEVDB01\Prasoon_Parashar\MDF', @LDF_LOCATION = N'\\BPLDEVDB01\Prasoon_Parashar\LDF'
06/18/2025 16:07:51 —   10060 —     INFO — DB CONNECTION ESTABLISHED
06/18/2025 16:07:55 —   10060 —     INFO — START GetEnhancedSQL DB: PP_CAuth
06/18/2025 16:07:55 —   10060 —     INFO — Restore: EXEC SP_RESTOREDB_Enhanced_V4 @DB_NAME = N'PP_CAuth', @BACKUP_FILE= N'\\VMCCRMP01\ReleaseManagement\PLAT\Labels\LB7065_Plat_25.8_PLAT\Application\DB\MasterDB_New\CAuth.bak', @MDF_LOCATION = N'\\BPLDEVDB01\Prasoon_Parashar\MDF', @LDF_LOCATION = N'\\BPLDEVDB01\Prasoon_Parashar\LDF'
06/18/2025 16:07:55 —   10060 —     INFO — RestoreSQL :: TRYING TO OBTAIN THE DB CONNECTION
06/18/2025 16:07:55 —   10060 —     INFO — Server: BPLDEVDB01
06/18/2025 16:07:55 —   10060 —     INFO — DBName: PP_CAuth
06/18/2025 16:07:55 —   10060 —     INFO — SQL: EXEC SP_RESTOREDB_Enhanced_V4 @DB_NAME = N'PP_CAuth', @BACKUP_FILE= N'\\VMCCRMP01\ReleaseManagement\PLAT\Labels\LB7065_Plat_25.8_PLAT\Application\DB\MasterDB_New\CAuth.bak', @MDF_LOCATION = N'\\BPLDEVDB01\Prasoon_Parashar\MDF', @LDF_LOCATION = N'\\BPLDEVDB01\Prasoon_Parashar\LDF'
06/18/2025 16:07:55 —   10060 —     INFO — DB CONNECTION ESTABLISHED
06/18/2025 16:07:58 —   10060 —     INFO — START GetEnhancedSQL DB: PP_CC
06/18/2025 16:07:58 —   10060 —     INFO — Restore: EXEC SP_RESTOREDB_Enhanced_V4 @DB_NAME = N'PP_CC', @BACKUP_FILE= N'\\VMCCRMP01\ReleaseManagement\PLAT\Labels\LB7065_Plat_25.8_PLAT\Application\DB\MasterDB_New\CC.bak', @MDF_LOCATION = N'\\BPLDEVDB01\Prasoon_Parashar\MDF', @LDF_LOCATION = N'\\BPLDEVDB01\Prasoon_Parashar\LDF'
06/18/2025 16:07:58 —   10060 —     INFO — RestoreSQL :: TRYING TO OBTAIN THE DB CONNECTION
06/18/2025 16:07:58 —   10060 —     INFO — Server: BPLDEVDB01
06/18/2025 16:07:58 —   10060 —     INFO — DBName: PP_CC
06/18/2025 16:07:58 —   10060 —     INFO — SQL: EXEC SP_RESTOREDB_Enhanced_V4 @DB_NAME = N'PP_CC', @BACKUP_FILE= N'\\VMCCRMP01\ReleaseManagement\PLAT\Labels\LB7065_Plat_25.8_PLAT\Application\DB\MasterDB_New\CC.bak', @MDF_LOCATION = N'\\BPLDEVDB01\Prasoon_Parashar\MDF', @LDF_LOCATION = N'\\BPLDEVDB01\Prasoon_Parashar\LDF'
06/18/2025 16:07:58 —   10060 —     INFO — DB CONNECTION ESTABLISHED
06/18/2025 16:08:00 —   10060 —     INFO — START GetEnhancedSQL DB: PP_CL
06/18/2025 16:08:00 —   10060 —     INFO — Restore: EXEC SP_RESTOREDB_Enhanced_V4 @DB_NAME = N'PP_CL', @BACKUP_FILE= N'\\VMCCRMP01\ReleaseManagement\PLAT\Labels\LB7065_Plat_25.8_PLAT\Application\DB\MasterDB_New\CL.bak', @MDF_LOCATION = N'\\BPLDEVDB01\Prasoon_Parashar\MDF', @LDF_LOCATION = N'\\BPLDEVDB01\Prasoon_Parashar\LDF'
06/18/2025 16:08:00 —   10060 —     INFO — RestoreSQL :: TRYING TO OBTAIN THE DB CONNECTION
06/18/2025 16:08:00 —   10060 —     INFO — Server: BPLDEVDB01
06/18/2025 16:08:00 —   10060 —     INFO — DBName: PP_CL
06/18/2025 16:08:00 —   10060 —     INFO — SQL: EXEC SP_RESTOREDB_Enhanced_V4 @DB_NAME = N'PP_CL', @BACKUP_FILE= N'\\VMCCRMP01\ReleaseManagement\PLAT\Labels\LB7065_Plat_25.8_PLAT\Application\DB\MasterDB_New\CL.bak', @MDF_LOCATION = N'\\BPLDEVDB01\Prasoon_Parashar\MDF', @LDF_LOCATION = N'\\BPLDEVDB01\Prasoon_Parashar\LDF'
06/18/2025 16:08:00 —   10060 —     INFO — DB CONNECTION ESTABLISHED
06/18/2025 16:08:02 —   10060 —     INFO — START GetEnhancedSQL DB: PP_CoreApp
06/18/2025 16:08:02 —   10060 —     INFO — Restore: EXEC SP_RESTOREDB_Enhanced_V4 @DB_NAME = N'PP_CoreApp', @BACKUP_FILE= N'\\VMCCRMP01\ReleaseManagement\PLAT\Labels\LB7065_Plat_25.8_PLAT\Application\DB\MasterDB_New\CoreApp.bak', @MDF_LOCATION = N'\\BPLDEVDB01\Prasoon_Parashar\MDF', @LDF_LOCATION = N'\\BPLDEVDB01\Prasoon_Parashar\LDF'
06/18/2025 16:08:02 —   10060 —     INFO — RestoreSQL :: TRYING TO OBTAIN THE DB CONNECTION
06/18/2025 16:08:02 —   10060 —     INFO — Server: BPLDEVDB01
06/18/2025 16:08:02 —   10060 —     INFO — DBName: PP_CoreApp
06/18/2025 16:08:02 —   10060 —     INFO — SQL: EXEC SP_RESTOREDB_Enhanced_V4 @DB_NAME = N'PP_CoreApp', @BACKUP_FILE= N'\\VMCCRMP01\ReleaseManagement\PLAT\Labels\LB7065_Plat_25.8_PLAT\Application\DB\MasterDB_New\CoreApp.bak', @MDF_LOCATION = N'\\BPLDEVDB01\Prasoon_Parashar\MDF', @LDF_LOCATION = N'\\BPLDEVDB01\Prasoon_Parashar\LDF'
06/18/2025 16:08:02 —   10060 —     INFO — DB CONNECTION ESTABLISHED
06/18/2025 16:08:04 —   10060 —     INFO — START GetEnhancedSQL DB: PP_CoreCredit
06/18/2025 16:08:04 —   10060 —     INFO — Restore: EXEC SP_RESTOREDB_Enhanced_V4 @DB_NAME = N'PP_CoreCredit', @BACKUP_FILE= N'\\VMCCRMP01\ReleaseManagement\PLAT\Labels\LB7065_Plat_25.8_PLAT\Application\DB\MasterDB_New\CoreCredit.bak', @MDF_LOCATION = N'\\BPLDEVDB01\Prasoon_Parashar\MDF', @LDF_LOCATION = N'\\BPLDEVDB01\Prasoon_Parashar\LDF'
06/18/2025 16:08:04 —   10060 —     INFO — RestoreSQL :: TRYING TO OBTAIN THE DB CONNECTION
06/18/2025 16:08:04 —   10060 —     INFO — Server: BPLDEVDB01
06/18/2025 16:08:04 —   10060 —     INFO — DBName: PP_CoreCredit
06/18/2025 16:08:04 —   10060 —     INFO — SQL: EXEC SP_RESTOREDB_Enhanced_V4 @DB_NAME = N'PP_CoreCredit', @BACKUP_FILE= N'\\VMCCRMP01\ReleaseManagement\PLAT\Labels\LB7065_Plat_25.8_PLAT\Application\DB\MasterDB_New\CoreCredit.bak', @MDF_LOCATION = N'\\BPLDEVDB01\Prasoon_Parashar\MDF', @LDF_LOCATION = N'\\BPLDEVDB01\Prasoon_Parashar\LDF'
06/18/2025 16:08:04 —   10060 —     INFO — DB CONNECTION ESTABLISHED
06/18/2025 16:08:06 —   10060 —     INFO — :: DB RESTORED :: 
06/18/2025 16:08:06 —   10060 —     INFO — Running CallSQLScripts for POD: 1
06/18/2025 16:08:06 —   10060 —     INFO — FolderName: SettingUpPOD1
06/18/2025 16:08:06 —   10060 —     INFO — Path: E:\Python\DB_Operations\SettingUpPOD1
06/18/2025 16:08:06 —   10060 —     INFO — CMD: sqlcmd /S BPLDEVDB01 /d master -E -i 0_t_user_details.sql
06/18/2025 16:08:08 —   10060 —     INFO — CMD: sqlcmd /S BPLDEVDB01 /d master -E -i 1_Synonym_ALL.sql
06/18/2025 16:08:12 —   10060 —     INFO — CMD: sqlcmd /S BPLDEVDB01 /d master -E -i 2_SetEnvScripts.sql
06/18/2025 16:08:12 —   10060 —     INFO — CMD: sqlcmd /S BPLDEVDB01 /d master -E -i 3_USP_GetPSDData_Terms.sql
06/18/2025 16:08:12 —   10060 —     INFO — CMD: sqlcmd /S BPLDEVDB01 /d master -E -i 4_IncreaseDBSize.sql
06/18/2025 16:08:12 —   10060 —     INFO — CMD: sqlcmd /S BPLDEVDB01 /d master -E -i USP_AccountDetails.sql
06/18/2025 16:08:12 —   10060 —     INFO — CMD: sqlcmd /S BPLDEVDB01 /d master -E -i USP_CBAuditDetails.sql
06/18/2025 16:08:12 —   10060 —     INFO — CMD: sqlcmd /S BPLDEVDB01 /d master -E -i USP_CBAuditPSDetails.sql
06/18/2025 16:08:12 —   10060 —     INFO — CMD: sqlcmd /S BPLDEVDB01 /d master -E -i USP_CCardDetails.sql
06/18/2025 16:08:13 —   10060 —     INFO — CMD: sqlcmd /S BPLDEVDB01 /d master -E -i USP_CCardForSpecificTransactionDetails.sql
06/18/2025 16:08:13 —   10060 —     INFO — CMD: sqlcmd /S BPLDEVDB01 /d master -E -i USP_CurrentStatementDetails.sql
06/18/2025 16:08:13 —   10060 —     INFO — CMD: sqlcmd /S BPLDEVDB01 /d master -E -i USP_DelinquencyRecordsDetails.sql
06/18/2025 16:08:13 —   10060 —     INFO — CMD: sqlcmd /S BPLDEVDB01 /d master -E -i USP_InstallmentDetails.sql
06/18/2025 16:08:13 —   10060 —     INFO — CMD: sqlcmd /S BPLDEVDB01 /d master -E -i USP_PurchaseReversalRecordDetails.sql
06/18/2025 16:08:13 —   10060 —     INFO — CMD: sqlcmd /S BPLDEVDB01 /d master -E -i USP_StatementDetails.sql
06/18/2025 16:08:13 —   10060 —     INFO — EXITING CallSQLScripts
06/18/2025 16:08:13 —   10060 —     INFO — START RESTORE DB
06/18/2025 16:08:13 —   10060 —     INFO — BackupSql: BACKUP DATABASE PP_CI TO  DISK = N'\\BPLDEVDB01\Prasoon_Parashar\backup\LB7065_Plat_25.8_PLAT_CI.bak' WITH NOFORMAT, INIT,  NAME = N'PP_CI-Full Database Backup', SKIP, NOREWIND, NOUNLOAD,  STATS = 10
06/18/2025 16:08:13 —   10060 —     INFO — BackupSQL :: TRYING TO OBTAIN THE DB CONNECTION
06/18/2025 16:08:13 —   10060 —     INFO — Server: BPLDEVDB01
06/18/2025 16:08:13 —   10060 —     INFO — SQL: BACKUP DATABASE PP_CI TO  DISK = N'\\BPLDEVDB01\Prasoon_Parashar\backup\LB7065_Plat_25.8_PLAT_CI.bak' WITH NOFORMAT, INIT,  NAME = N'PP_CI-Full Database Backup', SKIP, NOREWIND, NOUNLOAD,  STATS = 10
06/18/2025 16:08:13 —   10060 —     INFO — DB CONNECTION ESTABLISHED
06/18/2025 16:08:16 —   10060 —     INFO — BackupSql: BACKUP DATABASE PP_CI_Secondary TO  DISK = N'\\BPLDEVDB01\Prasoon_Parashar\backup\LB7065_Plat_25.8_PLAT_CI_Secondary.bak' WITH NOFORMAT, INIT,  NAME = N'PP_CI_Secondary-Full Database Backup', SKIP, NOREWIND, NOUNLOAD,  STATS = 10
06/18/2025 16:08:16 —   10060 —     INFO — BackupSQL :: TRYING TO OBTAIN THE DB CONNECTION
06/18/2025 16:08:16 —   10060 —     INFO — Server: BPLDEVDB01
06/18/2025 16:08:16 —   10060 —     INFO — SQL: BACKUP DATABASE PP_CI_Secondary TO  DISK = N'\\BPLDEVDB01\Prasoon_Parashar\backup\LB7065_Plat_25.8_PLAT_CI_Secondary.bak' WITH NOFORMAT, INIT,  NAME = N'PP_CI_Secondary-Full Database Backup', SKIP, NOREWIND, NOUNLOAD,  STATS = 10
06/18/2025 16:08:16 —   10060 —     INFO — DB CONNECTION ESTABLISHED
06/18/2025 16:08:17 —   10060 —     INFO — BackupSql: BACKUP DATABASE PP_CAuth TO  DISK = N'\\BPLDEVDB01\Prasoon_Parashar\backup\LB7065_Plat_25.8_PLAT_CAuth.bak' WITH NOFORMAT, INIT,  NAME = N'PP_CAuth-Full Database Backup', SKIP, NOREWIND, NOUNLOAD,  STATS = 10
06/18/2025 16:08:17 —   10060 —     INFO — BackupSQL :: TRYING TO OBTAIN THE DB CONNECTION
06/18/2025 16:08:17 —   10060 —     INFO — Server: BPLDEVDB01
06/18/2025 16:08:17 —   10060 —     INFO — SQL: BACKUP DATABASE PP_CAuth TO  DISK = N'\\BPLDEVDB01\Prasoon_Parashar\backup\LB7065_Plat_25.8_PLAT_CAuth.bak' WITH NOFORMAT, INIT,  NAME = N'PP_CAuth-Full Database Backup', SKIP, NOREWIND, NOUNLOAD,  STATS = 10
06/18/2025 16:08:17 —   10060 —     INFO — DB CONNECTION ESTABLISHED
06/18/2025 16:08:18 —   10060 —     INFO — BackupSql: BACKUP DATABASE PP_CL TO  DISK = N'\\BPLDEVDB01\Prasoon_Parashar\backup\LB7065_Plat_25.8_PLAT_CL.bak' WITH NOFORMAT, INIT,  NAME = N'PP_CL-Full Database Backup', SKIP, NOREWIND, NOUNLOAD,  STATS = 10
06/18/2025 16:08:18 —   10060 —     INFO — BackupSQL :: TRYING TO OBTAIN THE DB CONNECTION
06/18/2025 16:08:18 —   10060 —     INFO — Server: BPLDEVDB01
06/18/2025 16:08:18 —   10060 —     INFO — SQL: BACKUP DATABASE PP_CL TO  DISK = N'\\BPLDEVDB01\Prasoon_Parashar\backup\LB7065_Plat_25.8_PLAT_CL.bak' WITH NOFORMAT, INIT,  NAME = N'PP_CL-Full Database Backup', SKIP, NOREWIND, NOUNLOAD,  STATS = 10
06/18/2025 16:08:18 —   10060 —     INFO — DB CONNECTION ESTABLISHED
06/18/2025 16:08:19 —   10060 —     INFO — BackupSql: BACKUP DATABASE PP_CC TO  DISK = N'\\BPLDEVDB01\Prasoon_Parashar\backup\LB7065_Plat_25.8_PLAT_CC.bak' WITH NOFORMAT, INIT,  NAME = N'PP_CC-Full Database Backup', SKIP, NOREWIND, NOUNLOAD,  STATS = 10
06/18/2025 16:08:19 —   10060 —     INFO — BackupSQL :: TRYING TO OBTAIN THE DB CONNECTION
06/18/2025 16:08:19 —   10060 —     INFO — Server: BPLDEVDB01
06/18/2025 16:08:19 —   10060 —     INFO — SQL: BACKUP DATABASE PP_CC TO  DISK = N'\\BPLDEVDB01\Prasoon_Parashar\backup\LB7065_Plat_25.8_PLAT_CC.bak' WITH NOFORMAT, INIT,  NAME = N'PP_CC-Full Database Backup', SKIP, NOREWIND, NOUNLOAD,  STATS = 10
06/18/2025 16:08:19 —   10060 —     INFO — DB CONNECTION ESTABLISHED
06/18/2025 16:08:20 —   10060 —     INFO — BackupSql: BACKUP DATABASE PP_CoreApp TO  DISK = N'\\BPLDEVDB01\Prasoon_Parashar\backup\LB7065_Plat_25.8_PLAT_CoreApp.bak' WITH NOFORMAT, INIT,  NAME = N'PP_CoreApp-Full Database Backup', SKIP, NOREWIND, NOUNLOAD,  STATS = 10
06/18/2025 16:08:20 —   10060 —     INFO — BackupSQL :: TRYING TO OBTAIN THE DB CONNECTION
06/18/2025 16:08:20 —   10060 —     INFO — Server: BPLDEVDB01
06/18/2025 16:08:20 —   10060 —     INFO — SQL: BACKUP DATABASE PP_CoreApp TO  DISK = N'\\BPLDEVDB01\Prasoon_Parashar\backup\LB7065_Plat_25.8_PLAT_CoreApp.bak' WITH NOFORMAT, INIT,  NAME = N'PP_CoreApp-Full Database Backup', SKIP, NOREWIND, NOUNLOAD,  STATS = 10
06/18/2025 16:08:20 —   10060 —     INFO — DB CONNECTION ESTABLISHED
06/18/2025 16:08:21 —   10060 —     INFO — BackupSql: BACKUP DATABASE PP_CoreCredit TO  DISK = N'\\BPLDEVDB01\Prasoon_Parashar\backup\LB7065_Plat_25.8_PLAT_CoreCredit.bak' WITH NOFORMAT, INIT,  NAME = N'PP_CoreCredit-Full Database Backup', SKIP, NOREWIND, NOUNLOAD,  STATS = 10
06/18/2025 16:08:21 —   10060 —     INFO — BackupSQL :: TRYING TO OBTAIN THE DB CONNECTION
06/18/2025 16:08:21 —   10060 —     INFO — Server: BPLDEVDB01
06/18/2025 16:08:21 —   10060 —     INFO — SQL: BACKUP DATABASE PP_CoreCredit TO  DISK = N'\\BPLDEVDB01\Prasoon_Parashar\backup\LB7065_Plat_25.8_PLAT_CoreCredit.bak' WITH NOFORMAT, INIT,  NAME = N'PP_CoreCredit-Full Database Backup', SKIP, NOREWIND, NOUNLOAD,  STATS = 10
06/18/2025 16:08:21 —   10060 —     INFO — DB CONNECTION ESTABLISHED
06/18/2025 16:08:22 —   10060 —     INFO — :: DB BACKED UP :: 
06/18/2025 16:10:51 —   10060 —     INFO — ALL PROCESSES DONE. EXITING...: 
