07/29/2025 16:55:15 —   16228 —     INFO — PROCESS STARTS
07/29/2025 16:55:17 —   16228 —     INFO — LabelPath: \\VMCCRMP01\ReleaseManagement\PLAT\Labels\LB7099_Plat_25.8.3_PLAT\Application\DSL
07/29/2025 16:55:18 —   16228 —     INFO — SELECTED VALUE:: 2
07/29/2025 16:55:20 —   16228 —     INFO — SELECTED VALUE:: 1
07/29/2025 16:55:20 —   16228 —     INFO — START RESTORE DB
07/29/2025 16:55:20 —   16228 —     INFO — Running CallSQLScripts from FolderName: SettingUpPOD1\BeforeDBRestore
07/29/2025 16:55:20 —   16228 —     INFO — Path: E:\Python\DB_Operations\SettingUpPOD1\BeforeDBRestore
07/29/2025 16:55:20 —   16228 —     INFO — CMD: sqlcmd /S BPLDEVDB01 /d master -E -i 0_t_user_details.sql
07/29/2025 16:55:25 —   16228 —     INFO — CMD: sqlcmd /S BPLDEVDB01 /d master -E -i KillAll.sql
07/29/2025 16:55:26 —   16228 —     INFO — EXITING CallSQLScripts
07/29/2025 16:55:26 —   16228 —     INFO — START GetEnhancedSQL DB: PP_CI
07/29/2025 16:55:26 —   16228 —     INFO — Restore: EXEC SP_RESTOREDB_Enhanced_V4 @DB_NAME = N'PP_CI', @BACKUP_FILE= N'\\VMCCRMP01\ReleaseManagement\PLAT\Labels\LB7099_Plat_25.8.3_PLAT\Application\DB\MasterDB_New\CI.bak', @MDF_LOCATION = N'\\BPLDEVDB01\Prasoon_Parashar\MDF', @LDF_LOCATION = N'\\BPLDEVDB01\Prasoon_Parashar\LDF'
07/29/2025 16:55:26 —   16228 —     INFO — RestoreSQL :: TRYING TO OBTAIN THE DB CONNECTION
07/29/2025 16:55:26 —   16228 —     INFO — Server: BPLDEVDB01
07/29/2025 16:55:26 —   16228 —     INFO — DBName: PP_CI
07/29/2025 16:55:26 —   16228 —     INFO — SQL: EXEC SP_RESTOREDB_Enhanced_V4 @DB_NAME = N'PP_CI', @BACKUP_FILE= N'\\VMCCRMP01\ReleaseManagement\PLAT\Labels\LB7099_Plat_25.8.3_PLAT\Application\DB\MasterDB_New\CI.bak', @MDF_LOCATION = N'\\BPLDEVDB01\Prasoon_Parashar\MDF', @LDF_LOCATION = N'\\BPLDEVDB01\Prasoon_Parashar\LDF'
07/29/2025 16:55:26 —   16228 —     INFO — DB CONNECTION ESTABLISHED
07/29/2025 16:55:31 —   16228 —     INFO — START GetEnhancedSQL DB: PP_CI_Secondary
07/29/2025 16:55:31 —   16228 —     INFO — Restore: EXEC SP_RESTOREDB_Enhanced_V4 @DB_NAME = N'PP_CI_Secondary', @BACKUP_FILE= N'\\VMCCRMP01\ReleaseManagement\PLAT\Labels\LB7099_Plat_25.8.3_PLAT\Application\DB\MasterDB_New\CI_Secondary.bak', @MDF_LOCATION = N'\\BPLDEVDB01\Prasoon_Parashar\MDF', @LDF_LOCATION = N'\\BPLDEVDB01\Prasoon_Parashar\LDF'
07/29/2025 16:55:31 —   16228 —     INFO — RestoreSQL :: TRYING TO OBTAIN THE DB CONNECTION
07/29/2025 16:55:31 —   16228 —     INFO — Server: BPLDEVDB01
07/29/2025 16:55:31 —   16228 —     INFO — DBName: PP_CI_Secondary
07/29/2025 16:55:31 —   16228 —     INFO — SQL: EXEC SP_RESTOREDB_Enhanced_V4 @DB_NAME = N'PP_CI_Secondary', @BACKUP_FILE= N'\\VMCCRMP01\ReleaseManagement\PLAT\Labels\LB7099_Plat_25.8.3_PLAT\Application\DB\MasterDB_New\CI_Secondary.bak', @MDF_LOCATION = N'\\BPLDEVDB01\Prasoon_Parashar\MDF', @LDF_LOCATION = N'\\BPLDEVDB01\Prasoon_Parashar\LDF'
07/29/2025 16:55:31 —   16228 —     INFO — DB CONNECTION ESTABLISHED
07/29/2025 16:55:34 —   16228 —     INFO — START GetEnhancedSQL DB: PP_CAuth
07/29/2025 16:55:34 —   16228 —     INFO — Restore: EXEC SP_RESTOREDB_Enhanced_V4 @DB_NAME = N'PP_CAuth', @BACKUP_FILE= N'\\VMCCRMP01\ReleaseManagement\PLAT\Labels\LB7099_Plat_25.8.3_PLAT\Application\DB\MasterDB_New\CAuth.bak', @MDF_LOCATION = N'\\BPLDEVDB01\Prasoon_Parashar\MDF', @LDF_LOCATION = N'\\BPLDEVDB01\Prasoon_Parashar\LDF'
07/29/2025 16:55:34 —   16228 —     INFO — RestoreSQL :: TRYING TO OBTAIN THE DB CONNECTION
07/29/2025 16:55:34 —   16228 —     INFO — Server: BPLDEVDB01
07/29/2025 16:55:34 —   16228 —     INFO — DBName: PP_CAuth
07/29/2025 16:55:34 —   16228 —     INFO — SQL: EXEC SP_RESTOREDB_Enhanced_V4 @DB_NAME = N'PP_CAuth', @BACKUP_FILE= N'\\VMCCRMP01\ReleaseManagement\PLAT\Labels\LB7099_Plat_25.8.3_PLAT\Application\DB\MasterDB_New\CAuth.bak', @MDF_LOCATION = N'\\BPLDEVDB01\Prasoon_Parashar\MDF', @LDF_LOCATION = N'\\BPLDEVDB01\Prasoon_Parashar\LDF'
07/29/2025 16:55:34 —   16228 —     INFO — DB CONNECTION ESTABLISHED
07/29/2025 16:55:37 —   16228 —     INFO — START GetEnhancedSQL DB: PP_CC
07/29/2025 16:55:37 —   16228 —     INFO — Restore: EXEC SP_RESTOREDB_Enhanced_V4 @DB_NAME = N'PP_CC', @BACKUP_FILE= N'\\VMCCRMP01\ReleaseManagement\PLAT\Labels\LB7099_Plat_25.8.3_PLAT\Application\DB\MasterDB_New\CC.bak', @MDF_LOCATION = N'\\BPLDEVDB01\Prasoon_Parashar\MDF', @LDF_LOCATION = N'\\BPLDEVDB01\Prasoon_Parashar\LDF'
07/29/2025 16:55:37 —   16228 —     INFO — RestoreSQL :: TRYING TO OBTAIN THE DB CONNECTION
07/29/2025 16:55:37 —   16228 —     INFO — Server: BPLDEVDB01
07/29/2025 16:55:37 —   16228 —     INFO — DBName: PP_CC
07/29/2025 16:55:37 —   16228 —     INFO — SQL: EXEC SP_RESTOREDB_Enhanced_V4 @DB_NAME = N'PP_CC', @BACKUP_FILE= N'\\VMCCRMP01\ReleaseManagement\PLAT\Labels\LB7099_Plat_25.8.3_PLAT\Application\DB\MasterDB_New\CC.bak', @MDF_LOCATION = N'\\BPLDEVDB01\Prasoon_Parashar\MDF', @LDF_LOCATION = N'\\BPLDEVDB01\Prasoon_Parashar\LDF'
07/29/2025 16:55:37 —   16228 —     INFO — DB CONNECTION ESTABLISHED
07/29/2025 16:55:39 —   16228 —     INFO — START GetEnhancedSQL DB: PP_CL
07/29/2025 16:55:39 —   16228 —     INFO — Restore: EXEC SP_RESTOREDB_Enhanced_V4 @DB_NAME = N'PP_CL', @BACKUP_FILE= N'\\VMCCRMP01\ReleaseManagement\PLAT\Labels\LB7099_Plat_25.8.3_PLAT\Application\DB\MasterDB_New\CL.bak', @MDF_LOCATION = N'\\BPLDEVDB01\Prasoon_Parashar\MDF', @LDF_LOCATION = N'\\BPLDEVDB01\Prasoon_Parashar\LDF'
07/29/2025 16:55:39 —   16228 —     INFO — RestoreSQL :: TRYING TO OBTAIN THE DB CONNECTION
07/29/2025 16:55:39 —   16228 —     INFO — Server: BPLDEVDB01
07/29/2025 16:55:39 —   16228 —     INFO — DBName: PP_CL
07/29/2025 16:55:39 —   16228 —     INFO — SQL: EXEC SP_RESTOREDB_Enhanced_V4 @DB_NAME = N'PP_CL', @BACKUP_FILE= N'\\VMCCRMP01\ReleaseManagement\PLAT\Labels\LB7099_Plat_25.8.3_PLAT\Application\DB\MasterDB_New\CL.bak', @MDF_LOCATION = N'\\BPLDEVDB01\Prasoon_Parashar\MDF', @LDF_LOCATION = N'\\BPLDEVDB01\Prasoon_Parashar\LDF'
07/29/2025 16:55:39 —   16228 —     INFO — DB CONNECTION ESTABLISHED
07/29/2025 16:55:41 —   16228 —     INFO — START GetEnhancedSQL DB: PP_CoreApp
07/29/2025 16:55:41 —   16228 —     INFO — Restore: EXEC SP_RESTOREDB_Enhanced_V4 @DB_NAME = N'PP_CoreApp', @BACKUP_FILE= N'\\VMCCRMP01\ReleaseManagement\PLAT\Labels\LB7099_Plat_25.8.3_PLAT\Application\DB\MasterDB_New\CoreApp.bak', @MDF_LOCATION = N'\\BPLDEVDB01\Prasoon_Parashar\MDF', @LDF_LOCATION = N'\\BPLDEVDB01\Prasoon_Parashar\LDF'
07/29/2025 16:55:41 —   16228 —     INFO — RestoreSQL :: TRYING TO OBTAIN THE DB CONNECTION
07/29/2025 16:55:41 —   16228 —     INFO — Server: BPLDEVDB01
07/29/2025 16:55:41 —   16228 —     INFO — DBName: PP_CoreApp
07/29/2025 16:55:41 —   16228 —     INFO — SQL: EXEC SP_RESTOREDB_Enhanced_V4 @DB_NAME = N'PP_CoreApp', @BACKUP_FILE= N'\\VMCCRMP01\ReleaseManagement\PLAT\Labels\LB7099_Plat_25.8.3_PLAT\Application\DB\MasterDB_New\CoreApp.bak', @MDF_LOCATION = N'\\BPLDEVDB01\Prasoon_Parashar\MDF', @LDF_LOCATION = N'\\BPLDEVDB01\Prasoon_Parashar\LDF'
07/29/2025 16:55:41 —   16228 —     INFO — DB CONNECTION ESTABLISHED
07/29/2025 16:55:43 —   16228 —     INFO — START GetEnhancedSQL DB: PP_CoreCredit
07/29/2025 16:55:43 —   16228 —     INFO — Restore: EXEC SP_RESTOREDB_Enhanced_V4 @DB_NAME = N'PP_CoreCredit', @BACKUP_FILE= N'\\VMCCRMP01\ReleaseManagement\PLAT\Labels\LB7099_Plat_25.8.3_PLAT\Application\DB\MasterDB_New\CoreCredit.bak', @MDF_LOCATION = N'\\BPLDEVDB01\Prasoon_Parashar\MDF', @LDF_LOCATION = N'\\BPLDEVDB01\Prasoon_Parashar\LDF'
07/29/2025 16:55:43 —   16228 —     INFO — RestoreSQL :: TRYING TO OBTAIN THE DB CONNECTION
07/29/2025 16:55:43 —   16228 —     INFO — Server: BPLDEVDB01
07/29/2025 16:55:43 —   16228 —     INFO — DBName: PP_CoreCredit
07/29/2025 16:55:43 —   16228 —     INFO — SQL: EXEC SP_RESTOREDB_Enhanced_V4 @DB_NAME = N'PP_CoreCredit', @BACKUP_FILE= N'\\VMCCRMP01\ReleaseManagement\PLAT\Labels\LB7099_Plat_25.8.3_PLAT\Application\DB\MasterDB_New\CoreCredit.bak', @MDF_LOCATION = N'\\BPLDEVDB01\Prasoon_Parashar\MDF', @LDF_LOCATION = N'\\BPLDEVDB01\Prasoon_Parashar\LDF'
07/29/2025 16:55:43 —   16228 —     INFO — DB CONNECTION ESTABLISHED
07/29/2025 16:55:45 —   16228 —     INFO — :: DB RESTORED :: 
07/29/2025 16:55:45 —   16228 —     INFO — Running CallSQLScripts for POD: 1
07/29/2025 16:55:45 —   16228 —     INFO — FolderName: SettingUpPOD1
07/29/2025 16:55:45 —   16228 —     INFO — Path: E:\Python\DB_Operations\SettingUpPOD1
07/29/2025 16:55:45 —   16228 —     INFO — CMD: sqlcmd /S BPLDEVDB01 /d master -E -i 0_t_user_details.sql
07/29/2025 16:55:47 —   16228 —     INFO — CMD: sqlcmd /S BPLDEVDB01 /d master -E -i 1_Synonym_ALL.sql
07/29/2025 16:55:50 —   16228 —     INFO — CMD: sqlcmd /S BPLDEVDB01 /d master -E -i 2_SetEnvScripts.sql
07/29/2025 16:55:50 —   16228 —     INFO — CMD: sqlcmd /S BPLDEVDB01 /d master -E -i 3_USP_GetPSDData_Terms.sql
07/29/2025 16:55:50 —   16228 —     INFO — CMD: sqlcmd /S BPLDEVDB01 /d master -E -i 4_IncreaseDBSize.sql
07/29/2025 16:55:50 —   16228 —     INFO — CMD: sqlcmd /S BPLDEVDB01 /d master -E -i USP_AccountDetails.sql
07/29/2025 16:55:50 —   16228 —     INFO — CMD: sqlcmd /S BPLDEVDB01 /d master -E -i USP_CBAuditDetails.sql
07/29/2025 16:55:50 —   16228 —     INFO — CMD: sqlcmd /S BPLDEVDB01 /d master -E -i USP_CBAuditPSDetails.sql
07/29/2025 16:55:51 —   16228 —     INFO — CMD: sqlcmd /S BPLDEVDB01 /d master -E -i USP_CCardDetails.sql
07/29/2025 16:55:51 —   16228 —     INFO — CMD: sqlcmd /S BPLDEVDB01 /d master -E -i USP_CCardForSpecificTransactionDetails.sql
07/29/2025 16:55:51 —   16228 —     INFO — CMD: sqlcmd /S BPLDEVDB01 /d master -E -i USP_CurrentStatementDetails.sql
07/29/2025 16:55:51 —   16228 —     INFO — CMD: sqlcmd /S BPLDEVDB01 /d master -E -i USP_DelinquencyRecordsDetails.sql
07/29/2025 16:55:51 —   16228 —     INFO — CMD: sqlcmd /S BPLDEVDB01 /d master -E -i USP_InstallmentDetails.sql
07/29/2025 16:55:51 —   16228 —     INFO — CMD: sqlcmd /S BPLDEVDB01 /d master -E -i USP_PurchaseReversalRecordDetails.sql
07/29/2025 16:55:51 —   16228 —     INFO — CMD: sqlcmd /S BPLDEVDB01 /d master -E -i USP_StatementDetails.sql
07/29/2025 16:55:51 —   16228 —     INFO — EXITING CallSQLScripts
07/29/2025 16:55:51 —   16228 —     INFO — START RESTORE DB
07/29/2025 16:55:51 —   16228 —     INFO — BackupSql: BACKUP DATABASE PP_CI TO  DISK = N'\\BPLDEVDB01\Prasoon_Parashar\backup\LB7099_Plat_25.8.3_PLAT_CI.bak' WITH NOFORMAT, INIT,  NAME = N'PP_CI-Full Database Backup', SKIP, NOREWIND, NOUNLOAD,  STATS = 10
07/29/2025 16:55:51 —   16228 —     INFO — BackupSQL :: TRYING TO OBTAIN THE DB CONNECTION
07/29/2025 16:55:51 —   16228 —     INFO — Server: BPLDEVDB01
07/29/2025 16:55:51 —   16228 —     INFO — SQL: BACKUP DATABASE PP_CI TO  DISK = N'\\BPLDEVDB01\Prasoon_Parashar\backup\LB7099_Plat_25.8.3_PLAT_CI.bak' WITH NOFORMAT, INIT,  NAME = N'PP_CI-Full Database Backup', SKIP, NOREWIND, NOUNLOAD,  STATS = 10
07/29/2025 16:55:51 —   16228 —     INFO — DB CONNECTION ESTABLISHED
07/29/2025 16:55:55 —   16228 —     INFO — BackupSql: BACKUP DATABASE PP_CI_Secondary TO  DISK = N'\\BPLDEVDB01\Prasoon_Parashar\backup\LB7099_Plat_25.8.3_PLAT_CI_Secondary.bak' WITH NOFORMAT, INIT,  NAME = N'PP_CI_Secondary-Full Database Backup', SKIP, NOREWIND, NOUNLOAD,  STATS = 10
07/29/2025 16:55:55 —   16228 —     INFO — BackupSQL :: TRYING TO OBTAIN THE DB CONNECTION
07/29/2025 16:55:55 —   16228 —     INFO — Server: BPLDEVDB01
07/29/2025 16:55:55 —   16228 —     INFO — SQL: BACKUP DATABASE PP_CI_Secondary TO  DISK = N'\\BPLDEVDB01\Prasoon_Parashar\backup\LB7099_Plat_25.8.3_PLAT_CI_Secondary.bak' WITH NOFORMAT, INIT,  NAME = N'PP_CI_Secondary-Full Database Backup', SKIP, NOREWIND, NOUNLOAD,  STATS = 10
07/29/2025 16:55:55 —   16228 —     INFO — DB CONNECTION ESTABLISHED
07/29/2025 16:55:56 —   16228 —     INFO — BackupSql: BACKUP DATABASE PP_CAuth TO  DISK = N'\\BPLDEVDB01\Prasoon_Parashar\backup\LB7099_Plat_25.8.3_PLAT_CAuth.bak' WITH NOFORMAT, INIT,  NAME = N'PP_CAuth-Full Database Backup', SKIP, NOREWIND, NOUNLOAD,  STATS = 10
07/29/2025 16:55:56 —   16228 —     INFO — BackupSQL :: TRYING TO OBTAIN THE DB CONNECTION
07/29/2025 16:55:56 —   16228 —     INFO — Server: BPLDEVDB01
07/29/2025 16:55:56 —   16228 —     INFO — SQL: BACKUP DATABASE PP_CAuth TO  DISK = N'\\BPLDEVDB01\Prasoon_Parashar\backup\LB7099_Plat_25.8.3_PLAT_CAuth.bak' WITH NOFORMAT, INIT,  NAME = N'PP_CAuth-Full Database Backup', SKIP, NOREWIND, NOUNLOAD,  STATS = 10
07/29/2025 16:55:56 —   16228 —     INFO — DB CONNECTION ESTABLISHED
07/29/2025 16:55:58 —   16228 —     INFO — BackupSql: BACKUP DATABASE PP_CL TO  DISK = N'\\BPLDEVDB01\Prasoon_Parashar\backup\LB7099_Plat_25.8.3_PLAT_CL.bak' WITH NOFORMAT, INIT,  NAME = N'PP_CL-Full Database Backup', SKIP, NOREWIND, NOUNLOAD,  STATS = 10
07/29/2025 16:55:58 —   16228 —     INFO — BackupSQL :: TRYING TO OBTAIN THE DB CONNECTION
07/29/2025 16:55:58 —   16228 —     INFO — Server: BPLDEVDB01
07/29/2025 16:55:58 —   16228 —     INFO — SQL: BACKUP DATABASE PP_CL TO  DISK = N'\\BPLDEVDB01\Prasoon_Parashar\backup\LB7099_Plat_25.8.3_PLAT_CL.bak' WITH NOFORMAT, INIT,  NAME = N'PP_CL-Full Database Backup', SKIP, NOREWIND, NOUNLOAD,  STATS = 10
07/29/2025 16:55:58 —   16228 —     INFO — DB CONNECTION ESTABLISHED
07/29/2025 16:55:59 —   16228 —     INFO — BackupSql: BACKUP DATABASE PP_CC TO  DISK = N'\\BPLDEVDB01\Prasoon_Parashar\backup\LB7099_Plat_25.8.3_PLAT_CC.bak' WITH NOFORMAT, INIT,  NAME = N'PP_CC-Full Database Backup', SKIP, NOREWIND, NOUNLOAD,  STATS = 10
07/29/2025 16:55:59 —   16228 —     INFO — BackupSQL :: TRYING TO OBTAIN THE DB CONNECTION
07/29/2025 16:55:59 —   16228 —     INFO — Server: BPLDEVDB01
07/29/2025 16:55:59 —   16228 —     INFO — SQL: BACKUP DATABASE PP_CC TO  DISK = N'\\BPLDEVDB01\Prasoon_Parashar\backup\LB7099_Plat_25.8.3_PLAT_CC.bak' WITH NOFORMAT, INIT,  NAME = N'PP_CC-Full Database Backup', SKIP, NOREWIND, NOUNLOAD,  STATS = 10
07/29/2025 16:55:59 —   16228 —     INFO — DB CONNECTION ESTABLISHED
07/29/2025 16:56:00 —   16228 —     INFO — BackupSql: BACKUP DATABASE PP_CoreApp TO  DISK = N'\\BPLDEVDB01\Prasoon_Parashar\backup\LB7099_Plat_25.8.3_PLAT_CoreApp.bak' WITH NOFORMAT, INIT,  NAME = N'PP_CoreApp-Full Database Backup', SKIP, NOREWIND, NOUNLOAD,  STATS = 10
07/29/2025 16:56:00 —   16228 —     INFO — BackupSQL :: TRYING TO OBTAIN THE DB CONNECTION
07/29/2025 16:56:00 —   16228 —     INFO — Server: BPLDEVDB01
07/29/2025 16:56:00 —   16228 —     INFO — SQL: BACKUP DATABASE PP_CoreApp TO  DISK = N'\\BPLDEVDB01\Prasoon_Parashar\backup\LB7099_Plat_25.8.3_PLAT_CoreApp.bak' WITH NOFORMAT, INIT,  NAME = N'PP_CoreApp-Full Database Backup', SKIP, NOREWIND, NOUNLOAD,  STATS = 10
07/29/2025 16:56:00 —   16228 —     INFO — DB CONNECTION ESTABLISHED
07/29/2025 16:56:02 —   16228 —     INFO — BackupSql: BACKUP DATABASE PP_CoreCredit TO  DISK = N'\\BPLDEVDB01\Prasoon_Parashar\backup\LB7099_Plat_25.8.3_PLAT_CoreCredit.bak' WITH NOFORMAT, INIT,  NAME = N'PP_CoreCredit-Full Database Backup', SKIP, NOREWIND, NOUNLOAD,  STATS = 10
07/29/2025 16:56:02 —   16228 —     INFO — BackupSQL :: TRYING TO OBTAIN THE DB CONNECTION
07/29/2025 16:56:02 —   16228 —     INFO — Server: BPLDEVDB01
07/29/2025 16:56:02 —   16228 —     INFO — SQL: BACKUP DATABASE PP_CoreCredit TO  DISK = N'\\BPLDEVDB01\Prasoon_Parashar\backup\LB7099_Plat_25.8.3_PLAT_CoreCredit.bak' WITH NOFORMAT, INIT,  NAME = N'PP_CoreCredit-Full Database Backup', SKIP, NOREWIND, NOUNLOAD,  STATS = 10
07/29/2025 16:56:02 —   16228 —     INFO — DB CONNECTION ESTABLISHED
07/29/2025 16:56:03 —   16228 —     INFO — :: DB BACKED UP :: 
07/29/2025 16:56:06 —   16228 —     INFO — ALL PROCESSES DONE. EXITING...: 
