07/30/2025 14:58:02 —    7472 —     INFO — PROCESS STARTS
07/30/2025 14:58:05 —    7472 —     INFO — LabelPath: \\VMCCRMP01\ReleaseManagement\PLAT\Labels\LB7099_Plat_25.8.3_PLAT\Application\DSL
07/30/2025 14:58:06 —    7472 —     INFO — SELECTED VALUE:: 2
07/30/2025 14:58:09 —    7472 —     INFO — SELECTED VALUE:: 1
07/30/2025 14:58:09 —    7472 —     INFO — START RESTORE DB
07/30/2025 14:58:09 —    7472 —     INFO — Running CallSQLScripts from FolderName: SettingUpPOD1\BeforeDBRestore
07/30/2025 14:58:09 —    7472 —     INFO — Path: E:\Python\DB_Operations\SettingUpPOD1\BeforeDBRestore
07/30/2025 14:58:09 —    7472 —     INFO — CMD: sqlcmd /S BPLDEVDB01 /d master -E -i 0_t_user_details.sql
07/30/2025 14:58:15 —    7472 —     INFO — CMD: sqlcmd /S BPLDEVDB01 /d master -E -i KillAll.sql
07/30/2025 14:58:15 —    7472 —     INFO — EXITING CallSQLScripts
07/30/2025 14:58:15 —    7472 —     INFO — START GetEnhancedSQL DB: PP_CI
07/30/2025 14:58:15 —    7472 —     INFO — Restore: EXEC SP_RESTOREDB_Enhanced_V4 @DB_NAME = N'PP_CI', @BACKUP_FILE= N'\\VMCCRMP01\ReleaseManagement\PLAT\Labels\LB7099_Plat_25.8.3_PLAT\Application\DB\MasterDB_New\CI.bak', @MDF_LOCATION = N'\\BPLDEVDB01\Prasoon_Parashar\MDF', @LDF_LOCATION = N'\\BPLDEVDB01\Prasoon_Parashar\LDF'
07/30/2025 14:58:15 —    7472 —     INFO — RestoreSQL :: TRYING TO OBTAIN THE DB CONNECTION
07/30/2025 14:58:15 —    7472 —     INFO — Server: BPLDEVDB01
07/30/2025 14:58:15 —    7472 —     INFO — DBName: PP_CI
07/30/2025 14:58:15 —    7472 —     INFO — SQL: EXEC SP_RESTOREDB_Enhanced_V4 @DB_NAME = N'PP_CI', @BACKUP_FILE= N'\\VMCCRMP01\ReleaseManagement\PLAT\Labels\LB7099_Plat_25.8.3_PLAT\Application\DB\MasterDB_New\CI.bak', @MDF_LOCATION = N'\\BPLDEVDB01\Prasoon_Parashar\MDF', @LDF_LOCATION = N'\\BPLDEVDB01\Prasoon_Parashar\LDF'
07/30/2025 14:58:15 —    7472 —     INFO — DB CONNECTION ESTABLISHED
07/30/2025 14:58:21 —    7472 —    ERROR — FATAL :: ERROR IN GETTING CONNECTION
Traceback (most recent call last):
  File "E:\Python\DB_Operations\RestoreDB.py", line 54, in RestoreSQL
    while cursor.nextset():
          ^^^^^^^^^^^^^^^^
pyodbc.ProgrammingError: ('42000', "[42000] [Microsoft][ODBC Driver 17 for SQL Server][SQL Server]Database 'pawanr_dw' cannot be opened. It is in the middle of a restore. (927) (SQLMoreResults)")
07/30/2025 14:58:21 —    7472 —     INFO — START GetEnhancedSQL DB: PP_CI_Secondary
07/30/2025 14:58:21 —    7472 —     INFO — Restore: EXEC SP_RESTOREDB_Enhanced_V4 @DB_NAME = N'PP_CI_Secondary', @BACKUP_FILE= N'\\VMCCRMP01\ReleaseManagement\PLAT\Labels\LB7099_Plat_25.8.3_PLAT\Application\DB\MasterDB_New\CI_Secondary.bak', @MDF_LOCATION = N'\\BPLDEVDB01\Prasoon_Parashar\MDF', @LDF_LOCATION = N'\\BPLDEVDB01\Prasoon_Parashar\LDF'
07/30/2025 14:58:21 —    7472 —     INFO — RestoreSQL :: TRYING TO OBTAIN THE DB CONNECTION
07/30/2025 14:58:21 —    7472 —     INFO — Server: BPLDEVDB01
07/30/2025 14:58:21 —    7472 —     INFO — DBName: PP_CI_Secondary
07/30/2025 14:58:21 —    7472 —     INFO — SQL: EXEC SP_RESTOREDB_Enhanced_V4 @DB_NAME = N'PP_CI_Secondary', @BACKUP_FILE= N'\\VMCCRMP01\ReleaseManagement\PLAT\Labels\LB7099_Plat_25.8.3_PLAT\Application\DB\MasterDB_New\CI_Secondary.bak', @MDF_LOCATION = N'\\BPLDEVDB01\Prasoon_Parashar\MDF', @LDF_LOCATION = N'\\BPLDEVDB01\Prasoon_Parashar\LDF'
07/30/2025 14:58:21 —    7472 —     INFO — DB CONNECTION ESTABLISHED
07/30/2025 14:58:21 —    7472 —    ERROR — FATAL :: ERROR IN GETTING CONNECTION
Traceback (most recent call last):
  File "E:\Python\DB_Operations\RestoreDB.py", line 53, in RestoreSQL
    cursor.execute(SQL)
pyodbc.ProgrammingError: ('42000', "[42000] [Microsoft][ODBC Driver 17 for SQL Server][SQL Server]Database 'pawanr_dw' cannot be opened. It is in the middle of a restore. (927) (SQLExecDirectW)")
07/30/2025 14:58:21 —    7472 —     INFO — START GetEnhancedSQL DB: PP_CAuth
07/30/2025 14:58:21 —    7472 —     INFO — Restore: EXEC SP_RESTOREDB_Enhanced_V4 @DB_NAME = N'PP_CAuth', @BACKUP_FILE= N'\\VMCCRMP01\ReleaseManagement\PLAT\Labels\LB7099_Plat_25.8.3_PLAT\Application\DB\MasterDB_New\CAuth.bak', @MDF_LOCATION = N'\\BPLDEVDB01\Prasoon_Parashar\MDF', @LDF_LOCATION = N'\\BPLDEVDB01\Prasoon_Parashar\LDF'
07/30/2025 14:58:21 —    7472 —     INFO — RestoreSQL :: TRYING TO OBTAIN THE DB CONNECTION
07/30/2025 14:58:21 —    7472 —     INFO — Server: BPLDEVDB01
07/30/2025 14:58:21 —    7472 —     INFO — DBName: PP_CAuth
07/30/2025 14:58:21 —    7472 —     INFO — SQL: EXEC SP_RESTOREDB_Enhanced_V4 @DB_NAME = N'PP_CAuth', @BACKUP_FILE= N'\\VMCCRMP01\ReleaseManagement\PLAT\Labels\LB7099_Plat_25.8.3_PLAT\Application\DB\MasterDB_New\CAuth.bak', @MDF_LOCATION = N'\\BPLDEVDB01\Prasoon_Parashar\MDF', @LDF_LOCATION = N'\\BPLDEVDB01\Prasoon_Parashar\LDF'
07/30/2025 14:58:21 —    7472 —     INFO — DB CONNECTION ESTABLISHED
07/30/2025 14:58:24 —    7472 —     INFO — START GetEnhancedSQL DB: PP_CC
07/30/2025 14:58:24 —    7472 —     INFO — Restore: EXEC SP_RESTOREDB_Enhanced_V4 @DB_NAME = N'PP_CC', @BACKUP_FILE= N'\\VMCCRMP01\ReleaseManagement\PLAT\Labels\LB7099_Plat_25.8.3_PLAT\Application\DB\MasterDB_New\CC.bak', @MDF_LOCATION = N'\\BPLDEVDB01\Prasoon_Parashar\MDF', @LDF_LOCATION = N'\\BPLDEVDB01\Prasoon_Parashar\LDF'
07/30/2025 14:58:24 —    7472 —     INFO — RestoreSQL :: TRYING TO OBTAIN THE DB CONNECTION
07/30/2025 14:58:24 —    7472 —     INFO — Server: BPLDEVDB01
07/30/2025 14:58:24 —    7472 —     INFO — DBName: PP_CC
07/30/2025 14:58:24 —    7472 —     INFO — SQL: EXEC SP_RESTOREDB_Enhanced_V4 @DB_NAME = N'PP_CC', @BACKUP_FILE= N'\\VMCCRMP01\ReleaseManagement\PLAT\Labels\LB7099_Plat_25.8.3_PLAT\Application\DB\MasterDB_New\CC.bak', @MDF_LOCATION = N'\\BPLDEVDB01\Prasoon_Parashar\MDF', @LDF_LOCATION = N'\\BPLDEVDB01\Prasoon_Parashar\LDF'
07/30/2025 14:58:24 —    7472 —     INFO — DB CONNECTION ESTABLISHED
07/30/2025 14:58:26 —    7472 —     INFO — START GetEnhancedSQL DB: PP_CL
07/30/2025 14:58:26 —    7472 —     INFO — Restore: EXEC SP_RESTOREDB_Enhanced_V4 @DB_NAME = N'PP_CL', @BACKUP_FILE= N'\\VMCCRMP01\ReleaseManagement\PLAT\Labels\LB7099_Plat_25.8.3_PLAT\Application\DB\MasterDB_New\CL.bak', @MDF_LOCATION = N'\\BPLDEVDB01\Prasoon_Parashar\MDF', @LDF_LOCATION = N'\\BPLDEVDB01\Prasoon_Parashar\LDF'
07/30/2025 14:58:26 —    7472 —     INFO — RestoreSQL :: TRYING TO OBTAIN THE DB CONNECTION
07/30/2025 14:58:26 —    7472 —     INFO — Server: BPLDEVDB01
07/30/2025 14:58:26 —    7472 —     INFO — DBName: PP_CL
07/30/2025 14:58:26 —    7472 —     INFO — SQL: EXEC SP_RESTOREDB_Enhanced_V4 @DB_NAME = N'PP_CL', @BACKUP_FILE= N'\\VMCCRMP01\ReleaseManagement\PLAT\Labels\LB7099_Plat_25.8.3_PLAT\Application\DB\MasterDB_New\CL.bak', @MDF_LOCATION = N'\\BPLDEVDB01\Prasoon_Parashar\MDF', @LDF_LOCATION = N'\\BPLDEVDB01\Prasoon_Parashar\LDF'
07/30/2025 14:58:26 —    7472 —     INFO — DB CONNECTION ESTABLISHED
07/30/2025 14:58:28 —    7472 —     INFO — START GetEnhancedSQL DB: PP_CoreApp
07/30/2025 14:58:28 —    7472 —     INFO — Restore: EXEC SP_RESTOREDB_Enhanced_V4 @DB_NAME = N'PP_CoreApp', @BACKUP_FILE= N'\\VMCCRMP01\ReleaseManagement\PLAT\Labels\LB7099_Plat_25.8.3_PLAT\Application\DB\MasterDB_New\CoreApp.bak', @MDF_LOCATION = N'\\BPLDEVDB01\Prasoon_Parashar\MDF', @LDF_LOCATION = N'\\BPLDEVDB01\Prasoon_Parashar\LDF'
07/30/2025 14:58:28 —    7472 —     INFO — RestoreSQL :: TRYING TO OBTAIN THE DB CONNECTION
07/30/2025 14:58:28 —    7472 —     INFO — Server: BPLDEVDB01
07/30/2025 14:58:28 —    7472 —     INFO — DBName: PP_CoreApp
07/30/2025 14:58:28 —    7472 —     INFO — SQL: EXEC SP_RESTOREDB_Enhanced_V4 @DB_NAME = N'PP_CoreApp', @BACKUP_FILE= N'\\VMCCRMP01\ReleaseManagement\PLAT\Labels\LB7099_Plat_25.8.3_PLAT\Application\DB\MasterDB_New\CoreApp.bak', @MDF_LOCATION = N'\\BPLDEVDB01\Prasoon_Parashar\MDF', @LDF_LOCATION = N'\\BPLDEVDB01\Prasoon_Parashar\LDF'
07/30/2025 14:58:28 —    7472 —     INFO — DB CONNECTION ESTABLISHED
07/30/2025 14:58:29 —    7472 —     INFO — START GetEnhancedSQL DB: PP_CoreCredit
07/30/2025 14:58:29 —    7472 —     INFO — Restore: EXEC SP_RESTOREDB_Enhanced_V4 @DB_NAME = N'PP_CoreCredit', @BACKUP_FILE= N'\\VMCCRMP01\ReleaseManagement\PLAT\Labels\LB7099_Plat_25.8.3_PLAT\Application\DB\MasterDB_New\CoreCredit.bak', @MDF_LOCATION = N'\\BPLDEVDB01\Prasoon_Parashar\MDF', @LDF_LOCATION = N'\\BPLDEVDB01\Prasoon_Parashar\LDF'
07/30/2025 14:58:29 —    7472 —     INFO — RestoreSQL :: TRYING TO OBTAIN THE DB CONNECTION
07/30/2025 14:58:29 —    7472 —     INFO — Server: BPLDEVDB01
07/30/2025 14:58:29 —    7472 —     INFO — DBName: PP_CoreCredit
07/30/2025 14:58:29 —    7472 —     INFO — SQL: EXEC SP_RESTOREDB_Enhanced_V4 @DB_NAME = N'PP_CoreCredit', @BACKUP_FILE= N'\\VMCCRMP01\ReleaseManagement\PLAT\Labels\LB7099_Plat_25.8.3_PLAT\Application\DB\MasterDB_New\CoreCredit.bak', @MDF_LOCATION = N'\\BPLDEVDB01\Prasoon_Parashar\MDF', @LDF_LOCATION = N'\\BPLDEVDB01\Prasoon_Parashar\LDF'
07/30/2025 14:58:29 —    7472 —     INFO — DB CONNECTION ESTABLISHED
07/30/2025 14:58:31 —    7472 —     INFO — :: DB RESTORED :: 
07/30/2025 14:58:31 —    7472 —     INFO — Running CallSQLScripts for POD: 1
07/30/2025 14:58:31 —    7472 —     INFO — FolderName: SettingUpPOD1
07/30/2025 14:58:31 —    7472 —     INFO — Path: E:\Python\DB_Operations\SettingUpPOD1
07/30/2025 14:58:31 —    7472 —     INFO — CMD: sqlcmd /S BPLDEVDB01 /d master -E -i 0_t_user_details.sql
07/30/2025 14:58:33 —    7472 —     INFO — CMD: sqlcmd /S BPLDEVDB01 /d master -E -i 1_Synonym_ALL.sql
07/30/2025 14:58:36 —    7472 —     INFO — CMD: sqlcmd /S BPLDEVDB01 /d master -E -i 2_SetEnvScripts.sql
07/30/2025 14:58:36 —    7472 —     INFO — CMD: sqlcmd /S BPLDEVDB01 /d master -E -i 3_USP_GetPSDData_Terms.sql
07/30/2025 14:58:36 —    7472 —     INFO — CMD: sqlcmd /S BPLDEVDB01 /d master -E -i 4_IncreaseDBSize.sql
07/30/2025 14:58:36 —    7472 —     INFO — CMD: sqlcmd /S BPLDEVDB01 /d master -E -i USP_AccountDetails.sql
07/30/2025 14:58:37 —    7472 —     INFO — CMD: sqlcmd /S BPLDEVDB01 /d master -E -i USP_CBAuditDetails.sql
07/30/2025 14:58:37 —    7472 —     INFO — CMD: sqlcmd /S BPLDEVDB01 /d master -E -i USP_CBAuditPSDetails.sql
07/30/2025 14:58:37 —    7472 —     INFO — CMD: sqlcmd /S BPLDEVDB01 /d master -E -i USP_CCardDetails.sql
07/30/2025 14:58:37 —    7472 —     INFO — CMD: sqlcmd /S BPLDEVDB01 /d master -E -i USP_CCardForSpecificTransactionDetails.sql
07/30/2025 14:58:37 —    7472 —     INFO — CMD: sqlcmd /S BPLDEVDB01 /d master -E -i USP_CurrentStatementDetails.sql
07/30/2025 14:58:37 —    7472 —     INFO — CMD: sqlcmd /S BPLDEVDB01 /d master -E -i USP_DelinquencyRecordsDetails.sql
07/30/2025 14:58:38 —    7472 —     INFO — CMD: sqlcmd /S BPLDEVDB01 /d master -E -i USP_InstallmentDetails.sql
07/30/2025 14:58:38 —    7472 —     INFO — CMD: sqlcmd /S BPLDEVDB01 /d master -E -i USP_PurchaseReversalRecordDetails.sql
07/30/2025 14:58:38 —    7472 —     INFO — CMD: sqlcmd /S BPLDEVDB01 /d master -E -i USP_StatementDetails.sql
07/30/2025 14:58:38 —    7472 —     INFO — EXITING CallSQLScripts
07/30/2025 14:58:38 —    7472 —     INFO — START RESTORE DB
07/30/2025 14:58:38 —    7472 —     INFO — BackupSql: BACKUP DATABASE PP_CI TO  DISK = N'\\BPLDEVDB01\Prasoon_Parashar\backup\LB7099_Plat_25.8.3_PLAT_CI.bak' WITH NOFORMAT, INIT,  NAME = N'PP_CI-Full Database Backup', SKIP, NOREWIND, NOUNLOAD,  STATS = 10
07/30/2025 14:58:38 —    7472 —     INFO — BackupSQL :: TRYING TO OBTAIN THE DB CONNECTION
07/30/2025 14:58:38 —    7472 —     INFO — Server: BPLDEVDB01
07/30/2025 14:58:38 —    7472 —     INFO — SQL: BACKUP DATABASE PP_CI TO  DISK = N'\\BPLDEVDB01\Prasoon_Parashar\backup\LB7099_Plat_25.8.3_PLAT_CI.bak' WITH NOFORMAT, INIT,  NAME = N'PP_CI-Full Database Backup', SKIP, NOREWIND, NOUNLOAD,  STATS = 10
07/30/2025 14:58:38 —    7472 —     INFO — DB CONNECTION ESTABLISHED
07/30/2025 14:58:40 —    7472 —     INFO — BackupSql: BACKUP DATABASE PP_CI_Secondary TO  DISK = N'\\BPLDEVDB01\Prasoon_Parashar\backup\LB7099_Plat_25.8.3_PLAT_CI_Secondary.bak' WITH NOFORMAT, INIT,  NAME = N'PP_CI_Secondary-Full Database Backup', SKIP, NOREWIND, NOUNLOAD,  STATS = 10
07/30/2025 14:58:40 —    7472 —     INFO — BackupSQL :: TRYING TO OBTAIN THE DB CONNECTION
07/30/2025 14:58:40 —    7472 —     INFO — Server: BPLDEVDB01
07/30/2025 14:58:40 —    7472 —     INFO — SQL: BACKUP DATABASE PP_CI_Secondary TO  DISK = N'\\BPLDEVDB01\Prasoon_Parashar\backup\LB7099_Plat_25.8.3_PLAT_CI_Secondary.bak' WITH NOFORMAT, INIT,  NAME = N'PP_CI_Secondary-Full Database Backup', SKIP, NOREWIND, NOUNLOAD,  STATS = 10
07/30/2025 14:58:40 —    7472 —     INFO — DB CONNECTION ESTABLISHED
07/30/2025 14:58:41 —    7472 —     INFO — BackupSql: BACKUP DATABASE PP_CAuth TO  DISK = N'\\BPLDEVDB01\Prasoon_Parashar\backup\LB7099_Plat_25.8.3_PLAT_CAuth.bak' WITH NOFORMAT, INIT,  NAME = N'PP_CAuth-Full Database Backup', SKIP, NOREWIND, NOUNLOAD,  STATS = 10
07/30/2025 14:58:41 —    7472 —     INFO — BackupSQL :: TRYING TO OBTAIN THE DB CONNECTION
07/30/2025 14:58:41 —    7472 —     INFO — Server: BPLDEVDB01
07/30/2025 14:58:41 —    7472 —     INFO — SQL: BACKUP DATABASE PP_CAuth TO  DISK = N'\\BPLDEVDB01\Prasoon_Parashar\backup\LB7099_Plat_25.8.3_PLAT_CAuth.bak' WITH NOFORMAT, INIT,  NAME = N'PP_CAuth-Full Database Backup', SKIP, NOREWIND, NOUNLOAD,  STATS = 10
07/30/2025 14:58:41 —    7472 —     INFO — DB CONNECTION ESTABLISHED
07/30/2025 14:58:43 —    7472 —     INFO — BackupSql: BACKUP DATABASE PP_CL TO  DISK = N'\\BPLDEVDB01\Prasoon_Parashar\backup\LB7099_Plat_25.8.3_PLAT_CL.bak' WITH NOFORMAT, INIT,  NAME = N'PP_CL-Full Database Backup', SKIP, NOREWIND, NOUNLOAD,  STATS = 10
07/30/2025 14:58:43 —    7472 —     INFO — BackupSQL :: TRYING TO OBTAIN THE DB CONNECTION
07/30/2025 14:58:43 —    7472 —     INFO — Server: BPLDEVDB01
07/30/2025 14:58:43 —    7472 —     INFO — SQL: BACKUP DATABASE PP_CL TO  DISK = N'\\BPLDEVDB01\Prasoon_Parashar\backup\LB7099_Plat_25.8.3_PLAT_CL.bak' WITH NOFORMAT, INIT,  NAME = N'PP_CL-Full Database Backup', SKIP, NOREWIND, NOUNLOAD,  STATS = 10
07/30/2025 14:58:43 —    7472 —     INFO — DB CONNECTION ESTABLISHED
07/30/2025 14:58:44 —    7472 —     INFO — BackupSql: BACKUP DATABASE PP_CC TO  DISK = N'\\BPLDEVDB01\Prasoon_Parashar\backup\LB7099_Plat_25.8.3_PLAT_CC.bak' WITH NOFORMAT, INIT,  NAME = N'PP_CC-Full Database Backup', SKIP, NOREWIND, NOUNLOAD,  STATS = 10
07/30/2025 14:58:44 —    7472 —     INFO — BackupSQL :: TRYING TO OBTAIN THE DB CONNECTION
07/30/2025 14:58:44 —    7472 —     INFO — Server: BPLDEVDB01
07/30/2025 14:58:44 —    7472 —     INFO — SQL: BACKUP DATABASE PP_CC TO  DISK = N'\\BPLDEVDB01\Prasoon_Parashar\backup\LB7099_Plat_25.8.3_PLAT_CC.bak' WITH NOFORMAT, INIT,  NAME = N'PP_CC-Full Database Backup', SKIP, NOREWIND, NOUNLOAD,  STATS = 10
07/30/2025 14:58:44 —    7472 —     INFO — DB CONNECTION ESTABLISHED
07/30/2025 14:58:45 —    7472 —     INFO — BackupSql: BACKUP DATABASE PP_CoreApp TO  DISK = N'\\BPLDEVDB01\Prasoon_Parashar\backup\LB7099_Plat_25.8.3_PLAT_CoreApp.bak' WITH NOFORMAT, INIT,  NAME = N'PP_CoreApp-Full Database Backup', SKIP, NOREWIND, NOUNLOAD,  STATS = 10
07/30/2025 14:58:45 —    7472 —     INFO — BackupSQL :: TRYING TO OBTAIN THE DB CONNECTION
07/30/2025 14:58:45 —    7472 —     INFO — Server: BPLDEVDB01
07/30/2025 14:58:45 —    7472 —     INFO — SQL: BACKUP DATABASE PP_CoreApp TO  DISK = N'\\BPLDEVDB01\Prasoon_Parashar\backup\LB7099_Plat_25.8.3_PLAT_CoreApp.bak' WITH NOFORMAT, INIT,  NAME = N'PP_CoreApp-Full Database Backup', SKIP, NOREWIND, NOUNLOAD,  STATS = 10
07/30/2025 14:58:45 —    7472 —     INFO — DB CONNECTION ESTABLISHED
07/30/2025 14:58:46 —    7472 —     INFO — BackupSql: BACKUP DATABASE PP_CoreCredit TO  DISK = N'\\BPLDEVDB01\Prasoon_Parashar\backup\LB7099_Plat_25.8.3_PLAT_CoreCredit.bak' WITH NOFORMAT, INIT,  NAME = N'PP_CoreCredit-Full Database Backup', SKIP, NOREWIND, NOUNLOAD,  STATS = 10
07/30/2025 14:58:46 —    7472 —     INFO — BackupSQL :: TRYING TO OBTAIN THE DB CONNECTION
07/30/2025 14:58:46 —    7472 —     INFO — Server: BPLDEVDB01
07/30/2025 14:58:46 —    7472 —     INFO — SQL: BACKUP DATABASE PP_CoreCredit TO  DISK = N'\\BPLDEVDB01\Prasoon_Parashar\backup\LB7099_Plat_25.8.3_PLAT_CoreCredit.bak' WITH NOFORMAT, INIT,  NAME = N'PP_CoreCredit-Full Database Backup', SKIP, NOREWIND, NOUNLOAD,  STATS = 10
07/30/2025 14:58:46 —    7472 —     INFO — DB CONNECTION ESTABLISHED
07/30/2025 14:58:47 —    7472 —     INFO — :: DB BACKED UP :: 
07/30/2025 14:59:11 —    7472 —     INFO — ALL PROCESSES DONE. EXITING...: 
