09/15/2025 12:27:08 —    4620 —     INFO — PROCESS STARTS
09/15/2025 12:27:13 —    4620 —     INFO — LabelPath: \\VMCCRMP01\ReleaseManagement\PLAT\Labels\LB7158_Plat_25.10.3_PLAT\Application\DSL
09/15/2025 12:27:15 —    4620 —     INFO — SELECTED VALUE:: 3
09/15/2025 12:27:24 —    4620 —     INFO — SELECTED VALUE:: 1
09/15/2025 12:27:24 —    4620 —     INFO — LabelPath: \\VMCCRMP01\ReleaseManagement\PLAT\Labels\LB7158_Plat_25.10.3_PLAT\Application\DSL
09/15/2025 12:27:24 —    4620 —     INFO — LabelPath: \\VMCCRMP01\ReleaseManagement\PLAT\Labels\LB7158_Plat_25.10.3_PLAT\Application\DSL
09/15/2025 12:27:24 —    4620 —     INFO — PathToCopyDSL: D:\ApplicationSetup\DSLMaster\LB7158_Plat_25.10.3_PLAT
09/15/2025 12:27:24 —    4620 —     INFO — Directory 'D:\ApplicationSetup\DSLMaster\LB7158_Plat_25.10.3_PLAT' created
09/15/2025 12:27:24 —    4620 —     INFO — FromPath: \\VMCCRMP01\ReleaseManagement\PLAT\Labels\LB7158_Plat_25.10.3_PLAT\Application\DSL
09/15/2025 12:27:24 —    4620 —     INFO — ToPath: D:\ApplicationSetup\DSLMaster\LB7158_Plat_25.10.3_PLAT
09/15/2025 12:27:24 —    4620 —     INFO — CopyScript :: XCopy "\\VMCCRMP01\ReleaseManagement\PLAT\Labels\LB7158_Plat_25.10.3_PLAT\Application\DSL" "D:\ApplicationSetup\DSLMaster\LB7158_Plat_25.10.3_PLAT" /E /H /C /I
09/15/2025 12:28:46 —    4620 —     INFO — DSLs copied successfully
09/15/2025 12:28:46 —    4620 —     INFO — Environment for DSL being copied: POD1
09/15/2025 12:28:47 —    4620 —     INFO — FromPath: D:\ApplicationSetup\POD1\DBBSetup\DSLs\CI
09/15/2025 12:28:47 —    4620 —     INFO — ToPath: D:\ApplicationSetup\POD1\DBBSetup\DSLs\Backup
09/15/2025 12:28:47 —    4620 —     INFO — DSLs moved successfully
09/15/2025 12:28:47 —    4620 —     INFO — FromPath: D:\ApplicationSetup\POD1\DBBSetup\DSLs\CoreAuth
09/15/2025 12:28:47 —    4620 —     INFO — ToPath: D:\ApplicationSetup\POD1\DBBSetup\DSLs\Backup
09/15/2025 12:28:47 —    4620 —     INFO — DSLs moved successfully
09/15/2025 12:28:47 —    4620 —     INFO — FromPath: D:\ApplicationSetup\POD1\DBBSetup\DSLs\CoreCollect
09/15/2025 12:28:47 —    4620 —     INFO — ToPath: D:\ApplicationSetup\POD1\DBBSetup\DSLs\Backup
09/15/2025 12:28:47 —    4620 —     INFO — Directory does not exists, FromPath :: D:\ApplicationSetup\POD1\DBBSetup\DSLs\CoreCollect
09/15/2025 12:28:47 —    4620 —     INFO — FromPath: D:\ApplicationSetup\POD1\DBBSetup\DSLs\CoreApp
09/15/2025 12:28:47 —    4620 —     INFO — ToPath: D:\ApplicationSetup\POD1\DBBSetup\DSLs\Backup
09/15/2025 12:28:47 —    4620 —     INFO — Directory does not exists, FromPath :: D:\ApplicationSetup\POD1\DBBSetup\DSLs\CoreApp
09/15/2025 12:28:47 —    4620 —     INFO — FromPath: D:\ApplicationSetup\POD1\DBBSetup\DSLs\Modularization
09/15/2025 12:28:47 —    4620 —     INFO — ToPath: D:\ApplicationSetup\POD1\DBBSetup\DSLs\Backup
09/15/2025 12:28:47 —    4620 —     INFO — DSLs moved successfully
09/15/2025 12:28:47 —    4620 —     INFO — FromPath: D:\ApplicationSetup\DSLMaster\LB7158_Plat_25.10.3_PLAT
09/15/2025 12:28:47 —    4620 —     INFO — ToPath: D:\ApplicationSetup\POD1\DBBSetup\DSLs
09/15/2025 12:28:47 —    4620 —     INFO — CopyScript :: XCopy "D:\ApplicationSetup\DSLMaster\LB7158_Plat_25.10.3_PLAT" "D:\ApplicationSetup\POD1\DBBSetup\DSLs" /E /H /C /I
09/15/2025 12:28:54 —    4620 —     INFO — DSLs copied successfully
09/15/2025 12:28:54 —    4620 —     INFO — START RESTORE DB
09/15/2025 12:28:54 —    4620 —     INFO — Running CallSQLScripts from FolderName: SettingUpPOD1\BeforeDBRestore
09/15/2025 12:28:54 —    4620 —     INFO — Path: E:\Python\DB_Operations\SettingUpPOD1\BeforeDBRestore
09/15/2025 12:28:54 —    4620 —     INFO — CMD: sqlcmd /S BPLDEVDB01 /d master -E -i 0_t_user_details.sql
09/15/2025 12:28:59 —    4620 —     INFO — CMD: sqlcmd /S BPLDEVDB01 /d master -E -i KillAll.sql
09/15/2025 12:29:00 —    4620 —     INFO — EXITING CallSQLScripts
09/15/2025 12:29:00 —    4620 —     INFO — START GetEnhancedSQL DB: PP_CI
09/15/2025 12:29:00 —    4620 —     INFO — Restore: EXEC SP_RESTOREDB_Enhanced_V4 @DB_NAME = N'PP_CI', @BACKUP_FILE= N'\\VMCCRMP01\ReleaseManagement\PLAT\Labels\LB7158_Plat_25.10.3_PLAT\Application\DB\MasterDB_New\CI.bak', @MDF_LOCATION = N'\\BPLDEVDB01\Prasoon_Parashar\MDF', @LDF_LOCATION = N'\\BPLDEVDB01\Prasoon_Parashar\LDF'
09/15/2025 12:29:00 —    4620 —     INFO — RestoreSQL :: TRYING TO OBTAIN THE DB CONNECTION
09/15/2025 12:29:00 —    4620 —     INFO — Server: BPLDEVDB01
09/15/2025 12:29:00 —    4620 —     INFO — DBName: PP_CI
09/15/2025 12:29:00 —    4620 —     INFO — SQL: EXEC SP_RESTOREDB_Enhanced_V4 @DB_NAME = N'PP_CI', @BACKUP_FILE= N'\\VMCCRMP01\ReleaseManagement\PLAT\Labels\LB7158_Plat_25.10.3_PLAT\Application\DB\MasterDB_New\CI.bak', @MDF_LOCATION = N'\\BPLDEVDB01\Prasoon_Parashar\MDF', @LDF_LOCATION = N'\\BPLDEVDB01\Prasoon_Parashar\LDF'
09/15/2025 12:29:00 —    4620 —     INFO — DB CONNECTION ESTABLISHED
09/15/2025 12:29:04 —    4620 —     INFO — START GetEnhancedSQL DB: PP_CI_Secondary
09/15/2025 12:29:04 —    4620 —     INFO — Restore: EXEC SP_RESTOREDB_Enhanced_V4 @DB_NAME = N'PP_CI_Secondary', @BACKUP_FILE= N'\\VMCCRMP01\ReleaseManagement\PLAT\Labels\LB7158_Plat_25.10.3_PLAT\Application\DB\MasterDB_New\CI_Secondary.bak', @MDF_LOCATION = N'\\BPLDEVDB01\Prasoon_Parashar\MDF', @LDF_LOCATION = N'\\BPLDEVDB01\Prasoon_Parashar\LDF'
09/15/2025 12:29:04 —    4620 —     INFO — RestoreSQL :: TRYING TO OBTAIN THE DB CONNECTION
09/15/2025 12:29:04 —    4620 —     INFO — Server: BPLDEVDB01
09/15/2025 12:29:04 —    4620 —     INFO — DBName: PP_CI_Secondary
09/15/2025 12:29:04 —    4620 —     INFO — SQL: EXEC SP_RESTOREDB_Enhanced_V4 @DB_NAME = N'PP_CI_Secondary', @BACKUP_FILE= N'\\VMCCRMP01\ReleaseManagement\PLAT\Labels\LB7158_Plat_25.10.3_PLAT\Application\DB\MasterDB_New\CI_Secondary.bak', @MDF_LOCATION = N'\\BPLDEVDB01\Prasoon_Parashar\MDF', @LDF_LOCATION = N'\\BPLDEVDB01\Prasoon_Parashar\LDF'
09/15/2025 12:29:04 —    4620 —     INFO — DB CONNECTION ESTABLISHED
09/15/2025 12:29:07 —    4620 —     INFO — START GetEnhancedSQL DB: PP_CAuth
09/15/2025 12:29:07 —    4620 —     INFO — Restore: EXEC SP_RESTOREDB_Enhanced_V4 @DB_NAME = N'PP_CAuth', @BACKUP_FILE= N'\\VMCCRMP01\ReleaseManagement\PLAT\Labels\LB7158_Plat_25.10.3_PLAT\Application\DB\MasterDB_New\CAuth.bak', @MDF_LOCATION = N'\\BPLDEVDB01\Prasoon_Parashar\MDF', @LDF_LOCATION = N'\\BPLDEVDB01\Prasoon_Parashar\LDF'
09/15/2025 12:29:07 —    4620 —     INFO — RestoreSQL :: TRYING TO OBTAIN THE DB CONNECTION
09/15/2025 12:29:08 —    4620 —     INFO — Server: BPLDEVDB01
09/15/2025 12:29:08 —    4620 —     INFO — DBName: PP_CAuth
09/15/2025 12:29:08 —    4620 —     INFO — SQL: EXEC SP_RESTOREDB_Enhanced_V4 @DB_NAME = N'PP_CAuth', @BACKUP_FILE= N'\\VMCCRMP01\ReleaseManagement\PLAT\Labels\LB7158_Plat_25.10.3_PLAT\Application\DB\MasterDB_New\CAuth.bak', @MDF_LOCATION = N'\\BPLDEVDB01\Prasoon_Parashar\MDF', @LDF_LOCATION = N'\\BPLDEVDB01\Prasoon_Parashar\LDF'
09/15/2025 12:29:08 —    4620 —     INFO — DB CONNECTION ESTABLISHED
09/15/2025 12:29:10 —    4620 —     INFO — START GetEnhancedSQL DB: PP_CC
09/15/2025 12:29:10 —    4620 —     INFO — Restore: EXEC SP_RESTOREDB_Enhanced_V4 @DB_NAME = N'PP_CC', @BACKUP_FILE= N'\\VMCCRMP01\ReleaseManagement\PLAT\Labels\LB7158_Plat_25.10.3_PLAT\Application\DB\MasterDB_New\CC.bak', @MDF_LOCATION = N'\\BPLDEVDB01\Prasoon_Parashar\MDF', @LDF_LOCATION = N'\\BPLDEVDB01\Prasoon_Parashar\LDF'
09/15/2025 12:29:10 —    4620 —     INFO — RestoreSQL :: TRYING TO OBTAIN THE DB CONNECTION
09/15/2025 12:29:10 —    4620 —     INFO — Server: BPLDEVDB01
09/15/2025 12:29:10 —    4620 —     INFO — DBName: PP_CC
09/15/2025 12:29:10 —    4620 —     INFO — SQL: EXEC SP_RESTOREDB_Enhanced_V4 @DB_NAME = N'PP_CC', @BACKUP_FILE= N'\\VMCCRMP01\ReleaseManagement\PLAT\Labels\LB7158_Plat_25.10.3_PLAT\Application\DB\MasterDB_New\CC.bak', @MDF_LOCATION = N'\\BPLDEVDB01\Prasoon_Parashar\MDF', @LDF_LOCATION = N'\\BPLDEVDB01\Prasoon_Parashar\LDF'
09/15/2025 12:29:10 —    4620 —     INFO — DB CONNECTION ESTABLISHED
09/15/2025 12:29:11 —    4620 —     INFO — START GetEnhancedSQL DB: PP_CL
09/15/2025 12:29:11 —    4620 —     INFO — Restore: EXEC SP_RESTOREDB_Enhanced_V4 @DB_NAME = N'PP_CL', @BACKUP_FILE= N'\\VMCCRMP01\ReleaseManagement\PLAT\Labels\LB7158_Plat_25.10.3_PLAT\Application\DB\MasterDB_New\CL.bak', @MDF_LOCATION = N'\\BPLDEVDB01\Prasoon_Parashar\MDF', @LDF_LOCATION = N'\\BPLDEVDB01\Prasoon_Parashar\LDF'
09/15/2025 12:29:11 —    4620 —     INFO — RestoreSQL :: TRYING TO OBTAIN THE DB CONNECTION
09/15/2025 12:29:11 —    4620 —     INFO — Server: BPLDEVDB01
09/15/2025 12:29:11 —    4620 —     INFO — DBName: PP_CL
09/15/2025 12:29:11 —    4620 —     INFO — SQL: EXEC SP_RESTOREDB_Enhanced_V4 @DB_NAME = N'PP_CL', @BACKUP_FILE= N'\\VMCCRMP01\ReleaseManagement\PLAT\Labels\LB7158_Plat_25.10.3_PLAT\Application\DB\MasterDB_New\CL.bak', @MDF_LOCATION = N'\\BPLDEVDB01\Prasoon_Parashar\MDF', @LDF_LOCATION = N'\\BPLDEVDB01\Prasoon_Parashar\LDF'
09/15/2025 12:29:11 —    4620 —     INFO — DB CONNECTION ESTABLISHED
09/15/2025 12:29:12 —    4620 —     INFO — START GetEnhancedSQL DB: PP_CoreApp
09/15/2025 12:29:12 —    4620 —     INFO — Restore: EXEC SP_RESTOREDB_Enhanced_V4 @DB_NAME = N'PP_CoreApp', @BACKUP_FILE= N'\\VMCCRMP01\ReleaseManagement\PLAT\Labels\LB7158_Plat_25.10.3_PLAT\Application\DB\MasterDB_New\CoreApp.bak', @MDF_LOCATION = N'\\BPLDEVDB01\Prasoon_Parashar\MDF', @LDF_LOCATION = N'\\BPLDEVDB01\Prasoon_Parashar\LDF'
09/15/2025 12:29:12 —    4620 —     INFO — RestoreSQL :: TRYING TO OBTAIN THE DB CONNECTION
09/15/2025 12:29:12 —    4620 —     INFO — Server: BPLDEVDB01
09/15/2025 12:29:12 —    4620 —     INFO — DBName: PP_CoreApp
09/15/2025 12:29:12 —    4620 —     INFO — SQL: EXEC SP_RESTOREDB_Enhanced_V4 @DB_NAME = N'PP_CoreApp', @BACKUP_FILE= N'\\VMCCRMP01\ReleaseManagement\PLAT\Labels\LB7158_Plat_25.10.3_PLAT\Application\DB\MasterDB_New\CoreApp.bak', @MDF_LOCATION = N'\\BPLDEVDB01\Prasoon_Parashar\MDF', @LDF_LOCATION = N'\\BPLDEVDB01\Prasoon_Parashar\LDF'
09/15/2025 12:29:12 —    4620 —     INFO — DB CONNECTION ESTABLISHED
09/15/2025 12:29:14 —    4620 —     INFO — START GetEnhancedSQL DB: PP_CoreCredit
09/15/2025 12:29:14 —    4620 —     INFO — Restore: EXEC SP_RESTOREDB_Enhanced_V4 @DB_NAME = N'PP_CoreCredit', @BACKUP_FILE= N'\\VMCCRMP01\ReleaseManagement\PLAT\Labels\LB7158_Plat_25.10.3_PLAT\Application\DB\MasterDB_New\CoreCredit.bak', @MDF_LOCATION = N'\\BPLDEVDB01\Prasoon_Parashar\MDF', @LDF_LOCATION = N'\\BPLDEVDB01\Prasoon_Parashar\LDF'
09/15/2025 12:29:14 —    4620 —     INFO — RestoreSQL :: TRYING TO OBTAIN THE DB CONNECTION
09/15/2025 12:29:14 —    4620 —     INFO — Server: BPLDEVDB01
09/15/2025 12:29:14 —    4620 —     INFO — DBName: PP_CoreCredit
09/15/2025 12:29:14 —    4620 —     INFO — SQL: EXEC SP_RESTOREDB_Enhanced_V4 @DB_NAME = N'PP_CoreCredit', @BACKUP_FILE= N'\\VMCCRMP01\ReleaseManagement\PLAT\Labels\LB7158_Plat_25.10.3_PLAT\Application\DB\MasterDB_New\CoreCredit.bak', @MDF_LOCATION = N'\\BPLDEVDB01\Prasoon_Parashar\MDF', @LDF_LOCATION = N'\\BPLDEVDB01\Prasoon_Parashar\LDF'
09/15/2025 12:29:14 —    4620 —     INFO — DB CONNECTION ESTABLISHED
09/15/2025 12:29:15 —    4620 —     INFO — :: DB RESTORED :: 
09/15/2025 12:29:15 —    4620 —     INFO — Running CallSQLScripts for POD: 1
09/15/2025 12:29:15 —    4620 —     INFO — FolderName: SettingUpPOD1
09/15/2025 12:29:15 —    4620 —     INFO — Path: E:\Python\DB_Operations\SettingUpPOD1
09/15/2025 12:29:15 —    4620 —     INFO — CMD: sqlcmd /S BPLDEVDB01 /d master -E -i 0_t_user_details.sql
09/15/2025 12:29:17 —    4620 —     INFO — CMD: sqlcmd /S BPLDEVDB01 /d master -E -i 1_Synonym_ALL.sql
09/15/2025 12:29:20 —    4620 —     INFO — CMD: sqlcmd /S BPLDEVDB01 /d master -E -i 2_SetEnvScripts.sql
09/15/2025 12:29:20 —    4620 —     INFO — CMD: sqlcmd /S BPLDEVDB01 /d master -E -i 3_USP_GetPSDData_Terms.sql
09/15/2025 12:29:20 —    4620 —     INFO — CMD: sqlcmd /S BPLDEVDB01 /d master -E -i 4_IncreaseDBSize.sql
09/15/2025 12:29:23 —    4620 —     INFO — CMD: sqlcmd /S BPLDEVDB01 /d master -E -i USP_AccountDetails.sql
09/15/2025 12:29:23 —    4620 —     INFO — CMD: sqlcmd /S BPLDEVDB01 /d master -E -i USP_CBAuditDetails.sql
09/15/2025 12:29:23 —    4620 —     INFO — CMD: sqlcmd /S BPLDEVDB01 /d master -E -i USP_CBAuditPSDetails.sql
09/15/2025 12:29:23 —    4620 —     INFO — CMD: sqlcmd /S BPLDEVDB01 /d master -E -i USP_CCardDetails.sql
09/15/2025 12:29:23 —    4620 —     INFO — CMD: sqlcmd /S BPLDEVDB01 /d master -E -i USP_CCardForSpecificTransactionDetails.sql
09/15/2025 12:29:23 —    4620 —     INFO — CMD: sqlcmd /S BPLDEVDB01 /d master -E -i USP_CurrentStatementDetails.sql
09/15/2025 12:29:23 —    4620 —     INFO — CMD: sqlcmd /S BPLDEVDB01 /d master -E -i USP_DelinquencyRecordsDetails.sql
09/15/2025 12:29:23 —    4620 —     INFO — CMD: sqlcmd /S BPLDEVDB01 /d master -E -i USP_InstallmentDetails.sql
09/15/2025 12:29:23 —    4620 —     INFO — CMD: sqlcmd /S BPLDEVDB01 /d master -E -i USP_PurchaseReversalRecordDetails.sql
09/15/2025 12:29:23 —    4620 —     INFO — CMD: sqlcmd /S BPLDEVDB01 /d master -E -i USP_StatementDetails.sql
09/15/2025 12:29:24 —    4620 —     INFO — EXITING CallSQLScripts
09/15/2025 12:29:24 —    4620 —     INFO — START RESTORE DB
09/15/2025 12:29:24 —    4620 —     INFO — BackupSql: BACKUP DATABASE PP_CI TO  DISK = N'\\BPLDEVDB01\Prasoon_Parashar\backup\LB7158_Plat_25.10.3_PLAT_CI.bak' WITH NOFORMAT, INIT,  NAME = N'PP_CI-Full Database Backup', SKIP, NOREWIND, NOUNLOAD,  STATS = 10
09/15/2025 12:29:24 —    4620 —     INFO — BackupSQL :: TRYING TO OBTAIN THE DB CONNECTION
09/15/2025 12:29:24 —    4620 —     INFO — Server: BPLDEVDB01
09/15/2025 12:29:24 —    4620 —     INFO — SQL: BACKUP DATABASE PP_CI TO  DISK = N'\\BPLDEVDB01\Prasoon_Parashar\backup\LB7158_Plat_25.10.3_PLAT_CI.bak' WITH NOFORMAT, INIT,  NAME = N'PP_CI-Full Database Backup', SKIP, NOREWIND, NOUNLOAD,  STATS = 10
09/15/2025 12:29:24 —    4620 —     INFO — DB CONNECTION ESTABLISHED
09/15/2025 12:29:26 —    4620 —     INFO — BackupSql: BACKUP DATABASE PP_CI_Secondary TO  DISK = N'\\BPLDEVDB01\Prasoon_Parashar\backup\LB7158_Plat_25.10.3_PLAT_CI_Secondary.bak' WITH NOFORMAT, INIT,  NAME = N'PP_CI_Secondary-Full Database Backup', SKIP, NOREWIND, NOUNLOAD,  STATS = 10
09/15/2025 12:29:26 —    4620 —     INFO — BackupSQL :: TRYING TO OBTAIN THE DB CONNECTION
09/15/2025 12:29:26 —    4620 —     INFO — Server: BPLDEVDB01
09/15/2025 12:29:26 —    4620 —     INFO — SQL: BACKUP DATABASE PP_CI_Secondary TO  DISK = N'\\BPLDEVDB01\Prasoon_Parashar\backup\LB7158_Plat_25.10.3_PLAT_CI_Secondary.bak' WITH NOFORMAT, INIT,  NAME = N'PP_CI_Secondary-Full Database Backup', SKIP, NOREWIND, NOUNLOAD,  STATS = 10
09/15/2025 12:29:26 —    4620 —     INFO — DB CONNECTION ESTABLISHED
09/15/2025 12:29:27 —    4620 —     INFO — BackupSql: BACKUP DATABASE PP_CAuth TO  DISK = N'\\BPLDEVDB01\Prasoon_Parashar\backup\LB7158_Plat_25.10.3_PLAT_CAuth.bak' WITH NOFORMAT, INIT,  NAME = N'PP_CAuth-Full Database Backup', SKIP, NOREWIND, NOUNLOAD,  STATS = 10
09/15/2025 12:29:27 —    4620 —     INFO — BackupSQL :: TRYING TO OBTAIN THE DB CONNECTION
09/15/2025 12:29:27 —    4620 —     INFO — Server: BPLDEVDB01
09/15/2025 12:29:27 —    4620 —     INFO — SQL: BACKUP DATABASE PP_CAuth TO  DISK = N'\\BPLDEVDB01\Prasoon_Parashar\backup\LB7158_Plat_25.10.3_PLAT_CAuth.bak' WITH NOFORMAT, INIT,  NAME = N'PP_CAuth-Full Database Backup', SKIP, NOREWIND, NOUNLOAD,  STATS = 10
09/15/2025 12:29:27 —    4620 —     INFO — DB CONNECTION ESTABLISHED
09/15/2025 12:29:28 —    4620 —     INFO — BackupSql: BACKUP DATABASE PP_CL TO  DISK = N'\\BPLDEVDB01\Prasoon_Parashar\backup\LB7158_Plat_25.10.3_PLAT_CL.bak' WITH NOFORMAT, INIT,  NAME = N'PP_CL-Full Database Backup', SKIP, NOREWIND, NOUNLOAD,  STATS = 10
09/15/2025 12:29:28 —    4620 —     INFO — BackupSQL :: TRYING TO OBTAIN THE DB CONNECTION
09/15/2025 12:29:28 —    4620 —     INFO — Server: BPLDEVDB01
09/15/2025 12:29:28 —    4620 —     INFO — SQL: BACKUP DATABASE PP_CL TO  DISK = N'\\BPLDEVDB01\Prasoon_Parashar\backup\LB7158_Plat_25.10.3_PLAT_CL.bak' WITH NOFORMAT, INIT,  NAME = N'PP_CL-Full Database Backup', SKIP, NOREWIND, NOUNLOAD,  STATS = 10
09/15/2025 12:29:28 —    4620 —     INFO — DB CONNECTION ESTABLISHED
09/15/2025 12:29:29 —    4620 —     INFO — BackupSql: BACKUP DATABASE PP_CC TO  DISK = N'\\BPLDEVDB01\Prasoon_Parashar\backup\LB7158_Plat_25.10.3_PLAT_CC.bak' WITH NOFORMAT, INIT,  NAME = N'PP_CC-Full Database Backup', SKIP, NOREWIND, NOUNLOAD,  STATS = 10
09/15/2025 12:29:29 —    4620 —     INFO — BackupSQL :: TRYING TO OBTAIN THE DB CONNECTION
09/15/2025 12:29:29 —    4620 —     INFO — Server: BPLDEVDB01
09/15/2025 12:29:29 —    4620 —     INFO — SQL: BACKUP DATABASE PP_CC TO  DISK = N'\\BPLDEVDB01\Prasoon_Parashar\backup\LB7158_Plat_25.10.3_PLAT_CC.bak' WITH NOFORMAT, INIT,  NAME = N'PP_CC-Full Database Backup', SKIP, NOREWIND, NOUNLOAD,  STATS = 10
09/15/2025 12:29:29 —    4620 —     INFO — DB CONNECTION ESTABLISHED
09/15/2025 12:29:30 —    4620 —     INFO — BackupSql: BACKUP DATABASE PP_CoreApp TO  DISK = N'\\BPLDEVDB01\Prasoon_Parashar\backup\LB7158_Plat_25.10.3_PLAT_CoreApp.bak' WITH NOFORMAT, INIT,  NAME = N'PP_CoreApp-Full Database Backup', SKIP, NOREWIND, NOUNLOAD,  STATS = 10
09/15/2025 12:29:30 —    4620 —     INFO — BackupSQL :: TRYING TO OBTAIN THE DB CONNECTION
09/15/2025 12:29:30 —    4620 —     INFO — Server: BPLDEVDB01
09/15/2025 12:29:30 —    4620 —     INFO — SQL: BACKUP DATABASE PP_CoreApp TO  DISK = N'\\BPLDEVDB01\Prasoon_Parashar\backup\LB7158_Plat_25.10.3_PLAT_CoreApp.bak' WITH NOFORMAT, INIT,  NAME = N'PP_CoreApp-Full Database Backup', SKIP, NOREWIND, NOUNLOAD,  STATS = 10
09/15/2025 12:29:30 —    4620 —     INFO — DB CONNECTION ESTABLISHED
09/15/2025 12:29:31 —    4620 —     INFO — BackupSql: BACKUP DATABASE PP_CoreCredit TO  DISK = N'\\BPLDEVDB01\Prasoon_Parashar\backup\LB7158_Plat_25.10.3_PLAT_CoreCredit.bak' WITH NOFORMAT, INIT,  NAME = N'PP_CoreCredit-Full Database Backup', SKIP, NOREWIND, NOUNLOAD,  STATS = 10
09/15/2025 12:29:31 —    4620 —     INFO — BackupSQL :: TRYING TO OBTAIN THE DB CONNECTION
09/15/2025 12:29:31 —    4620 —     INFO — Server: BPLDEVDB01
09/15/2025 12:29:31 —    4620 —     INFO — SQL: BACKUP DATABASE PP_CoreCredit TO  DISK = N'\\BPLDEVDB01\Prasoon_Parashar\backup\LB7158_Plat_25.10.3_PLAT_CoreCredit.bak' WITH NOFORMAT, INIT,  NAME = N'PP_CoreCredit-Full Database Backup', SKIP, NOREWIND, NOUNLOAD,  STATS = 10
09/15/2025 12:29:31 —    4620 —     INFO — DB CONNECTION ESTABLISHED
09/15/2025 12:29:33 —    4620 —     INFO — :: DB BACKED UP :: 
09/15/2025 12:29:42 —    4620 —     INFO — ALL PROCESSES DONE. EXITING...: 
