2024-04-10 12:45:35,910 — INFO — ResponseFile to be processed: E:\Python\BehaveBDD\ScenarioBuilder\ResponseFile\COOKIE-231352_20240410124535.sql
2024-04-10 12:45:35,911 — INFO — File Processing starts ...
2024-04-10 12:45:35,911 — INFO — START TIME::: 2024-04-10 12:45:35.910557
2024-04-10 12:45:35,911 — INFO — E:\Python\BehaveBDD\ScenarioBuilder\INPUT\
2024-04-10 12:45:35,911 — INFO — ********************Scenario.xlsx*****************************
2024-04-10 12:45:35,911 — INFO — INSIDE ReadingTheFileDF WITH FILE: Scenario.xlsx
2024-04-10 12:45:36,134 — INFO — DATA CONVERTED FROM XLS TO DF
2024-04-10 12:45:36,134 — INFO —     BSAcctid  ARTxnType            Trantime  ... TxnIsFor  ClaimID cpmgroup
0    1129597       91.0 2023-12-30 06:14:39  ...      NaN      NaN      NaN
1    1129597       91.0 2023-12-30 06:14:38  ...      NaN      NaN      NaN
2    1129597       91.0 2023-12-19 11:16:40  ...      NaN      NaN      0.0
3    1129597       91.0 2023-12-04 21:43:10  ...      NaN      NaN      0.0
4    1129597       91.0 2023-12-04 21:26:35  ...      NaN      NaN      NaN
..       ...        ...                 ...  ...      ...      ...      ...
69   1129597       91.0 2021-02-20 19:53:02  ...      NaN      NaN      0.0
70   1129597       91.0 2021-01-11 14:41:59  ...      NaN      NaN      0.0
71   1129597       91.0 2020-12-22 09:38:31  ...      NaN      NaN      NaN
72   1129597       91.0 2020-12-22 09:38:31  ...      NaN      NaN      NaN
73   1129597        NaN 2019-07-24 12:11:12  ...      NaN      NaN      NaN

[74 rows x 24 columns]
2024-04-10 12:45:36,183 — INFO —     BSAcctid  ARTxnType  ... TranCode                    Description
73   1129597        NaN  ...      NaN                            NaN
72   1129597       91.0  ...    F4007   DOMESTIC PURCHASE - REVOLVER
71   1129597       91.0  ...    F4001     DOMESTIC PURCHASE - RETAIL
70   1129597       91.0  ...     2101     ACH SCHEDULED BILL PAYMENT
69   1129597       91.0  ...     2101     ACH SCHEDULED BILL PAYMENT
..       ...        ...  ...      ...                            ...
4    1129597       91.0  ...     2206        ACH BILL PAYMENT RETURN
3    1129597       91.0  ...     2101     ACH SCHEDULED BILL PAYMENT
2    1129597       91.0  ...     2101     ACH SCHEDULED BILL PAYMENT
1    1129597       91.0  ...     2101     ACH SCHEDULED BILL PAYMENT
0    1129597       91.0  ...     2101     ACH SCHEDULED BILL PAYMENT

[74 rows x 26 columns]
2024-04-10 12:45:36,255 — INFO — *********************** FINISHED ***********************
