07/09/2020 20:24:41 — 23028 — INFO — File Processing starts ...
07/09/2020 20:24:41 — 23028 — INFO — Start Time::: 2020-07-09 20:24:41.140247
07/09/2020 20:24:41 — 23028 — INFO — INSIDE GetOperatingServer BLOCK
07/09/2020 20:24:41 — 23028 — INFO — Connection established
07/09/2020 20:24:41 — 23028 — INFO — EXITING GetOperatingServer BLOCK
07/09/2020 20:24:41 — 23028 — INFO — INSIDE EmailStructure BLOCK
07/09/2020 20:24:41 — 23028 — INFO — EXITING EmailStructure BLOCK
07/09/2020 20:24:41 — 23028 — INFO — Checking the INPROCESS jobs
07/09/2020 20:24:41 — 23028 — INFO — Connection established
07/09/2020 20:24:41 — 23028 — INFO — EXITING CheckForInProcessJobs BLOCK
07/09/2020 20:24:41 — 23028 — INFO — E:\Python\ApplyDBCrTxnPosting\ApplyDbCR\INPUT\
07/09/2020 20:24:41 — 23028 — INFO — ********************ProcessLocalFile_3.csv*****************************
07/09/2020 20:24:41 — 23028 — INFO — FileID: 2020070924411
07/09/2020 20:24:41 — 23028 — INFO — EXITING ValidateDuplicateFile
07/09/2020 20:24:41 — 23028 — INFO — INSIDE FileToProcess BLOCK
07/09/2020 20:24:41 — 23028 — INFO — Connection established
07/09/2020 20:24:41 — 23028 — INFO — Query executed successfully.
07/09/2020 20:24:41 — 23028 — INFO — File is in NEW state and going to process
07/09/2020 20:24:41 — 23028 — INFO — EXITING FileToProcess BLOCK
07/09/2020 20:24:41 — 23028 — INFO — Inserting records to the database
07/09/2020 20:24:41 — 23028 — INFO — Connection established
07/09/2020 20:24:41 — 23028 — INFO — TABLE TRUNCATED SUCCESSFULY
07/09/2020 20:24:41 — 23028 — INFO — BCP START TIME::: 2020-07-09 20:24:41.402737
07/09/2020 20:24:41 — 23028 — INFO — BCP execution successful
07/09/2020 20:24:41 — 23028 — INFO — BCP FINISH TIME::: 2020-07-09 20:24:41.541067
07/09/2020 20:24:41 — 23028 — INFO — Inside DataValidation for file: ProcessLocalFile_3.csv
07/09/2020 20:24:41 — 23028 — INFO — Connection established
07/09/2020 20:24:41 — 23028 — INFO — EXEC PARASHAR_CB_CI..PR_ApplyDBCrFileProcessing '4101', '4204', 5, 10
07/09/2020 20:24:41 — 23028 — INFO — PR_ApplyDBCrFileProcessing EXECUTION START TIME::: 2020-07-09 20:24:41.552070
07/09/2020 20:24:43 — 23028 — INFO — PR_ApplyDBCrFileProcessing executed successfully
07/09/2020 20:24:43 — 23028 — INFO — PR_ApplyDBCrFileProcessing EXECUTION FINISH TIME::: 2020-07-09 20:24:43.473476
07/09/2020 20:24:43 — 23028 — INFO — ErrorMessage: SUCCESS
07/09/2020 20:24:43 — 23028 — INFO — Criteria 1: TotalRecords != '' :: True
07/09/2020 20:24:43 — 23028 — INFO — Criteria 2: TotalRecords > 0  :: True
07/09/2020 20:24:43 — 23028 — INFO — JobStatus:: DONE
07/09/2020 20:24:43 — 23028 — INFO — TotalRecords:: 224
07/09/2020 20:24:43 — 23028 — INFO — SuccessCount:: 0
07/09/2020 20:24:43 — 23028 — INFO — ErrorCount:: 224
07/09/2020 20:24:43 — 23028 — INFO — ErrorReason:: No Error
07/09/2020 20:24:43 — 23028 — INFO — INSIDE FileDetails BLOCK
07/09/2020 20:24:43 — 23028 — INFO — Connection established
07/09/2020 20:24:43 — 23028 — INFO — EXITING FileDetails BLOCK
07/09/2020 20:24:43 — 23028 — INFO — INSIDE EmailStructure BLOCK
07/09/2020 20:24:43 — 23028 — INFO — EXITING EmailStructure BLOCK
07/09/2020 20:24:56 — 23028 — INFO — Sending mail...
07/09/2020 20:24:59 — 23028 — INFO — ********************All files processed... Exiting*****************************
07/09/2020 20:24:59 — 23028 — INFO — FINISH TIME::: 2020-07-09 20:24:59.313971
