2021-02-17 04:46:55,089 INFO ==================================================================================================================
2021-02-17 04:46:55,089 INFO AUTHOR :   Neha Vishwakarma
2021-02-17 04:46:55,089 INFO Reviewer : Poonam Agrawal Mam / Jinendra Sir 
2021-02-17 04:46:55,089 INFO DESCRIPTION : This process will read and Insert request of all apis in  sql Table and then call particular APIBy making their JSON Request 
2021-02-17 04:46:55,089 INFO ==================================================================================================================
2021-02-17 04:46:55,089 INFO Reading File svcManualReageAccountProd_CAPRemediationFeb2021.csv
2021-02-17 04:46:55,089 INFO 2021-02-17
2021-02-17 04:46:55,089 INFO {'Password': 'Test123!', 'UserID': 'DRPSeriveCall', 'APIVersion': '2.0', 'Source': 'plat'}
2021-02-17 04:46:55,089 INFO https://ccservices.corecard.com//CoreCardServices/CoreCardServices.svc/ManualReage
2021-02-17 04:46:55,089 INFO SELECT COUNT(1) FROM APIJSONRequestLog  WITH (NOLOCK) WHERE  FileName = 'svcManualReageAccountProd_CAPRemediationFeb2021.csv' AND importdate between '2021-02-17'
         and '2021-02-17 23:59:59'
2021-02-17 04:46:55,089 INFO (0,)
2021-02-17 04:46:55,089 INFO 0
2021-02-17 04:46:55,089 INFO 0
2021-02-17 04:46:55,106 INFO TypeOfManualReage,TotalDueMethod,AccountNumber

2021-02-17 04:46:55,106 INFO The last line is:
2021-02-17 04:46:55,106 INFO 1,2698.89,1100011102821554
2021-02-17 04:46:55,106 INFO <_io.TextIOWrapper name='P:\\Dump\\CCManualReage\\Incoming_file\\svcManualReageAccountProd_CAPRemediationFeb2021.csv' mode='r' encoding='cp1252'>
2021-02-17 04:46:55,106 INFO ***checking checkHeaderCount********
2021-02-17 04:46:55,106 INFO 3
2021-02-17 04:46:55,106 INFO ***checking checkLineColumnCount********
2021-02-17 04:46:55,106 INFO 3
2021-02-17 04:46:55,106 INFO ***checking checkLineColumnCount********
2021-02-17 04:46:55,106 INFO 3
2021-02-17 04:46:55,106 INFO ***checking checkLineColumnCount********
2021-02-17 04:46:55,106 INFO 3
2021-02-17 04:46:55,106 INFO 0
2021-02-17 04:46:55,106 INFO TypeOfManualReage
2021-02-17 04:46:55,106 INFO <_io.TextIOWrapper name='P:\\Dump\\CCManualReage\\Incoming_file\\svcManualReageAccountProd_CAPRemediationFeb2021.csv' mode='r' encoding='cp1252'>
2021-02-17 04:46:55,106 INFO 1
2021-02-17 04:46:55,106 INFO 1100011132118765   
2021-02-17 04:46:55,106 INFO 1100011132118765
2021-02-17 04:46:55,106 INFO AccountNumber
2021-02-17 04:46:55,106 INFO **********Remove NewLine***********
2021-02-17 04:46:55,106 INFO AccountNumber
2021-02-17 04:46:55,106 INFO {'Password': 'Test123!', 'UserID': 'DRPSeriveCall', 'APIVersion': '2.0', 'Source': 'plat', 'TypeOfManualReage': '1', 'TotalDueMethod': '1599.88', 'AccountNumber': '1100011132118765'}
2021-02-17 04:46:55,106 INFO ('svcManualReageAccountProd_CAPRemediationFeb2021.csv', 1, 'NEW', datetime.datetime(2021, 2, 17, 4, 46, 55, 106683), '{"Password": "Test123!", "UserID": "DRPSeriveCall", "APIVersion": "2.0", "Source": "plat", "TypeOfManualReage": "1", "TotalDueMethod": "1599.88", "AccountNumber": "1100011132118765"}')
2021-02-17 04:46:55,106 INFO ------------------------------Insersion1-----------------------------
2021-02-17 04:46:55,137 INFO ------------------------------Insersion2-----------------------------
2021-02-17 04:46:55,137 INFO Request_Parameter={'Password': 'Test123!', 'UserID': 'DRPSeriveCall', 'APIVersion': '2.0', 'Source': 'plat', 'TypeOfManualReage': '1', 'TotalDueMethod': '1599.88', 'AccountNumber': '1100011132118765'}
2021-02-17 04:46:55,137 INFO 1
2021-02-17 04:46:55,137 INFO *******checking timeout**********
2021-02-17 04:46:56,303 INFO *******checking timeout**********
2021-02-17 04:46:56,304 INFO 200
2021-02-17 04:46:56,306 INFO {'ErrorFound': 'NO', 'ErrorNumber': 'ERR01040', 'ErrorMessage': 'Re-age posted successfully', 'ResponseID': '2435612175', 'CycleDue': '4 Cycles Past Due', 'AccountUUID': None, 'AdminUUID': None, 'PODID': '1'}
2021-02-17 04:46:56,307 INFO 2435612175
2021-02-17 04:46:56,307 INFO Re-age posted successfully
2021-02-17 04:46:56,308 INFO UPDATE APIJSONRequestLog SET status='DONE', ResponseID= '2435612175' , ErrorMesssage = 'Re-age posted successfully', 
             ErrorFound = 'NO' WHERE FileName ='svcManualReageAccountProd_CAPRemediationFeb2021.csv' and importdate between '2021-02-17' and '2021-02-17 23:59:59'
              and LineNumber = '1'and  status='NEW'
              
2021-02-17 04:46:56,312 INFO None
2021-02-17 04:46:56,313 INFO 
$$$$$$$$$$$$$$$$$$$$$$$$$$$$$$$--Execution Completed--$$$$$$$$$$$$$$$$$$$$$$$$$$$$$$$$$$$$$$$$$$$$$$
