2020-11-23 05:05:46,768 INFO ==================================================================================================================
2020-11-23 05:05:46,768 INFO AUTHOR :   Neha Vishwakarma
2020-11-23 05:05:46,768 INFO Reviewer : Poonam Agrawal Mam / Jinendra Sir 
2020-11-23 05:05:46,768 INFO DESCRIPTION : This process will read and Insert request of all apis in  sql Table and then call particular APIBy making their JSON Request 
2020-11-23 05:05:46,768 INFO ==================================================================================================================
2020-11-23 05:05:46,768 INFO Reading File svcManualReageAccountProd_one_4.csv
2020-11-23 05:05:46,768 INFO 2020-11-23
2020-11-23 05:05:46,768 INFO {'Password': 'Test123!', 'UserID': 'DRPSeriveCall', 'APIVersion': '2.0', 'Source': 'plat'}
2020-11-23 05:05:46,768 INFO https://ccservices.corecard.com//CoreCardServices/CoreCardServices.svc/ManualReage
2020-11-23 05:05:46,768 INFO SELECT COUNT(1) FROM APIJSONRequestLog  WITH (NOLOCK) WHERE  FileName = 'svcManualReageAccountProd_one_4.csv' AND importdate between '2020-11-23'
         and '2020-11-23 23:59:59'
2020-11-23 05:05:46,768 INFO (0,)
2020-11-23 05:05:46,768 INFO 0
2020-11-23 05:05:46,768 INFO 0
2020-11-23 05:05:46,768 INFO TypeOfManualReage,TotalDueMethod,AccountNumber

2020-11-23 05:05:46,784 INFO The last line is:
2020-11-23 05:05:46,784 INFO 

2020-11-23 05:05:46,784 INFO ********Invalid File  move to error folder **********
2020-11-23 05:05:46,784 INFO 1
2020-11-23 05:05:46,784 INFO 1
2020-11-23 05:05:46,784 INFO 
$$$$$$$$$$$$$$$$$$$$$$$$$$$$$$$--Execution Completed--$$$$$$$$$$$$$$$$$$$$$$$$$$$$$$$$$$$$$$$$$$$$$$
