10/20/2023 13:00:50 — 13020 — INFO — Scenario 16
10/20/2023 13:00:50 — 13020 — INFO — Scenario 16
10/20/2023 13:00:50 — 13020 — INFO — Rohitrerun
10/20/2023 13:00:50 — 13020 — INFO — SELECT TOP 1 executionid FROM FeatureStepExecutionInfo (NOLOCK) WHERE FeatureName = 'Scenario 16' ORDER BY id DESC
10/20/2023 13:00:50 — 13020 — INFO — 6
10/20/2023 13:00:50 — 13020 — INFO — SET NOCOUNT ON EXEC USP_PDF_InsertFeatureStepExecutionInfo 6,'Scenario 16','Create Account With BillingCycle 12','Create Account','InProgress'
10/20/2023 13:00:50 — 13020 — INFO — fn_CreateJsonPayloadUsingTable--1111
10/20/2023 13:00:50 — 13020 — INFO — 7131
10/20/2023 13:00:50 — 13020 — INFO — JazzStore
10/20/2023 13:00:50 — 13020 — INFO — 12
10/20/2023 13:00:50 — 13020 — INFO — 10000
10/20/2023 13:00:52 — 13020 — INFO — SET NOCOUNT ON EXEC USP_PDF_InsertFeatureStepExecutionInfo 6,'Scenario 16','Create Account With BillingCycle 12','Create Account','Done'
10/20/2023 13:00:52 — 13020 — INFO — SET NOCOUNT ON EXEC USP_PDF_InsertFeatureStepExecutionInfo 6,'Scenario 16','Create Account With BillingCycle 12','Verify API response is OK','InProgress'
10/20/2023 13:00:52 — 13020 — INFO — ErrorFound NO 
ErrorNumber ERR01002 
ErrorMessage Account Creation Successful
10/20/2023 13:00:52 — 13020 — INFO — SET NOCOUNT ON EXEC USP_PDF_InsertFeatureStepExecutionInfo 6,'Scenario 16','Create Account With BillingCycle 12','Verify API response is OK','Done'
10/20/2023 13:00:52 — 13020 — INFO — SET NOCOUNT ON EXEC USP_PDF_InsertFeatureStepExecutionInfo 6,'Scenario 16','Create Account With BillingCycle 12','Verify Account Number in Database','InProgress'
10/20/2023 13:00:52 — 13020 — INFO — SET NOCOUNT ON EXEC USP_PDF_InsertFeatureStepExecutionInfo 6,'Scenario 16','Create Account With BillingCycle 12','Verify Account Number in Database','Done'
10/20/2023 13:00:52 — 13020 — INFO — AccountCreation
10/20/2023 13:00:52 — 13020 — INFO — json_data befire
10/20/2023 13:00:52 — 13020 — INFO — json_data after
10/20/2023 13:00:52 — 13020 — INFO — [('AccountNumber', 'MyAccountNumber'), ('CardNumber', 'MyCardNumber')]
10/20/2023 13:00:52 — 13020 — INFO — [('AccountNumber', 'MyAccountNumber'), ('CardNumber', 'MyCardNumber')]
10/20/2023 13:00:52 — 13020 — INFO — [('AccountNumber', 'MyAccountNumber'), ('CardNumber', 'MyCardNumber')]
10/20/2023 13:00:52 — 13020 — INFO — MyAccountNumber
10/20/2023 13:00:52 — 13020 — INFO — 1150001100411424
10/20/2023 13:00:52 — 13020 — INFO — SET NOCOUNT ON EXEC USP_PDF_InsertFeatureStepExecutionInfo 6,'Scenario 16','Create Account With BillingCycle 12','Save tag into variable','Done'
10/20/2023 13:00:52 — 13020 — INFO — MyCardNumber
10/20/2023 13:00:52 — 13020 — INFO — 5206024703745134
10/20/2023 13:00:52 — 13020 — INFO — SET NOCOUNT ON EXEC USP_PDF_InsertFeatureStepExecutionInfo 6,'Scenario 16','Create Account With BillingCycle 12','Save tag into variable','Done'
10/20/2023 13:00:52 — 13020 — INFO — Scenario 16
10/20/2023 13:00:52 — 13020 — INFO — Scenario 16
10/20/2023 13:00:52 — 13020 — INFO — Rohitrerun
10/20/2023 13:00:52 — 13020 — INFO — SELECT TOP 1 executionid FROM FeatureStepExecutionInfo (NOLOCK) WHERE FeatureName = 'Scenario 16' ORDER BY id DESC
10/20/2023 13:00:52 — 13020 — INFO — 6
10/20/2023 13:00:52 — 13020 — INFO — SET NOCOUNT ON EXEC USP_PDF_InsertFeatureStepExecutionInfo 6,'Scenario 16','Post Purchase Transaction','Post Transaction','InProgress'
10/20/2023 13:00:52 — 13020 — INFO — [('AccountNumber', '@MyAccountNumber'), ('TranType', 'TranType'), ('TransactionAmount', 'TransactionAmount')]
10/20/2023 13:00:52 — 13020 — INFO — fn_CreateJsonPayloadUsingTable--1111
10/20/2023 13:00:52 — 13020 — INFO — fn_CreateJsonPayloadUsingTable--2222
10/20/2023 13:00:52 — 13020 — INFO — MyAccountNumber
10/20/2023 13:00:52 — 13020 — INFO — Inside fn_GetValueFromDataStore
10/20/2023 13:00:52 — 13020 — INFO — MyAccountNumber
10/20/2023 13:00:52 — 13020 — INFO — 1150001100411424
10/20/2023 13:00:52 — 13020 — INFO — TranType
10/20/2023 13:00:52 — 13020 — INFO — TransactionAmount
10/20/2023 13:00:52 — 13020 — INFO — {'AccountNumber': '1150001100411424', 'TranType': '4005', 'TransactionAmount': '800'}
10/20/2023 13:00:53 — 13020 — INFO — {'AccountNumber': '1150001100411424', 'TranType': '4005', 'TransactionAmount': '800', 'UserID': 'JazzCall'}
10/20/2023 13:00:53 — 13020 — INFO — SET NOCOUNT ON EXEC USP_PDF_InsertFeatureStepExecutionInfo 6,'Scenario 16','Post Purchase Transaction','Post Transaction','Done'
10/20/2023 13:00:53 — 13020 — INFO — SET NOCOUNT ON EXEC USP_PDF_InsertFeatureStepExecutionInfo 6,'Scenario 16','Post Purchase Transaction','Verify API response is OK','InProgress'
10/20/2023 13:00:53 — 13020 — INFO — ErrorFound NO 
ErrorNumber ERR01058 
ErrorMessage Transaction posted successfully
10/20/2023 13:00:53 — 13020 — INFO — SET NOCOUNT ON EXEC USP_PDF_InsertFeatureStepExecutionInfo 6,'Scenario 16','Post Purchase Transaction','Verify API response is OK','Done'
10/20/2023 13:00:53 — 13020 — INFO — SET NOCOUNT ON EXEC USP_PDF_InsertFeatureStepExecutionInfo 6,'Scenario 16','Post Purchase Transaction','Post Transaction','InProgress'
10/20/2023 13:00:53 — 13020 — INFO — [('AccountNumber', '@MyAccountNumber'), ('TranType', 'TranType'), ('TransactionAmount', 'TransactionAmount')]
10/20/2023 13:00:53 — 13020 — INFO — fn_CreateJsonPayloadUsingTable--1111
10/20/2023 13:00:53 — 13020 — INFO — fn_CreateJsonPayloadUsingTable--2222
10/20/2023 13:00:53 — 13020 — INFO — MyAccountNumber
10/20/2023 13:00:53 — 13020 — INFO — Inside fn_GetValueFromDataStore
10/20/2023 13:00:53 — 13020 — INFO — MyAccountNumber
10/20/2023 13:00:53 — 13020 — INFO — 1150001100411424
10/20/2023 13:00:53 — 13020 — INFO — TranType
10/20/2023 13:00:53 — 13020 — INFO — TransactionAmount
10/20/2023 13:00:53 — 13020 — INFO — {'AccountNumber': '1150001100411424', 'TranType': '4005', 'TransactionAmount': '1200'}
10/20/2023 13:00:54 — 13020 — INFO — {'AccountNumber': '1150001100411424', 'TranType': '4005', 'TransactionAmount': '1200', 'UserID': 'JazzCall'}
10/20/2023 13:00:54 — 13020 — INFO — SET NOCOUNT ON EXEC USP_PDF_InsertFeatureStepExecutionInfo 6,'Scenario 16','Post Purchase Transaction','Post Transaction','Done'
10/20/2023 13:00:54 — 13020 — INFO — SET NOCOUNT ON EXEC USP_PDF_InsertFeatureStepExecutionInfo 6,'Scenario 16','Post Purchase Transaction','Verify API response is OK','InProgress'
10/20/2023 13:00:54 — 13020 — INFO — ErrorFound NO 
ErrorNumber ERR01058 
ErrorMessage Transaction posted successfully
10/20/2023 13:00:54 — 13020 — INFO — SET NOCOUNT ON EXEC USP_PDF_InsertFeatureStepExecutionInfo 6,'Scenario 16','Post Purchase Transaction','Verify API response is OK','Done'
10/20/2023 13:00:54 — 13020 — INFO — SET NOCOUNT ON EXEC USP_PDF_InsertFeatureStepExecutionInfo 6,'Scenario 16','Post Purchase Transaction','Post Transaction','InProgress'
10/20/2023 13:00:54 — 13020 — INFO — [('AccountNumber', '@MyAccountNumber'), ('TranType', 'TranType'), ('TransactionAmount', 'TransactionAmount')]
10/20/2023 13:00:54 — 13020 — INFO — fn_CreateJsonPayloadUsingTable--1111
10/20/2023 13:00:54 — 13020 — INFO — fn_CreateJsonPayloadUsingTable--2222
10/20/2023 13:00:54 — 13020 — INFO — MyAccountNumber
10/20/2023 13:00:54 — 13020 — INFO — Inside fn_GetValueFromDataStore
10/20/2023 13:00:54 — 13020 — INFO — MyAccountNumber
10/20/2023 13:00:54 — 13020 — INFO — 1150001100411424
10/20/2023 13:00:54 — 13020 — INFO — TranType
10/20/2023 13:00:54 — 13020 — INFO — TransactionAmount
10/20/2023 13:00:54 — 13020 — INFO — {'AccountNumber': '1150001100411424', 'TranType': '4005', 'TransactionAmount': '700'}
10/20/2023 13:00:57 — 13020 — INFO — {'AccountNumber': '1150001100411424', 'TranType': '4005', 'TransactionAmount': '700', 'UserID': 'JazzCall'}
10/20/2023 13:00:57 — 13020 — INFO — SET NOCOUNT ON EXEC USP_PDF_InsertFeatureStepExecutionInfo 6,'Scenario 16','Post Purchase Transaction','Post Transaction','Done'
10/20/2023 13:00:57 — 13020 — INFO — SET NOCOUNT ON EXEC USP_PDF_InsertFeatureStepExecutionInfo 6,'Scenario 16','Post Purchase Transaction','Verify API response is OK','InProgress'
10/20/2023 13:00:57 — 13020 — INFO — ErrorFound Yes 
ErrorNumber ERR04049 
ErrorMessage Error encountered - Please Try Again Later
10/20/2023 13:00:57 — 13020 — INFO — SET NOCOUNT ON EXEC USP_PDF_InsertFeatureStepExecutionInfo 6,'Scenario 16','Post Purchase Transaction','Verify API response is OK','FAIL Error Found Yes'
10/20/2023 13:00:57 — 13020 — INFO — AssertionError occurred: None
