10/20/2023 12:53:14 — 5112 — INFO — I have started execution
10/20/2023 12:53:14 — 5112 — INFO — E:\Python\BehaveBDD\ScenarioExecutionTool\FeatureFiles\Scenario\Input\
10/20/2023 12:53:14 — 5112 — INFO — E:\Python\BehaveBDD\ScenarioExecutionTool\FeatureFiles\ConsolidatedScenario\
10/20/2023 12:53:16 — 5112 — INFO — Inside fn_fileSplitter
10/20/2023 12:53:16 — 5112 — INFO — Backdated_payment_Case2.feature
10/20/2023 12:53:16 — 5112 — INFO — File splitting and creation completed.
10/20/2023 12:53:16 — 5112 — INFO — Scenario12.feature
10/20/2023 12:53:16 — 5112 — INFO — File splitting and creation completed.
10/20/2023 12:53:16 — 5112 — INFO — Scenario13.feature
10/20/2023 12:53:16 — 5112 — INFO — File splitting and creation completed.
10/20/2023 12:53:16 — 5112 — INFO — Scenario15.1.feature
10/20/2023 12:53:16 — 5112 — INFO — File splitting and creation completed.
10/20/2023 12:53:16 — 5112 — INFO — Scenario15.2.feature
10/20/2023 12:53:16 — 5112 — INFO — File splitting and creation completed.
10/20/2023 12:53:16 — 5112 — INFO — Scenario16.feature
10/20/2023 12:53:16 — 5112 — INFO — File splitting and creation completed.
10/20/2023 12:53:16 — 5112 — INFO — Scenario17.feature
10/20/2023 12:53:16 — 5112 — INFO — File splitting and creation completed.
10/20/2023 12:53:16 — 5112 — INFO — Scenario18.feature
10/20/2023 12:53:16 — 5112 — INFO — File splitting and creation completed.
10/20/2023 12:53:16 — 5112 — INFO — Scenario19.feature
10/20/2023 12:53:16 — 5112 — INFO — File splitting and creation completed.
10/20/2023 12:53:16 — 5112 — INFO — Scenario20.feature
10/20/2023 12:53:16 — 5112 — INFO — File splitting and creation completed.
10/20/2023 12:53:16 — 5112 — INFO — Scenario6.Feature
10/20/2023 12:53:16 — 5112 — INFO — File splitting and creation completed.
10/20/2023 12:53:16 — 5112 — INFO — Scenario7.feature
10/20/2023 12:53:16 — 5112 — INFO — File splitting and creation completed.
10/20/2023 12:53:16 — 5112 — INFO — Scenario8.feature
10/20/2023 12:53:16 — 5112 — INFO — File splitting and creation completed.
10/20/2023 12:53:16 — 5112 — INFO — Scenario9.feature
10/20/2023 12:53:16 — 5112 — INFO — File splitting and creation completed.
10/20/2023 12:53:16 — 5112 — INFO — Inside fn_ExecuteSteps
10/20/2023 12:53:16 — 5112 — INFO — 2020-08-02
10/20/2023 12:53:16 — 5112 — INFO — 2020-08-02_Scenario17.feature
10/20/2023 12:53:16 — 5112 — INFO — Now fetching the files from folder and execute steps one by one
10/20/2023 12:53:16 — 5112 — INFO — behave E:\Python\BehaveBDD\ScenarioExecutionTool\FeatureFiles\ConsolidatedScenario\2020-08-02\2020-08-02_Scenario17.feature --no-capture --stop
10/20/2023 12:53:17 — 5112 — INFO — After execution all the steps it is going to age the system to folder date 2020-08-02
10/20/2023 12:53:17 — 5112 — INFO — 08/02/2020
10/20/2023 12:53:17 — 5112 — INFO — Current TnpDate is 2020-07-24  after Aging Date 2020-08-02
10/20/2023 12:53:17 — 5112 — INFO — Aging is InProgress
10/20/2023 12:53:32 — 5112 — INFO — 2020-08-04
10/20/2023 12:53:32 — 5112 — INFO — 2020-08-04_Scenario17.feature
10/20/2023 12:53:32 — 5112 — INFO — Now fetching the files from folder and execute steps one by one
10/20/2023 12:53:32 — 5112 — INFO — behave E:\Python\BehaveBDD\ScenarioExecutionTool\FeatureFiles\ConsolidatedScenario\2020-08-04\2020-08-04_Scenario17.feature --no-capture --stop
10/20/2023 12:53:44 — 5112 — INFO — After execution all the steps it is going to age the system to folder date 2020-08-04
10/20/2023 12:53:44 — 5112 — INFO — 08/04/2020
10/20/2023 12:53:44 — 5112 — INFO — Current TnpDate is 2020-08-02  after Aging Date 2020-08-04
10/20/2023 12:53:44 — 5112 — INFO — Aging is InProgress
10/20/2023 12:53:59 — 5112 — INFO — 2020-09-04
10/20/2023 12:53:59 — 5112 — INFO — 2020-09-04_Scenario17.feature
10/20/2023 12:53:59 — 5112 — INFO — Now fetching the files from folder and execute steps one by one
10/20/2023 12:53:59 — 5112 — INFO — behave E:\Python\BehaveBDD\ScenarioExecutionTool\FeatureFiles\ConsolidatedScenario\2020-09-04\2020-09-04_Scenario17.feature --no-capture --stop
10/20/2023 12:54:01 — 5112 — INFO — After execution all the steps it is going to age the system to folder date 2020-09-04
10/20/2023 12:54:01 — 5112 — INFO — 09/04/2020
10/20/2023 12:54:01 — 5112 — INFO — Current TnpDate is 2020-08-04  after Aging Date 2020-09-04
10/20/2023 12:54:01 — 5112 — INFO — Aging is InProgress
10/20/2023 12:54:16 — 5112 — INFO — Current TnpDate is 2020-08-04  after Aging Date 2020-09-04
10/20/2023 12:54:16 — 5112 — INFO — Aging is InProgress
10/20/2023 12:54:31 — 5112 — INFO — Current TnpDate is 2020-08-17  after Aging Date 2020-09-04
10/20/2023 12:54:31 — 5112 — INFO — Aging is InProgress
10/20/2023 12:54:46 — 5112 — INFO — 2020-09-14
10/20/2023 12:54:46 — 5112 — INFO — 2020-09-14_Scenario17.feature
10/20/2023 12:54:46 — 5112 — INFO — Now fetching the files from folder and execute steps one by one
10/20/2023 12:54:46 — 5112 — INFO — behave E:\Python\BehaveBDD\ScenarioExecutionTool\FeatureFiles\ConsolidatedScenario\2020-09-14\2020-09-14_Scenario17.feature --no-capture --stop
10/20/2023 12:54:47 — 5112 — INFO — After execution all the steps it is going to age the system to folder date 2020-09-14
10/20/2023 12:54:47 — 5112 — INFO — 09/14/2020
10/20/2023 12:54:47 — 5112 — INFO — Current TnpDate is 2020-09-04  after Aging Date 2020-09-14
10/20/2023 12:54:47 — 5112 — INFO — Aging is InProgress
10/20/2023 12:55:02 — 5112 — INFO — 2020-09-21
10/20/2023 12:55:02 — 5112 — INFO — 2020-09-21_Scenario17.feature
10/20/2023 12:55:02 — 5112 — INFO — Now fetching the files from folder and execute steps one by one
10/20/2023 12:55:02 — 5112 — INFO — behave E:\Python\BehaveBDD\ScenarioExecutionTool\FeatureFiles\ConsolidatedScenario\2020-09-21\2020-09-21_Scenario17.feature --no-capture --stop
10/20/2023 12:55:04 — 5112 — INFO — After execution all the steps it is going to age the system to folder date 2020-09-21
10/20/2023 12:55:04 — 5112 — INFO — 09/21/2020
10/20/2023 12:55:04 — 5112 — INFO — Current TnpDate is 2020-09-14  after Aging Date 2020-09-21
10/20/2023 12:55:04 — 5112 — INFO — Aging is InProgress
10/20/2023 12:55:19 — 5112 — INFO — Current TnpDate is 2020-09-14  after Aging Date 2020-09-21
10/20/2023 12:55:19 — 5112 — INFO — Aging is InProgress
10/20/2023 12:55:34 — 5112 — INFO — 2020-10-04
10/20/2023 12:55:34 — 5112 — INFO — 2020-10-04_Scenario17.feature
10/20/2023 12:55:34 — 5112 — INFO — Now fetching the files from folder and execute steps one by one
10/20/2023 12:55:34 — 5112 — INFO — behave E:\Python\BehaveBDD\ScenarioExecutionTool\FeatureFiles\ConsolidatedScenario\2020-10-04\2020-10-04_Scenario17.feature --no-capture --stop
10/20/2023 12:55:35 — 5112 — INFO — After execution all the steps it is going to age the system to folder date 2020-10-04
10/20/2023 12:55:35 — 5112 — INFO — 10/04/2020
10/20/2023 12:55:35 — 5112 — INFO — Current TnpDate is 2020-09-21  after Aging Date 2020-10-04
10/20/2023 12:55:35 — 5112 — INFO — Aging is InProgress
10/20/2023 12:55:50 — 5112 — INFO — Current TnpDate is 2020-09-21  after Aging Date 2020-10-04
10/20/2023 12:55:50 — 5112 — INFO — Aging is InProgress
10/20/2023 12:56:05 — 5112 — INFO — 2020-10-08
10/20/2023 12:56:05 — 5112 — INFO — 2020-10-08_Scenario17.feature
10/20/2023 12:56:05 — 5112 — INFO — Now fetching the files from folder and execute steps one by one
10/20/2023 12:56:05 — 5112 — INFO — behave E:\Python\BehaveBDD\ScenarioExecutionTool\FeatureFiles\ConsolidatedScenario\2020-10-08\2020-10-08_Scenario17.feature --no-capture --stop
10/20/2023 12:56:07 — 5112 — INFO — After execution all the steps it is going to age the system to folder date 2020-10-08
10/20/2023 12:56:07 — 5112 — INFO — 10/08/2020
10/20/2023 12:56:07 — 5112 — INFO — Current TnpDate is 2020-10-04  after Aging Date 2020-10-08
10/20/2023 12:56:07 — 5112 — INFO — Aging is InProgress
10/20/2023 12:56:22 — 5112 — INFO — Current TnpDate is 2020-10-04  after Aging Date 2020-10-08
10/20/2023 12:56:22 — 5112 — INFO — Aging is InProgress
10/20/2023 12:56:37 — 5112 — INFO — 2021-01-08
10/20/2023 12:56:37 — 5112 — INFO — 2021-01-08_Backdated_payment_Case2.feature
10/20/2023 12:56:37 — 5112 — INFO — Now fetching the files from folder and execute steps one by one
10/20/2023 12:56:37 — 5112 — INFO — behave E:\Python\BehaveBDD\ScenarioExecutionTool\FeatureFiles\ConsolidatedScenario\2021-01-08\2021-01-08_Backdated_payment_Case2.feature --no-capture --stop
10/20/2023 12:56:38 — 5112 — INFO — After execution all the steps it is going to age the system to folder date 2021-01-08
10/20/2023 12:56:38 — 5112 — INFO — 01/08/2021
10/20/2023 12:56:38 — 5112 — INFO — Current TnpDate is 2020-10-08  after Aging Date 2021-01-08
10/20/2023 12:56:38 — 5112 — INFO — Aging is InProgress
10/20/2023 12:56:53 — 5112 — INFO — Current TnpDate is 2020-10-08  after Aging Date 2021-01-08
10/20/2023 12:56:53 — 5112 — INFO — Aging is InProgress
10/20/2023 12:57:08 — 5112 — INFO — Current TnpDate is 2020-10-30  after Aging Date 2021-01-08
10/20/2023 12:57:08 — 5112 — INFO — Aging is InProgress
10/20/2023 12:57:23 — 5112 — INFO — Current TnpDate is 2020-11-15  after Aging Date 2021-01-08
10/20/2023 12:57:23 — 5112 — INFO — Aging is InProgress
10/20/2023 12:57:38 — 5112 — INFO — Current TnpDate is 2020-12-01  after Aging Date 2021-01-08
10/20/2023 12:57:38 — 5112 — INFO — Aging is InProgress
10/20/2023 12:57:53 — 5112 — INFO — Current TnpDate is 2020-12-19  after Aging Date 2021-01-08
10/20/2023 12:57:53 — 5112 — INFO — Aging is InProgress
10/20/2023 12:58:08 — 5112 — INFO — 2021-01-25
10/20/2023 12:58:08 — 5112 — INFO — 2021-01-25_Scenario12.feature
10/20/2023 12:58:08 — 5112 — INFO — Now fetching the files from folder and execute steps one by one
10/20/2023 12:58:08 — 5112 — INFO — behave E:\Python\BehaveBDD\ScenarioExecutionTool\FeatureFiles\ConsolidatedScenario\2021-01-25\2021-01-25_Scenario12.feature --no-capture --stop
10/20/2023 12:58:10 — 5112 — INFO — After execution all the steps it is going to age the system to folder date 2021-01-25
10/20/2023 12:58:10 — 5112 — INFO — 01/25/2021
10/20/2023 12:58:10 — 5112 — INFO — Current TnpDate is 2021-01-08  after Aging Date 2021-01-25
10/20/2023 12:58:10 — 5112 — INFO — Aging is InProgress
10/20/2023 12:58:25 — 5112 — INFO — Current TnpDate is 2021-01-11  after Aging Date 2021-01-25
10/20/2023 12:58:25 — 5112 — INFO — Aging is InProgress
10/20/2023 12:58:40 — 5112 — INFO — 2021-02-01
10/20/2023 12:58:40 — 5112 — INFO — 2021-02-01_Scenario13.feature
10/20/2023 12:58:40 — 5112 — INFO — Now fetching the files from folder and execute steps one by one
10/20/2023 12:58:40 — 5112 — INFO — behave E:\Python\BehaveBDD\ScenarioExecutionTool\FeatureFiles\ConsolidatedScenario\2021-02-01\2021-02-01_Scenario13.feature --no-capture --stop
10/20/2023 12:58:41 — 5112 — INFO — After execution all the steps it is going to age the system to folder date 2021-02-01
10/20/2023 12:58:41 — 5112 — INFO — 02/01/2021
10/20/2023 12:58:41 — 5112 — INFO — Current TnpDate is 2021-01-25  after Aging Date 2021-02-01
10/20/2023 12:58:41 — 5112 — INFO — Aging is InProgress
10/20/2023 12:58:56 — 5112 — INFO — Current TnpDate is 2021-01-30  after Aging Date 2021-02-01
10/20/2023 12:58:56 — 5112 — INFO — Aging is InProgress
10/20/2023 12:59:11 — 5112 — INFO — 2021-02-02
10/20/2023 12:59:11 — 5112 — INFO — 2021-02-02_Scenario16.feature
10/20/2023 12:59:11 — 5112 — INFO — Now fetching the files from folder and execute steps one by one
10/20/2023 12:59:11 — 5112 — INFO — behave E:\Python\BehaveBDD\ScenarioExecutionTool\FeatureFiles\ConsolidatedScenario\2021-02-02\2021-02-02_Scenario16.feature --no-capture --stop
10/20/2023 12:59:13 — 5112 — INFO — After execution all the steps it is going to age the system to folder date 2021-02-02
10/20/2023 12:59:13 — 5112 — INFO — 02/02/2021
10/20/2023 12:59:13 — 5112 — INFO — Current TnpDate is 2021-02-01  after Aging Date 2021-02-02
10/20/2023 12:59:13 — 5112 — INFO — Aging is InProgress
10/20/2023 12:59:28 — 5112 — INFO — 2021-02-02_Scenario7.feature
10/20/2023 12:59:28 — 5112 — INFO — Now fetching the files from folder and execute steps one by one
10/20/2023 12:59:28 — 5112 — INFO — behave E:\Python\BehaveBDD\ScenarioExecutionTool\FeatureFiles\ConsolidatedScenario\2021-02-02\2021-02-02_Scenario7.feature --no-capture --stop
10/20/2023 12:59:29 — 5112 — INFO — After execution all the steps it is going to age the system to folder date 2021-02-02
10/20/2023 12:59:29 — 5112 — INFO — 02/02/2021
10/20/2023 12:59:29 — 5112 — INFO — 2021-02-04
10/20/2023 12:59:29 — 5112 — INFO — 2021-02-04_Scenario12.feature
10/20/2023 12:59:29 — 5112 — INFO — Now fetching the files from folder and execute steps one by one
10/20/2023 12:59:29 — 5112 — INFO — behave E:\Python\BehaveBDD\ScenarioExecutionTool\FeatureFiles\ConsolidatedScenario\2021-02-04\2021-02-04_Scenario12.feature --no-capture --stop
10/20/2023 12:59:39 — 5112 — INFO — After execution all the steps it is going to age the system to folder date 2021-02-04
10/20/2023 12:59:39 — 5112 — INFO — 02/04/2021
10/20/2023 12:59:39 — 5112 — INFO — Current TnpDate is 2021-02-02  after Aging Date 2021-02-04
10/20/2023 12:59:39 — 5112 — INFO — Aging is InProgress
10/20/2023 12:59:54 — 5112 — INFO — Current TnpDate is 2021-02-03  after Aging Date 2021-02-04
10/20/2023 12:59:54 — 5112 — INFO — Aging is InProgress
10/20/2023 13:00:09 — 5112 — INFO — 2021-02-04_Scenario6.feature
10/20/2023 13:00:09 — 5112 — INFO — Now fetching the files from folder and execute steps one by one
10/20/2023 13:00:09 — 5112 — INFO — behave E:\Python\BehaveBDD\ScenarioExecutionTool\FeatureFiles\ConsolidatedScenario\2021-02-04\2021-02-04_Scenario6.feature --no-capture --stop
10/20/2023 13:00:11 — 5112 — INFO — After execution all the steps it is going to age the system to folder date 2021-02-04
10/20/2023 13:00:11 — 5112 — INFO — 02/04/2021
10/20/2023 13:00:11 — 5112 — INFO — 2021-02-13
10/20/2023 13:00:11 — 5112 — INFO — 2021-02-13_Scenario12.feature
10/20/2023 13:00:11 — 5112 — INFO — Now fetching the files from folder and execute steps one by one
10/20/2023 13:00:11 — 5112 — INFO — behave E:\Python\BehaveBDD\ScenarioExecutionTool\FeatureFiles\ConsolidatedScenario\2021-02-13\2021-02-13_Scenario12.feature --no-capture --stop
10/20/2023 13:00:12 — 5112 — INFO — After execution all the steps it is going to age the system to folder date 2021-02-13
10/20/2023 13:00:12 — 5112 — INFO — 02/13/2021
10/20/2023 13:00:12 — 5112 — INFO — Current TnpDate is 2021-02-04  after Aging Date 2021-02-13
10/20/2023 13:00:12 — 5112 — INFO — Aging is InProgress
10/20/2023 13:00:27 — 5112 — INFO — Current TnpDate is 2021-02-08  after Aging Date 2021-02-13
10/20/2023 13:00:27 — 5112 — INFO — Aging is InProgress
10/20/2023 13:00:42 — 5112 — INFO — 2021-02-13_Scenario13.feature
10/20/2023 13:00:42 — 5112 — INFO — Now fetching the files from folder and execute steps one by one
10/20/2023 13:00:42 — 5112 — INFO — behave E:\Python\BehaveBDD\ScenarioExecutionTool\FeatureFiles\ConsolidatedScenario\2021-02-13\2021-02-13_Scenario13.feature --no-capture --stop
10/20/2023 13:00:49 — 5112 — INFO — After execution all the steps it is going to age the system to folder date 2021-02-13
10/20/2023 13:00:49 — 5112 — INFO — 02/13/2021
10/20/2023 13:00:49 — 5112 — INFO — 2021-02-13_Scenario16.feature
10/20/2023 13:00:49 — 5112 — INFO — Now fetching the files from folder and execute steps one by one
10/20/2023 13:00:49 — 5112 — INFO — behave E:\Python\BehaveBDD\ScenarioExecutionTool\FeatureFiles\ConsolidatedScenario\2021-02-13\2021-02-13_Scenario16.feature --no-capture --stop
10/20/2023 13:00:57 — 5112 — INFO — After execution all the steps it is going to age the system to folder date 2021-02-13
10/20/2023 13:00:57 — 5112 — INFO — 02/13/2021
10/20/2023 13:00:57 — 5112 — INFO — 2021-02-13_Scenario7.feature
10/20/2023 13:00:57 — 5112 — INFO — Now fetching the files from folder and execute steps one by one
10/20/2023 13:00:57 — 5112 — INFO — behave E:\Python\BehaveBDD\ScenarioExecutionTool\FeatureFiles\ConsolidatedScenario\2021-02-13\2021-02-13_Scenario7.feature --no-capture --stop
10/20/2023 13:01:04 — 5112 — INFO — After execution all the steps it is going to age the system to folder date 2021-02-13
10/20/2023 13:01:04 — 5112 — INFO — 02/13/2021
10/20/2023 13:01:04 — 5112 — INFO — 2021-02-15
10/20/2023 13:01:04 — 5112 — INFO — 2021-02-15_Scenario13.feature
10/20/2023 13:01:04 — 5112 — INFO — Now fetching the files from folder and execute steps one by one
10/20/2023 13:01:04 — 5112 — INFO — behave E:\Python\BehaveBDD\ScenarioExecutionTool\FeatureFiles\ConsolidatedScenario\2021-02-15\2021-02-15_Scenario13.feature --no-capture --stop
10/20/2023 13:01:05 — 5112 — INFO — After execution all the steps it is going to age the system to folder date 2021-02-15
10/20/2023 13:01:05 — 5112 — INFO — 02/15/2021
10/20/2023 13:01:06 — 5112 — INFO — Current TnpDate is 2021-02-13  after Aging Date 2021-02-15
10/20/2023 13:01:06 — 5112 — INFO — Aging is InProgress
10/20/2023 13:01:21 — 5112 — INFO — Current TnpDate is 2021-02-13  after Aging Date 2021-02-15
10/20/2023 13:01:21 — 5112 — INFO — Aging is InProgress
10/20/2023 13:01:36 — 5112 — INFO — 2021-02-20
10/20/2023 13:01:36 — 5112 — INFO — 2021-02-20_Scenario16.feature
10/20/2023 13:01:36 — 5112 — INFO — Now fetching the files from folder and execute steps one by one
10/20/2023 13:01:36 — 5112 — INFO — behave E:\Python\BehaveBDD\ScenarioExecutionTool\FeatureFiles\ConsolidatedScenario\2021-02-20\2021-02-20_Scenario16.feature --no-capture --stop
10/20/2023 13:01:37 — 5112 — INFO — After execution all the steps it is going to age the system to folder date 2021-02-20
10/20/2023 13:01:37 — 5112 — INFO — 02/20/2021
10/20/2023 13:01:37 — 5112 — INFO — Current TnpDate is 2021-02-15  after Aging Date 2021-02-20
10/20/2023 13:01:37 — 5112 — INFO — Aging is InProgress
10/20/2023 13:01:52 — 5112 — INFO — Current TnpDate is 2021-02-15  after Aging Date 2021-02-20
10/20/2023 13:01:52 — 5112 — INFO — Aging is InProgress
10/20/2023 13:02:07 — 5112 — INFO — 2021-02-22
10/20/2023 13:02:07 — 5112 — INFO — 2021-02-22_Scenario16.feature
10/20/2023 13:02:07 — 5112 — INFO — Now fetching the files from folder and execute steps one by one
10/20/2023 13:02:07 — 5112 — INFO — behave E:\Python\BehaveBDD\ScenarioExecutionTool\FeatureFiles\ConsolidatedScenario\2021-02-22\2021-02-22_Scenario16.feature --no-capture --stop
10/20/2023 13:02:09 — 5112 — INFO — After execution all the steps it is going to age the system to folder date 2021-02-22
10/20/2023 13:02:09 — 5112 — INFO — 02/22/2021
10/20/2023 13:02:09 — 5112 — INFO — Current TnpDate is 2021-02-20  after Aging Date 2021-02-22
10/20/2023 13:02:09 — 5112 — INFO — Aging is InProgress
10/20/2023 13:02:24 — 5112 — INFO — Current TnpDate is 2021-02-21  after Aging Date 2021-02-22
10/20/2023 13:02:24 — 5112 — INFO — Aging is InProgress
10/20/2023 13:02:39 — 5112 — INFO — 2021-03-02
10/20/2023 13:02:39 — 5112 — INFO — 2021-03-02_Scenario15.1.feature
10/20/2023 13:02:39 — 5112 — INFO — Now fetching the files from folder and execute steps one by one
10/20/2023 13:02:39 — 5112 — INFO — behave E:\Python\BehaveBDD\ScenarioExecutionTool\FeatureFiles\ConsolidatedScenario\2021-03-02\2021-03-02_Scenario15.1.feature --no-capture --stop
10/20/2023 13:02:40 — 5112 — INFO — After execution all the steps it is going to age the system to folder date 2021-03-02
10/20/2023 13:02:40 — 5112 — INFO — 03/02/2021
10/20/2023 13:02:40 — 5112 — INFO — Current TnpDate is 2021-02-22  after Aging Date 2021-03-02
10/20/2023 13:02:40 — 5112 — INFO — Aging is InProgress
10/20/2023 13:02:55 — 5112 — INFO — Current TnpDate is 2021-02-26  after Aging Date 2021-03-02
10/20/2023 13:02:55 — 5112 — INFO — Aging is InProgress
10/20/2023 13:03:10 — 5112 — INFO — 2021-03-02_Scenario15.2.feature
10/20/2023 13:03:10 — 5112 — INFO — Now fetching the files from folder and execute steps one by one
10/20/2023 13:03:10 — 5112 — INFO — behave E:\Python\BehaveBDD\ScenarioExecutionTool\FeatureFiles\ConsolidatedScenario\2021-03-02\2021-03-02_Scenario15.2.feature --no-capture --stop
10/20/2023 13:03:11 — 5112 — INFO — After execution all the steps it is going to age the system to folder date 2021-03-02
10/20/2023 13:03:11 — 5112 — INFO — 03/02/2021
10/20/2023 13:03:12 — 5112 — INFO — 2021-03-02_Scenario19.feature
10/20/2023 13:03:12 — 5112 — INFO — Now fetching the files from folder and execute steps one by one
10/20/2023 13:03:12 — 5112 — INFO — behave E:\Python\BehaveBDD\ScenarioExecutionTool\FeatureFiles\ConsolidatedScenario\2021-03-02\2021-03-02_Scenario19.feature --no-capture --stop
10/20/2023 13:03:13 — 5112 — INFO — After execution all the steps it is going to age the system to folder date 2021-03-02
10/20/2023 13:03:13 — 5112 — INFO — 03/02/2021
10/20/2023 13:03:13 — 5112 — INFO — 2021-03-04
10/20/2023 13:03:13 — 5112 — INFO — 2021-03-04_Scenario12.feature
10/20/2023 13:03:13 — 5112 — INFO — Now fetching the files from folder and execute steps one by one
10/20/2023 13:03:13 — 5112 — INFO — behave E:\Python\BehaveBDD\ScenarioExecutionTool\FeatureFiles\ConsolidatedScenario\2021-03-04\2021-03-04_Scenario12.feature --no-capture --stop
10/20/2023 13:03:14 — 5112 — INFO — After execution all the steps it is going to age the system to folder date 2021-03-04
10/20/2023 13:03:14 — 5112 — INFO — 03/04/2021
10/20/2023 13:03:14 — 5112 — INFO — Current TnpDate is 2021-03-02  after Aging Date 2021-03-04
10/20/2023 13:03:14 — 5112 — INFO — Aging is InProgress
10/20/2023 13:03:29 — 5112 — INFO — Current TnpDate is 2021-03-03  after Aging Date 2021-03-04
10/20/2023 13:03:29 — 5112 — INFO — Aging is InProgress
10/20/2023 13:03:44 — 5112 — INFO — 2021-03-07
10/20/2023 13:03:44 — 5112 — INFO — 2021-03-07_Scenario6.feature
10/20/2023 13:03:44 — 5112 — INFO — Now fetching the files from folder and execute steps one by one
10/20/2023 13:03:44 — 5112 — INFO — behave E:\Python\BehaveBDD\ScenarioExecutionTool\FeatureFiles\ConsolidatedScenario\2021-03-07\2021-03-07_Scenario6.feature --no-capture --stop
10/20/2023 13:03:50 — 5112 — INFO — After execution all the steps it is going to age the system to folder date 2021-03-07
10/20/2023 13:03:50 — 5112 — INFO — 03/07/2021
10/20/2023 13:03:50 — 5112 — INFO — Current TnpDate is 2021-03-04  after Aging Date 2021-03-07
10/20/2023 13:03:50 — 5112 — INFO — Aging is InProgress
10/20/2023 13:04:05 — 5112 — INFO — 2021-03-08
10/20/2023 13:04:05 — 5112 — INFO — 2021-03-08_Scenario15.1.feature
10/20/2023 13:04:05 — 5112 — INFO — Now fetching the files from folder and execute steps one by one
10/20/2023 13:04:05 — 5112 — INFO — behave E:\Python\BehaveBDD\ScenarioExecutionTool\FeatureFiles\ConsolidatedScenario\2021-03-08\2021-03-08_Scenario15.1.feature --no-capture --stop
10/20/2023 13:04:09 — 5112 — INFO — After execution all the steps it is going to age the system to folder date 2021-03-08
10/20/2023 13:04:09 — 5112 — INFO — 03/08/2021
10/20/2023 13:04:09 — 5112 — INFO — Current TnpDate is 2021-03-07  after Aging Date 2021-03-08
10/20/2023 13:04:09 — 5112 — INFO — Aging is InProgress
10/20/2023 13:04:24 — 5112 — INFO — 2021-03-08_Scenario15.2.feature
10/20/2023 13:04:24 — 5112 — INFO — Now fetching the files from folder and execute steps one by one
10/20/2023 13:04:24 — 5112 — INFO — behave E:\Python\BehaveBDD\ScenarioExecutionTool\FeatureFiles\ConsolidatedScenario\2021-03-08\2021-03-08_Scenario15.2.feature --no-capture --stop
10/20/2023 13:04:25 — 5112 — INFO — After execution all the steps it is going to age the system to folder date 2021-03-08
10/20/2023 13:04:25 — 5112 — INFO — 03/08/2021
10/20/2023 13:04:25 — 5112 — INFO — 2021-03-13
10/20/2023 13:04:25 — 5112 — INFO — 2021-03-13_Scenario12.feature
10/20/2023 13:04:25 — 5112 — INFO — Now fetching the files from folder and execute steps one by one
10/20/2023 13:04:25 — 5112 — INFO — behave E:\Python\BehaveBDD\ScenarioExecutionTool\FeatureFiles\ConsolidatedScenario\2021-03-13\2021-03-13_Scenario12.feature --no-capture --stop
10/20/2023 13:04:26 — 5112 — INFO — After execution all the steps it is going to age the system to folder date 2021-03-13
10/20/2023 13:04:26 — 5112 — INFO — 03/13/2021
10/20/2023 13:04:26 — 5112 — INFO — Current TnpDate is 2021-03-08  after Aging Date 2021-03-13
10/20/2023 13:04:26 — 5112 — INFO — Aging is InProgress
10/20/2023 13:04:41 — 5112 — INFO — Current TnpDate is 2021-03-08  after Aging Date 2021-03-13
10/20/2023 13:04:41 — 5112 — INFO — Aging is InProgress
10/20/2023 13:04:56 — 5112 — INFO — Current TnpDate is 2021-03-11  after Aging Date 2021-03-13
10/20/2023 13:04:56 — 5112 — INFO — Aging is InProgress
10/20/2023 13:05:11 — 5112 — INFO — 2021-03-13_Scenario13.feature
10/20/2023 13:05:11 — 5112 — INFO — Now fetching the files from folder and execute steps one by one
10/20/2023 13:05:11 — 5112 — INFO — behave E:\Python\BehaveBDD\ScenarioExecutionTool\FeatureFiles\ConsolidatedScenario\2021-03-13\2021-03-13_Scenario13.feature --no-capture --stop
10/20/2023 13:05:13 — 5112 — INFO — After execution all the steps it is going to age the system to folder date 2021-03-13
10/20/2023 13:05:13 — 5112 — INFO — 03/13/2021
10/20/2023 13:05:13 — 5112 — INFO — 2021-03-13_Scenario16.feature
10/20/2023 13:05:13 — 5112 — INFO — Now fetching the files from folder and execute steps one by one
10/20/2023 13:05:13 — 5112 — INFO — behave E:\Python\BehaveBDD\ScenarioExecutionTool\FeatureFiles\ConsolidatedScenario\2021-03-13\2021-03-13_Scenario16.feature --no-capture --stop
10/20/2023 13:05:17 — 5112 — INFO — After execution all the steps it is going to age the system to folder date 2021-03-13
10/20/2023 13:05:17 — 5112 — INFO — 03/13/2021
10/20/2023 13:05:17 — 5112 — INFO — 2021-03-13_Scenario19.feature
10/20/2023 13:05:17 — 5112 — INFO — Now fetching the files from folder and execute steps one by one
10/20/2023 13:05:17 — 5112 — INFO — behave E:\Python\BehaveBDD\ScenarioExecutionTool\FeatureFiles\ConsolidatedScenario\2021-03-13\2021-03-13_Scenario19.feature --no-capture --stop
10/20/2023 13:05:21 — 5112 — INFO — After execution all the steps it is going to age the system to folder date 2021-03-13
10/20/2023 13:05:21 — 5112 — INFO — 03/13/2021
10/20/2023 13:05:21 — 5112 — INFO — 2021-03-13_Scenario7.feature
10/20/2023 13:05:21 — 5112 — INFO — Now fetching the files from folder and execute steps one by one
10/20/2023 13:05:21 — 5112 — INFO — behave E:\Python\BehaveBDD\ScenarioExecutionTool\FeatureFiles\ConsolidatedScenario\2021-03-13\2021-03-13_Scenario7.feature --no-capture --stop
10/20/2023 13:05:25 — 5112 — INFO — After execution all the steps it is going to age the system to folder date 2021-03-13
10/20/2023 13:05:25 — 5112 — INFO — 03/13/2021
10/20/2023 13:05:25 — 5112 — INFO — 2021-03-20
10/20/2023 13:05:25 — 5112 — INFO — 2021-03-20_Scenario13.feature
10/20/2023 13:05:25 — 5112 — INFO — Now fetching the files from folder and execute steps one by one
10/20/2023 13:05:25 — 5112 — INFO — behave E:\Python\BehaveBDD\ScenarioExecutionTool\FeatureFiles\ConsolidatedScenario\2021-03-20\2021-03-20_Scenario13.feature --no-capture --stop
10/20/2023 13:05:26 — 5112 — INFO — After execution all the steps it is going to age the system to folder date 2021-03-20
10/20/2023 13:05:26 — 5112 — INFO — 03/20/2021
10/20/2023 13:05:26 — 5112 — INFO — Current TnpDate is 2021-03-13  after Aging Date 2021-03-20
10/20/2023 13:05:26 — 5112 — INFO — Aging is InProgress
10/20/2023 13:05:41 — 5112 — INFO — Current TnpDate is 2021-03-13  after Aging Date 2021-03-20
10/20/2023 13:05:41 — 5112 — INFO — Aging is InProgress
10/20/2023 13:05:56 — 5112 — INFO — Current TnpDate is 2021-03-18  after Aging Date 2021-03-20
10/20/2023 13:05:56 — 5112 — INFO — Aging is InProgress
10/20/2023 13:06:11 — 5112 — INFO — 2021-04-02
10/20/2023 13:06:11 — 5112 — INFO — 2021-04-02_Scenario18.feature
10/20/2023 13:06:11 — 5112 — INFO — Now fetching the files from folder and execute steps one by one
10/20/2023 13:06:11 — 5112 — INFO — behave E:\Python\BehaveBDD\ScenarioExecutionTool\FeatureFiles\ConsolidatedScenario\2021-04-02\2021-04-02_Scenario18.feature --no-capture --stop
10/20/2023 13:06:13 — 5112 — INFO — After execution all the steps it is going to age the system to folder date 2021-04-02
10/20/2023 13:06:13 — 5112 — INFO — 04/02/2021
10/20/2023 13:06:13 — 5112 — INFO — Current TnpDate is 2021-03-20  after Aging Date 2021-04-02
10/20/2023 13:06:13 — 5112 — INFO — Aging is InProgress
10/20/2023 13:06:28 — 5112 — INFO — Current TnpDate is 2021-03-28  after Aging Date 2021-04-02
10/20/2023 13:06:28 — 5112 — INFO — Aging is InProgress
10/20/2023 13:06:43 — 5112 — INFO — 2021-04-02_Scenario20.feature
10/20/2023 13:06:43 — 5112 — INFO — Now fetching the files from folder and execute steps one by one
10/20/2023 13:06:43 — 5112 — INFO — behave E:\Python\BehaveBDD\ScenarioExecutionTool\FeatureFiles\ConsolidatedScenario\2021-04-02\2021-04-02_Scenario20.feature --no-capture --stop
10/20/2023 13:06:44 — 5112 — INFO — After execution all the steps it is going to age the system to folder date 2021-04-02
10/20/2023 13:06:44 — 5112 — INFO — 04/02/2021
10/20/2023 13:06:44 — 5112 — INFO — 2021-04-02_Scenario8.feature
10/20/2023 13:06:44 — 5112 — INFO — Now fetching the files from folder and execute steps one by one
10/20/2023 13:06:44 — 5112 — INFO — behave E:\Python\BehaveBDD\ScenarioExecutionTool\FeatureFiles\ConsolidatedScenario\2021-04-02\2021-04-02_Scenario8.feature --no-capture --stop
10/20/2023 13:06:46 — 5112 — INFO — After execution all the steps it is going to age the system to folder date 2021-04-02
10/20/2023 13:06:46 — 5112 — INFO — 04/02/2021
10/20/2023 13:06:46 — 5112 — INFO — 2021-04-02_Scenario9.feature
10/20/2023 13:06:46 — 5112 — INFO — Now fetching the files from folder and execute steps one by one
10/20/2023 13:06:46 — 5112 — INFO — behave E:\Python\BehaveBDD\ScenarioExecutionTool\FeatureFiles\ConsolidatedScenario\2021-04-02\2021-04-02_Scenario9.feature --no-capture --stop
10/20/2023 13:06:48 — 5112 — INFO — After execution all the steps it is going to age the system to folder date 2021-04-02
10/20/2023 13:06:48 — 5112 — INFO — 04/02/2021
10/20/2023 13:06:48 — 5112 — INFO — 2021-04-04
10/20/2023 13:06:48 — 5112 — INFO — 2021-04-04_Backdated_payment_Case2.feature
10/20/2023 13:06:48 — 5112 — INFO — Now fetching the files from folder and execute steps one by one
10/20/2023 13:06:48 — 5112 — INFO — behave E:\Python\BehaveBDD\ScenarioExecutionTool\FeatureFiles\ConsolidatedScenario\2021-04-04\2021-04-04_Backdated_payment_Case2.feature --no-capture --stop
10/20/2023 13:06:51 — 5112 — INFO — After execution all the steps it is going to age the system to folder date 2021-04-04
10/20/2023 13:06:51 — 5112 — INFO — 04/04/2021
10/20/2023 13:06:51 — 5112 — INFO — Current TnpDate is 2021-04-02  after Aging Date 2021-04-04
10/20/2023 13:06:51 — 5112 — INFO — Aging is InProgress
10/20/2023 13:07:06 — 5112 — INFO — Current TnpDate is 2021-04-03  after Aging Date 2021-04-04
10/20/2023 13:07:06 — 5112 — INFO — Aging is InProgress
10/20/2023 13:07:21 — 5112 — INFO — Current TnpDate is 2021-04-03  after Aging Date 2021-04-04
10/20/2023 13:07:21 — 5112 — INFO — Aging is InProgress
10/20/2023 13:07:37 — 5112 — INFO — Current TnpDate is 2021-04-03  after Aging Date 2021-04-04
10/20/2023 13:07:37 — 5112 — INFO — Aging is InProgress
10/20/2023 13:07:52 — 5112 — INFO — Current TnpDate is 2021-04-03  after Aging Date 2021-04-04
10/20/2023 13:07:52 — 5112 — INFO — Aging is InProgress
10/20/2023 13:08:07 — 5112 — INFO — Current TnpDate is 2021-04-03  after Aging Date 2021-04-04
10/20/2023 13:08:07 — 5112 — INFO — Aging is InProgress
10/20/2023 13:08:22 — 5112 — INFO — Current TnpDate is 2021-04-03  after Aging Date 2021-04-04
10/20/2023 13:08:22 — 5112 — INFO — Aging is InProgress
10/20/2023 13:08:37 — 5112 — INFO — Current TnpDate is 2021-04-03  after Aging Date 2021-04-04
10/20/2023 13:08:37 — 5112 — INFO — Aging is InProgress
10/20/2023 13:08:52 — 5112 — INFO — Current TnpDate is 2021-04-03  after Aging Date 2021-04-04
10/20/2023 13:08:52 — 5112 — INFO — Aging is InProgress
10/20/2023 13:09:07 — 5112 — INFO — Current TnpDate is 2021-04-03  after Aging Date 2021-04-04
10/20/2023 13:09:07 — 5112 — INFO — Aging is InProgress
10/20/2023 13:09:22 — 5112 — INFO — 2021-04-04_Scenario12.feature
10/20/2023 13:09:22 — 5112 — INFO — Now fetching the files from folder and execute steps one by one
10/20/2023 13:09:22 — 5112 — INFO — behave E:\Python\BehaveBDD\ScenarioExecutionTool\FeatureFiles\ConsolidatedScenario\2021-04-04\2021-04-04_Scenario12.feature --no-capture --stop
10/20/2023 13:09:23 — 5112 — INFO — After execution all the steps it is going to age the system to folder date 2021-04-04
10/20/2023 13:09:23 — 5112 — INFO — 04/04/2021
10/20/2023 13:09:23 — 5112 — INFO — 2021-04-08
10/20/2023 13:09:23 — 5112 — INFO — 2021-04-08_Scenario15.1.feature
10/20/2023 13:09:23 — 5112 — INFO — Now fetching the files from folder and execute steps one by one
10/20/2023 13:09:23 — 5112 — INFO — behave E:\Python\BehaveBDD\ScenarioExecutionTool\FeatureFiles\ConsolidatedScenario\2021-04-08\2021-04-08_Scenario15.1.feature --no-capture --stop
10/20/2023 13:09:25 — 5112 — INFO — After execution all the steps it is going to age the system to folder date 2021-04-08
10/20/2023 13:09:25 — 5112 — INFO — 04/08/2021
10/20/2023 13:09:25 — 5112 — INFO — Current TnpDate is 2021-04-04  after Aging Date 2021-04-08
10/20/2023 13:09:25 — 5112 — INFO — Aging is InProgress
10/20/2023 13:09:40 — 5112 — INFO — Current TnpDate is 2021-04-04  after Aging Date 2021-04-08
10/20/2023 13:09:40 — 5112 — INFO — Aging is InProgress
10/20/2023 13:09:55 — 5112 — INFO — Current TnpDate is 2021-04-06  after Aging Date 2021-04-08
10/20/2023 13:09:55 — 5112 — INFO — Aging is InProgress
10/20/2023 13:10:10 — 5112 — INFO — 2021-04-08_Scenario15.2.feature
10/20/2023 13:10:10 — 5112 — INFO — Now fetching the files from folder and execute steps one by one
10/20/2023 13:10:10 — 5112 — INFO — behave E:\Python\BehaveBDD\ScenarioExecutionTool\FeatureFiles\ConsolidatedScenario\2021-04-08\2021-04-08_Scenario15.2.feature --no-capture --stop
10/20/2023 13:10:12 — 5112 — INFO — After execution all the steps it is going to age the system to folder date 2021-04-08
10/20/2023 13:10:12 — 5112 — INFO — 04/08/2021
10/20/2023 13:10:12 — 5112 — INFO — 2021-04-08_Scenario18.feature
10/20/2023 13:10:12 — 5112 — INFO — Now fetching the files from folder and execute steps one by one
10/20/2023 13:10:12 — 5112 — INFO — behave E:\Python\BehaveBDD\ScenarioExecutionTool\FeatureFiles\ConsolidatedScenario\2021-04-08\2021-04-08_Scenario18.feature --no-capture --stop
10/20/2023 13:10:16 — 5112 — INFO — After execution all the steps it is going to age the system to folder date 2021-04-08
10/20/2023 13:10:16 — 5112 — INFO — 04/08/2021
10/20/2023 13:10:16 — 5112 — INFO — 2021-04-12
10/20/2023 13:10:16 — 5112 — INFO — 2021-04-12_Scenario8.feature
10/20/2023 13:10:16 — 5112 — INFO — Now fetching the files from folder and execute steps one by one
10/20/2023 13:10:16 — 5112 — INFO — behave E:\Python\BehaveBDD\ScenarioExecutionTool\FeatureFiles\ConsolidatedScenario\2021-04-12\2021-04-12_Scenario8.feature --no-capture --stop
10/20/2023 13:10:20 — 5112 — INFO — After execution all the steps it is going to age the system to folder date 2021-04-12
10/20/2023 13:10:20 — 5112 — INFO — 04/12/2021
10/20/2023 13:10:20 — 5112 — INFO — Current TnpDate is 2021-04-08  after Aging Date 2021-04-12
10/20/2023 13:10:20 — 5112 — INFO — Aging is InProgress
10/20/2023 13:10:35 — 5112 — INFO — Current TnpDate is 2021-04-08  after Aging Date 2021-04-12
10/20/2023 13:10:35 — 5112 — INFO — Aging is InProgress
10/20/2023 13:10:50 — 5112 — INFO — Current TnpDate is 2021-04-08  after Aging Date 2021-04-12
10/20/2023 13:10:50 — 5112 — INFO — Aging is InProgress
10/20/2023 13:11:05 — 5112 — INFO — Current TnpDate is 2021-04-08  after Aging Date 2021-04-12
10/20/2023 13:11:05 — 5112 — INFO — Aging is InProgress
10/20/2023 13:11:20 — 5112 — INFO — Current TnpDate is 2021-04-08  after Aging Date 2021-04-12
10/20/2023 13:11:20 — 5112 — INFO — Aging is InProgress
10/20/2023 13:11:35 — 5112 — INFO — Current TnpDate is 2021-04-08  after Aging Date 2021-04-12
10/20/2023 13:11:35 — 5112 — INFO — Aging is InProgress
