10/20/2023 12:59:30 — 12408 — INFO — Scenario 12
10/20/2023 12:59:30 — 12408 — INFO — Scenario 12
10/20/2023 12:59:30 — 12408 — INFO — SELECT TOP 1 executionid FROM FeatureStepExecutionInfo (NOLOCK) WHERE FeatureName = 'Scenario 12' ORDER BY id DESC
10/20/2023 12:59:30 — 12408 — INFO — 2
10/20/2023 12:59:30 — 12408 — INFO — SET NOCOUNT ON EXEC USP_PDF_InsertFeatureStepExecutionInfo 2,'Scenario 12','Create Account With BillingCycle 3','Create Account','InProgress'
10/20/2023 12:59:30 — 12408 — INFO — fn_CreateJsonPayloadUsingTable--1111
10/20/2023 12:59:30 — 12408 — INFO — 7131
10/20/2023 12:59:30 — 12408 — INFO — JazzStore
10/20/2023 12:59:30 — 12408 — INFO — 3
10/20/2023 12:59:30 — 12408 — INFO — 10000
10/20/2023 12:59:33 — 12408 — INFO — SET NOCOUNT ON EXEC USP_PDF_InsertFeatureStepExecutionInfo 2,'Scenario 12','Create Account With BillingCycle 3','Create Account','Done'
10/20/2023 12:59:33 — 12408 — INFO — SET NOCOUNT ON EXEC USP_PDF_InsertFeatureStepExecutionInfo 2,'Scenario 12','Create Account With BillingCycle 3','Verify API response is OK','InProgress'
10/20/2023 12:59:33 — 12408 — INFO — ErrorFound NO 
ErrorNumber ERR01002 
ErrorMessage Account Creation Successful
10/20/2023 12:59:33 — 12408 — INFO — SET NOCOUNT ON EXEC USP_PDF_InsertFeatureStepExecutionInfo 2,'Scenario 12','Create Account With BillingCycle 3','Verify API response is OK','Done'
10/20/2023 12:59:33 — 12408 — INFO — SET NOCOUNT ON EXEC USP_PDF_InsertFeatureStepExecutionInfo 2,'Scenario 12','Create Account With BillingCycle 3','Verify Account Number in Database','InProgress'
10/20/2023 12:59:33 — 12408 — INFO — SET NOCOUNT ON EXEC USP_PDF_InsertFeatureStepExecutionInfo 2,'Scenario 12','Create Account With BillingCycle 3','Verify Account Number in Database','Done'
10/20/2023 12:59:33 — 12408 — INFO — AccountCreation
10/20/2023 12:59:33 — 12408 — INFO — json_data befire
10/20/2023 12:59:33 — 12408 — INFO — json_data after
10/20/2023 12:59:33 — 12408 — INFO — [('AccountNumber', 'MyAccountNumber'), ('CardNumber', 'MyCardNumber')]
10/20/2023 12:59:33 — 12408 — INFO — [('AccountNumber', 'MyAccountNumber'), ('CardNumber', 'MyCardNumber')]
10/20/2023 12:59:33 — 12408 — INFO — [('AccountNumber', 'MyAccountNumber'), ('CardNumber', 'MyCardNumber')]
10/20/2023 12:59:33 — 12408 — INFO — MyAccountNumber
10/20/2023 12:59:33 — 12408 — INFO — 1150001100411408
10/20/2023 12:59:33 — 12408 — INFO — SET NOCOUNT ON EXEC USP_PDF_InsertFeatureStepExecutionInfo 2,'Scenario 12','Create Account With BillingCycle 3','Save tag into variable','Done'
10/20/2023 12:59:33 — 12408 — INFO — MyCardNumber
10/20/2023 12:59:33 — 12408 — INFO — 5206021505619178
10/20/2023 12:59:33 — 12408 — INFO — SET NOCOUNT ON EXEC USP_PDF_InsertFeatureStepExecutionInfo 2,'Scenario 12','Create Account With BillingCycle 3','Save tag into variable','Done'
10/20/2023 12:59:33 — 12408 — INFO — Scenario 12
10/20/2023 12:59:33 — 12408 — INFO — Scenario 12
10/20/2023 12:59:33 — 12408 — INFO — SELECT TOP 1 executionid FROM FeatureStepExecutionInfo (NOLOCK) WHERE FeatureName = 'Scenario 12' ORDER BY id DESC
10/20/2023 12:59:33 — 12408 — INFO — 2
10/20/2023 12:59:33 — 12408 — INFO — SET NOCOUNT ON EXEC USP_PDF_InsertFeatureStepExecutionInfo 2,'Scenario 12','Post purchase and Cash Transaction','Post Transaction','InProgress'
10/20/2023 12:59:33 — 12408 — INFO — [('AccountNumber', '@MyAccountNumber'), ('TranType', 'TranType'), ('TransactionAmount', 'TransactionAmount')]
10/20/2023 12:59:33 — 12408 — INFO — fn_CreateJsonPayloadUsingTable--1111
10/20/2023 12:59:33 — 12408 — INFO — fn_CreateJsonPayloadUsingTable--2222
10/20/2023 12:59:33 — 12408 — INFO — MyAccountNumber
10/20/2023 12:59:33 — 12408 — INFO — Inside fn_GetValueFromDataStore
10/20/2023 12:59:33 — 12408 — INFO — MyAccountNumber
10/20/2023 12:59:33 — 12408 — INFO — 1150001100411408
10/20/2023 12:59:33 — 12408 — INFO — TranType
10/20/2023 12:59:33 — 12408 — INFO — TransactionAmount
10/20/2023 12:59:33 — 12408 — INFO — {'AccountNumber': '1150001100411408', 'TranType': '4005', 'TransactionAmount': '1000'}
10/20/2023 12:59:34 — 12408 — INFO — {'AccountNumber': '1150001100411408', 'TranType': '4005', 'TransactionAmount': '1000', 'UserID': 'JazzCall'}
10/20/2023 12:59:34 — 12408 — INFO — SET NOCOUNT ON EXEC USP_PDF_InsertFeatureStepExecutionInfo 2,'Scenario 12','Post purchase and Cash Transaction','Post Transaction','Done'
10/20/2023 12:59:34 — 12408 — INFO — SET NOCOUNT ON EXEC USP_PDF_InsertFeatureStepExecutionInfo 2,'Scenario 12','Post purchase and Cash Transaction','Verify API response is OK','InProgress'
10/20/2023 12:59:34 — 12408 — INFO — ErrorFound NO 
ErrorNumber ERR01058 
ErrorMessage Transaction posted successfully
10/20/2023 12:59:34 — 12408 — INFO — SET NOCOUNT ON EXEC USP_PDF_InsertFeatureStepExecutionInfo 2,'Scenario 12','Post purchase and Cash Transaction','Verify API response is OK','Done'
10/20/2023 12:59:34 — 12408 — INFO — SET NOCOUNT ON EXEC USP_PDF_InsertFeatureStepExecutionInfo 2,'Scenario 12','Post purchase and Cash Transaction','Post Transaction','InProgress'
10/20/2023 12:59:34 — 12408 — INFO — [('AccountNumber', '@MyAccountNumber'), ('TranType', 'TranType'), ('TransactionAmount', 'TransactionAmount')]
10/20/2023 12:59:34 — 12408 — INFO — fn_CreateJsonPayloadUsingTable--1111
10/20/2023 12:59:34 — 12408 — INFO — fn_CreateJsonPayloadUsingTable--2222
10/20/2023 12:59:34 — 12408 — INFO — MyAccountNumber
10/20/2023 12:59:34 — 12408 — INFO — Inside fn_GetValueFromDataStore
10/20/2023 12:59:34 — 12408 — INFO — MyAccountNumber
10/20/2023 12:59:34 — 12408 — INFO — 1150001100411408
10/20/2023 12:59:34 — 12408 — INFO — TranType
10/20/2023 12:59:34 — 12408 — INFO — TransactionAmount
10/20/2023 12:59:34 — 12408 — INFO — {'AccountNumber': '1150001100411408', 'TranType': '3001', 'TransactionAmount': '500', 'CreditPlanMaster': '13748'}
10/20/2023 12:59:36 — 12408 — INFO — {'AccountNumber': '1150001100411408', 'TranType': '3001', 'TransactionAmount': '500', 'CreditPlanMaster': '13748', 'UserID': 'JazzCall'}
10/20/2023 12:59:36 — 12408 — INFO — SET NOCOUNT ON EXEC USP_PDF_InsertFeatureStepExecutionInfo 2,'Scenario 12','Post purchase and Cash Transaction','Post Transaction','Done'
10/20/2023 12:59:36 — 12408 — INFO — SET NOCOUNT ON EXEC USP_PDF_InsertFeatureStepExecutionInfo 2,'Scenario 12','Post purchase and Cash Transaction','Verify API response is OK','InProgress'
10/20/2023 12:59:36 — 12408 — INFO — ErrorFound NO 
ErrorNumber ERR01058 
ErrorMessage Transaction posted successfully
10/20/2023 12:59:36 — 12408 — INFO — SET NOCOUNT ON EXEC USP_PDF_InsertFeatureStepExecutionInfo 2,'Scenario 12','Post purchase and Cash Transaction','Verify API response is OK','Done'
10/20/2023 12:59:36 — 12408 — INFO — SET NOCOUNT ON EXEC USP_PDF_InsertFeatureStepExecutionInfo 2,'Scenario 12','Post purchase and Cash Transaction','Post Transaction','InProgress'
10/20/2023 12:59:36 — 12408 — INFO — [('AccountNumber', '@MyAccountNumber'), ('TranType', 'TranType'), ('TransactionAmount', 'TransactionAmount')]
10/20/2023 12:59:36 — 12408 — INFO — fn_CreateJsonPayloadUsingTable--1111
10/20/2023 12:59:36 — 12408 — INFO — fn_CreateJsonPayloadUsingTable--2222
10/20/2023 12:59:36 — 12408 — INFO — MyAccountNumber
10/20/2023 12:59:36 — 12408 — INFO — Inside fn_GetValueFromDataStore
10/20/2023 12:59:36 — 12408 — INFO — MyAccountNumber
10/20/2023 12:59:36 — 12408 — INFO — 1150001100411408
10/20/2023 12:59:36 — 12408 — INFO — TranType
10/20/2023 12:59:36 — 12408 — INFO — TransactionAmount
10/20/2023 12:59:36 — 12408 — INFO — {'AccountNumber': '1150001100411408', 'TranType': '4005', 'TransactionAmount': '800', 'CreditPlanMaster': '13746'}
10/20/2023 12:59:37 — 12408 — INFO — {'AccountNumber': '1150001100411408', 'TranType': '4005', 'TransactionAmount': '800', 'CreditPlanMaster': '13746', 'UserID': 'JazzCall'}
10/20/2023 12:59:37 — 12408 — INFO — SET NOCOUNT ON EXEC USP_PDF_InsertFeatureStepExecutionInfo 2,'Scenario 12','Post purchase and Cash Transaction','Post Transaction','Done'
10/20/2023 12:59:37 — 12408 — INFO — SET NOCOUNT ON EXEC USP_PDF_InsertFeatureStepExecutionInfo 2,'Scenario 12','Post purchase and Cash Transaction','Verify API response is OK','InProgress'
10/20/2023 12:59:37 — 12408 — INFO — ErrorFound NO 
ErrorNumber ERR01058 
ErrorMessage Transaction posted successfully
10/20/2023 12:59:37 — 12408 — INFO — SET NOCOUNT ON EXEC USP_PDF_InsertFeatureStepExecutionInfo 2,'Scenario 12','Post purchase and Cash Transaction','Verify API response is OK','Done'
10/20/2023 12:59:37 — 12408 — INFO — SET NOCOUNT ON EXEC USP_PDF_InsertFeatureStepExecutionInfo 2,'Scenario 12','Post purchase and Cash Transaction','Verify Transaction in DB','InProgress'
10/20/2023 12:59:37 — 12408 — INFO —  SELECT * FROM CCard_Primary c WITH(NOLOCK) 
                 WHERE AccountNumber = 1150001100411408 AND
                    Tranid = 1814415516412805170 
                
10/20/2023 12:59:37 — 12408 — INFO — 1
10/20/2023 12:59:37 — 12408 — INFO —  SELECT * FROM CCard_Primary c WITH(NOLOCK) join trans_in_acct tia (nolock)
                 on c.tranid = tia.tran_id_index 
                 WHERE AccountNumber = 1150001100411408 AND
                    Tranid = 1814415516412805170 AND tia.ATID=51
                
10/20/2023 12:59:37 — 12408 — INFO — 1
10/20/2023 12:59:37 — 12408 — INFO — SET NOCOUNT ON EXEC USP_PDF_InsertFeatureStepExecutionInfo 2,'Scenario 12','Post purchase and Cash Transaction','Verify Transaction in DB','Done'
10/20/2023 12:59:37 — 12408 — INFO — 2
10/20/2023 12:59:37 — 12408 — INFO — SET NOCOUNT ON EXEC USP_PDF_InsertFeatureStepExecutionInfo 2,'Scenario 12','Post purchase and Cash Transaction','Get AccountSummary','InProgress'
10/20/2023 12:59:37 — 12408 — INFO — [('AccountNumber', '@MyAccountNumber')]
10/20/2023 12:59:37 — 12408 — INFO — fn_CreateJsonPayloadUsingTable--1111
10/20/2023 12:59:37 — 12408 — INFO — fn_CreateJsonPayloadUsingTable--2222
10/20/2023 12:59:37 — 12408 — INFO — MyAccountNumber
10/20/2023 12:59:37 — 12408 — INFO — Inside fn_GetValueFromDataStore
10/20/2023 12:59:37 — 12408 — INFO — MyAccountNumber
10/20/2023 12:59:37 — 12408 — INFO — 1150001100411408
10/20/2023 12:59:37 — 12408 — INFO — {'AccountNumber': '1150001100411408'}
10/20/2023 12:59:39 — 12408 — INFO — SET NOCOUNT ON EXEC USP_PDF_InsertFeatureStepExecutionInfo 2,'Scenario 12','Post purchase and Cash Transaction','Get AccountSummary','Done'
10/20/2023 12:59:39 — 12408 — INFO — SET NOCOUNT ON EXEC USP_PDF_InsertFeatureStepExecutionInfo 2,'Scenario 12','Post purchase and Cash Transaction','Verify API response is OK','InProgress'
10/20/2023 12:59:39 — 12408 — INFO — ErrorFound No 
ErrorNumber ERR01009 
ErrorMessage Account Balance details returned Successfully.
10/20/2023 12:59:39 — 12408 — INFO — SET NOCOUNT ON EXEC USP_PDF_InsertFeatureStepExecutionInfo 2,'Scenario 12','Post purchase and Cash Transaction','Verify API response is OK','Done'
10/20/2023 12:59:39 — 12408 — INFO — AccountSummary
10/20/2023 12:59:39 — 12408 — INFO — json_data befire
10/20/2023 12:59:39 — 12408 — INFO — json_data after
10/20/2023 12:59:39 — 12408 — INFO — [('AccountNumber', 'AccountNumber'), ('CardBalance', 'CardBalance'), ('CycleDue', 'CycleDue'), ('AmountOfTotalDue', 'AmountOfTotalDue'), ('CurrentDue', 'CurrentDue'), ('PastDue', 'PastDue'), ('OneCyclePastDue', 'OneCyclePastDue'), ('TwoCyclePastDue', 'TwoCyclePastDue'), ('ThreeCyclePastDue', 'ThreeCyclePastDue'), ('FourCyclePastDue', 'FourCyclePastDue'), ('FiveCyclePastDue', 'FiveCyclePastDue'), ('SixCyclePastDue', 'SixCyclePastDue'), ('SevenCyclePastDue', 'SevenCyclePastDue'), ('DaysPastDue', 'DaysPastDue'), ('PastDueDate', 'PastDueDate'), ('StatementRemainingBalanceWithInstallmentDue', 'StatementRemainingBalanceWithInstallmentDue')]
10/20/2023 12:59:39 — 12408 — INFO — [('AccountNumber', 'AccountNumber'), ('CardBalance', 'CardBalance'), ('CycleDue', 'CycleDue'), ('AmountOfTotalDue', 'AmountOfTotalDue'), ('CurrentDue', 'CurrentDue'), ('PastDue', 'PastDue'), ('OneCyclePastDue', 'OneCyclePastDue'), ('TwoCyclePastDue', 'TwoCyclePastDue'), ('ThreeCyclePastDue', 'ThreeCyclePastDue'), ('FourCyclePastDue', 'FourCyclePastDue'), ('FiveCyclePastDue', 'FiveCyclePastDue'), ('SixCyclePastDue', 'SixCyclePastDue'), ('SevenCyclePastDue', 'SevenCyclePastDue'), ('DaysPastDue', 'DaysPastDue'), ('PastDueDate', 'PastDueDate'), ('StatementRemainingBalanceWithInstallmentDue', 'StatementRemainingBalanceWithInstallmentDue')]
10/20/2023 12:59:39 — 12408 — INFO — [('AccountNumber', 'AccountNumber'), ('CardBalance', 'CardBalance'), ('CycleDue', 'CycleDue'), ('AmountOfTotalDue', 'AmountOfTotalDue'), ('CurrentDue', 'CurrentDue'), ('PastDue', 'PastDue'), ('OneCyclePastDue', 'OneCyclePastDue'), ('TwoCyclePastDue', 'TwoCyclePastDue'), ('ThreeCyclePastDue', 'ThreeCyclePastDue'), ('FourCyclePastDue', 'FourCyclePastDue'), ('FiveCyclePastDue', 'FiveCyclePastDue'), ('SixCyclePastDue', 'SixCyclePastDue'), ('SevenCyclePastDue', 'SevenCyclePastDue'), ('DaysPastDue', 'DaysPastDue'), ('PastDueDate', 'PastDueDate'), ('StatementRemainingBalanceWithInstallmentDue', 'StatementRemainingBalanceWithInstallmentDue')]
10/20/2023 12:59:39 — 12408 — INFO — AccountNumber
10/20/2023 12:59:39 — 12408 — INFO — 1150001100411408
10/20/2023 12:59:39 — 12408 — INFO — SET NOCOUNT ON EXEC USP_PDF_InsertFeatureStepExecutionInfo 2,'Scenario 12','Post purchase and Cash Transaction','Save tag into variable','Done'
10/20/2023 12:59:39 — 12408 — INFO — CardBalance
10/20/2023 12:59:39 — 12408 — INFO — 2300.0
10/20/2023 12:59:39 — 12408 — INFO — SET NOCOUNT ON EXEC USP_PDF_InsertFeatureStepExecutionInfo 2,'Scenario 12','Post purchase and Cash Transaction','Save tag into variable','Done'
10/20/2023 12:59:39 — 12408 — INFO — CycleDue
10/20/2023 12:59:39 — 12408 — INFO — 0
10/20/2023 12:59:39 — 12408 — INFO — SET NOCOUNT ON EXEC USP_PDF_InsertFeatureStepExecutionInfo 2,'Scenario 12','Post purchase and Cash Transaction','Save tag into variable','Done'
10/20/2023 12:59:39 — 12408 — INFO — AmountOfTotalDue
10/20/2023 12:59:39 — 12408 — INFO — 0.0
10/20/2023 12:59:39 — 12408 — INFO — SET NOCOUNT ON EXEC USP_PDF_InsertFeatureStepExecutionInfo 2,'Scenario 12','Post purchase and Cash Transaction','Save tag into variable','Done'
10/20/2023 12:59:39 — 12408 — INFO — CurrentDue
10/20/2023 12:59:39 — 12408 — INFO — 0.0
10/20/2023 12:59:39 — 12408 — INFO — SET NOCOUNT ON EXEC USP_PDF_InsertFeatureStepExecutionInfo 2,'Scenario 12','Post purchase and Cash Transaction','Save tag into variable','Done'
10/20/2023 12:59:39 — 12408 — INFO — PastDue
10/20/2023 12:59:39 — 12408 — INFO — 0.0
10/20/2023 12:59:39 — 12408 — INFO — SET NOCOUNT ON EXEC USP_PDF_InsertFeatureStepExecutionInfo 2,'Scenario 12','Post purchase and Cash Transaction','Save tag into variable','Done'
10/20/2023 12:59:39 — 12408 — INFO — OneCyclePastDue
10/20/2023 12:59:39 — 12408 — INFO — 0.0
10/20/2023 12:59:39 — 12408 — INFO — SET NOCOUNT ON EXEC USP_PDF_InsertFeatureStepExecutionInfo 2,'Scenario 12','Post purchase and Cash Transaction','Save tag into variable','Done'
10/20/2023 12:59:39 — 12408 — INFO — TwoCyclePastDue
10/20/2023 12:59:39 — 12408 — INFO — 0.0
10/20/2023 12:59:39 — 12408 — INFO — SET NOCOUNT ON EXEC USP_PDF_InsertFeatureStepExecutionInfo 2,'Scenario 12','Post purchase and Cash Transaction','Save tag into variable','Done'
10/20/2023 12:59:39 — 12408 — INFO — ThreeCyclePastDue
10/20/2023 12:59:39 — 12408 — INFO — 0.0
10/20/2023 12:59:39 — 12408 — INFO — SET NOCOUNT ON EXEC USP_PDF_InsertFeatureStepExecutionInfo 2,'Scenario 12','Post purchase and Cash Transaction','Save tag into variable','Done'
10/20/2023 12:59:39 — 12408 — INFO — FourCyclePastDue
10/20/2023 12:59:39 — 12408 — INFO — 0.0
10/20/2023 12:59:39 — 12408 — INFO — SET NOCOUNT ON EXEC USP_PDF_InsertFeatureStepExecutionInfo 2,'Scenario 12','Post purchase and Cash Transaction','Save tag into variable','Done'
10/20/2023 12:59:39 — 12408 — INFO — FiveCyclePastDue
10/20/2023 12:59:39 — 12408 — INFO — 0.0
10/20/2023 12:59:39 — 12408 — INFO — SET NOCOUNT ON EXEC USP_PDF_InsertFeatureStepExecutionInfo 2,'Scenario 12','Post purchase and Cash Transaction','Save tag into variable','Done'
10/20/2023 12:59:39 — 12408 — INFO — SixCyclePastDue
10/20/2023 12:59:39 — 12408 — INFO — 0.0
10/20/2023 12:59:39 — 12408 — INFO — SET NOCOUNT ON EXEC USP_PDF_InsertFeatureStepExecutionInfo 2,'Scenario 12','Post purchase and Cash Transaction','Save tag into variable','Done'
10/20/2023 12:59:39 — 12408 — INFO — SevenCyclePastDue
10/20/2023 12:59:39 — 12408 — INFO — 0.0
10/20/2023 12:59:39 — 12408 — INFO — SET NOCOUNT ON EXEC USP_PDF_InsertFeatureStepExecutionInfo 2,'Scenario 12','Post purchase and Cash Transaction','Save tag into variable','Done'
10/20/2023 12:59:39 — 12408 — INFO — DaysPastDue
10/20/2023 12:59:39 — 12408 — INFO — 0
10/20/2023 12:59:39 — 12408 — INFO — SET NOCOUNT ON EXEC USP_PDF_InsertFeatureStepExecutionInfo 2,'Scenario 12','Post purchase and Cash Transaction','Save tag into variable','Done'
10/20/2023 12:59:39 — 12408 — INFO — PastDueDate
10/20/2023 12:59:39 — 12408 — INFO — None
10/20/2023 12:59:39 — 12408 — INFO — SET NOCOUNT ON EXEC USP_PDF_InsertFeatureStepExecutionInfo 2,'Scenario 12','Post purchase and Cash Transaction','Save tag into variable','Done'
10/20/2023 12:59:39 — 12408 — INFO — StatementRemainingBalanceWithInstallmentDue
10/20/2023 12:59:39 — 12408 — INFO — 0.0
10/20/2023 12:59:39 — 12408 — INFO — SET NOCOUNT ON EXEC USP_PDF_InsertFeatureStepExecutionInfo 2,'Scenario 12','Post purchase and Cash Transaction','Save tag into variable','Done'
