10/20/2023 12:50:21 — 13360 — INFO — datacenter.ini
10/20/2023 12:50:21 — 13360 — INFO — dbbtrace.ini
10/20/2023 12:50:21 — 13360 — INFO — dbbtrace.ini.bak
10/20/2023 12:50:21 — 13360 — INFO — DeletedTrace
10/20/2023 12:50:21 — 13360 — INFO — MoveTrace.bat
10/20/2023 12:50:21 — 13360 — INFO — PPARASHAR_appCardinal_4790_16340_0000.txt
10/20/2023 12:50:21 — 13360 — INFO — PPARASHAR_appCardinal_4790_16340_0000.txt
10/20/2023 12:50:21 — 13360 — INFO — 1697786421.4884434
10/20/2023 12:51:32 — 13360 — INFO — 
CoreIusse Appserver is Successfully UP
10/20/2023 12:52:02 — 13360 — INFO — datacenter.ini
10/20/2023 12:52:02 — 13360 — INFO — dbbtrace.ini
10/20/2023 12:52:02 — 13360 — INFO — dbbtrace.ini.bak
10/20/2023 12:52:02 — 13360 — INFO — DeletedTrace
10/20/2023 12:52:02 — 13360 — INFO — MoveTrace.bat
10/20/2023 12:52:02 — 13360 — INFO — PPARASHAR_appCardinal_4790_16340_0000.txt
10/20/2023 12:52:02 — 13360 — INFO — PPARASHAR_appCardinal_4790_16340_app_0000.txt
10/20/2023 12:52:02 — 13360 — INFO — PPARASHAR__wfTnpNad_15792_0000.txt
10/20/2023 12:52:02 — 13360 — INFO — PPARASHAR__wfTnpNad_15792_0000.txt
10/20/2023 12:52:02 — 13360 — INFO — 1697786522.8440466
10/20/2023 12:52:31 — 13360 — INFO — 
CITNP is Successfully UP
