10/20/2023 13:03:45 — 11184 — INFO — Scenario 6.
10/20/2023 13:03:45 — 11184 — INFO — Scenario 6.
10/20/2023 13:03:45 — 11184 — INFO — Rohitrerun
10/20/2023 13:03:45 — 11184 — INFO — SELECT TOP 1 executionid FROM FeatureStepExecutionInfo (NOLOCK) WHERE FeatureName = 'Scenario 6.' ORDER BY id DESC
10/20/2023 13:03:45 — 11184 — INFO — fn_setexeutionID10
10/20/2023 13:03:45 — 11184 — INFO — 10
10/20/2023 13:03:45 — 11184 — INFO — SET NOCOUNT ON EXEC USP_PDF_InsertFeatureStepExecutionInfo 10,'Scenario 6.','Create Account With BillingCycle 8','Create Account','InProgress'
10/20/2023 13:03:45 — 11184 — INFO — fn_CreateJsonPayloadUsingTable--1111
10/20/2023 13:03:45 — 11184 — INFO — 7131
10/20/2023 13:03:45 — 11184 — INFO — JazzStore
10/20/2023 13:03:45 — 11184 — INFO — 8
10/20/2023 13:03:45 — 11184 — INFO — 5000
10/20/2023 13:03:47 — 11184 — INFO — SET NOCOUNT ON EXEC USP_PDF_InsertFeatureStepExecutionInfo 10,'Scenario 6.','Create Account With BillingCycle 8','Create Account','Done'
10/20/2023 13:03:47 — 11184 — INFO — SET NOCOUNT ON EXEC USP_PDF_InsertFeatureStepExecutionInfo 10,'Scenario 6.','Create Account With BillingCycle 8','Verify API response is OK','InProgress'
10/20/2023 13:03:47 — 11184 — INFO — ErrorFound NO 
ErrorNumber ERR01002 
ErrorMessage Account Creation Successful
10/20/2023 13:03:47 — 11184 — INFO — SET NOCOUNT ON EXEC USP_PDF_InsertFeatureStepExecutionInfo 10,'Scenario 6.','Create Account With BillingCycle 8','Verify API response is OK','Done'
10/20/2023 13:03:47 — 11184 — INFO — SET NOCOUNT ON EXEC USP_PDF_InsertFeatureStepExecutionInfo 10,'Scenario 6.','Create Account With BillingCycle 8','Verify Account Number in Database','InProgress'
10/20/2023 13:03:47 — 11184 — INFO — SET NOCOUNT ON EXEC USP_PDF_InsertFeatureStepExecutionInfo 10,'Scenario 6.','Create Account With BillingCycle 8','Verify Account Number in Database','Done'
10/20/2023 13:03:47 — 11184 — INFO — AccountCreation
10/20/2023 13:03:47 — 11184 — INFO — json_data befire
10/20/2023 13:03:47 — 11184 — INFO — json_data after
10/20/2023 13:03:47 — 11184 — INFO — [('AccountNumber', 'MyAccountNumber'), ('CardNumber', 'MyCardNumber')]
10/20/2023 13:03:47 — 11184 — INFO — [('AccountNumber', 'MyAccountNumber'), ('CardNumber', 'MyCardNumber')]
10/20/2023 13:03:47 — 11184 — INFO — [('AccountNumber', 'MyAccountNumber'), ('CardNumber', 'MyCardNumber')]
10/20/2023 13:03:47 — 11184 — INFO — MyAccountNumber
10/20/2023 13:03:47 — 11184 — INFO — 1150001100411440
10/20/2023 13:03:47 — 11184 — INFO — SET NOCOUNT ON EXEC USP_PDF_InsertFeatureStepExecutionInfo 10,'Scenario 6.','Create Account With BillingCycle 8','Save tag into variable','Done'
10/20/2023 13:03:47 — 11184 — INFO — MyCardNumber
10/20/2023 13:03:47 — 11184 — INFO — 5206021650830463
10/20/2023 13:03:47 — 11184 — INFO — SET NOCOUNT ON EXEC USP_PDF_InsertFeatureStepExecutionInfo 10,'Scenario 6.','Create Account With BillingCycle 8','Save tag into variable','Done'
10/20/2023 13:03:47 — 11184 — INFO — Scenario 6.
10/20/2023 13:03:47 — 11184 — INFO — Scenario 6.
10/20/2023 13:03:47 — 11184 — INFO — Rohitrerun
10/20/2023 13:03:47 — 11184 — INFO — SELECT TOP 1 executionid FROM FeatureStepExecutionInfo (NOLOCK) WHERE FeatureName = 'Scenario 6.' ORDER BY id DESC
10/20/2023 13:03:47 — 11184 — INFO — EXECUTION_ID for rerun10
10/20/2023 13:03:47 — 11184 — INFO — 10
10/20/2023 13:03:47 — 11184 — INFO — SET NOCOUNT ON EXEC USP_PDF_InsertFeatureStepExecutionInfo 10,'Scenario 6.','Post purchase and Cash Transaction','Post Transaction','InProgress'
10/20/2023 13:03:47 — 11184 — INFO — [('AccountNumber', '@MyAccountNumber'), ('TranType', 'TranType'), ('TransactionAmount', 'TransactionAmount')]
10/20/2023 13:03:47 — 11184 — INFO — fn_CreateJsonPayloadUsingTable--1111
10/20/2023 13:03:47 — 11184 — INFO — fn_CreateJsonPayloadUsingTable--2222
10/20/2023 13:03:47 — 11184 — INFO — MyAccountNumber
10/20/2023 13:03:47 — 11184 — INFO — Inside fn_GetValueFromDataStore
10/20/2023 13:03:47 — 11184 — INFO — MyAccountNumber
10/20/2023 13:03:47 — 11184 — INFO — 1150001100411440
10/20/2023 13:03:47 — 11184 — INFO — TranType
10/20/2023 13:03:47 — 11184 — INFO — TransactionAmount
10/20/2023 13:03:47 — 11184 — INFO — {'AccountNumber': '1150001100411440', 'TranType': '4005', 'TransactionAmount': '1000'}
10/20/2023 13:03:50 — 11184 — INFO — {'AccountNumber': '1150001100411440', 'TranType': '4005', 'TransactionAmount': '1000', 'UserID': 'JazzCall'}
10/20/2023 13:03:50 — 11184 — INFO — SET NOCOUNT ON EXEC USP_PDF_InsertFeatureStepExecutionInfo 10,'Scenario 6.','Post purchase and Cash Transaction','Post Transaction','Done'
10/20/2023 13:03:50 — 11184 — INFO — SET NOCOUNT ON EXEC USP_PDF_InsertFeatureStepExecutionInfo 10,'Scenario 6.','Post purchase and Cash Transaction','Verify API response is OK','InProgress'
10/20/2023 13:03:50 — 11184 — INFO — ErrorFound Yes 
ErrorNumber ERR04049 
ErrorMessage Error encountered - Please Try Again Later
10/20/2023 13:03:50 — 11184 — INFO — SET NOCOUNT ON EXEC USP_PDF_InsertFeatureStepExecutionInfo 10,'Scenario 6.','Post purchase and Cash Transaction','Verify API response is OK','FAIL Error Found Yes'
10/20/2023 13:03:50 — 11184 — INFO — AssertionError occurred: None
