09/14/2021 11:47:37 — 16260 — INFO — *************************** RETAIL ERROR FEED PROCESSING STARTS ***************************
09/14/2021 11:47:37 — 16260 — INFO — START TIME: 2021-09-14 11:47:37.803215
09/14/2021 11:47:37 — 16260 — INFO — PATH OF THE INPUT FILE DIRECTORY: E:\Python\MilkReplaySchedules\MilkReplaySchedules\INPUT\
09/14/2021 11:47:37 — 16260 — INFO — INSIDE GetOperatingServer BLOCK
09/14/2021 11:47:38 — 16260 — INFO — CONNECTION ESTABLISHED
09/14/2021 11:47:38 — 16260 — INFO — OperatingServer: XEON-S8
09/14/2021 11:47:38 — 16260 — INFO — EXITING GetOperatingServer BLOCK
09/14/2021 11:47:38 — 16260 — INFO — INSIDE EmailStructure_Head BLOCK
09/14/2021 11:47:38 — 16260 — INFO — EXITING EmailStructure_Head BLOCK
09/14/2021 11:47:38 — 16260 — INFO — FILENAME: TestFile_1.csv
09/14/2021 11:47:38 — 16260 — INFO — FileID: 202109141147371
09/14/2021 11:47:38 — 16260 — INFO — INSIDE ValidateDuplicateFile BLOCK
09/14/2021 11:47:38 — 16260 — DEBUG — E:\Python\MilkReplaySchedules\MilkReplaySchedules\OUT\TestFile_1.csv
09/14/2021 11:47:38 — 16260 — INFO — EXITING ValidateDuplicateFile BLOCK
09/14/2021 11:47:38 — 16260 — INFO — INSIDE CheckEmptyFile BLOCK
09/14/2021 11:47:38 — 16260 — INFO — Total records in the file TestFile_1.csv is: 10
09/14/2021 11:47:38 — 16260 — INFO — Non-Empty file, going to process
09/14/2021 11:47:38 — 16260 — INFO — INSIDE ImportFileToDB BLOCK
09/14/2021 11:47:38 — 16260 — INFO — CONNECTION ESTABLISHED
09/14/2021 11:47:38 — 16260 — INFO — TABLE ILPScheduleDetailsBAD_DUMP TRUNCATED SUCCESSFULLY
09/14/2021 11:47:38 — 16260 — DEBUG — bcp PP_CI..ILPScheduleDetailsBAD_DUMP IN E:\Python\MilkReplaySchedules\MilkReplaySchedules\INPUT\TestFile_1.csv -b 5000 -h TABLOCK -f E:\Python\MilkReplaySchedules\Version4\MilkReplaySchedulesUtility\MilkReplaySchedules.xml -e E:\Python\MilkReplaySchedules\MilkReplaySchedules\LOG\Error1_in.log -o E:\Python\MilkReplaySchedules\MilkReplaySchedules\LOG\Output1_in.log -S XEON-S8 -T -t , -F 2
09/14/2021 11:47:38 — 16260 — INFO — BCP START TIME::: 2021-09-14 11:47:38.102221
09/14/2021 11:47:38 — 16260 — INFO — Reading BCP Output file
09/14/2021 11:47:38 — 16260 — INFO — Starting copy...
09/14/2021 11:47:38 — 16260 — INFO — 10 rows copied.
09/14/2021 11:47:38 — 16260 — INFO — Network packet size (bytes): 4096
09/14/2021 11:47:38 — 16260 — INFO — Clock Time (ms.) Total     : 62     Average : (161.29 rows per sec.)
09/14/2021 11:47:38 — 16260 — INFO — BCP EXECUTION SUCCESSFULL
09/14/2021 11:47:38 — 16260 — INFO — BCP FINISH TIME::: 2021-09-14 11:47:38.406086
09/14/2021 11:47:38 — 16260 — INFO — EXITING ImportFileToDB :: Message :: NO ERROR
09/14/2021 11:47:38 — 16260 — INFO — INSIDE DataValidation BLOCK
09/14/2021 11:47:38 — 16260 — INFO — Processing new file
09/14/2021 11:47:38 — 16260 — INFO — CONNECTION ESTABLISHED
09/14/2021 11:47:38 — 16260 — DEBUG — EXEC PP_CI..USP_ValidateRetailReplaySchedules 'TestFile_1.csv', '202109141147371', 10000, 1, 0
09/14/2021 11:47:38 — 16260 — INFO — INSIDE FileDetails BLOCK
09/14/2021 11:47:38 — 16260 — INFO — EXITING FileDetails BLOCK
09/14/2021 11:47:38 — 16260 — INFO — USP_ValidateRetailReplaySchedules executed successfully
09/14/2021 11:47:38 — 16260 — INFO — USP_UpdateScheduleTypeOfBadSchedule executed successfully
09/14/2021 11:47:38 — 16260 — INFO — EXITING DataValidation BLOCK
09/14/2021 11:47:38 — 16260 — INFO — INSIDE GenerateExceptionFile BLOCK
09/14/2021 11:47:38 — 16260 — INFO — ExceptionFileName: E:\Python\MilkReplaySchedules\MilkReplaySchedules\EXCEPTION\EXCP_TestFile_1_POD1.csv
09/14/2021 11:47:38 — 16260 — INFO — CONNECTION ESTABLISHED
09/14/2021 11:47:38 — 16260 — DEBUG — SELECT  Report_Date, Business_Date, Batch_Timestamp, Account_UUID, Plan_UUID, Schedule_ID, Institution_ID, Product_ID, Error, [Error_Message], Field_Path, LTRIM(RTRIM(AccountNumber)) AccountNumber FROM PP_CI..ILPScheduleDetailsBAD_Archive WITH (NOLOCK) WHERE FileName = 'TestFile_1.csv' AND FileID = '202109141147371' AND JobStatus = 10
09/14/2021 11:47:39 — 16260 — DEBUG —                Report_Date Business_Date   Batch_Timestamp                          Account_UUID  ...                  Error                                      Error_Message             Field_Path  AccountNumber
0  2018-02-06 10:41:08.950    2018-02-06  10:41:08.9500000  8ff83b9d-97ae-42fe-a9ce-0d3ddf46d926  ...  CRS_COMPUTATION_ERROR  scheduleId=3 at monthNumber=1 has MDR output t...  schedule at month {1}  1100001000000
1  2018-02-06 10:41:08.950    2018-02-06  10:41:08.9500000  8ff83b9d-97ae-42fe-a9ce-0d3ddf46d926  ...  CRS_COMPUTATION_ERROR  scheduleId=3 at monthNumber=1 has MDR output t...  schedule at month {1}  1100001000001
2  2018-02-06 10:41:08.950    2018-02-06  10:41:08.9500000  8ff83b9d-97ae-42fe-a9ce-0d3ddf46d926  ...  CRS_COMPUTATION_ERROR  scheduleId=3 at monthNumber=1 has MDR output t...  schedule at month {1}  1100001000003

[3 rows x 12 columns]
09/14/2021 11:47:39 — 16260 — INFO — TOTAL RECORDS FOR EXCEPTION FILE: 3
09/14/2021 11:47:39 — 16260 — INFO — EXITING GenerateExceptionFile BLOCK
09/14/2021 11:47:39 — 16260 — INFO — INSIDE EmailBody_Success BLOCK
09/14/2021 11:47:39 — 16260 — INFO — EXITING EmailBody_Error BLOCK
09/14/2021 11:47:39 — 16260 — DEBUG — <style>table, th {border: 2px solid black;border-collapse: collapse;font-family: Calibri;font-size: 19px;}td {border: 1px solid black;border-collapse: collapse;font-family: Calibri;font-size: 17px;}tr {font-family: Calibri;}.footer {position: fixed;left: 0;bottom: 0;width: 100%;background-color: grey;color: white;text-align: center;font-family: Calibri;}</style><html><h4 style=color:green;>Operating Sever: XEON-S8</h4><h4 style=color:Coral;>Server operating time: 09/14/2021 11:47:37</h4><h4 style=color:Indigo;>POD ID: POD1</h4><table><tr><th><b>FileName</b></th><th><b>FileStatus</b></th><th><b>TotalRecords</b></th><th><b>SuccessfulRecordsCount</b></th><th><b>ErrorRecordCount</b></th><th><b>ErrorReason</b></th></tr><tr><td style=color:blue;><b>TestFile_1.csv<b></td><td style=color:green;><b>Success</b></td><td style=color:green;>10</td><td style=color:green;>7</td><td style=color:red;>3</td><td style=color:green;>No Error</td></tr></table><p style=color:blue;><b>File Name:</b> TestFile_1.csv</p><table><tr><th><b>S.No.</b></th><th><b>ErrorMessage</b></th><th><b>RecordCount</b></th></tr>                                     <tr><td>1</td><td>INVALID AccountNumber</td><td><b>3</b></td></tr>                                     <tr><td>2</td><td>No Error</td><td><b>7</b></td></tr></table><p style=color:Crimson;><b>EXCEPTION FILE NAME:</b> EXCP_TestFile_1_POD1.csv</p><p style=color:DarkBlue;><b>TOTAL RECORDS IN EXCEPTION FILE: 3</b></p><br><br><br><div class="footer"><footer><small>&copy; Copyright 2021, CoreCard Software, Inc. All rights reserved</small></footer></div></html>
09/14/2021 11:47:39 — 16260 — DEBUG — Inside SendMail
09/14/2021 11:47:39 — 16260 — INFO — SENDING MAIL ...
09/14/2021 11:47:41 — 16260 — INFO — Finish Time::: 2021-09-14 11:47:41.661083
09/14/2021 11:47:41 — 16260 — INFO — *************************** ALL FILES PROCESSED, EXITING ***************************
