05/25/2021 19:15:29 — 6064 — INFO — *************************** RETAIL ERROR FEED PROCESSING STARTS ***************************
05/25/2021 19:15:29 — 6064 — INFO — START TIME: 2021-05-25 19:15:29.326357
05/25/2021 19:15:29 — 6064 — INFO — PATH OF THE INPUT FILE DIRECTORY: E:\Python\MilkReplaySchedules\MilkReplaySchedules\INPUT\
05/25/2021 19:15:29 — 6064 — INFO — INSIDE GetOperatingServer BLOCK
05/25/2021 19:15:29 — 6064 — INFO — CONNECTION ESTABLISHED
05/25/2021 19:15:29 — 6064 — INFO — OperatingServer: XEON-S8
05/25/2021 19:15:29 — 6064 — INFO — EXITING GetOperatingServer BLOCK
05/25/2021 19:15:29 — 6064 — INFO — INSIDE EmailStructure_Head BLOCK
05/25/2021 19:15:29 — 6064 — INFO — EXITING EmailStructure_Head BLOCK
05/25/2021 19:15:29 — 6064 — INFO — FILENAME: TESTReplaySchedules_21.csv
05/25/2021 19:15:29 — 6064 — INFO — FileID: 202105251915291
05/25/2021 19:15:29 — 6064 — INFO — INSIDE ValidateDuplicateFile BLOCK
05/25/2021 19:15:29 — 6064 — DEBUG — E:\Python\MilkReplaySchedules\MilkReplaySchedules\OUT\TESTReplaySchedules_21.csv
05/25/2021 19:15:29 — 6064 — INFO — EXITING ValidateDuplicateFile BLOCK
05/25/2021 19:15:29 — 6064 — INFO — INSIDE ImportFileToDB BLOCK
05/25/2021 19:15:29 — 6064 — INFO — CONNECTION ESTABLISHED
05/25/2021 19:15:29 — 6064 — INFO — TABLE ILPScheduleDetailsBAD_DUMP TRUNCATED SUCCESSFULLY
05/25/2021 19:15:29 — 6064 — DEBUG — bcp PP_CI..ILPScheduleDetailsBAD_DUMP IN E:\Python\MilkReplaySchedules\MilkReplaySchedules\INPUT\TESTReplaySchedules_21.csv -b 5000 -h TABLOCK -f E:\Python\MilkReplaySchedules\Version3\MilkReplaySchedulesUtility\MilkReplaySchedules.xml -e E:\Python\MilkReplaySchedules\MilkReplaySchedules\LOG\Error1_in.log -o E:\Python\MilkReplaySchedules\MilkReplaySchedules\LOG\Output1_in.log -S XEON-S8 -T -t , -F 2
05/25/2021 19:15:29 — 6064 — INFO — BCP START TIME::: 2021-05-25 19:15:29.890359
05/25/2021 19:15:30 — 6064 — INFO — Reading BCP Output file
05/25/2021 19:15:30 — 6064 — INFO — Starting copy...
05/25/2021 19:15:30 — 6064 — INFO — 7 rows copied.
05/25/2021 19:15:30 — 6064 — INFO — Network packet size (bytes): 4096
05/25/2021 19:15:30 — 6064 — INFO — Clock Time (ms.) Total     : 63     Average : (111.11 rows per sec.)
05/25/2021 19:15:30 — 6064 — INFO — BCP EXECUTION SUCCESSFULL
05/25/2021 19:15:30 — 6064 — INFO — BCP FINISH TIME::: 2021-05-25 19:15:30.407363
05/25/2021 19:15:30 — 6064 — INFO — EXITING ImportFileToDB :: Message :: NO ERROR
05/25/2021 19:15:30 — 6064 — INFO — INSIDE DataValidation BLOCK
05/25/2021 19:15:30 — 6064 — INFO — CONNECTION ESTABLISHED
05/25/2021 19:15:30 — 6064 — DEBUG — EXEC PP_CI..USP_ValidateRetailReplaySchedules 'TESTReplaySchedules_21.csv', '202105251915291'
05/25/2021 19:15:32 — 6064 — INFO — INSIDE FileDetails BLOCK
05/25/2021 19:15:32 — 6064 — INFO — EXITING FileDetails BLOCK
05/25/2021 19:15:32 — 6064 — INFO — USP_ValidateRetailReplaySchedules executed successfully
05/25/2021 19:15:32 — 6064 — INFO — INSIDE EmailBody_Error BLOCK
05/25/2021 19:15:32 — 6064 — INFO — EXITING EmailBody_Error BLOCK
05/25/2021 19:15:32 — 6064 — DEBUG — <style>table, th {border: 2px solid black;border-collapse: collapse;font-family: Calibri;font-size: 19px;}td {border: 1px solid black;border-collapse: collapse;font-family: Calibri;font-size: 17px;}tr {font-family: Calibri;}.footer {position: fixed;left: 0;bottom: 0;width: 100%;background-color: grey;color: white;text-align: center;font-family: Calibri;}</style><html><h4 style=color:green;>Operating Sever: XEON-S8</h4><h4 style=color:Coral;>Server operating time: 05/25/2021 19:15:29</h4><h4 style=color:Indigo;>POD ID: POD1</h4><table><tr><th><b>FileName</b></th><th><b>FileStatus</b></th><th><b>TotalRecords</b></th><th><b>SuccessfulRecordsCount</b></th><th><b>ErrorRecordCount</b></th><th><b>ErrorReason</b></th></tr><tr><td style=color:blue;><b>TESTReplaySchedules_21.csv<b></td><td style=color:red;><b>ERROR</b></td><td style=color:green;>7</td><td style=color:green;>7</td><td style=color:red;>0</td><td style=color:red;>No Error</td></tr></table><br><br><br><div class="footer"><footer><small>&copy; Copyright 2021, CoreCard Software, Inc. All rights reserved</small></footer></div></html>
05/25/2021 19:15:32 — 6064 — DEBUG — Inside SendMail
05/25/2021 19:15:34 — 6064 — INFO — SENDING MAIL ...
05/25/2021 19:15:37 — 6064 — INFO — Finish Time::: 2021-05-25 19:15:37.215257
05/25/2021 19:15:37 — 6064 — INFO — *************************** ALL FILES PROCESSED, EXITING ***************************
