01/20/2022 17:47:00 — 15084 — INFO — *************************** RETAIL ERROR FEED PROCESSING STARTS ***************************
01/20/2022 17:47:00 — 15084 — INFO — START TIME: 2022-01-20 17:47:00.881890
01/20/2022 17:47:00 — 15084 — INFO — PRINTING ENVIRONMENT VARIABLES
01/20/2022 17:47:00 — 15084 — INFO — CI_DB: PP_CI
01/20/2022 17:47:00 — 15084 — INFO — CL_DB: PP_CL
01/20/2022 17:47:00 — 15084 — INFO — CAuth_DB: PP_CAUTH
01/20/2022 17:47:00 — 15084 — INFO — SERVERNAME: XEON-S8
01/20/2022 17:47:00 — 15084 — INFO — MailFrom: prasoon.parashar@corecard.com
01/20/2022 17:47:00 — 15084 — INFO — MailTo: prasoon.parashar@corecard.com
01/20/2022 17:47:00 — 15084 — INFO — SMTP_SERVER: corecard-com.mail.protection.outlook.com
01/20/2022 17:47:00 — 15084 — INFO — SMTPPORT: 25
01/20/2022 17:47:00 — 15084 — INFO — RetailAWSEnvironment: 0
01/20/2022 17:47:00 — 15084 — INFO — RetailAWS_secret_name: ses-smtp-secret
01/20/2022 17:47:00 — 15084 — INFO — RetailAWS_region_name: us-south-1
01/20/2022 17:47:00 — 15084 — INFO — RetailAWS_service_name: secretsmanager
01/20/2022 17:47:00 — 15084 — INFO — RetailSES_smtp_url: email-smtp.ap-south-1.amazonaws.com
01/20/2022 17:47:00 — 15084 — INFO — RetailAWSPort: 587
01/20/2022 17:47:00 — 15084 — INFO — RetailInputFile: E:\Python\MilkReplaySchedules\MilkReplaySchedules\INPUT
01/20/2022 17:47:00 — 15084 — INFO — RetailErrorFile: E:\Python\MilkReplaySchedules\MilkReplaySchedules\ERROR
01/20/2022 17:47:00 — 15084 — INFO — RetailOutFile: E:\Python\MilkReplaySchedules\MilkReplaySchedules\OUT
01/20/2022 17:47:00 — 15084 — INFO — RetailLogFile: E:\Python\MilkReplaySchedules\MilkReplaySchedules\LOG
01/20/2022 17:47:00 — 15084 — INFO — RetailGeneratedFile: E:\Python\MilkReplaySchedules\MilkReplaySchedules\GENERATED
01/20/2022 17:47:00 — 15084 — INFO — RetailInstitutionID: 6969
01/20/2022 17:47:00 — 15084 — INFO — RetailEnvironment: LOCAL
01/20/2022 17:47:00 — 15084 — INFO — RetailExceptionFile: E:\Python\MilkReplaySchedules\MilkReplaySchedules\EXCEPTION
01/20/2022 17:47:00 — 15084 — INFO — RetailExceptionFilePrefix: EXCP_
01/20/2022 17:47:00 — 15084 — INFO — RetailExceptionFileSuffix: _PODID_
01/20/2022 17:47:00 — 15084 — INFO — RetailFileProcessingPOD: POD1
01/20/2022 17:47:00 — 15084 — INFO — BatchCount: 10000
01/20/2022 17:47:00 — 15084 — INFO — AccountNumberCheck: 1
01/20/2022 17:47:00 — 15084 — INFO — PATH OF THE INPUT FILE DIRECTORY: E:\Python\MilkReplaySchedules\MilkReplaySchedules\INPUT\
01/20/2022 17:47:00 — 15084 — INFO — INSIDE GetOperatingServer BLOCK
01/20/2022 17:47:01 — 15084 — INFO — CONNECTION ESTABLISHED
01/20/2022 17:47:01 — 15084 — INFO — ConnectionStatus: True
01/20/2022 17:47:01 — 15084 — ERROR — ERROR INSIDE GetOperatingServer BLOCK can only concatenate str (not "ProgrammingError") to str
01/20/2022 17:47:01 — 15084 — INFO — INSIDE EmailStructure_Head BLOCK
01/20/2022 17:47:01 — 15084 — INFO — EXITING EmailStructure_Head BLOCK
01/20/2022 17:47:01 — 15084 — INFO — FILENAME: TestFile_1.csv
01/20/2022 17:47:01 — 15084 — INFO — FileID: 202201201747001
01/20/2022 17:47:01 — 15084 — INFO — INSIDE ValidateDuplicateFile BLOCK
01/20/2022 17:47:01 — 15084 — DEBUG — E:\Python\MilkReplaySchedules\MilkReplaySchedules\OUT\TestFile_1.csv
01/20/2022 17:47:01 — 15084 — INFO — EXITING ValidateDuplicateFile BLOCK
01/20/2022 17:47:01 — 15084 — INFO — INSIDE CheckEmptyFile BLOCK
01/20/2022 17:47:01 — 15084 — INFO — Total records in the file TestFile_1.csv is: 1
01/20/2022 17:47:01 — 15084 — INFO — Non-Empty file, going to process
01/20/2022 17:47:01 — 15084 — INFO — IN GenerateErrorPotenialFile FUNCTION 
01/20/2022 17:47:01 — 15084 — ERROR — ERROR IN GenerateErrorPotenialFile BLOCK [Errno 2] No such file or directory: 'E:\\Python\\MilkReplaySchedules\\MilkReplaySchedules\\GENERATED\\Gen_TestFile_1_PART2.csv'
01/20/2022 17:47:01 — 15084 — INFO — INSIDE GenerateExceptionFile BLOCK
01/20/2022 17:47:01 — 15084 — INFO — ExceptionFileName: E:\Python\MilkReplaySchedules\MilkReplaySchedules\EXCEPTION\
01/20/2022 17:47:01 — 15084 — INFO — CONNECTION ESTABLISHED
01/20/2022 17:47:01 — 15084 — INFO — ConnectionStatus: True
01/20/2022 17:47:01 — 15084 — DEBUG — SELECT  Report_Date, Business_Date, Batch_Timestamp, Account_UUID, Plan_UUID, Schedule_ID, Institution_ID, Product_ID, Error, [Error_Message], Field_Path, LTRIM(RTRIM(AccountNumber)) AccountNumber FROM PP_CI..ILPScheduleDetailsBAD_Archive WITH (NOLOCK) WHERE FileName = 'TestFile_1.csv' AND FileID = '202201201747001' AND JobStatus = 10
01/20/2022 17:47:02 — 15084 — DEBUG — Empty DataFrame
Columns: [Report_Date, Business_Date, Batch_Timestamp, Account_UUID, Plan_UUID, Schedule_ID, Institution_ID, Product_ID, Error, Error_Message, Field_Path, AccountNumber]
Index: []
01/20/2022 17:47:02 — 15084 — INFO — TOTAL RECORDS FOR EXCEPTION FILE: 0
01/20/2022 17:47:02 — 15084 — INFO — EXITING GenerateExceptionFile BLOCK
01/20/2022 17:47:02 — 15084 — INFO — INSIDE EmailBody_Success BLOCK
01/20/2022 17:47:02 — 15084 — INFO — EXITING EmailBody_Error BLOCK
01/20/2022 17:47:02 — 15084 — DEBUG — <style>table, th {border: 2px solid black;border-collapse: collapse;font-family: Calibri;font-size: 19px;}td {border: 1px solid black;border-collapse: collapse;font-family: Calibri;font-size: 17px;}tr {font-family: Calibri;}.footer {position: fixed;left: 0;bottom: 0;width: 100%;background-color: grey;color: white;text-align: center;font-family: Calibri;}</style><html><h4 style=color:green;>Operating Sever: </h4><h4 style=color:Coral;>Server operating time: 01/20/2022 17:47:00</h4><h4 style=color:Indigo;>POD ID: POD1</h4><table><tr><th><b>FileName</b></th><th><b>FileStatus</b></th><th><b>TotalRecords</b></th><th><b>SuccessfulRecordsCount</b></th><th><b>ErrorRecordCount</b></th><th><b>ErrorReason</b></th></tr><tr><td style=color:blue;><b>TestFile_1.csv<b></td><td style=color:green;><b>Success</b></td><td style=color:green;>0</td><td style=color:green;>0</td><td style=color:red;>0</td><td style=color:green;></td></tr></table><p style=color:Crimson;><b>NO RECORDS FOR EXCEPTION FILE, IT HAS NOT BEEN GENERATED</b></p><p style=color:DarkBlue;><b>TOTAL RECORDS IN EXCEPTION FILE: 0</b></p><br><br><br><div class="footer"><footer><small>&copy; Copyright 2022, CoreCard Software, Inc. All rights reserved</small></footer></div></html>
01/20/2022 17:47:02 — 15084 — DEBUG — Inside SendMail
01/20/2022 17:47:03 — 15084 — INFO — SENDING MAIL ...
01/20/2022 17:47:05 — 15084 — INFO — Finish Time::: 2022-01-20 17:47:05.507831
01/20/2022 17:47:05 — 15084 — INFO — *************************** ALL FILES PROCESSED, EXITING ***************************
