05/24/2021 17:15:55 — 9588 — INFO — *************************** RETAIL ERROR FEED PROCESSING STARTS ***************************
05/24/2021 17:15:55 — 9588 — INFO — START TIME: 2021-05-24 17:15:55.825792
05/24/2021 17:15:55 — 9588 — INFO — PATH OF THE INPUT FILE DIRECTORY: E:\Python\MilkReplaySchedules\MilkReplaySchedules\INPUT\
05/24/2021 17:15:55 — 9588 — INFO — INSIDE GetOperatingServer BLOCK
05/24/2021 17:15:55 — 9588 — INFO — CONNECTION ESTABLISHED
05/24/2021 17:15:55 — 9588 — INFO — OperatingServer: XEON-S8
05/24/2021 17:15:55 — 9588 — INFO — EXITING GetOperatingServer BLOCK
05/24/2021 17:15:55 — 9588 — INFO — INSIDE EmailStructure_Head BLOCK
05/24/2021 17:15:55 — 9588 — INFO — EXITING EmailStructure_Head BLOCK
05/24/2021 17:15:55 — 9588 — INFO — FILENAME: TESTReplaySchedules_1.csv
05/24/2021 17:15:55 — 9588 — INFO — FileID: 202105241715551
05/24/2021 17:15:55 — 9588 — INFO — INSIDE ValidateDuplicateFile BLOCK
05/24/2021 17:15:55 — 9588 — DEBUG — E:\Python\MilkReplaySchedules\MilkReplaySchedules\OUT\TESTReplaySchedules_1.csv
05/24/2021 17:15:55 — 9588 — INFO — File TESTReplaySchedules_1.csv is already present in OUTPUT folder. So it can not be processed.
05/24/2021 17:15:55 — 9588 — INFO — Duplicate File
05/24/2021 17:15:55 — 9588 — INFO — EXITING ValidateDuplicateFile BLOCK
05/24/2021 17:15:55 — 9588 — INFO — INSIDE EmailBody_Error BLOCK
05/24/2021 17:15:55 — 9588 — INFO — EXITING EmailBody_Error BLOCK
05/24/2021 17:15:55 — 9588 — DEBUG — <style>table, th {border: 2px solid black;border-collapse: collapse;font-family: Calibri;font-size: 19px;}td {border: 1px solid black;border-collapse: collapse;font-family: Calibri;font-size: 17px;}tr {font-family: Calibri;}.footer {position: fixed;left: 0;bottom: 0;width: 100%;background-color: grey;color: white;text-align: center;font-family: Calibri;}</style><html><h4 style=color:green;>Operating Sever: XEON-S8</h4><h4 style=color:Coral;>Server operating time: 05/24/2021 17:15:55</h4><h4 style=color:Indigo;>POD ID: POD1</h4><table><tr><th><b>FileName</b></th><th><b>FileStatus</b></th><th><b>TotalRecords</b></th><th><b>SuccessfulRecordsCount</b></th><th><b>ErrorRecordCount</b></th><th><b>ErrorReason</b></th></tr><tr><td style=color:blue;><b>TESTReplaySchedules_1.csv<b></td><td style=color:red;><b>ERROR</b></td><td style=color:green;>0</td><td style=color:green;>0</td><td style=color:red;>0</td><td style=color:red;>Duplicate File</td></tr></table><br><br><br><div class="footer"><footer><small>&copy; Copyright 2021, CoreCard Software, Inc. All rights reserved</small></footer></div></html>
05/24/2021 17:15:55 — 9588 — DEBUG — Inside SendMail
05/24/2021 17:15:57 — 9588 — INFO — SENDING MAIL ...
05/24/2021 17:16:00 — 9588 — INFO — Finish Time::: 2021-05-24 17:16:00.679009
05/24/2021 17:16:00 — 9588 — INFO — *************************** ALL FILES PROCESSED, EXITING ***************************
