08/27/2021 13:13:45 — 21848 — INFO — *************************** RETAIL ERROR FEED PROCESSING STARTS ***************************
08/27/2021 13:13:45 — 21848 — INFO — START TIME: 2021-08-27 13:13:44.986901
08/27/2021 13:13:45 — 21848 — INFO — PATH OF THE INPUT FILE DIRECTORY: E:\Python\MilkReplaySchedules\MilkReplaySchedules\INPUT\
08/27/2021 13:13:45 — 21848 — INFO — INSIDE GetOperatingServer BLOCK
08/27/2021 13:13:45 — 21848 — INFO — CONNECTION ESTABLISHED
08/27/2021 13:13:45 — 21848 — INFO — OperatingServer: XEON-S8
08/27/2021 13:13:45 — 21848 — INFO — EXITING GetOperatingServer BLOCK
08/27/2021 13:13:45 — 21848 — INFO — INSIDE EmailStructure_Head BLOCK
08/27/2021 13:13:45 — 21848 — INFO — EXITING EmailStructure_Head BLOCK
08/27/2021 13:13:45 — 21848 — INFO — FILENAME: amortization_schedule_error_feed_20210826_1.csv
08/27/2021 13:13:45 — 21848 — INFO — FileID: 202108271313441
08/27/2021 13:13:45 — 21848 — INFO — INSIDE ValidateDuplicateFile BLOCK
08/27/2021 13:13:45 — 21848 — DEBUG — E:\Python\MilkReplaySchedules\MilkReplaySchedules\OUT\amortization_schedule_error_feed_20210826_1.csv
08/27/2021 13:13:45 — 21848 — INFO — EXITING ValidateDuplicateFile BLOCK
08/27/2021 13:13:45 — 21848 — INFO — INSIDE CheckEmptyFile BLOCK
08/27/2021 13:13:45 — 21848 — INFO — Total records in the file amortization_schedule_error_feed_20210826_1.csv is: 82487
08/27/2021 13:13:45 — 21848 — INFO — Non-Empty file, going to process
08/27/2021 13:13:45 — 21848 — INFO — INSIDE ImportFileToDB BLOCK
08/27/2021 13:13:45 — 21848 — INFO — CONNECTION ESTABLISHED
08/27/2021 13:13:45 — 21848 — INFO — TABLE ILPScheduleDetailsBAD_DUMP TRUNCATED SUCCESSFULLY
08/27/2021 13:13:45 — 21848 — DEBUG — bcp PP_CI..ILPScheduleDetailsBAD_DUMP IN E:\Python\MilkReplaySchedules\MilkReplaySchedules\INPUT\amortization_schedule_error_feed_20210826_1.csv -b 5000 -h TABLOCK -f E:\Python\MilkReplaySchedules\Version4\MilkReplaySchedulesUtility\MilkReplaySchedules.xml -e E:\Python\MilkReplaySchedules\MilkReplaySchedules\LOG\Error1_in.log -o E:\Python\MilkReplaySchedules\MilkReplaySchedules\LOG\Output1_in.log -S XEON-S8 -T -t , -F 2
08/27/2021 13:13:45 — 21848 — INFO — BCP START TIME::: 2021-08-27 13:13:45.621339
08/27/2021 13:13:49 — 21848 — INFO — Reading BCP Output file
08/27/2021 13:13:49 — 21848 — INFO — Starting copy...
08/27/2021 13:13:49 — 21848 — INFO — 5000 rows sent to SQL Server. Total sent: 5000
08/27/2021 13:13:49 — 21848 — INFO — 5000 rows sent to SQL Server. Total sent: 10000
08/27/2021 13:13:49 — 21848 — INFO — 5000 rows sent to SQL Server. Total sent: 15000
08/27/2021 13:13:49 — 21848 — INFO — 5000 rows sent to SQL Server. Total sent: 20000
08/27/2021 13:13:49 — 21848 — INFO — 5000 rows sent to SQL Server. Total sent: 25000
08/27/2021 13:13:49 — 21848 — INFO — 5000 rows sent to SQL Server. Total sent: 30000
08/27/2021 13:13:49 — 21848 — INFO — 5000 rows sent to SQL Server. Total sent: 35000
08/27/2021 13:13:49 — 21848 — INFO — 5000 rows sent to SQL Server. Total sent: 40000
08/27/2021 13:13:49 — 21848 — INFO — 5000 rows sent to SQL Server. Total sent: 45000
08/27/2021 13:13:49 — 21848 — INFO — 5000 rows sent to SQL Server. Total sent: 50000
08/27/2021 13:13:49 — 21848 — INFO — 5000 rows sent to SQL Server. Total sent: 55000
08/27/2021 13:13:49 — 21848 — INFO — 5000 rows sent to SQL Server. Total sent: 60000
08/27/2021 13:13:49 — 21848 — INFO — 5000 rows sent to SQL Server. Total sent: 65000
08/27/2021 13:13:49 — 21848 — INFO — 5000 rows sent to SQL Server. Total sent: 70000
08/27/2021 13:13:49 — 21848 — INFO — 5000 rows sent to SQL Server. Total sent: 75000
08/27/2021 13:13:49 — 21848 — INFO — 5000 rows sent to SQL Server. Total sent: 80000
08/27/2021 13:13:49 — 21848 — INFO — 82487 rows copied.
08/27/2021 13:13:49 — 21848 — INFO — Network packet size (bytes): 4096
08/27/2021 13:13:49 — 21848 — INFO — Clock Time (ms.) Total     : 3766   Average : (21903.08 rows per sec.)
08/27/2021 13:13:49 — 21848 — INFO — BCP EXECUTION SUCCESSFULL
08/27/2021 13:13:49 — 21848 — INFO — BCP FINISH TIME::: 2021-08-27 13:13:49.586329
08/27/2021 13:13:49 — 21848 — INFO — EXITING ImportFileToDB :: Message :: NO ERROR
08/27/2021 13:13:49 — 21848 — INFO — INSIDE DataValidation BLOCK
08/27/2021 13:13:49 — 21848 — INFO — CONNECTION ESTABLISHED
08/27/2021 13:13:49 — 21848 — DEBUG — EXEC PP_CI..USP_ValidateRetailReplaySchedules 'amortization_schedule_error_feed_20210826_1.csv', '202108271313441', 10000, 1
08/27/2021 13:14:01 — 21848 — INFO — Error in validating records
08/27/2021 13:14:01 — 21848 — INFO — EXITING DataValidation BLOCK
08/27/2021 13:14:01 — 21848 — INFO — INSIDE EmailBody_Error BLOCK
08/27/2021 13:14:01 — 21848 — INFO — EXITING EmailBody_Error BLOCK
08/27/2021 13:14:01 — 21848 — DEBUG — <style>table, th {border: 2px solid black;border-collapse: collapse;font-family: Calibri;font-size: 19px;}td {border: 1px solid black;border-collapse: collapse;font-family: Calibri;font-size: 17px;}tr {font-family: Calibri;}.footer {position: fixed;left: 0;bottom: 0;width: 100%;background-color: grey;color: white;text-align: center;font-family: Calibri;}</style><html><h4 style=color:green;>Operating Sever: XEON-S8</h4><h4 style=color:Coral;>Server operating time: 08/27/2021 13:13:44</h4><h4 style=color:Indigo;>POD ID: POD1</h4><table><tr><th><b>FileName</b></th><th><b>FileStatus</b></th><th><b>TotalRecords</b></th><th><b>SuccessfulRecordsCount</b></th><th><b>ErrorRecordCount</b></th><th><b>ErrorReason</b></th></tr><tr><td style=color:blue;><b>amortization_schedule_error_feed_20210826_1.csv<b></td><td style=color:red;><b>ERROR</b></td><td style=color:green;>0</td><td style=color:green;>0</td><td style=color:red;>0</td><td style=color:red;>Error in validating records</td></tr></table><br><br><br><div class="footer"><footer><small>&copy; Copyright 2021, CoreCard Software, Inc. All rights reserved</small></footer></div></html>
08/27/2021 13:14:01 — 21848 — DEBUG — Inside SendMail
08/27/2021 13:14:01 — 21848 — INFO — SENDING MAIL ...
08/27/2021 13:14:03 — 21848 — INFO — Finish Time::: 2021-08-27 13:14:03.713078
08/27/2021 13:14:03 — 21848 — INFO — *************************** ALL FILES PROCESSED, EXITING ***************************
