09/17/2021 19:13:45 — 21424 — INFO — *************************** RETAIL ERROR FEED PROCESSING STARTS ***************************
09/17/2021 19:13:45 — 21424 — INFO — START TIME: 2021-09-17 19:13:45.572107
09/17/2021 19:13:45 — 21424 — INFO — PATH OF THE INPUT FILE DIRECTORY: E:\Python\MilkReplaySchedules\MilkReplaySchedules\INPUT\
09/17/2021 19:13:45 — 21424 — INFO — INSIDE GetOperatingServer BLOCK
09/17/2021 19:14:19 — 21424 — INFO — INSIDE EmailStructure_Head BLOCK
09/17/2021 19:14:19 — 21424 — INFO — EXITING EmailStructure_Head BLOCK
09/17/2021 19:14:19 — 21424 — INFO — FILENAME: Retail_6.csv
09/17/2021 19:14:19 — 21424 — INFO — FileID: 202109171913451
09/17/2021 19:14:19 — 21424 — INFO — INSIDE ValidateDuplicateFile BLOCK
09/17/2021 19:14:19 — 21424 — DEBUG — E:\Python\MilkReplaySchedules\MilkReplaySchedules\OUT\Retail_6.csv
09/17/2021 19:14:19 — 21424 — INFO — EXITING ValidateDuplicateFile BLOCK
09/17/2021 19:14:19 — 21424 — INFO — INSIDE CheckEmptyFile BLOCK
09/17/2021 19:14:19 — 21424 — INFO — Total records in the file Retail_6.csv is: 1
09/17/2021 19:14:19 — 21424 — INFO — Non-Empty file, going to process
09/17/2021 19:14:19 — 21424 — INFO — INSIDE ImportFileToDB BLOCK
09/17/2021 19:14:52 — 21424 — INFO — INSIDE EmailBody_Error BLOCK
09/17/2021 19:14:52 — 21424 — INFO — EXITING EmailBody_Error BLOCK
09/17/2021 19:14:52 — 21424 — INFO — FILENAME: TestFile_1.csv
09/17/2021 19:14:52 — 21424 — INFO — FileID: 202109171913452
09/17/2021 19:14:52 — 21424 — INFO — INSIDE ValidateDuplicateFile BLOCK
09/17/2021 19:14:52 — 21424 — DEBUG — E:\Python\MilkReplaySchedules\MilkReplaySchedules\OUT\TestFile_1.csv
09/17/2021 19:14:52 — 21424 — INFO — File TestFile_1.csv is already present in OUTPUT folder. So it can not be processed.
09/17/2021 19:14:52 — 21424 — INFO — Duplicate File
09/17/2021 19:14:52 — 21424 — INFO — EXITING ValidateDuplicateFile BLOCK
09/17/2021 19:14:52 — 21424 — INFO — INSIDE EmailBody_Error BLOCK
09/17/2021 19:14:52 — 21424 — INFO — EXITING EmailBody_Error BLOCK
09/17/2021 19:14:52 — 21424 — DEBUG — <style>table, th {border: 2px solid black;border-collapse: collapse;font-family: Calibri;font-size: 19px;}td {border: 1px solid black;border-collapse: collapse;font-family: Calibri;font-size: 17px;}tr {font-family: Calibri;}.footer {position: fixed;left: 0;bottom: 0;width: 100%;background-color: grey;color: white;text-align: center;font-family: Calibri;}</style><html><h4 style=color:green;>Operating Sever: </h4><h4 style=color:Coral;>Server operating time: 09/17/2021 19:13:45</h4><h4 style=color:Indigo;>POD ID: POD1</h4><table><tr><th><b>FileName</b></th><th><b>FileStatus</b></th><th><b>TotalRecords</b></th><th><b>SuccessfulRecordsCount</b></th><th><b>ErrorRecordCount</b></th><th><b>ErrorReason</b></th></tr><tr><td style=color:blue;><b>Retail_6.csv<b></td><td style=color:red;><b>ERROR</b></td><td style=color:green;>0</td><td style=color:green;>0</td><td style=color:red;>0</td><td style=color:red;></td></tr><tr><td style=color:blue;><b>TestFile_1.csv<b></td><td style=color:red;><b>ERROR</b></td><td style=color:green;>0</td><td style=color:green;>0</td><td style=color:red;>0</td><td style=color:red;>Duplicate File</td></tr></table><br><br><br><div class="footer"><footer><small>&copy; Copyright 2021, CoreCard Software, Inc. All rights reserved</small></footer></div></html>
09/17/2021 19:14:52 — 21424 — INFO — INVALID ENVIRONMENT
09/17/2021 19:14:52 — 21424 — INFO — Finish Time::: 2021-09-17 19:14:52.575757
09/17/2021 19:14:52 — 21424 — INFO — *************************** ALL FILES PROCESSED, EXITING ***************************
