09/14/2021 12:49:17 — 6940 — INFO — *************************** RETAIL ERROR FEED PROCESSING STARTS ***************************
09/14/2021 12:49:17 — 6940 — INFO — START TIME: 2021-09-14 12:49:17.384299
09/14/2021 12:49:17 — 6940 — INFO — PATH OF THE INPUT FILE DIRECTORY: E:\Python\MilkReplaySchedules\MilkReplaySchedules\INPUT\
09/14/2021 12:49:17 — 6940 — INFO — INSIDE GetOperatingServer BLOCK
09/14/2021 12:49:17 — 6940 — INFO — CONNECTION ESTABLISHED
09/14/2021 12:49:17 — 6940 — INFO — OperatingServer: XEON-S8
09/14/2021 12:49:17 — 6940 — INFO — EXITING GetOperatingServer BLOCK
09/14/2021 12:49:17 — 6940 — INFO — INSIDE EmailStructure_Head BLOCK
09/14/2021 12:49:17 — 6940 — INFO — EXITING EmailStructure_Head BLOCK
09/14/2021 12:49:17 — 6940 — INFO — FILENAME: TestFile_6.csv
09/14/2021 12:49:17 — 6940 — INFO — FileID: 202109141249171
09/14/2021 12:49:17 — 6940 — INFO — INSIDE ValidateDuplicateFile BLOCK
09/14/2021 12:49:17 — 6940 — DEBUG — E:\Python\MilkReplaySchedules\MilkReplaySchedules\OUT\TestFile_6.csv
09/14/2021 12:49:17 — 6940 — INFO — EXITING ValidateDuplicateFile BLOCK
09/14/2021 12:49:17 — 6940 — INFO — INSIDE CheckEmptyFile BLOCK
09/14/2021 12:49:17 — 6940 — INFO — Total records in the file TestFile_6.csv is: 10
09/14/2021 12:49:17 — 6940 — INFO — Non-Empty file, going to process
09/14/2021 12:49:17 — 6940 — INFO — INSIDE ImportFileToDB BLOCK
09/14/2021 12:49:17 — 6940 — INFO — CONNECTION ESTABLISHED
09/14/2021 12:49:17 — 6940 — INFO — TABLE ILPScheduleDetailsBAD_DUMP TRUNCATED SUCCESSFULLY
09/14/2021 12:49:17 — 6940 — DEBUG — bcp PP_CI..ILPScheduleDetailsBAD_DUMP IN E:\Python\MilkReplaySchedules\MilkReplaySchedules\INPUT\TestFile_6.csv -b 5000 -h TABLOCK -f E:\Python\MilkReplaySchedules\Version4\MilkReplaySchedulesUtility\MilkReplaySchedules.xml -e E:\Python\MilkReplaySchedules\MilkReplaySchedules\LOG\Error1_in.log -o E:\Python\MilkReplaySchedules\MilkReplaySchedules\LOG\Output1_in.log -S XEON-S8 -T -t , -F 2
09/14/2021 12:49:17 — 6940 — INFO — BCP START TIME::: 2021-09-14 12:49:17.715755
09/14/2021 12:49:17 — 6940 — INFO — Reading BCP Output file
09/14/2021 12:49:17 — 6940 — INFO — Starting copy...
09/14/2021 12:49:17 — 6940 — INFO — 10 rows copied.
09/14/2021 12:49:17 — 6940 — INFO — Network packet size (bytes): 4096
09/14/2021 12:49:17 — 6940 — INFO — Clock Time (ms.) Total     : 31     Average : (322.58 rows per sec.)
09/14/2021 12:49:17 — 6940 — INFO — BCP EXECUTION SUCCESSFULL
09/14/2021 12:49:17 — 6940 — INFO — BCP FINISH TIME::: 2021-09-14 12:49:17.873763
09/14/2021 12:49:17 — 6940 — INFO — EXITING ImportFileToDB :: Message :: NO ERROR
09/14/2021 12:49:17 — 6940 — INFO — INSIDE DataValidation BLOCK
09/14/2021 12:49:17 — 6940 — INFO — PROCESSING NEW FILE
09/14/2021 12:49:17 — 6940 — INFO — ExceptionFile: EXCP_TestFile_6_POD1.csv
09/14/2021 12:49:17 — 6940 — INFO — CONNECTION ESTABLISHED
09/14/2021 12:49:17 — 6940 — DEBUG — EXEC PP_CI..USP_ValidateRetailReplaySchedules 'TestFile_6.csv', '202109141249171', 10000, 1, 0, 'EXCP_TestFile_6_POD1.csv'
09/14/2021 12:49:18 — 6940 — INFO — INSIDE FileDetails BLOCK
09/14/2021 12:49:18 — 6940 — INFO — EXITING FileDetails BLOCK
09/14/2021 12:49:18 — 6940 — INFO — USP_ValidateRetailReplaySchedules executed successfully
09/14/2021 12:49:18 — 6940 — INFO — No new record to update
09/14/2021 12:49:18 — 6940 — INFO — EXITING DataValidation BLOCK
09/14/2021 12:49:18 — 6940 — INFO — INSIDE GenerateExceptionFile BLOCK
09/14/2021 12:49:18 — 6940 — INFO — ExceptionFileName: E:\Python\MilkReplaySchedules\MilkReplaySchedules\EXCEPTION\EXCP_TestFile_6_POD1.csv
09/14/2021 12:49:18 — 6940 — INFO — CONNECTION ESTABLISHED
09/14/2021 12:49:18 — 6940 — DEBUG — SELECT  Report_Date, Business_Date, Batch_Timestamp, Account_UUID, Plan_UUID, Schedule_ID, Institution_ID, Product_ID, Error, [Error_Message], Field_Path, LTRIM(RTRIM(AccountNumber)) AccountNumber FROM PP_CI..ILPScheduleDetailsBAD_Archive WITH (NOLOCK) WHERE FileName = 'TestFile_6.csv' AND FileID = '202109141249171' AND JobStatus = 10
09/14/2021 12:49:18 — 6940 — INFO — TOTAL RECORDS FOR EXCEPTION FILE: 3
09/14/2021 12:49:18 — 6940 — INFO — EXITING GenerateExceptionFile BLOCK
09/14/2021 12:49:18 — 6940 — INFO — INSIDE EmailBody_Success BLOCK
09/14/2021 12:49:18 — 6940 — INFO — EXITING EmailBody_Error BLOCK
09/14/2021 12:49:18 — 6940 — DEBUG — <style>table, th {border: 2px solid black;border-collapse: collapse;font-family: Calibri;font-size: 19px;}td {border: 1px solid black;border-collapse: collapse;font-family: Calibri;font-size: 17px;}tr {font-family: Calibri;}.footer {position: fixed;left: 0;bottom: 0;width: 100%;background-color: grey;color: white;text-align: center;font-family: Calibri;}</style><html><h4 style=color:green;>Operating Sever: XEON-S8</h4><h4 style=color:Coral;>Server operating time: 09/14/2021 12:49:17</h4><h4 style=color:Indigo;>POD ID: POD1</h4><table><tr><th><b>FileName</b></th><th><b>FileStatus</b></th><th><b>TotalRecords</b></th><th><b>SuccessfulRecordsCount</b></th><th><b>ErrorRecordCount</b></th><th><b>ErrorReason</b></th></tr><tr><td style=color:blue;><b>TestFile_6.csv<b></td><td style=color:green;><b>Success</b></td><td style=color:green;>10</td><td style=color:green;>0</td><td style=color:red;>10</td><td style=color:green;>No new record to update</td></tr></table><p style=color:blue;><b>File Name:</b> TestFile_6.csv</p><table><tr><th><b>S.No.</b></th><th><b>ErrorMessage</b></th><th><b>RecordCount</b></th></tr>                                     <tr><td>1</td><td>Duplicate or active record already present for this ScheduleID</td><td><b>7</b></td></tr>                                     <tr><td>2</td><td>INVALID AccountNumber</td><td><b>3</b></td></tr></table><p style=color:Crimson;><b>EXCEPTION FILE NAME:</b> EXCP_TestFile_6_POD1.csv</p><p style=color:DarkBlue;><b>TOTAL RECORDS IN EXCEPTION FILE: 3</b></p><br><br><br><div class="footer"><footer><small>&copy; Copyright 2021, CoreCard Software, Inc. All rights reserved</small></footer></div></html>
09/14/2021 12:49:18 — 6940 — DEBUG — Inside SendMail
09/14/2021 12:49:18 — 6940 — INFO — SENDING MAIL ...
09/14/2021 12:49:21 — 6940 — INFO — Finish Time::: 2021-09-14 12:49:21.973511
09/14/2021 12:49:21 — 6940 — INFO — *************************** ALL FILES PROCESSED, EXITING ***************************
