01/21/2022 19:19:18 — 19328 — INFO — *************************** RETAIL ERROR FEED PROCESSING STARTS ***************************
01/21/2022 19:19:18 — 19328 — INFO — START TIME: 2022-01-21 19:19:18.383093
01/21/2022 19:19:18 — 19328 — INFO — PRINTING ENVIRONMENT VARIABLES
01/21/2022 19:19:18 — 19328 — INFO — CI_DB: PP_CI
01/21/2022 19:19:18 — 19328 — INFO — CL_DB: PP_CL
01/21/2022 19:19:18 — 19328 — INFO — CAuth_DB: PP_CAUTH
01/21/2022 19:19:18 — 19328 — INFO — SERVERNAME: XEON-S8
01/21/2022 19:19:18 — 19328 — INFO — MailFrom: prasoon.parashar@corecard.com
01/21/2022 19:19:18 — 19328 — INFO — MailTo: prasoon.parashar@corecard.com
01/21/2022 19:19:18 — 19328 — INFO — SMTP_SERVER: corecard-com.mail.protection.outlook.com
01/21/2022 19:19:18 — 19328 — INFO — SMTPPORT: 25
01/21/2022 19:19:18 — 19328 — INFO — RetailAWSEnvironment: 0
01/21/2022 19:19:18 — 19328 — INFO — RetailAWS_secret_name: ses-smtp-secret
01/21/2022 19:19:18 — 19328 — INFO — RetailAWS_region_name: us-south-1
01/21/2022 19:19:18 — 19328 — INFO — RetailAWS_service_name: secretsmanager
01/21/2022 19:19:18 — 19328 — INFO — RetailSES_smtp_url: email-smtp.ap-south-1.amazonaws.com
01/21/2022 19:19:18 — 19328 — INFO — RetailAWSPort: 587
01/21/2022 19:19:18 — 19328 — INFO — RetailInputFile: E:\Python\MilkReplaySchedules\MilkReplaySchedules\INPUT
01/21/2022 19:19:18 — 19328 — INFO — RetailErrorFile: E:\Python\MilkReplaySchedules\MilkReplaySchedules\ERROR
01/21/2022 19:19:18 — 19328 — INFO — RetailOutFile: E:\Python\MilkReplaySchedules\MilkReplaySchedules\OUT
01/21/2022 19:19:18 — 19328 — INFO — RetailLogFile: E:\Python\MilkReplaySchedules\MilkReplaySchedules\LOG
01/21/2022 19:19:18 — 19328 — INFO — RetailGeneratedFile: E:\Python\MilkReplaySchedules\MilkReplaySchedules\GENERATED
01/21/2022 19:19:18 — 19328 — INFO — RetailInstitutionID: 6969
01/21/2022 19:19:18 — 19328 — INFO — RetailEnvironment: LOCAL
01/21/2022 19:19:18 — 19328 — INFO — RetailExceptionFile: E:\Python\MilkReplaySchedules\MilkReplaySchedules\EXCEPTION
01/21/2022 19:19:18 — 19328 — INFO — RetailExceptionFilePrefix: EXCP_
01/21/2022 19:19:18 — 19328 — INFO — RetailExceptionFileSuffix: _PODID_
01/21/2022 19:19:18 — 19328 — INFO — RetailFileProcessingPOD: POD1
01/21/2022 19:19:18 — 19328 — INFO — BatchCount: 10000
01/21/2022 19:19:18 — 19328 — INFO — AccountNumberCheck: 1
01/21/2022 19:19:18 — 19328 — INFO — PATH OF THE INPUT FILE DIRECTORY: E:\Python\MilkReplaySchedules\MilkReplaySchedules\INPUT\
01/21/2022 19:19:18 — 19328 — INFO — INSIDE GetOperatingServer BLOCK
01/21/2022 19:19:18 — 19328 — INFO — CONNECTION ESTABLISHED
01/21/2022 19:19:18 — 19328 — INFO — ConnectionStatus: True
01/21/2022 19:19:18 — 19328 — ERROR — ERROR INSIDE GetOperatingServer BLOCK can only concatenate str (not "ProgrammingError") to str
01/21/2022 19:19:18 — 19328 — INFO — INSIDE EmailStructure_Head BLOCK
01/21/2022 19:19:18 — 19328 — INFO — EXITING EmailStructure_Head BLOCK
01/21/2022 19:19:18 — 19328 — INFO — FILENAME: TestFile_1_20220121_2.csv
01/21/2022 19:19:18 — 19328 — INFO — FileID: 202201211919181
01/21/2022 19:19:18 — 19328 — INFO — INSIDE ValidateDuplicateFile BLOCK
01/21/2022 19:19:18 — 19328 — DEBUG — E:\Python\MilkReplaySchedules\MilkReplaySchedules\OUT\TestFile_1_20220121_2.csv
01/21/2022 19:19:18 — 19328 — INFO — EXITING ValidateDuplicateFile BLOCK
01/21/2022 19:19:18 — 19328 — INFO — INSIDE CheckEmptyFile BLOCK
01/21/2022 19:19:18 — 19328 — INFO — Total records in the file TestFile_1_20220121_2.csv is: 1
01/21/2022 19:19:18 — 19328 — INFO — Non-Empty file, going to process
01/21/2022 19:19:18 — 19328 — INFO — IN GenerateErrorPotenialFile FUNCTION 
01/21/2022 19:19:18 — 19328 — INFO — INSIDE ImportFileToDB BLOCK
01/21/2022 19:19:18 — 19328 — INFO — CONNECTION ESTABLISHED
01/21/2022 19:19:18 — 19328 — INFO — ConnectionStatus: True
01/21/2022 19:19:18 — 19328 — INFO — TABLE ILPScheduleDetailsBAD_DUMP TRUNCATED SUCCESSFULLY
01/21/2022 19:19:18 — 19328 — INFO — IMPORTING FILE DATA OF FILE : Gen_TestFile_1_20220121_2_PART2.csv
01/21/2022 19:19:18 — 19328 — DEBUG — bcp PP_CI..ILPScheduleDetailsBAD_DUMP IN E:\Python\MilkReplaySchedules\MilkReplaySchedules\GENERATED\Gen_TestFile_1_20220121_2_PART2.csv -b 5000 -h TABLOCK -f E:\Python\Corecard_Python_Design\BCP_changes_V2\MilkReplaySchedules2.xml -e E:\Python\MilkReplaySchedules\MilkReplaySchedules\LOG\Error2_in.log -o E:\Python\MilkReplaySchedules\MilkReplaySchedules\LOG\Output2_in.log -S XEON-S8 -T -t , -F 2
01/21/2022 19:19:18 — 19328 — INFO — BCP START TIME::: 2022-01-21 19:19:18.838099
01/21/2022 19:19:19 — 19328 — INFO — Reading BCP Output file
01/21/2022 19:19:19 — 19328 — INFO — Output File Location: E:\Python\MilkReplaySchedules\MilkReplaySchedules\LOG\Output2_in.log
01/21/2022 19:19:19 — 19328 — INFO — Starting copy...
01/21/2022 19:19:19 — 19328 — INFO — 1 rows copied.
01/21/2022 19:19:19 — 19328 — INFO — Network packet size (bytes): 4096
01/21/2022 19:19:19 — 19328 — INFO — Clock Time (ms.) Total     : 140    Average : (7.14 rows per sec.)
01/21/2022 19:19:19 — 19328 — INFO — BCP EXECUTION SUCCESSFULL
01/21/2022 19:19:19 — 19328 — INFO — BCP FINISH TIME::: 2022-01-21 19:19:19.327503
01/21/2022 19:19:19 — 19328 — INFO — IMPORTING FILE DATA OF FILE : Gen_TestFile_1_20220121_2_PART1.csv
01/21/2022 19:19:19 — 19328 — DEBUG — bcp PP_CI..ILPScheduleDetailsBAD_DUMP IN E:\Python\MilkReplaySchedules\MilkReplaySchedules\GENERATED\Gen_TestFile_1_20220121_2_PART1.csv -b 5000 -h TABLOCK -f E:\Python\Corecard_Python_Design\BCP_changes_V2\MilkReplaySchedules.xml -e E:\Python\MilkReplaySchedules\MilkReplaySchedules\LOG\Error1_in.log -o E:\Python\MilkReplaySchedules\MilkReplaySchedules\LOG\Output1_in.log -S XEON-S8 -T -t , -F 2
01/21/2022 19:19:19 — 19328 — INFO — BCP START TIME::: 2022-01-21 19:19:19.329518
01/21/2022 19:19:19 — 19328 — INFO — Reading BCP Output file
01/21/2022 19:19:19 — 19328 — INFO — Output File Location: E:\Python\MilkReplaySchedules\MilkReplaySchedules\LOG\Output1_in.log
01/21/2022 19:19:19 — 19328 — INFO — Starting copy...
01/21/2022 19:19:19 — 19328 — INFO — 0 rows copied.
01/21/2022 19:19:19 — 19328 — INFO — Network packet size (bytes): 4096
01/21/2022 19:19:19 — 19328 — INFO — Clock Time (ms.) Total     : 1
01/21/2022 19:19:19 — 19328 — INFO — BCP EXECUTION SUCCESSFULL
01/21/2022 19:19:19 — 19328 — INFO — BCP FINISH TIME::: 2022-01-21 19:19:19.450885
01/21/2022 19:19:19 — 19328 — INFO — INSIDE DataValidation BLOCK
01/21/2022 19:19:19 — 19328 — INFO — PROCESSING NEW FILE
01/21/2022 19:19:19 — 19328 — INFO — ExceptionFile: EXCP_TestFile_1_20220121_2_PODID_POD1.csv
01/21/2022 19:19:19 — 19328 — INFO — CONNECTION ESTABLISHED
01/21/2022 19:19:19 — 19328 — INFO — ConnectionStatus: True
01/21/2022 19:19:19 — 19328 — DEBUG — EXEC PP_CI..USP_ValidateRetailReplaySchedules 'TestFile_1_20220121_2.csv', '202201211919181', 10000, 1, 0, 'EXCP_TestFile_1_20220121_2_PODID_POD1.csv'
01/21/2022 19:19:21 — 19328 — INFO — INSIDE FileDetails BLOCK
01/21/2022 19:19:21 — 19328 — INFO — EXITING FileDetails BLOCK
01/21/2022 19:19:21 — 19328 — INFO — USP_ValidateRetailReplaySchedules executed successfully
01/21/2022 19:19:21 — 19328 — INFO — No new record to update
01/21/2022 19:19:21 — 19328 — INFO — EXITING DataValidation BLOCK
01/21/2022 19:19:21 — 19328 — INFO — INSIDE GenerateExceptionFile BLOCK
01/21/2022 19:19:21 — 19328 — INFO — ExceptionFileName: E:\Python\MilkReplaySchedules\MilkReplaySchedules\EXCEPTION\EXCP_TestFile_1_20220121_2_PODID_POD1.csv
01/21/2022 19:19:21 — 19328 — INFO — CONNECTION ESTABLISHED
01/21/2022 19:19:21 — 19328 — INFO — ConnectionStatus: True
01/21/2022 19:19:21 — 19328 — DEBUG — SELECT  Report_Date, Business_Date, Batch_Timestamp, Account_UUID, Plan_UUID, Schedule_ID, Institution_ID, Product_ID, Error, [Error_Message], Field_Path, LTRIM(RTRIM(AccountNumber)) AccountNumber FROM PP_CI..ILPScheduleDetailsBAD_Archive WITH (NOLOCK) WHERE FileName = 'TestFile_1_20220121_2.csv' AND FileID = '202201211919181' AND JobStatus = 10
01/21/2022 19:19:21 — 19328 — DEBUG —                Report_Date Business_Date Batch_Timestamp  ...           Error_Message                                       Field_Path     AccountNumber
0  2021-08-11 18:00:00.000    2021-08-11        18:00:00  ...  Missing required month  schedule with ID: {4} at month {10,11,12,13,14}  1100001000000203

[1 rows x 12 columns]
01/21/2022 19:19:21 — 19328 — INFO — TOTAL RECORDS FOR EXCEPTION FILE: 1
01/21/2022 19:19:21 — 19328 — INFO — EXITING GenerateExceptionFile BLOCK
01/21/2022 19:19:21 — 19328 — INFO — INSIDE EmailBody_Success BLOCK
01/21/2022 19:19:21 — 19328 — INFO — EXITING EmailBody_Error BLOCK
01/21/2022 19:19:21 — 19328 — DEBUG — <style>table, th {border: 2px solid black;border-collapse: collapse;font-family: Calibri;font-size: 19px;}td {border: 1px solid black;border-collapse: collapse;font-family: Calibri;font-size: 17px;}tr {font-family: Calibri;}.footer {position: fixed;left: 0;bottom: 0;width: 100%;background-color: grey;color: white;text-align: center;font-family: Calibri;}</style><html><h4 style=color:green;>Operating Sever: </h4><h4 style=color:Coral;>Server operating time: 01/21/2022 19:19:18</h4><h4 style=color:Indigo;>POD ID: POD1</h4><table><tr><th><b>FileName</b></th><th><b>FileStatus</b></th><th><b>TotalRecords</b></th><th><b>SuccessfulRecordsCount</b></th><th><b>ErrorRecordCount</b></th><th><b>ErrorReason</b></th></tr><tr><td style=color:blue;><b>TestFile_1_20220121_2.csv<b></td><td style=color:green;><b>Success</b></td><td style=color:green;>1</td><td style=color:green;>0</td><td style=color:red;>1</td><td style=color:green;>No new record to update</td></tr></table><p style=color:blue;><b>File Name:</b> TestFile_1_20220121_2.csv</p><table><tr><th><b>S.No.</b></th><th><b>ErrorMessage</b></th><th><b>RecordCount</b></th></tr>                                     <tr><td>1</td><td>INVALID AccountNumber</td><td><b>1</b></td></tr></table><p style=color:Crimson;><b>EXCEPTION FILE NAME:</b> EXCP_TestFile_1_20220121_2_PODID_POD1.csv</p><p style=color:DarkBlue;><b>TOTAL RECORDS IN EXCEPTION FILE: 1</b></p><br><br><br><div class="footer"><footer><small>&copy; Copyright 2022, CoreCard Software, Inc. All rights reserved</small></footer></div></html>
01/21/2022 19:19:21 — 19328 — DEBUG — Inside SendMail
01/21/2022 19:19:22 — 19328 — INFO — SENDING MAIL ...
01/21/2022 19:19:24 — 19328 — INFO — Finish Time::: 2022-01-21 19:19:24.817198
01/21/2022 19:19:24 — 19328 — INFO — *************************** ALL FILES PROCESSED, EXITING ***************************
