01/20/2022 17:46:05 — 9880 — INFO — *************************** RETAIL ERROR FEED PROCESSING STARTS ***************************
01/20/2022 17:46:05 — 9880 — INFO — START TIME: 2022-01-20 17:46:05.645354
01/20/2022 17:46:05 — 9880 — INFO — PRINTING ENVIRONMENT VARIABLES
01/20/2022 17:46:05 — 9880 — INFO — CI_DB: PP_CI
01/20/2022 17:46:05 — 9880 — INFO — CL_DB: PP_CL
01/20/2022 17:46:05 — 9880 — INFO — CAuth_DB: PP_CAUTH
01/20/2022 17:46:05 — 9880 — INFO — SERVERNAME: XEON-S8
01/20/2022 17:46:05 — 9880 — INFO — MailFrom: prasoon.parashar@corecard.com
01/20/2022 17:46:05 — 9880 — INFO — MailTo: prasoon.parashar@corecard.com
01/20/2022 17:46:05 — 9880 — INFO — SMTP_SERVER: corecard-com.mail.protection.outlook.com
01/20/2022 17:46:05 — 9880 — INFO — SMTPPORT: 25
01/20/2022 17:46:05 — 9880 — INFO — RetailAWSEnvironment: 0
01/20/2022 17:46:05 — 9880 — INFO — RetailAWS_secret_name: ses-smtp-secret
01/20/2022 17:46:05 — 9880 — INFO — RetailAWS_region_name: us-south-1
01/20/2022 17:46:05 — 9880 — INFO — RetailAWS_service_name: secretsmanager
01/20/2022 17:46:05 — 9880 — INFO — RetailSES_smtp_url: email-smtp.ap-south-1.amazonaws.com
01/20/2022 17:46:05 — 9880 — INFO — RetailAWSPort: 587
01/20/2022 17:46:05 — 9880 — INFO — RetailInputFile: E:\Python\MilkReplaySchedules\MilkReplaySchedules\INPUT
01/20/2022 17:46:05 — 9880 — INFO — RetailErrorFile: E:\Python\MilkReplaySchedules\MilkReplaySchedules\ERROR
01/20/2022 17:46:05 — 9880 — INFO — RetailOutFile: E:\Python\MilkReplaySchedules\MilkReplaySchedules\OUT
01/20/2022 17:46:05 — 9880 — INFO — RetailLogFile: E:\Python\MilkReplaySchedules\MilkReplaySchedules\LOG
01/20/2022 17:46:05 — 9880 — INFO — RetailGeneratedFile: E:\Python\MilkReplaySchedules\MilkReplaySchedules\GENERATED
01/20/2022 17:46:05 — 9880 — INFO — RetailInstitutionID: 6969
01/20/2022 17:46:05 — 9880 — INFO — RetailEnvironment: LOCAL
01/20/2022 17:46:05 — 9880 — INFO — RetailExceptionFile: E:\Python\MilkReplaySchedules\MilkReplaySchedules\EXCEPTION
01/20/2022 17:46:05 — 9880 — INFO — RetailExceptionFilePrefix: EXCP_
01/20/2022 17:46:05 — 9880 — INFO — RetailExceptionFileSuffix: _PODID_
01/20/2022 17:46:05 — 9880 — INFO — RetailFileProcessingPOD: POD1
01/20/2022 17:46:05 — 9880 — INFO — BatchCount: 10000
01/20/2022 17:46:05 — 9880 — INFO — AccountNumberCheck: 1
01/20/2022 17:46:05 — 9880 — INFO — PATH OF THE INPUT FILE DIRECTORY: E:\Python\MilkReplaySchedules\MilkReplaySchedules\INPUT\
01/20/2022 17:46:05 — 9880 — INFO — INSIDE GetOperatingServer BLOCK
01/20/2022 17:46:06 — 9880 — INFO — CONNECTION ESTABLISHED
01/20/2022 17:46:06 — 9880 — INFO — ConnectionStatus: True
01/20/2022 17:46:06 — 9880 — ERROR — ERROR INSIDE GetOperatingServer BLOCK can only concatenate str (not "ProgrammingError") to str
01/20/2022 17:46:06 — 9880 — INFO — INSIDE EmailStructure_Head BLOCK
01/20/2022 17:46:06 — 9880 — INFO — EXITING EmailStructure_Head BLOCK
01/20/2022 17:46:06 — 9880 — INFO — FILENAME: TestFile_1.csv
01/20/2022 17:46:06 — 9880 — INFO — FileID: 202201201746051
01/20/2022 17:46:06 — 9880 — INFO — INSIDE ValidateDuplicateFile BLOCK
01/20/2022 17:46:06 — 9880 — DEBUG — E:\Python\MilkReplaySchedules\MilkReplaySchedules\OUT\TestFile_1.csv
01/20/2022 17:46:06 — 9880 — INFO — File TestFile_1.csv is already present in OUTPUT folder. So it can not be processed.
01/20/2022 17:46:06 — 9880 — INFO — Duplicate File
01/20/2022 17:46:06 — 9880 — INFO — EXITING ValidateDuplicateFile BLOCK
01/20/2022 17:46:06 — 9880 — INFO — INSIDE EmailBody_Error BLOCK
01/20/2022 17:46:06 — 9880 — INFO — EXITING EmailBody_Error BLOCK
01/20/2022 17:46:06 — 9880 — DEBUG — <style>table, th {border: 2px solid black;border-collapse: collapse;font-family: Calibri;font-size: 19px;}td {border: 1px solid black;border-collapse: collapse;font-family: Calibri;font-size: 17px;}tr {font-family: Calibri;}.footer {position: fixed;left: 0;bottom: 0;width: 100%;background-color: grey;color: white;text-align: center;font-family: Calibri;}</style><html><h4 style=color:green;>Operating Sever: </h4><h4 style=color:Coral;>Server operating time: 01/20/2022 17:46:05</h4><h4 style=color:Indigo;>POD ID: POD1</h4><table><tr><th><b>FileName</b></th><th><b>FileStatus</b></th><th><b>TotalRecords</b></th><th><b>SuccessfulRecordsCount</b></th><th><b>ErrorRecordCount</b></th><th><b>ErrorReason</b></th></tr><tr><td style=color:blue;><b>TestFile_1.csv<b></td><td style=color:red;><b>ERROR</b></td><td style=color:green;>0</td><td style=color:green;>0</td><td style=color:red;>0</td><td style=color:red;>Duplicate File</td></tr></table><br><br><br><div class="footer"><footer><small>&copy; Copyright 2022, CoreCard Software, Inc. All rights reserved</small></footer></div></html>
01/20/2022 17:46:06 — 9880 — DEBUG — Inside SendMail
01/20/2022 17:46:06 — 9880 — INFO — SENDING MAIL ...
01/20/2022 17:46:09 — 9880 — INFO — Finish Time::: 2022-01-20 17:46:09.357698
01/20/2022 17:46:09 — 9880 — INFO — *************************** ALL FILES PROCESSED, EXITING ***************************
