08/06/2021 12:05:54 — 14460 — INFO — *************************** RETAIL ERROR FEED PROCESSING STARTS ***************************
08/06/2021 12:05:54 — 14460 — INFO — START TIME: 2021-08-06 12:05:54.030734
08/06/2021 12:05:54 — 14460 — INFO — PATH OF THE INPUT FILE DIRECTORY: E:\Python\MilkReplaySchedules\MilkReplaySchedules\INPUT\
08/06/2021 12:05:54 — 14460 — INFO — INSIDE GetOperatingServer BLOCK
08/06/2021 12:05:57 — 14460 — INFO — CONNECTION ESTABLISHED
08/06/2021 12:05:57 — 14460 — INFO — OperatingServer: XEON-S8
08/06/2021 12:05:57 — 14460 — INFO — EXITING GetOperatingServer BLOCK
08/06/2021 12:05:57 — 14460 — INFO — INSIDE EmailStructure_Head BLOCK
08/06/2021 12:05:57 — 14460 — INFO — EXITING EmailStructure_Head BLOCK
08/06/2021 12:05:57 — 14460 — INFO — FILENAME: amortization_schedule_error_feed_NewStructure_1.csv
08/06/2021 12:05:57 — 14460 — INFO — FileID: 202108061205541
08/06/2021 12:05:57 — 14460 — INFO — [STEP 1] : ValidateDuplicateFile STARTS
08/06/2021 12:05:57 — 14460 — INFO — INSIDE ValidateDuplicateFile BLOCK
08/06/2021 12:05:57 — 14460 — DEBUG — E:\Python\MilkReplaySchedules\MilkReplaySchedules\OUT\amortization_schedule_error_feed_NewStructure_1.csv
08/06/2021 12:05:57 — 14460 — INFO — EXITING ValidateDuplicateFile BLOCK
08/06/2021 12:05:57 — 14460 — INFO — [STEP 1] : ValidateDuplicateFile FINISHED
08/06/2021 12:05:57 — 14460 — INFO — [STEP 2] : CheckEmptyFile STARTS
08/06/2021 12:05:57 — 14460 — INFO — INSIDE CheckEmptyFile BLOCK
08/06/2021 12:05:57 — 14460 — INFO — Total records in the file amortization_schedule_error_feed_NewStructure_1.csv is: 1
08/06/2021 12:05:57 — 14460 — INFO — Non-Empty file, going to process
08/06/2021 12:05:57 — 14460 — INFO — [STEP 2] : CheckEmptyFile FINISHED
08/06/2021 12:05:57 — 14460 — INFO — [STEP 3] : ImportFileToDB STARTS
08/06/2021 12:05:57 — 14460 — INFO — INSIDE ImportFileToDB BLOCK
08/06/2021 12:05:57 — 14460 — INFO — CONNECTION ESTABLISHED
08/06/2021 12:05:57 — 14460 — INFO — TABLE ILPScheduleDetailsBAD_DUMP TRUNCATED SUCCESSFULLY
08/06/2021 12:05:57 — 14460 — DEBUG — bcp PP_CI..ILPScheduleDetailsBAD_DUMP IN E:\Python\MilkReplaySchedules\MilkReplaySchedules\INPUT\amortization_schedule_error_feed_NewStructure_1.csv -b 5000 -h TABLOCK -f E:\Python\MilkReplaySchedules\Version4\MilkReplaySchedulesUtility\MilkReplaySchedules.xml -e E:\Python\MilkReplaySchedules\MilkReplaySchedules\LOG\Error1_in.log -o E:\Python\MilkReplaySchedules\MilkReplaySchedules\LOG\Output1_in.log -S XEON-S8 -T -t , -F 2
08/06/2021 12:05:57 — 14460 — INFO — BCP START TIME::: 2021-08-06 12:05:57.776139
08/06/2021 12:05:58 — 14460 — INFO — Reading BCP Output file
08/06/2021 12:05:58 — 14460 — INFO — Starting copy...
08/06/2021 12:05:58 — 14460 — INFO — 1 rows copied.
08/06/2021 12:05:58 — 14460 — INFO — Network packet size (bytes): 4096
08/06/2021 12:05:58 — 14460 — INFO — Clock Time (ms.) Total     : 47     Average : (21.28 rows per sec.)
08/06/2021 12:05:58 — 14460 — INFO — BCP EXECUTION SUCCESSFULL
08/06/2021 12:05:58 — 14460 — INFO — BCP FINISH TIME::: 2021-08-06 12:05:58.196061
08/06/2021 12:05:58 — 14460 — INFO — EXITING ImportFileToDB :: Message :: NO ERROR
08/06/2021 12:05:58 — 14460 — INFO — [STEP 3] : ImportFileToDB FINISHED
08/06/2021 12:05:58 — 14460 — INFO — [STEP 4] : DataValidation STARTS
08/06/2021 12:05:58 — 14460 — INFO — INSIDE DataValidation BLOCK
08/06/2021 12:05:58 — 14460 — INFO — CONNECTION ESTABLISHED
08/06/2021 12:05:58 — 14460 — DEBUG — EXEC PP_CI..USP_ValidateRetailReplaySchedules 'amortization_schedule_error_feed_NewStructure_1.csv', '202108061205541', 10000, 1
08/06/2021 12:05:58 — 14460 — INFO — INSIDE FileDetails BLOCK
08/06/2021 12:05:58 — 14460 — INFO — EXITING FileDetails BLOCK
08/06/2021 12:05:58 — 14460 — INFO — USP_ValidateRetailReplaySchedules executed successfully
08/06/2021 12:05:58 — 14460 — INFO — No new record to update
08/06/2021 12:05:58 — 14460 — INFO — EXITING DataValidation BLOCK
08/06/2021 12:05:58 — 14460 — INFO — [STEP 4.1] : GenerateExceptionFile STARTS
08/06/2021 12:05:58 — 14460 — INFO — INSIDE GenerateExceptionFile BLOCK
08/06/2021 12:05:58 — 14460 — INFO — ExceptionFileName: E:\Python\MilkReplaySchedules\MilkReplaySchedules\EXCEPTION\EXCP_amortization_schedule_error_feed_NewStructure_1_1.csv
08/06/2021 12:05:58 — 14460 — INFO — CONNECTION ESTABLISHED
08/06/2021 12:05:58 — 14460 — DEBUG — SELECT  Report_Date, Business_Date, Batch_Timestamp, Account_UUID, Plan_UUID, Schedule_ID, Institution_ID, Product_ID, Error, [Error_Message], Field_Path, LTRIM(RTRIM(AccountNumber)) AccountNumber FROM PP_CI..ILPScheduleDetailsBAD_Archive WITH (NOLOCK) WHERE FileName = 'amortization_schedule_error_feed_NewStructure_1.csv' AND FileID = '202108061205541' AND JobStatus = 10
08/06/2021 12:05:58 — 14460 — INFO — Total records for exception file: 0
08/06/2021 12:05:58 — 14460 — INFO — EXITING GenerateExceptionFile BLOCK
08/06/2021 12:05:58 — 14460 — INFO — [STEP 4.1] : GenerateExceptionFile FINISHED
08/06/2021 12:05:58 — 14460 — INFO — [STEP 4] : DataValidation FINISHED
08/06/2021 12:05:58 — 14460 — INFO — INSIDE EmailBody_Success BLOCK
08/06/2021 12:05:58 — 14460 — INFO — EXITING EmailBody_Error BLOCK
08/06/2021 12:05:58 — 14460 — DEBUG — <style>table, th {border: 2px solid black;border-collapse: collapse;font-family: Calibri;font-size: 19px;}td {border: 1px solid black;border-collapse: collapse;font-family: Calibri;font-size: 17px;}tr {font-family: Calibri;}.footer {position: fixed;left: 0;bottom: 0;width: 100%;background-color: grey;color: white;text-align: center;font-family: Calibri;}</style><html><h4 style=color:green;>Operating Sever: XEON-S8</h4><h4 style=color:Coral;>Server operating time: 08/06/2021 12:05:54</h4><h4 style=color:Indigo;>POD ID: _1</h4><table><tr><th><b>FileName</b></th><th><b>FileStatus</b></th><th><b>TotalRecords</b></th><th><b>SuccessfulRecordsCount</b></th><th><b>ErrorRecordCount</b></th><th><b>ErrorReason</b></th></tr><tr><td style=color:blue;><b>amortization_schedule_error_feed_NewStructure_1.csv<b></td><td style=color:green;><b>Success</b></td><td style=color:green;>1</td><td style=color:green;>0</td><td style=color:red;>1</td><td style=color:green;>No new record to update</td></tr></table><p style=color:blue;><b>File Name:</b> amortization_schedule_error_feed_NewStructure_1.csv</p><table><tr><th><b>S.No.</b></th><th><b>ErrorMessage</b></th><th><b>RecordCount</b></th></tr>                                     <tr><td>1</td><td>Error in Records</td><td><b>1</b></td></tr></table><p style=color:Crimson;><b>EXCEPTION FILE HAS NOT BEEN GENERATED</b></p><p style=color:DarkBlue;><b>TOTAL RECORDS IN EXCEPTION FILE:</b> 0</p><br><br><br><div class="footer"><footer><small>&copy; Copyright 2021, CoreCard Software, Inc. All rights reserved</small></footer></div></html>
08/06/2021 12:05:58 — 14460 — DEBUG — Inside SendMail
08/06/2021 12:06:00 — 14460 — INFO — SENDING MAIL ...
08/06/2021 12:06:05 — 14460 — INFO — Finish Time::: 2021-08-06 12:06:05.005586
08/06/2021 12:06:05 — 14460 — INFO — *************************** ALL FILES PROCESSED, EXITING ***************************
