08/20/2021 18:52:08 — 1008 — INFO — *************************** RETAIL ERROR FEED PROCESSING STARTS ***************************
08/20/2021 18:52:08 — 1008 — INFO — START TIME: 2021-08-20 18:52:08.329541
08/20/2021 18:52:08 — 1008 — INFO — PATH OF THE INPUT FILE DIRECTORY: E:\Python\MilkReplaySchedules\MilkReplaySchedules\INPUT\
08/20/2021 18:52:08 — 1008 — INFO — INSIDE GetOperatingServer BLOCK
08/20/2021 18:52:09 — 1008 — INFO — CONNECTION ESTABLISHED
08/20/2021 18:52:09 — 1008 — INFO — OperatingServer: XEON-S8
08/20/2021 18:52:09 — 1008 — INFO — EXITING GetOperatingServer BLOCK
08/20/2021 18:52:09 — 1008 — INFO — INSIDE EmailStructure_Head BLOCK
08/20/2021 18:52:09 — 1008 — INFO — EXITING EmailStructure_Head BLOCK
08/20/2021 18:52:09 — 1008 — INFO — FILENAME: amortization_schedule_error_feed_NewStructure_1.csv
08/20/2021 18:52:09 — 1008 — INFO — FileID: 202108201852081
08/20/2021 18:52:09 — 1008 — INFO — INSIDE ValidateDuplicateFile BLOCK
08/20/2021 18:52:09 — 1008 — DEBUG — E:\Python\MilkReplaySchedules\MilkReplaySchedules\OUT\amortization_schedule_error_feed_NewStructure_1.csv
08/20/2021 18:52:09 — 1008 — INFO — EXITING ValidateDuplicateFile BLOCK
08/20/2021 18:52:09 — 1008 — INFO — INSIDE CheckEmptyFile BLOCK
08/20/2021 18:52:09 — 1008 — INFO — Total records in the file amortization_schedule_error_feed_NewStructure_1.csv is: 1
08/20/2021 18:52:09 — 1008 — INFO — Non-Empty file, going to process
08/20/2021 18:52:09 — 1008 — INFO — INSIDE ImportFileToDB BLOCK
08/20/2021 18:52:09 — 1008 — INFO — CONNECTION ESTABLISHED
08/20/2021 18:52:09 — 1008 — INFO — TABLE ILPScheduleDetailsBAD_DUMP TRUNCATED SUCCESSFULLY
08/20/2021 18:52:09 — 1008 — DEBUG — bcp PP_CI..ILPScheduleDetailsBAD_DUMP IN E:\Python\MilkReplaySchedules\MilkReplaySchedules\INPUT\amortization_schedule_error_feed_NewStructure_1.csv -b 5000 -h TABLOCK -f E:\Python\MilkReplaySchedules\Version4\MilkReplaySchedulesUtility\MilkReplaySchedules.xml -e E:\Python\MilkReplaySchedules\MilkReplaySchedules\LOG\Error1_in.log -o E:\Python\MilkReplaySchedules\MilkReplaySchedules\LOG\Output1_in.log -S XEON-S8 -T -t , -F 2
08/20/2021 18:52:09 — 1008 — INFO — BCP START TIME::: 2021-08-20 18:52:09.752562
08/20/2021 18:52:10 — 1008 — INFO — Reading BCP Output file
08/20/2021 18:52:10 — 1008 — INFO — Starting copy...
08/20/2021 18:52:10 — 1008 — INFO — 1 rows copied.
08/20/2021 18:52:10 — 1008 — INFO — Network packet size (bytes): 4096
08/20/2021 18:52:10 — 1008 — INFO — Clock Time (ms.) Total     : 188    Average : (5.32 rows per sec.)
08/20/2021 18:52:10 — 1008 — INFO — BCP EXECUTION SUCCESSFULL
08/20/2021 18:52:10 — 1008 — INFO — BCP FINISH TIME::: 2021-08-20 18:52:10.446124
08/20/2021 18:52:10 — 1008 — INFO — EXITING ImportFileToDB :: Message :: NO ERROR
08/20/2021 18:52:10 — 1008 — INFO — INSIDE DataValidation BLOCK
08/20/2021 18:52:10 — 1008 — INFO — CONNECTION ESTABLISHED
08/20/2021 18:52:10 — 1008 — DEBUG — EXEC PP_CI..USP_ValidateRetailReplaySchedules 'amortization_schedule_error_feed_NewStructure_1.csv', '202108201852081', 10000, 1
08/20/2021 18:52:14 — 1008 — INFO — INSIDE FileDetails BLOCK
08/20/2021 18:52:14 — 1008 — INFO — EXITING FileDetails BLOCK
08/20/2021 18:52:14 — 1008 — INFO — USP_ValidateRetailReplaySchedules executed successfully
08/20/2021 18:52:14 — 1008 — INFO — No new record to update
08/20/2021 18:52:14 — 1008 — INFO — EXITING DataValidation BLOCK
08/20/2021 18:52:14 — 1008 — INFO — INSIDE GenerateExceptionFile BLOCK
08/20/2021 18:52:14 — 1008 — INFO — ExceptionFileName: E:\Python\MilkReplaySchedules\MilkReplaySchedules\EXCEPTION\EXCP_amortization_schedule_error_feed_NewStructure_1_POD1.csv
08/20/2021 18:52:14 — 1008 — INFO — CONNECTION ESTABLISHED
08/20/2021 18:52:14 — 1008 — DEBUG — SELECT  Report_Date, Business_Date, Batch_Timestamp, Account_UUID, Plan_UUID, Schedule_ID, Institution_ID, Product_ID, Error, [Error_Message], Field_Path, LTRIM(RTRIM(AccountNumber)) AccountNumber FROM PP_CI..ILPScheduleDetailsBAD_Archive WITH (NOLOCK) WHERE FileName = 'amortization_schedule_error_feed_NewStructure_1.csv' AND FileID = '202108201852081' AND JobStatus = 10
08/20/2021 18:52:14 — 1008 — INFO — TOTAL RECORDS FOR EXCEPTION FILE: 0
08/20/2021 18:52:14 — 1008 — INFO — EXITING GenerateExceptionFile BLOCK
08/20/2021 18:52:14 — 1008 — INFO — INSIDE EmailBody_Success BLOCK
08/20/2021 18:52:14 — 1008 — INFO — EXITING EmailBody_Error BLOCK
08/20/2021 18:52:14 — 1008 — DEBUG — <style>table, th {border: 2px solid black;border-collapse: collapse;font-family: Calibri;font-size: 19px;}td {border: 1px solid black;border-collapse: collapse;font-family: Calibri;font-size: 17px;}tr {font-family: Calibri;}.footer {position: fixed;left: 0;bottom: 0;width: 100%;background-color: grey;color: white;text-align: center;font-family: Calibri;}</style><html><h4 style=color:green;>Operating Sever: XEON-S8</h4><h4 style=color:Coral;>Server operating time: 08/20/2021 18:52:08</h4><h4 style=color:Indigo;>POD ID: POD1</h4><table><tr><th><b>FileName</b></th><th><b>FileStatus</b></th><th><b>TotalRecords</b></th><th><b>SuccessfulRecordsCount</b></th><th><b>ErrorRecordCount</b></th><th><b>ErrorReason</b></th></tr><tr><td style=color:blue;><b>amortization_schedule_error_feed_NewStructure_1.csv<b></td><td style=color:green;><b>Success</b></td><td style=color:green;>1</td><td style=color:green;>0</td><td style=color:red;>1</td><td style=color:green;>No new record to update</td></tr></table><p style=color:blue;><b>File Name:</b> amortization_schedule_error_feed_NewStructure_1.csv</p><table><tr><th><b>S.No.</b></th><th><b>ErrorMessage</b></th><th><b>RecordCount</b></th></tr>                                     <tr><td>1</td><td>INVALID AccountUUID or ProductID or InstitutionID</td><td><b>1</b></td></tr></table><p style=color:Crimson;><b>NO RECORDS FOR EXCEPTION FILE, IT HAS NOT BEEN GENERATED</b></p><p style=color:DarkBlue;><b>TOTAL RECORDS IN EXCEPTION FILE: 0</b></p><br><br><br><div class="footer"><footer><small>&copy; Copyright 2021, CoreCard Software, Inc. All rights reserved</small></footer></div></html>
08/20/2021 18:52:14 — 1008 — DEBUG — Inside SendMail
08/20/2021 18:52:16 — 1008 — INFO — SENDING MAIL ...
08/20/2021 18:52:19 — 1008 — INFO — Finish Time::: 2021-08-20 18:52:19.102739
08/20/2021 18:52:19 — 1008 — INFO — *************************** ALL FILES PROCESSED, EXITING ***************************
