10/28/2021 12:58:36 — 15864 — INFO — *************************** RETAIL ERROR FEED PROCESSING STARTS ***************************
10/28/2021 12:58:36 — 15864 — INFO — START TIME: 2021-10-28 12:58:36.001462
10/28/2021 12:58:36 — 15864 — INFO — PATH OF THE INPUT FILE DIRECTORY: E:\Python\MilkReplaySchedules\MilkReplaySchedules\INPUT\
10/28/2021 12:58:36 — 15864 — INFO — INSIDE GetOperatingServer BLOCK
10/28/2021 12:58:36 — 15864 — INFO — CONNECTION ESTABLISHED
10/28/2021 12:58:36 — 15864 — INFO — INSIDE EmailStructure_Head BLOCK
10/28/2021 12:58:36 — 15864 — INFO — EXITING EmailStructure_Head BLOCK
10/28/2021 12:58:36 — 15864 — INFO — FILENAME: TestFile_1.csv
10/28/2021 12:58:36 — 15864 — INFO — FileID: 202110281258361
10/28/2021 12:58:36 — 15864 — INFO — INSIDE ValidateDuplicateFile BLOCK
10/28/2021 12:58:36 — 15864 — DEBUG — E:\Python\MilkReplaySchedules\MilkReplaySchedules\OUT\TestFile_1.csv
10/28/2021 12:58:36 — 15864 — INFO — EXITING ValidateDuplicateFile BLOCK
10/28/2021 12:58:36 — 15864 — INFO — INSIDE CheckEmptyFile BLOCK
10/28/2021 12:58:36 — 15864 — INFO — Total records in the file TestFile_1.csv is: 1
10/28/2021 12:58:36 — 15864 — INFO — Non-Empty file, going to process
10/28/2021 12:58:36 — 15864 — INFO — INSIDE ImportFileToDB BLOCK
10/28/2021 12:58:36 — 15864 — INFO — CONNECTION ESTABLISHED
10/28/2021 12:58:36 — 15864 — INFO — TABLE ILPScheduleDetailsBAD_DUMP TRUNCATED SUCCESSFULLY
10/28/2021 12:58:36 — 15864 — DEBUG — bcp PP_CI..ILPScheduleDetailsBAD_DUMP IN E:\Python\MilkReplaySchedules\MilkReplaySchedules\INPUT\TestFile_1.csv -b 5000 -h TABLOCK -f E:\Python\MilkReplaySchedules\Version4\MilkReplaySchedulesUtility\MilkReplaySchedules.xml -e E:\Python\MilkReplaySchedules\MilkReplaySchedules\LOG\Error1_in.log -o E:\Python\MilkReplaySchedules\MilkReplaySchedules\LOG\Output1_in.log -S XEON-S8 -T -t , -F 2
10/28/2021 12:58:36 — 15864 — INFO — BCP START TIME::: 2021-10-28 12:58:36.845855
10/28/2021 12:58:37 — 15864 — INFO — Reading BCP Output file
10/28/2021 12:58:37 — 15864 — INFO — Starting copy...
10/28/2021 12:58:37 — 15864 — INFO — 1 rows copied.
10/28/2021 12:58:37 — 15864 — INFO — Network packet size (bytes): 4096
10/28/2021 12:58:37 — 15864 — INFO — Clock Time (ms.) Total     : 63     Average : (15.87 rows per sec.)
10/28/2021 12:58:37 — 15864 — INFO — BCP EXECUTION SUCCESSFULL
10/28/2021 12:58:37 — 15864 — INFO — BCP FINISH TIME::: 2021-10-28 12:58:37.476157
10/28/2021 12:58:37 — 15864 — INFO — EXITING ImportFileToDB :: Message :: NO ERROR
10/28/2021 12:58:37 — 15864 — INFO — INSIDE DataValidation BLOCK
10/28/2021 12:58:37 — 15864 — INFO — PROCESSING NEW FILE
10/28/2021 12:58:37 — 15864 — INFO — ExceptionFile: EXCP_TestFile_1_POD1.csv
10/28/2021 12:58:37 — 15864 — INFO — CONNECTION ESTABLISHED
10/28/2021 12:58:37 — 15864 — DEBUG — EXEC PP_CI..USP_ValidateRetailReplaySchedules 'TestFile_1.csv', '202110281258361', 10000, 1, 0, 'EXCP_TestFile_1_POD1.csv'
10/28/2021 12:58:38 — 15864 — INFO — INSIDE FileDetails BLOCK
10/28/2021 12:58:38 — 15864 — INFO — EXITING FileDetails BLOCK
10/28/2021 12:58:38 — 15864 — INFO — USP_ValidateRetailReplaySchedules executed successfully
10/28/2021 12:58:38 — 15864 — INFO — No new record to update
10/28/2021 12:58:38 — 15864 — INFO — EXITING DataValidation BLOCK
10/28/2021 12:58:38 — 15864 — INFO — INSIDE GenerateExceptionFile BLOCK
10/28/2021 12:58:38 — 15864 — INFO — ExceptionFileName: E:\Python\MilkReplaySchedules\MilkReplaySchedules\EXCEPTION\EXCP_TestFile_1_POD1.csv
10/28/2021 12:58:38 — 15864 — INFO — CONNECTION ESTABLISHED
10/28/2021 12:58:38 — 15864 — DEBUG — SELECT  Report_Date, Business_Date, Batch_Timestamp, Account_UUID, Plan_UUID, Schedule_ID, Institution_ID, Product_ID, Error, [Error_Message], Field_Path, LTRIM(RTRIM(AccountNumber)) AccountNumber FROM PP_CI..ILPScheduleDetailsBAD_Archive WITH (NOLOCK) WHERE FileName = 'TestFile_1.csv' AND FileID = '202110281258361' AND JobStatus = 10
10/28/2021 12:58:40 — 15864 — INFO — TOTAL RECORDS FOR EXCEPTION FILE: 1
10/28/2021 12:58:40 — 15864 — INFO — EXITING GenerateExceptionFile BLOCK
10/28/2021 12:58:40 — 15864 — INFO — INSIDE EmailBody_Success BLOCK
10/28/2021 12:58:40 — 15864 — INFO — EXITING EmailBody_Error BLOCK
10/28/2021 12:58:40 — 15864 — DEBUG — <style>table, th {border: 2px solid black;border-collapse: collapse;font-family: Calibri;font-size: 19px;}td {border: 1px solid black;border-collapse: collapse;font-family: Calibri;font-size: 17px;}tr {font-family: Calibri;}.footer {position: fixed;left: 0;bottom: 0;width: 100%;background-color: grey;color: white;text-align: center;font-family: Calibri;}</style><html><h4 style=color:green;>Operating Sever: </h4><h4 style=color:Coral;>Server operating time: 10/28/2021 12:58:36</h4><h4 style=color:Indigo;>POD ID: POD1</h4><table><tr><th><b>FileName</b></th><th><b>FileStatus</b></th><th><b>TotalRecords</b></th><th><b>SuccessfulRecordsCount</b></th><th><b>ErrorRecordCount</b></th><th><b>ErrorReason</b></th></tr><tr><td style=color:blue;><b>TestFile_1.csv<b></td><td style=color:green;><b>Success</b></td><td style=color:green;>1</td><td style=color:green;>0</td><td style=color:red;>1</td><td style=color:green;>No new record to update</td></tr></table><p style=color:blue;><b>File Name:</b> TestFile_1.csv</p><table><tr><th><b>S.No.</b></th><th><b>ErrorMessage</b></th><th><b>RecordCount</b></th></tr>                                     <tr><td>1</td><td>INVALID AccountNumber</td><td><b>1</b></td></tr></table><p style=color:Crimson;><b>EXCEPTION FILE NAME:</b> EXCP_TestFile_1_POD1.csv</p><p style=color:DarkBlue;><b>TOTAL RECORDS IN EXCEPTION FILE: 1</b></p><br><br><br><div class="footer"><footer><small>&copy; Copyright 2021, CoreCard Software, Inc. All rights reserved</small></footer></div></html>
10/28/2021 12:58:40 — 15864 — DEBUG — Inside SendMail
10/28/2021 12:58:40 — 15864 — INFO — SENDING MAIL ...
10/28/2021 12:58:43 — 15864 — INFO — Finish Time::: 2021-10-28 12:58:43.391201
10/28/2021 12:58:43 — 15864 — INFO — *************************** ALL FILES PROCESSED, EXITING ***************************
