08/27/2021 13:39:42 — 24408 — INFO — *************************** RETAIL ERROR FEED PROCESSING STARTS ***************************
08/27/2021 13:39:42 — 24408 — INFO — START TIME: 2021-08-27 13:39:42.400050
08/27/2021 13:39:42 — 24408 — INFO — PATH OF THE INPUT FILE DIRECTORY: E:\Python\MilkReplaySchedules\MilkReplaySchedules\INPUT\
08/27/2021 13:39:42 — 24408 — INFO — INSIDE GetOperatingServer BLOCK
08/27/2021 13:39:43 — 24408 — INFO — CONNECTION ESTABLISHED
08/27/2021 13:39:43 — 24408 — INFO — OperatingServer: XEON-S8
08/27/2021 13:39:43 — 24408 — INFO — EXITING GetOperatingServer BLOCK
08/27/2021 13:39:43 — 24408 — INFO — INSIDE EmailStructure_Head BLOCK
08/27/2021 13:39:43 — 24408 — INFO — EXITING EmailStructure_Head BLOCK
08/27/2021 13:39:43 — 24408 — INFO — FILENAME: amortization_schedule_error_feed_20210826_1.csv
08/27/2021 13:39:43 — 24408 — INFO — FileID: 202108271339421
08/27/2021 13:39:43 — 24408 — INFO — INSIDE ValidateDuplicateFile BLOCK
08/27/2021 13:39:43 — 24408 — DEBUG — E:\Python\MilkReplaySchedules\MilkReplaySchedules\OUT\amortization_schedule_error_feed_20210826_1.csv
08/27/2021 13:39:43 — 24408 — INFO — EXITING ValidateDuplicateFile BLOCK
08/27/2021 13:39:43 — 24408 — INFO — INSIDE CheckEmptyFile BLOCK
08/27/2021 13:39:43 — 24408 — INFO — Total records in the file amortization_schedule_error_feed_20210826_1.csv is: 82487
08/27/2021 13:39:43 — 24408 — INFO — Non-Empty file, going to process
08/27/2021 13:39:43 — 24408 — INFO — INSIDE ImportFileToDB BLOCK
08/27/2021 13:39:43 — 24408 — INFO — CONNECTION ESTABLISHED
08/27/2021 13:39:43 — 24408 — INFO — TABLE ILPScheduleDetailsBAD_DUMP TRUNCATED SUCCESSFULLY
08/27/2021 13:39:43 — 24408 — DEBUG — bcp PP_CI..ILPScheduleDetailsBAD_DUMP IN E:\Python\MilkReplaySchedules\MilkReplaySchedules\INPUT\amortization_schedule_error_feed_20210826_1.csv -b 5000 -h TABLOCK -f E:\Python\MilkReplaySchedules\Version4\MilkReplaySchedulesUtility\MilkReplaySchedules.xml -e E:\Python\MilkReplaySchedules\MilkReplaySchedules\LOG\Error1_in.log -o E:\Python\MilkReplaySchedules\MilkReplaySchedules\LOG\Output1_in.log -S XEON-S8 -T -t , -F 2
08/27/2021 13:39:43 — 24408 — INFO — BCP START TIME::: 2021-08-27 13:39:43.875067
08/27/2021 13:39:46 — 24408 — INFO — Reading BCP Output file
08/27/2021 13:39:46 — 24408 — INFO — Starting copy...
08/27/2021 13:39:46 — 24408 — INFO — 5000 rows sent to SQL Server. Total sent: 5000
08/27/2021 13:39:46 — 24408 — INFO — 5000 rows sent to SQL Server. Total sent: 10000
08/27/2021 13:39:46 — 24408 — INFO — 5000 rows sent to SQL Server. Total sent: 15000
08/27/2021 13:39:46 — 24408 — INFO — 5000 rows sent to SQL Server. Total sent: 20000
08/27/2021 13:39:46 — 24408 — INFO — 5000 rows sent to SQL Server. Total sent: 25000
08/27/2021 13:39:46 — 24408 — INFO — 5000 rows sent to SQL Server. Total sent: 30000
08/27/2021 13:39:46 — 24408 — INFO — 5000 rows sent to SQL Server. Total sent: 35000
08/27/2021 13:39:46 — 24408 — INFO — 5000 rows sent to SQL Server. Total sent: 40000
08/27/2021 13:39:46 — 24408 — INFO — 5000 rows sent to SQL Server. Total sent: 45000
08/27/2021 13:39:46 — 24408 — INFO — 5000 rows sent to SQL Server. Total sent: 50000
08/27/2021 13:39:46 — 24408 — INFO — 5000 rows sent to SQL Server. Total sent: 55000
08/27/2021 13:39:46 — 24408 — INFO — 5000 rows sent to SQL Server. Total sent: 60000
08/27/2021 13:39:46 — 24408 — INFO — 5000 rows sent to SQL Server. Total sent: 65000
08/27/2021 13:39:46 — 24408 — INFO — 5000 rows sent to SQL Server. Total sent: 70000
08/27/2021 13:39:46 — 24408 — INFO — 5000 rows sent to SQL Server. Total sent: 75000
08/27/2021 13:39:46 — 24408 — INFO — 5000 rows sent to SQL Server. Total sent: 80000
08/27/2021 13:39:46 — 24408 — INFO — 82487 rows copied.
08/27/2021 13:39:46 — 24408 — INFO — Network packet size (bytes): 4096
08/27/2021 13:39:46 — 24408 — INFO — Clock Time (ms.) Total     : 2610   Average : (31604.21 rows per sec.)
08/27/2021 13:39:46 — 24408 — INFO — BCP EXECUTION SUCCESSFULL
08/27/2021 13:39:46 — 24408 — INFO — BCP FINISH TIME::: 2021-08-27 13:39:46.602110
08/27/2021 13:39:46 — 24408 — INFO — EXITING ImportFileToDB :: Message :: NO ERROR
08/27/2021 13:39:46 — 24408 — INFO — INSIDE DataValidation BLOCK
08/27/2021 13:39:46 — 24408 — INFO — CONNECTION ESTABLISHED
08/27/2021 13:39:46 — 24408 — DEBUG — EXEC PP_CI..USP_ValidateRetailReplaySchedules 'amortization_schedule_error_feed_20210826_1.csv', '202108271339421', 10000, 1
08/27/2021 13:40:01 — 24408 — INFO — INSIDE FileDetails BLOCK
08/27/2021 13:40:01 — 24408 — INFO — EXITING FileDetails BLOCK
08/27/2021 13:40:01 — 24408 — INFO — USP_ValidateRetailReplaySchedules executed successfully
08/27/2021 13:40:01 — 24408 — INFO — No new record to update
08/27/2021 13:40:01 — 24408 — INFO — EXITING DataValidation BLOCK
08/27/2021 13:40:01 — 24408 — INFO — INSIDE GenerateExceptionFile BLOCK
08/27/2021 13:40:01 — 24408 — INFO — ExceptionFileName: E:\Python\MilkReplaySchedules\MilkReplaySchedules\EXCEPTION\EXCP_amortization_schedule_error_feed_20210826_1_POD1.csv
08/27/2021 13:40:01 — 24408 — INFO — CONNECTION ESTABLISHED
08/27/2021 13:40:01 — 24408 — DEBUG — SELECT  Report_Date, Business_Date, Batch_Timestamp, Account_UUID, Plan_UUID, Schedule_ID, Institution_ID, Product_ID, Error, [Error_Message], Field_Path, LTRIM(RTRIM(AccountNumber)) AccountNumber FROM PP_CI..ILPScheduleDetailsBAD_Archive WITH (NOLOCK) WHERE FileName = 'amortization_schedule_error_feed_20210826_1.csv' AND FileID = '202108271339421' AND JobStatus = 10
08/27/2021 13:40:07 — 24408 — INFO — TOTAL RECORDS FOR EXCEPTION FILE: 69499
08/27/2021 13:40:08 — 24408 — INFO — EXITING GenerateExceptionFile BLOCK
08/27/2021 13:40:08 — 24408 — INFO — INSIDE EmailBody_Success BLOCK
08/27/2021 13:40:08 — 24408 — INFO — EXITING EmailBody_Error BLOCK
08/27/2021 13:40:08 — 24408 — DEBUG — <style>table, th {border: 2px solid black;border-collapse: collapse;font-family: Calibri;font-size: 19px;}td {border: 1px solid black;border-collapse: collapse;font-family: Calibri;font-size: 17px;}tr {font-family: Calibri;}.footer {position: fixed;left: 0;bottom: 0;width: 100%;background-color: grey;color: white;text-align: center;font-family: Calibri;}</style><html><h4 style=color:green;>Operating Sever: XEON-S8</h4><h4 style=color:Coral;>Server operating time: 08/27/2021 13:39:42</h4><h4 style=color:Indigo;>POD ID: POD1</h4><table><tr><th><b>FileName</b></th><th><b>FileStatus</b></th><th><b>TotalRecords</b></th><th><b>SuccessfulRecordsCount</b></th><th><b>ErrorRecordCount</b></th><th><b>ErrorReason</b></th></tr><tr><td style=color:blue;><b>amortization_schedule_error_feed_20210826_1.csv<b></td><td style=color:green;><b>Success</b></td><td style=color:green;>82487</td><td style=color:green;>0</td><td style=color:red;>82487</td><td style=color:green;>No new record to update</td></tr></table><p style=color:blue;><b>File Name:</b> amortization_schedule_error_feed_20210826_1.csv</p><table><tr><th><b>S.No.</b></th><th><b>ErrorMessage</b></th><th><b>RecordCount</b></th></tr>                                     <tr><td>1</td><td>Error in Records</td><td><b>12988</b></td></tr>                                     <tr><td>2</td><td>INVALID AccountNumber</td><td><b>69499</b></td></tr></table><p style=color:Crimson;><b>EXCEPTION FILE NAME:</b> EXCP_amortization_schedule_error_feed_20210826_1_POD1.csv</p><p style=color:DarkBlue;><b>TOTAL RECORDS IN EXCEPTION FILE: 69499</b></p><br><br><br><div class="footer"><footer><small>&copy; Copyright 2021, CoreCard Software, Inc. All rights reserved</small></footer></div></html>
08/27/2021 13:40:08 — 24408 — DEBUG — Inside SendMail
08/27/2021 13:40:08 — 24408 — INFO — SENDING MAIL ...
08/27/2021 13:40:11 — 24408 — INFO — Finish Time::: 2021-08-27 13:40:11.519153
08/27/2021 13:40:11 — 24408 — INFO — *************************** ALL FILES PROCESSED, EXITING ***************************
