09/15/2021 11:09:04 — 17540 — INFO — *************************** RETAIL ERROR FEED PROCESSING STARTS ***************************
09/15/2021 11:09:04 — 17540 — INFO — START TIME: 2021-09-15 11:09:04.183896
09/15/2021 11:09:04 — 17540 — INFO — PATH OF THE INPUT FILE DIRECTORY: E:\Python\MilkReplaySchedules\MilkReplaySchedules\INPUT\
09/15/2021 11:09:04 — 17540 — INFO — INSIDE GetOperatingServer BLOCK
09/15/2021 11:09:04 — 17540 — INFO — CONNECTION ESTABLISHED
09/15/2021 11:09:04 — 17540 — INFO — OperatingServer: XEON-S8
09/15/2021 11:09:04 — 17540 — INFO — EXITING GetOperatingServer BLOCK
09/15/2021 11:09:04 — 17540 — INFO — INSIDE EmailStructure_Head BLOCK
09/15/2021 11:09:04 — 17540 — INFO — EXITING EmailStructure_Head BLOCK
09/15/2021 11:09:04 — 17540 — INFO — FILENAME: TestFile_1.csv
09/15/2021 11:09:04 — 17540 — INFO — FileID: 202109151109041
09/15/2021 11:09:04 — 17540 — INFO — INSIDE ValidateDuplicateFile BLOCK
09/15/2021 11:09:04 — 17540 — DEBUG — E:\Python\MilkReplaySchedules\MilkReplaySchedules\OUT\TestFile_1.csv
09/15/2021 11:09:04 — 17540 — INFO — EXITING ValidateDuplicateFile BLOCK
09/15/2021 11:09:04 — 17540 — INFO — INSIDE CheckEmptyFile BLOCK
09/15/2021 11:09:04 — 17540 — INFO — Total records in the file TestFile_1.csv is: 10
09/15/2021 11:09:04 — 17540 — INFO — Non-Empty file, going to process
09/15/2021 11:09:04 — 17540 — INFO — INSIDE ImportFileToDB BLOCK
09/15/2021 11:09:04 — 17540 — INFO — CONNECTION ESTABLISHED
09/15/2021 11:09:04 — 17540 — INFO — TABLE ILPScheduleDetailsBAD_DUMP TRUNCATED SUCCESSFULLY
09/15/2021 11:09:04 — 17540 — DEBUG — bcp PP_CI..ILPScheduleDetailsBAD_DUMP IN E:\Python\MilkReplaySchedules\MilkReplaySchedules\INPUT\TestFile_1.csv -b 5000 -h TABLOCK -f E:\Python\MilkReplaySchedules\Version4\MilkReplaySchedulesUtility\MilkReplaySchedules.xml -e E:\Python\MilkReplaySchedules\MilkReplaySchedules\LOG\Error1_in.log -o E:\Python\MilkReplaySchedules\MilkReplaySchedules\LOG\Output1_in.log -S XEON-S8 -T -t , -F 2
09/15/2021 11:09:04 — 17540 — INFO — BCP START TIME::: 2021-09-15 11:09:04.583668
09/15/2021 11:09:04 — 17540 — INFO — Reading BCP Output file
09/15/2021 11:09:04 — 17540 — INFO — Starting copy...
09/15/2021 11:09:04 — 17540 — INFO — 10 rows copied.
09/15/2021 11:09:04 — 17540 — INFO — Network packet size (bytes): 4096
09/15/2021 11:09:04 — 17540 — INFO — Clock Time (ms.) Total     : 63     Average : (158.73 rows per sec.)
09/15/2021 11:09:04 — 17540 — INFO — BCP EXECUTION SUCCESSFULL
09/15/2021 11:09:04 — 17540 — INFO — BCP FINISH TIME::: 2021-09-15 11:09:04.898488
09/15/2021 11:09:04 — 17540 — INFO — EXITING ImportFileToDB :: Message :: NO ERROR
09/15/2021 11:09:04 — 17540 — INFO — INSIDE DataValidation BLOCK
09/15/2021 11:09:04 — 17540 — INFO — PROCESSING NEW FILE
09/15/2021 11:09:04 — 17540 — INFO — ExceptionFile: EXCP_TestFile_1_POD1.csv
09/15/2021 11:09:04 — 17540 — INFO — CONNECTION ESTABLISHED
09/15/2021 11:09:04 — 17540 — DEBUG — EXEC PP_CI..USP_ValidateRetailReplaySchedules 'TestFile_1.csv', '202109151109041', 10000, 1, 0, 'EXCP_TestFile_1_POD1.csv'
09/15/2021 11:09:05 — 17540 — INFO — INSIDE FileDetails BLOCK
09/15/2021 11:09:05 — 17540 — INFO — EXITING FileDetails BLOCK
09/15/2021 11:09:05 — 17540 — INFO — USP_ValidateRetailReplaySchedules executed successfully
09/15/2021 11:09:05 — 17540 — INFO — USP_UpdateScheduleTypeOfBadSchedule executed successfully
09/15/2021 11:09:05 — 17540 — INFO — EXITING DataValidation BLOCK
09/15/2021 11:09:05 — 17540 — INFO — INSIDE GenerateExceptionFile BLOCK
09/15/2021 11:09:05 — 17540 — INFO — ExceptionFileName: E:\Python\MilkReplaySchedules\MilkReplaySchedules\EXCEPTION\EXCP_TestFile_1_POD1.csv
09/15/2021 11:09:05 — 17540 — INFO — CONNECTION ESTABLISHED
09/15/2021 11:09:05 — 17540 — DEBUG — SELECT  Report_Date, Business_Date, Batch_Timestamp, Account_UUID, Plan_UUID, Schedule_ID, Institution_ID, Product_ID, Error, [Error_Message], Field_Path, LTRIM(RTRIM(AccountNumber)) AccountNumber FROM PP_CI..ILPScheduleDetailsBAD_Archive WITH (NOLOCK) WHERE FileName = 'TestFile_1.csv' AND FileID = '202109151109041' AND JobStatus = 10
09/15/2021 11:09:05 — 17540 — INFO — TOTAL RECORDS FOR EXCEPTION FILE: 0
09/15/2021 11:09:05 — 17540 — INFO — EXITING GenerateExceptionFile BLOCK
09/15/2021 11:09:05 — 17540 — INFO — INSIDE EmailBody_Success BLOCK
09/15/2021 11:09:05 — 17540 — INFO — EXITING EmailBody_Error BLOCK
09/15/2021 11:09:05 — 17540 — DEBUG — <style>table, th {border: 2px solid black;border-collapse: collapse;font-family: Calibri;font-size: 19px;}td {border: 1px solid black;border-collapse: collapse;font-family: Calibri;font-size: 17px;}tr {font-family: Calibri;}.footer {position: fixed;left: 0;bottom: 0;width: 100%;background-color: grey;color: white;text-align: center;font-family: Calibri;}</style><html><h4 style=color:green;>Operating Sever: XEON-S8</h4><h4 style=color:Coral;>Server operating time: 09/15/2021 11:09:04</h4><h4 style=color:Indigo;>POD ID: POD1</h4><table><tr><th><b>FileName</b></th><th><b>FileStatus</b></th><th><b>TotalRecords</b></th><th><b>SuccessfulRecordsCount</b></th><th><b>ErrorRecordCount</b></th><th><b>ErrorReason</b></th></tr><tr><td style=color:blue;><b>TestFile_1.csv<b></td><td style=color:green;><b>Success</b></td><td style=color:green;>10</td><td style=color:green;>10</td><td style=color:red;>0</td><td style=color:green;>No Error</td></tr></table><p style=color:blue;><b>File Name:</b> TestFile_1.csv</p><table><tr><th><b>S.No.</b></th><th><b>ErrorMessage</b></th><th><b>RecordCount</b></th></tr>                                     <tr><td>1</td><td>No Error</td><td><b>10</b></td></tr></table><p style=color:Crimson;><b>NO RECORDS FOR EXCEPTION FILE, IT HAS NOT BEEN GENERATED</b></p><p style=color:DarkBlue;><b>TOTAL RECORDS IN EXCEPTION FILE: 0</b></p><br><br><br><div class="footer"><footer><small>&copy; Copyright 2021, CoreCard Software, Inc. All rights reserved</small></footer></div></html>
09/15/2021 11:09:05 — 17540 — DEBUG — Inside SendMail
09/15/2021 11:09:06 — 17540 — INFO — SENDING MAIL ...
09/15/2021 11:09:09 — 17540 — INFO — Finish Time::: 2021-09-15 11:09:09.102208
09/15/2021 11:09:09 — 17540 — INFO — *************************** ALL FILES PROCESSED, EXITING ***************************
