05/25/2021 15:46:53 — 2512 — INFO — *************************** RETAIL ERROR FEED PROCESSING STARTS ***************************
05/25/2021 15:46:53 — 2512 — INFO — START TIME: 2021-05-25 15:46:53.824788
05/25/2021 15:46:53 — 2512 — INFO — PATH OF THE INPUT FILE DIRECTORY: E:\Python\MilkReplaySchedules\MilkReplaySchedules\INPUT\
05/25/2021 15:46:53 — 2512 — INFO — INSIDE GetOperatingServer BLOCK
05/25/2021 15:46:54 — 2512 — INFO — CONNECTION ESTABLISHED
05/25/2021 15:46:54 — 2512 — INFO — OperatingServer: XEON-S8
05/25/2021 15:46:54 — 2512 — INFO — EXITING GetOperatingServer BLOCK
05/25/2021 15:46:54 — 2512 — INFO — INSIDE EmailStructure_Head BLOCK
05/25/2021 15:46:54 — 2512 — INFO — EXITING EmailStructure_Head BLOCK
05/25/2021 15:46:54 — 2512 — INFO — FILENAME: TESTReplaySchedules_21.csv
05/25/2021 15:46:54 — 2512 — INFO — FileID: 202105251546531
05/25/2021 15:46:54 — 2512 — INFO — INSIDE ValidateDuplicateFile BLOCK
05/25/2021 15:46:54 — 2512 — DEBUG — E:\Python\MilkReplaySchedules\MilkReplaySchedules\OUT\TESTReplaySchedules_21.csv
05/25/2021 15:46:54 — 2512 — INFO — EXITING ValidateDuplicateFile BLOCK
05/25/2021 15:46:54 — 2512 — INFO — INSIDE ImportFileToDB BLOCK
05/25/2021 15:46:54 — 2512 — INFO — CONNECTION ESTABLISHED
05/25/2021 15:46:54 — 2512 — INFO — TABLE ILPScheduleDetailsBAD_DUMP TRUNCATED SUCCESSFULLY
05/25/2021 15:46:54 — 2512 — DEBUG — bcp PP_CI..ILPScheduleDetailsBAD_DUMP IN E:\Python\MilkReplaySchedules\MilkReplaySchedules\INPUT\TESTReplaySchedules_21.csv -b 5000 -h TABLOCK -f E:\Python\MilkReplaySchedules\Version3\MilkReplaySchedulesUtility\MilkReplaySchedules.xml -e E:\Python\MilkReplaySchedules\MilkReplaySchedules\LOG\Error1_in.log -o E:\Python\MilkReplaySchedules\MilkReplaySchedules\LOG\Output1_in.log -S XEON-S8 -T -t , -F 2
05/25/2021 15:46:54 — 2512 — INFO — BCP START TIME::: 2021-05-25 15:46:54.701782
05/25/2021 15:46:55 — 2512 — INFO — Reading BCP Output file
05/25/2021 15:46:55 — 2512 — INFO — Starting copy...
05/25/2021 15:46:55 — 2512 — INFO — SQLState = 22001, NativeError = 0
05/25/2021 15:46:55 — 2512 — INFO — Error = [Microsoft][ODBC Driver 13 for SQL Server]String data, right truncation
05/25/2021 15:46:55 — 2512 — INFO — SQLState = 22001, NativeError = 0
05/25/2021 15:46:55 — 2512 — INFO — Error = [Microsoft][ODBC Driver 13 for SQL Server]String data, right truncation
05/25/2021 15:46:55 — 2512 — INFO — SQLState = 22001, NativeError = 0
05/25/2021 15:46:55 — 2512 — INFO — Error = [Microsoft][ODBC Driver 13 for SQL Server]String data, right truncation
05/25/2021 15:46:55 — 2512 — INFO — 0 rows copied.
05/25/2021 15:46:55 — 2512 — INFO — Network packet size (bytes): 4096
05/25/2021 15:46:55 — 2512 — INFO — Clock Time (ms.) Total     : 250
05/25/2021 15:46:55 — 2512 — INFO — BCP EXECUTION SUCCESSFULL
05/25/2021 15:46:55 — 2512 — INFO — BCP FINISH TIME::: 2021-05-25 15:46:55.267783
05/25/2021 15:46:55 — 2512 — INFO — EXITING ImportFileToDB :: Message :: NO ERROR
05/25/2021 15:46:55 — 2512 — INFO — INSIDE DataValidation BLOCK
05/25/2021 15:46:55 — 2512 — INFO — CONNECTION ESTABLISHED
05/25/2021 15:46:55 — 2512 — DEBUG — EXEC PP_CI..USP_ValidateRetailReplaySchedules 'TESTReplaySchedules_21.csv', '202105251546531'
05/25/2021 15:46:55 — 2512 — INFO — Error in validating records
05/25/2021 15:46:55 — 2512 — INFO — EXITING DataValidation BLOCK
05/25/2021 15:46:55 — 2512 — INFO — INSIDE EmailBody_Error BLOCK
05/25/2021 15:46:55 — 2512 — INFO — EXITING EmailBody_Error BLOCK
05/25/2021 15:46:55 — 2512 — DEBUG — <style>table, th {border: 2px solid black;border-collapse: collapse;font-family: Calibri;font-size: 19px;}td {border: 1px solid black;border-collapse: collapse;font-family: Calibri;font-size: 17px;}tr {font-family: Calibri;}.footer {position: fixed;left: 0;bottom: 0;width: 100%;background-color: grey;color: white;text-align: center;font-family: Calibri;}</style><html><h4 style=color:green;>Operating Sever: XEON-S8</h4><h4 style=color:Coral;>Server operating time: 05/25/2021 15:46:53</h4><h4 style=color:Indigo;>POD ID: POD1</h4><table><tr><th><b>FileName</b></th><th><b>FileStatus</b></th><th><b>TotalRecords</b></th><th><b>SuccessfulRecordsCount</b></th><th><b>ErrorRecordCount</b></th><th><b>ErrorReason</b></th></tr><tr><td style=color:blue;><b>TESTReplaySchedules_21.csv<b></td><td style=color:red;><b>ERROR</b></td><td style=color:green;>0</td><td style=color:green;>0</td><td style=color:red;>0</td><td style=color:red;>Error in validating records</td></tr></table><br><br><br><div class="footer"><footer><small>&copy; Copyright 2021, CoreCard Software, Inc. All rights reserved</small></footer></div></html>
05/25/2021 15:46:55 — 2512 — DEBUG — Inside SendMail
05/25/2021 15:46:57 — 2512 — INFO — SENDING MAIL ...
05/25/2021 15:46:59 — 2512 — INFO — Finish Time::: 2021-05-25 15:46:59.826792
05/25/2021 15:46:59 — 2512 — INFO — *************************** ALL FILES PROCESSED, EXITING ***************************
