2022-12-15 16:29:01,405 — INFO — ****************** PAYMENT HOLD FILE PROCESSING STARTS ******************
2022-12-15 16:29:01,406 — INFO — Start Time::: 2022-12-15 16:29:01.405518
2022-12-15 16:29:01,406 — INFO — InputDir: E:\Python\PaymentHold\PaymentHoldFileProcessing\POTB\INPUT\
2022-12-15 16:29:01,407 — INFO — OutputDir: E:\Python\PaymentHold\PaymentHoldFileProcessing\POTB\OUT\
2022-12-15 16:29:01,407 — INFO — ErrorDir: E:\Python\PaymentHold\PaymentHoldFileProcessing\POTB\ERROR\
2022-12-15 16:29:01,407 — INFO — LogDir: E:\Python\PaymentHold\PaymentHoldFileProcessing\POTB\LOG\
2022-12-15 16:29:01,407 — INFO — ExceptionDir: E:\Python\PaymentHold\PaymentHoldFileProcessing\POTB\EXCEPTION\
2022-12-15 16:29:01,408 — INFO — INSIDE GetShardMigrationStatus 
2022-12-15 16:29:01,477 — INFO — CONNECTION ESTABLISHED
2022-12-15 16:29:01,478 — INFO — ConnectionStatus: True
2022-12-15 16:29:01,478 — DEBUG — SELECT ISNULL(Sharding, 0) Sharding FROM PP_CI..Org_Balances WITH(NOLOCK) WHERE AcctID = 6969
2022-12-15 16:29:01,479 — INFO — EXITING GetShardMigrationStatus BLOCK
2022-12-15 16:29:01,479 — INFO — E:\Python\PaymentHold\PaymentHoldFileProcessing\POTB\INPUT\
2022-12-15 16:29:01,480 — INFO — ********************Policy_Sample_File_V3.csv*****************************
2022-12-15 16:29:01,480 — INFO — FileID: 2022121529011
2022-12-15 16:29:01,480 — INFO — Count the total number of records in the file
2022-12-15 16:29:01,481 — INFO — Total records in file:124
2022-12-15 16:29:01,482 — INFO — Connection established
2022-12-15 16:29:01,482 — DEBUG — EXEC PP_CI..USP_GetStatusOfPaymentHoldFileProcessing 'Policy_Sample_File_V3.csv', 124
2022-12-15 16:29:01,485 — INFO — File has already been processed
2022-12-15 16:29:01,485 — DEBUG — Inside SendMail
2022-12-15 16:29:01,988 — INFO — SENDING MAIL ...
2022-12-15 16:29:04,335 — INFO — Finish Time::: 2022-12-15 16:29:04.335032
2022-12-15 16:29:04,336 — INFO — ********************All files processed... Exiting*****************************
