2022-12-15 16:23:50,010 — INFO — ****************** PAYMENT HOLD FILE PROCESSING STARTS ******************
2022-12-15 16:23:50,010 — INFO — Start Time::: 2022-12-15 16:23:50.009325
2022-12-15 16:23:50,010 — INFO — InputDir: E:\Python\PaymentHold\PaymentHoldFileProcessing\POTB\INPUT\
2022-12-15 16:23:50,010 — INFO — OutputDir: E:\Python\PaymentHold\PaymentHoldFileProcessing\POTB\OUT\
2022-12-15 16:23:50,010 — INFO — ErrorDir: E:\Python\PaymentHold\PaymentHoldFileProcessing\POTB\ERROR\
2022-12-15 16:23:50,011 — INFO — LogDir: E:\Python\PaymentHold\PaymentHoldFileProcessing\POTB\LOG\
2022-12-15 16:23:50,011 — INFO — ExceptionDir: E:\Python\PaymentHold\PaymentHoldFileProcessing\POTB\EXCEPTION\
2022-12-15 16:23:50,012 — INFO — INSIDE GetShardMigrationStatus 
2022-12-15 16:23:50,129 — INFO — CONNECTION ESTABLISHED
2022-12-15 16:23:50,129 — INFO — ConnectionStatus: True
2022-12-15 16:23:50,130 — DEBUG — SELECT ISNULL(Sharding, 0) Sharding FROM PP_CI..Org_Balances WITH(NOLOCK) WHERE AcctID = 6969
2022-12-15 16:23:50,132 — INFO — EXITING GetShardMigrationStatus BLOCK
2022-12-15 16:23:50,133 — INFO — E:\Python\PaymentHold\PaymentHoldFileProcessing\POTB\INPUT\
2022-12-15 16:23:50,134 — INFO — ********************Policy_Sample_File_V3.csv*****************************
2022-12-15 16:23:50,135 — INFO — FileID: 2022121523501
2022-12-15 16:23:50,136 — INFO — Count the total number of records in the file
2022-12-15 16:23:50,138 — INFO — Total records in file:122
2022-12-15 16:23:50,139 — INFO — Connection established
2022-12-15 16:23:50,141 — DEBUG — EXEC PP_CI..USP_GetStatusOfPaymentHoldFileProcessing 'Policy_Sample_File_V3.csv', 122
2022-12-15 16:23:50,144 — INFO — File is in NEW state and going to process
2022-12-15 16:23:50,145 — DEBUG — Inside ValidateDuplicateFile
2022-12-15 16:23:50,145 — DEBUG — E:\Python\PaymentHold\PaymentHoldFileProcessing\POTB\OUT\Policy_Sample_File_V3.csv
2022-12-15 16:23:50,146 — DEBUG — Inside ImportFileToDB
2022-12-15 16:23:50,148 — INFO — Connection established
2022-12-15 16:23:50,204 — DEBUG — bcp PP_CI..IntraDayAccountOTBRule_External_G2 IN E:\Python\PaymentHold\PaymentHoldFileProcessing\POTB\INPUT\Policy_Sample_File_V3.csv -b 5000 -h TABLOCK -f E:\Python\PaymentHold\PaymentHoldFileProcessing\IntraDayAccountOTBRule_External_G2_n.xml -e E:\Python\PaymentHold\PaymentHoldFileProcessing\POTB\LOG\Error1_in.log -o E:\Python\PaymentHold\PaymentHoldFileProcessing\POTB\LOG\Output1_in.log -S XEON-S8 -T -t , -F 2
2022-12-15 16:23:50,451 — INFO — Record Insert Time:::2022-12-15 16:23:50.451961
2022-12-15 16:23:50,452 — DEBUG — Error ===> False
2022-12-15 16:23:50,455 — DEBUG — Inside DataValidation
2022-12-15 16:23:50,456 — INFO — Connection established
2022-12-15 16:23:50,456 — INFO — EXEC PP_CI..USP_InsertInto_IntraDayAccountOTBRule_Internal '2022121523501', 'Policy_Sample_File_V3.csv' ,'6969', 'G2', 'ACCOUNTNUMBER', 'EXCP_Policy_Sample_File_V3_PODID_1.csv', 0, 122
2022-12-15 16:23:51,805 — INFO — USP_InsertInto_IntraDayAccountOTBRule_Internal executed successfully
2022-12-15 16:23:51,806 — INFO — ErrorFlag: 0::No Error
2022-12-15 16:23:51,809 — DEBUG — EXEC PP_CI..USP_Archiveintradayaccountotbrule_Internal 'Policy_Sample_File_V3.csv'
2022-12-15 16:23:52,100 — DEBUG — ABORT: False
ErrorFlag: 0
ErrorMessage: No Error
2022-12-15 16:23:52,101 — DEBUG — Inside SendMail
2022-12-15 16:23:52,809 — INFO — SENDING MAIL ...
2022-12-15 16:23:54,830 — INFO — Finish Time::: 2022-12-15 16:23:54.830616
2022-12-15 16:23:54,831 — INFO — ********************All files processed... Exiting*****************************
