2022-12-15 16:44:05,130 — INFO — ****************** PAYMENT HOLD FILE PROCESSING STARTS ******************
2022-12-15 16:44:05,130 — INFO — Start Time::: 2022-12-15 16:44:05.129455
2022-12-15 16:44:05,131 — INFO — InputDir: E:\Python\PaymentHold\PaymentHoldFileProcessing\POTB\INPUT\
2022-12-15 16:44:05,131 — INFO — OutputDir: E:\Python\PaymentHold\PaymentHoldFileProcessing\POTB\OUT\
2022-12-15 16:44:05,131 — INFO — ErrorDir: E:\Python\PaymentHold\PaymentHoldFileProcessing\POTB\ERROR\
2022-12-15 16:44:05,131 — INFO — LogDir: E:\Python\PaymentHold\PaymentHoldFileProcessing\POTB\LOG\
2022-12-15 16:44:05,131 — INFO — ExceptionDir: E:\Python\PaymentHold\PaymentHoldFileProcessing\POTB\EXCEPTION\
2022-12-15 16:44:05,132 — INFO — INSIDE GetShardMigrationStatus 
2022-12-15 16:44:05,232 — INFO — CONNECTION ESTABLISHED
2022-12-15 16:44:05,233 — INFO — ConnectionStatus: True
2022-12-15 16:44:05,233 — DEBUG — SELECT ISNULL(Sharding, 0) Sharding FROM PP_CI..Org_Balances WITH(NOLOCK) WHERE AcctID = 6969
2022-12-15 16:44:06,593 — INFO — EXITING GetShardMigrationStatus BLOCK
2022-12-15 16:44:06,594 — INFO — E:\Python\PaymentHold\PaymentHoldFileProcessing\POTB\INPUT\
2022-12-15 16:44:06,595 — INFO — ********************Policy_Sample_File_V7.csv*****************************
2022-12-15 16:44:06,596 — INFO — FileID: 2022121544051
2022-12-15 16:44:06,596 — INFO — Count the total number of records in the file
2022-12-15 16:44:06,602 — INFO — Total records in file:124
2022-12-15 16:44:06,602 — INFO — Connection established
2022-12-15 16:44:06,603 — DEBUG — EXEC PP_CI..USP_GetStatusOfPaymentHoldFileProcessing 'Policy_Sample_File_V7.csv', 124
2022-12-15 16:44:06,667 — INFO — File is in NEW state and going to process
2022-12-15 16:44:06,667 — DEBUG — Inside ValidateDuplicateFile
2022-12-15 16:44:06,667 — DEBUG — E:\Python\PaymentHold\PaymentHoldFileProcessing\POTB\OUT\Policy_Sample_File_V7.csv
2022-12-15 16:44:06,668 — DEBUG — Inside ImportFileToDB
2022-12-15 16:44:06,668 — INFO — Connection established
2022-12-15 16:44:06,980 — DEBUG — bcp PP_CI..IntraDayAccountOTBRule_External_G2 IN E:\Python\PaymentHold\PaymentHoldFileProcessing\POTB\INPUT\Policy_Sample_File_V7.csv -b 5000 -h TABLOCK -f E:\Python\PaymentHold\PaymentHoldFileProcessing\IntraDayAccountOTBRule_External_G2_n.xml -e E:\Python\PaymentHold\PaymentHoldFileProcessing\POTB\LOG\Error1_in.log -o E:\Python\PaymentHold\PaymentHoldFileProcessing\POTB\LOG\Output1_in.log -S XEON-S8 -T -t , -F 2
2022-12-15 16:44:07,160 — INFO — Record Insert Time:::2022-12-15 16:44:07.160359
2022-12-15 16:44:07,161 — DEBUG — Error ===> False
2022-12-15 16:44:07,161 — DEBUG — Inside DataValidation
2022-12-15 16:44:07,162 — INFO — Connection established
2022-12-15 16:44:07,162 — INFO — EXEC PP_CI..USP_InsertInto_IntraDayAccountOTBRule_Internal '2022121544051', 'Policy_Sample_File_V7.csv' ,'6969', 'G2', 'ACCOUNTNUMBER', 'EXCP_Policy_Sample_File_V7_PODID_1.csv', 0, 124
2022-12-15 16:44:07,192 — INFO — ErrorFlag: 3::Total records in file is not equal to records in DB
2022-12-15 16:44:07,192 — DEBUG — ABORT: True
ErrorFlag: 3
ErrorMessage: Total records in file is not equal to records in DB
2022-12-15 16:44:07,194 — DEBUG — Inside SendMail
2022-12-15 16:44:07,795 — INFO — SENDING MAIL ...
2022-12-15 16:44:09,657 — INFO — Finish Time::: 2022-12-15 16:44:09.657458
2022-12-15 16:44:09,657 — INFO — ********************All files processed... Exiting*****************************
