2022-12-15 15:47:19,619 — INFO — ****************** PAYMENT HOLD FILE PROCESSING STARTS ******************
2022-12-15 15:47:19,619 — INFO — Start Time::: 2022-12-15 15:47:19.618724
2022-12-15 15:47:19,692 — INFO — INSIDE GetShardMigrationStatus 
2022-12-15 15:47:19,826 — INFO — CONNECTION ESTABLISHED
2022-12-15 15:47:19,827 — INFO — ConnectionStatus: True
2022-12-15 15:47:19,828 — DEBUG — SELECT ISNULL(Sharding, 0) Sharding FROM PP_CI..Org_Balances WITH(NOLOCK) WHERE AcctID = 6969
2022-12-15 15:47:19,830 — INFO — EXITING GetShardMigrationStatus BLOCK
2022-12-15 15:47:19,830 — INFO — E:\Python\PaymentHold\PaymentHoldFileProcessing\POTB\INPUT\
2022-12-15 15:47:19,831 — INFO — ********************Policy_Sample_File_V2.csv*****************************
2022-12-15 15:47:19,832 — INFO — FileID: 2022121547191
2022-12-15 15:47:19,833 — INFO — Count the total number of records in the file
2022-12-15 15:47:19,834 — INFO — Total records in file:1
2022-12-15 15:47:19,835 — INFO — Connection established
2022-12-15 15:47:19,835 — DEBUG — EXEC PP_CI..USP_GetStatusOfPaymentHoldFileProcessing 'Policy_Sample_File_V2.csv', 1
2022-12-15 15:47:20,494 — INFO — File is in NEW state and going to process
2022-12-15 15:47:20,495 — DEBUG — Inside ValidateDuplicateFile
2022-12-15 15:47:20,495 — DEBUG — E:\Python\PaymentHold\PaymentHoldFileProcessing\POTB\OUT\Policy_Sample_File_V2.csv
2022-12-15 15:47:20,495 — DEBUG — Inside ImportFileToDB
2022-12-15 15:47:20,496 — INFO — Connection established
2022-12-15 15:47:21,429 — DEBUG — bcp PP_CI..IntraDayAccountOTBRule_External_G2 IN E:\Python\PaymentHold\PaymentHoldFileProcessing\POTB\INPUT\Policy_Sample_File_V2.csv -b 5000 -h TABLOCK -f E:\Python\PaymentHold\PaymentHoldFileProcessing\IntraDayAccountOTBRule_External_G2_n.xml -e E:\Python\PaymentHold\PaymentHoldFileProcessing\POTB\LOG\Error1_in.log -o E:\Python\PaymentHold\PaymentHoldFileProcessing\POTB\LOG\Output1_in.log -S XEON-S8 -T -t , -F 2
2022-12-15 15:47:21,785 — INFO — Record Insert Time:::2022-12-15 15:47:21.785059
2022-12-15 15:47:21,786 — DEBUG — Error ===> False
2022-12-15 15:47:21,786 — DEBUG — Inside DataValidation
2022-12-15 15:47:21,787 — INFO — Connection established
2022-12-15 15:47:21,787 — INFO — EXEC PP_CI..USP_InsertInto_IntraDayAccountOTBRule_Internal '2022121547191', 'Policy_Sample_File_V2.csv' ,'6969', 'G2', 'ACCOUNTNUMBER', 'EXCP_Policy_Sample_File_V2_PODID_1.csv',0
2022-12-15 15:47:22,099 — INFO — USP_InsertInto_IntraDayAccountOTBRule_Internal executed successfully
2022-12-15 15:47:22,099 — DEBUG — EXEC PP_CI..USP_Archiveintradayaccountotbrule_Internal 'Policy_Sample_File_V2.csv'
2022-12-15 15:47:24,715 — DEBUG — ABORT: False
ErrorFlag: 0
ErrorMessage: No Error
2022-12-15 15:47:24,718 — DEBUG — Inside SendMail
2022-12-15 15:47:25,268 — INFO — SENDING MAIL ...
2022-12-15 15:47:26,997 — INFO — Finish Time::: 2022-12-15 15:47:26.997499
2022-12-15 15:47:26,998 — INFO — ********************All files processed... Exiting*****************************
